///////////////////////////////////////////////////////////////////////////////////
///                                                                             ///
///                                                                             ///
///              QQQ       UUU  UUU    KKK   KK    EEEEEEE    TTTTTTT           ///
///             Q   Q       u    U      K   K       E    E    T  T  T           ///
///            Q     Q      U    U      K  K        E  E         T              ///
///            Q     Q      U    U      KKK         EEEE         T              ///
///            Q QQQ Q      U    U      K  K        E  E         T              ///
///             Q   Q       U    U      K   K       E    E       T              ///
///              QQQ QQ      UUUU      KKK   KK    EEEEEEE      TTT             ///
///                                                                             ///
///                      Quantum Computing Simulator Ver 0.9.1                  ///
///                                                                             ///
///        Copyright 2019-2022                                                  ///
///        The Quket Developers                                                 ///
///        All rights Reserved.                                                 ///
///                                                                             ///
///////////////////////////////////////////////////////////////////////////////////
2022-08-07 01:08:06.628414: 
8 processes x 4 = Total 32 cores
API for qulacs: None
Number of cpus in the main node (pinode01): 8

##################### INPUT ########################
### This sample performs VQE with a modified Kitaev Hamiltonian and Hamiltonian Variational Ansatz of arXiv:2108.13375.
#
#                
#  0           3 
#  Z \   X   / Z
#      1 - 2  
#    Y |   |  Y
#      6 - 4  
#    /   X   \
#  7 Z      Z  5 
#                
#
#  Eg = -4.0100  (TCz in Table I)
#  Eg = -4.2476  (TCz+h in Table I)
#

### Parameters for TCz+h
Jx = -0.1
Jy = Jx
Jz = -1
hx = 0.05/np.sqrt(3)
hy = hx 
hz = hx 

### User-defined Hamiltonian in the OpenFermion format.
### Use \ to indicate a break. 
hamiltonian =  Jx [X1 X2] + Jx [X4 X6] \
             + Jy [Y1 Y6] + Jy [Y2 Y4] \
             + Jz [Z0 Z1] + Jz [Z2 Z3] + Jz [Z4 Z5] + Jz [Z6 Z7] \ 
             + hx [X0] + hx [X1] + hx [X2] + hx [X3] \
             + hx [X4] + hx [X5] + hx [X6] + hx [X7] \
             + hy [Y0] + hy [Y1] + hy [Y2] + hy [Y3] \
             + hy [Y4] + hy [Y5] + hy [Y6] + hy [Y7] \
             + hz [Z0] + hz [Z1] + hz [Z2] + hz [Z3] \
             + hz [Z4] + hz [Z5] + hz [Z6] + hz [Z7] 

### Exact state
fci2qubit = True

### VQE
method = vqe
### HVA (Hamiltonian Variational Ansatz
ansatz = hva 
### 4 Layers
layers = 4

### A little tighter tolerance for BFGS
ftol = 1e-12
maxiter = 2000
####################################################

+-------------+
|  Job #   1  |
+-------------+
Initial state is not supplied, so we use |0>.
You may specify the initial state by one of the following ways:

  Q.set(det='|0011>')
for product state,
  Q.set(det='0.5 * |0011> + 0.5 * |0101>')
for entangled state, and
  Q.init_state = QuantumState(Q.n_qubits)
  ...
to directly subsititute user-defined QuantumState to init_state.

Simulation detail
Hamiltonian:
0.02886751345948129 [X0] +
0.02886751345948129 [Y0] +
0.02886751345948129 [Z0] +
-1.0 [Z0 Z1] +
0.02886751345948129 [X1] +
-0.1 [X1 X2] +
0.02886751345948129 [Y1] +
-0.1 [Y1 Y6] +
0.02886751345948129 [Z1] +
0.02886751345948129 [X2] +
0.02886751345948129 [Y2] +
-0.1 [Y2 Y4] +
0.02886751345948129 [Z2] +
-1.0 [Z2 Z3] +
0.02886751345948129 [X3] +
0.02886751345948129 [Y3] +
0.02886751345948129 [Z3] +
0.02886751345948129 [X4] +
-0.1 [X4 X6] +
0.02886751345948129 [Y4] +
0.02886751345948129 [Z4] +
-1.0 [Z4 Z5] +
0.02886751345948129 [X5] +
0.02886751345948129 [Y5] +
0.02886751345948129 [Z5] +
0.02886751345948129 [X6] +
0.02886751345948129 [Y6] +
0.02886751345948129 [Z6] +
-1.0 [Z6 Z7] +
0.02886751345948129 [X7] +
0.02886751345948129 [Y7] +
0.02886751345948129 [Z7]
Initial state:
    Basis            Coef
| 00000000 > : +1.0000 +0.0000i

Tapering-Off Results:
List of redundant qubits:  None

First perform tapering.run(). No transformation done
Tapering-Off Results:
List of redundant qubits:  None

First perform tapering.run(). No transformation done
FCI in Qubits
(FCI state : E = -4.2475747377)
    Basis            Coef
| 11111111 > : +0.9965 +0.0000i

Entered VQE driver
Performing VQE for hva
Number of VQE parameters: 128
Initial configuration: |00000000>
Convergence criteria: ftol = 1E-12, gtol = 1E-05
Derivatives: Analytical
Circuit order: Exp[T1] Exp[T2] |0>
Initial: E[hva] = -3.769059892324  <S**2> = +0.000000  Fidelity = 0.000000  rho = 1  
      1: E[hva] = -3.776074014650  <S**2> = +0.000000  Fidelity = 0.000000  Grad = 8.37e-02  CPU Time =    0.10978  (0.00 / step)
      2: E[hva] = -3.776318717786  <S**2> = +0.000000  Fidelity = 0.000000  Grad = 2.15e-03  CPU Time =    0.01104  (0.00 / step)
      3: E[hva] = -3.776318792977  <S**2> = +0.000000  Fidelity = 0.000000  Grad = 2.13e-04  CPU Time =    0.01931  (0.00 / step)
      4: E[hva] = -3.776318794444  <S**2> = +0.000000  Fidelity = 0.000000  Grad = 2.05e-04  CPU Time =    0.01187  (0.00 / step)
      5: E[hva] = -3.776318809976  <S**2> = +0.000000  Fidelity = 0.000000  Grad = 4.10e-04  CPU Time =    0.01193  (0.00 / step)
      6: E[hva] = -3.776318849560  <S**2> = +0.000000  Fidelity = 0.000000  Grad = 9.68e-04  CPU Time =    0.01199  (0.00 / step)
      7: E[hva] = -3.776319041618  <S**2> = +0.000000  Fidelity = 0.000000  Grad = 2.98e-03  CPU Time =    0.01214  (0.00 / step)
      8: E[hva] = -3.776323050528  <S**2> = +0.000000  Fidelity = 0.000000  Grad = 3.61e-02  CPU Time =    0.01172  (0.00 / step)
      9: E[hva] = -3.776323716325  <S**2> = +0.000000  Fidelity = 0.000000  Grad = 4.52e-02  CPU Time =    0.02584  (0.00 / step)
     10: E[hva] = -3.776326273736  <S**2> = +0.000000  Fidelity = 0.000000  Grad = 5.39e-02  CPU Time =    0.01180  (0.00 / step)
     11: E[hva] = -3.776332777085  <S**2> = +0.000000  Fidelity = 0.000000  Grad = 7.40e-02  CPU Time =    0.01856  (0.00 / step)
     12: E[hva] = -3.776344664888  <S**2> = +0.000000  Fidelity = 0.000000  Grad = 9.29e-02  CPU Time =    0.01179  (0.00 / step)
     13: E[hva] = -3.776392918046  <S**2> = +0.000000  Fidelity = 0.000000  Grad = 1.07e-01  CPU Time =    0.01203  (0.00 / step)
     14: E[hva] = -3.776521972308  <S**2> = +0.000000  Fidelity = 0.000000  Grad = 1.12e-01  CPU Time =    0.01860  (0.00 / step)
     15: E[hva] = -3.776876196530  <S**2> = +0.000000  Fidelity = 0.000000  Grad = 9.10e-02  CPU Time =    0.01191  (0.00 / step)
     16: E[hva] = -3.777565000126  <S**2> = +0.000000  Fidelity = 0.000000  Grad = 9.59e-02  CPU Time =    0.01179  (0.00 / step)
     17: E[hva] = -3.778225190926  <S**2> = +0.000000  Fidelity = 0.000000  Grad = 1.34e-01  CPU Time =    0.01204  (0.00 / step)
     18: E[hva] = -3.780046991874  <S**2> = +0.000000  Fidelity = 0.000000  Grad = 2.32e-01  CPU Time =    0.01157  (0.00 / step)
     19: E[hva] = -3.782210585439  <S**2> = +0.000000  Fidelity = 0.000000  Grad = 2.70e-01  CPU Time =    0.01863  (0.00 / step)
     20: E[hva] = -3.783484240928  <S**2> = +0.000000  Fidelity = 0.000000  Grad = 2.61e-01  CPU Time =    0.01851  (0.00 / step)
     21: E[hva] = -3.784438391672  <S**2> = +0.000000  Fidelity = 0.000000  Grad = 2.42e-01  CPU Time =    0.01889  (0.00 / step)
     22: E[hva] = -3.786100713138  <S**2> = +0.000000  Fidelity = 0.000000  Grad = 3.38e-02  CPU Time =    0.01173  (0.00 / step)
     23: E[hva] = -3.786168062148  <S**2> = +0.000000  Fidelity = 0.000000  Grad = 2.57e-02  CPU Time =    0.01181  (0.00 / step)
     24: E[hva] = -3.786227336898  <S**2> = +0.000000  Fidelity = 0.000000  Grad = 1.50e-02  CPU Time =    0.01193  (0.00 / step)
     25: E[hva] = -3.786266753626  <S**2> = +0.000000  Fidelity = 0.000000  Grad = 1.32e-02  CPU Time =    0.01169  (0.00 / step)
     26: E[hva] = -3.786387094818  <S**2> = +0.000000  Fidelity = 0.000000  Grad = 2.27e-02  CPU Time =    0.01191  (0.00 / step)
     27: E[hva] = -3.786538208432  <S**2> = +0.000000  Fidelity = 0.000000  Grad = 2.35e-02  CPU Time =    0.01198  (0.00 / step)
     28: E[hva] = -3.786549576399  <S**2> = +0.000000  Fidelity = 0.000000  Grad = 2.48e-02  CPU Time =    0.01884  (0.00 / step)
     29: E[hva] = -3.786574800360  <S**2> = +0.000000  Fidelity = 0.000000  Grad = 6.09e-03  CPU Time =    0.01167  (0.00 / step)
     30: E[hva] = -3.786576248198  <S**2> = +0.000000  Fidelity = 0.000000  Grad = 3.99e-03  CPU Time =    0.01157  (0.00 / step)
     31: E[hva] = -3.786576424262  <S**2> = +0.000000  Fidelity = 0.000000  Grad = 2.70e-03  CPU Time =    0.01169  (0.00 / step)
     32: E[hva] = -3.786576580525  <S**2> = +0.000000  Fidelity = 0.000000  Grad = 2.09e-04  CPU Time =    0.01145  (0.00 / step)
     33: E[hva] = -3.786576582623  <S**2> = +0.000000  Fidelity = 0.000000  Grad = 1.91e-04  CPU Time =    0.01179  (0.00 / step)
     34: E[hva] = -3.786576591557  <S**2> = +0.000000  Fidelity = 0.000000  Grad = 2.28e-04  CPU Time =    0.01166  (0.00 / step)
     35: E[hva] = -3.786576628413  <S**2> = +0.000000  Fidelity = 0.000000  Grad = 7.39e-04  CPU Time =    0.01168  (0.00 / step)
     36: E[hva] = -3.786576699687  <S**2> = +0.000000  Fidelity = 0.000000  Grad = 1.03e-03  CPU Time =    0.01169  (0.00 / step)
     37: E[hva] = -3.786576847446  <S**2> = +0.000000  Fidelity = 0.000000  Grad = 1.30e-03  CPU Time =    0.01162  (0.00 / step)
     38: E[hva] = -3.786578668378  <S**2> = +0.000000  Fidelity = 0.000000  Grad = 3.48e-03  CPU Time =    0.01185  (0.00 / step)
     39: E[hva] = -3.786580655163  <S**2> = +0.000000  Fidelity = 0.000000  Grad = 6.89e-03  CPU Time =    0.01179  (0.00 / step)
     40: E[hva] = -3.786583965630  <S**2> = +0.000000  Fidelity = 0.000000  Grad = 6.87e-03  CPU Time =    0.01172  (0.00 / step)
     41: E[hva] = -3.786587413508  <S**2> = +0.000000  Fidelity = 0.000000  Grad = 1.17e-02  CPU Time =    0.01152  (0.00 / step)
     42: E[hva] = -3.786593115024  <S**2> = +0.000000  Fidelity = 0.000000  Grad = 2.17e-03  CPU Time =    0.01179  (0.00 / step)
     43: E[hva] = -3.786593591779  <S**2> = +0.000000  Fidelity = 0.000000  Grad = 1.15e-03  CPU Time =    0.01164  (0.00 / step)
     44: E[hva] = -3.786593689839  <S**2> = +0.000000  Fidelity = 0.000000  Grad = 1.85e-03  CPU Time =    0.01171  (0.00 / step)
     45: E[hva] = -3.786593812633  <S**2> = +0.000000  Fidelity = 0.000000  Grad = 5.70e-04  CPU Time =    0.01169  (0.00 / step)
     46: E[hva] = -3.786593854756  <S**2> = +0.000000  Fidelity = 0.000000  Grad = 6.30e-04  CPU Time =    0.01161  (0.00 / step)
     47: E[hva] = -3.786593905677  <S**2> = +0.000000  Fidelity = 0.000000  Grad = 7.38e-04  CPU Time =    0.01165  (0.00 / step)
     48: E[hva] = -3.786593948904  <S**2> = +0.000000  Fidelity = 0.000000  Grad = 7.41e-04  CPU Time =    0.01150  (0.00 / step)
     49: E[hva] = -3.786594010302  <S**2> = +0.000000  Fidelity = 0.000000  Grad = 6.80e-04  CPU Time =    0.01187  (0.00 / step)
     50: E[hva] = -3.786594142128  <S**2> = +0.000000  Fidelity = 0.000000  Grad = 1.15e-03  CPU Time =    0.01164  (0.00 / step)
     51: E[hva] = -3.786594539516  <S**2> = +0.000000  Fidelity = 0.000000  Grad = 2.64e-03  CPU Time =    0.01172  (0.00 / step)
     52: E[hva] = -3.786595434765  <S**2> = +0.000000  Fidelity = 0.000000  Grad = 4.62e-03  CPU Time =    0.01176  (0.00 / step)
     53: E[hva] = -3.786597421923  <S**2> = +0.000000  Fidelity = 0.000000  Grad = 6.72e-03  CPU Time =    0.01189  (0.00 / step)
     54: E[hva] = -3.786600427031  <S**2> = +0.000000  Fidelity = 0.000000  Grad = 8.51e-03  CPU Time =    0.01185  (0.00 / step)
     55: E[hva] = -3.786601862196  <S**2> = +0.000000  Fidelity = 0.000000  Grad = 8.20e-03  CPU Time =    0.01864  (0.00 / step)
     56: E[hva] = -3.786604246521  <S**2> = +0.000000  Fidelity = 0.000000  Grad = 2.94e-03  CPU Time =    0.01152  (0.00 / step)
     57: E[hva] = -3.786604644731  <S**2> = +0.000000  Fidelity = 0.000000  Grad = 2.51e-03  CPU Time =    0.01162  (0.00 / step)
     58: E[hva] = -3.786604852423  <S**2> = +0.000000  Fidelity = 0.000000  Grad = 2.30e-03  CPU Time =    0.01193  (0.00 / step)
     59: E[hva] = -3.786605007846  <S**2> = +0.000000  Fidelity = 0.000000  Grad = 1.70e-03  CPU Time =    0.01172  (0.00 / step)
     60: E[hva] = -3.786605192280  <S**2> = +0.000000  Fidelity = 0.000000  Grad = 1.04e-03  CPU Time =    0.01178  (0.00 / step)
     61: E[hva] = -3.786605288086  <S**2> = +0.000000  Fidelity = 0.000000  Grad = 7.90e-04  CPU Time =    0.01180  (0.00 / step)
     62: E[hva] = -3.786605314005  <S**2> = +0.000000  Fidelity = 0.000000  Grad = 1.87e-03  CPU Time =    0.01194  (0.00 / step)
     63: E[hva] = -3.786605388926  <S**2> = +0.000000  Fidelity = 0.000000  Grad = 5.53e-04  CPU Time =    0.01157  (0.00 / step)
     64: E[hva] = -3.786605406913  <S**2> = +0.000000  Fidelity = 0.000000  Grad = 4.30e-04  CPU Time =    0.01185  (0.00 / step)
     65: E[hva] = -3.786605429888  <S**2> = +0.000000  Fidelity = 0.000000  Grad = 4.07e-04  CPU Time =    0.01169  (0.00 / step)
     66: E[hva] = -3.786605456899  <S**2> = +0.000000  Fidelity = 0.000000  Grad = 4.08e-04  CPU Time =    0.01215  (0.00 / step)
     67: E[hva] = -3.786605481005  <S**2> = +0.000000  Fidelity = 0.000000  Grad = 9.87e-04  CPU Time =    0.01168  (0.00 / step)
     68: E[hva] = -3.786605518304  <S**2> = +0.000000  Fidelity = 0.000000  Grad = 6.08e-04  CPU Time =    0.01177  (0.00 / step)
     69: E[hva] = -3.786605559984  <S**2> = +0.000000  Fidelity = 0.000000  Grad = 6.68e-04  CPU Time =    0.01204  (0.00 / step)
     70: E[hva] = -3.786605677982  <S**2> = +0.000000  Fidelity = 0.000000  Grad = 1.07e-03  CPU Time =    0.01193  (0.00 / step)
     71: E[hva] = -3.786605814457  <S**2> = +0.000000  Fidelity = 0.000000  Grad = 1.36e-03  CPU Time =    0.01166  (0.00 / step)
     72: E[hva] = -3.786606080526  <S**2> = +0.000000  Fidelity = 0.000000  Grad = 2.47e-03  CPU Time =    0.01192  (0.00 / step)
     73: E[hva] = -3.786606623427  <S**2> = +0.000000  Fidelity = 0.000000  Grad = 2.50e-03  CPU Time =    0.01176  (0.00 / step)
     74: E[hva] = -3.786610563238  <S**2> = +0.000000  Fidelity = 0.000000  Grad = 6.55e-03  CPU Time =    0.01151  (0.00 / step)
     75: E[hva] = -3.786614705348  <S**2> = +0.000000  Fidelity = 0.000000  Grad = 1.49e-02  CPU Time =    0.01185  (0.00 / step)
     76: E[hva] = -3.786624922725  <S**2> = +0.000000  Fidelity = 0.000000  Grad = 1.21e-02  CPU Time =    0.01180  (0.00 / step)
     77: E[hva] = -3.786634142724  <S**2> = +0.000000  Fidelity = 0.000000  Grad = 1.49e-02  CPU Time =    0.01892  (0.00 / step)
     78: E[hva] = -3.786648507735  <S**2> = +0.000000  Fidelity = 0.000000  Grad = 2.01e-02  CPU Time =    0.01863  (0.00 / step)
     79: E[hva] = -3.786661463769  <S**2> = +0.000000  Fidelity = 0.000000  Grad = 2.25e-02  CPU Time =    0.01880  (0.00 / step)
     80: E[hva] = -3.786689077114  <S**2> = +0.000000  Fidelity = 0.000000  Grad = 2.63e-02  CPU Time =    0.01195  (0.00 / step)
     81: E[hva] = -3.786699114115  <S**2> = +0.000000  Fidelity = 0.000000  Grad = 2.83e-02  CPU Time =    0.01868  (0.00 / step)
     82: E[hva] = -3.786736299039  <S**2> = +0.000000  Fidelity = 0.000000  Grad = 4.44e-02  CPU Time =    0.01223  (0.00 / step)
     83: E[hva] = -3.786791029694  <S**2> = +0.000000  Fidelity = 0.000000  Grad = 3.26e-02  CPU Time =    0.01175  (0.00 / step)
     84: E[hva] = -3.786955420633  <S**2> = +0.000000  Fidelity = 0.000000  Grad = 5.25e-02  CPU Time =    0.01184  (0.00 / step)
     85: E[hva] = -3.787055193636  <S**2> = +0.000000  Fidelity = 0.000000  Grad = 1.09e-01  CPU Time =    0.02563  (0.00 / step)
     86: E[hva] = -3.787352103266  <S**2> = +0.000000  Fidelity = 0.000000  Grad = 1.28e-01  CPU Time =    0.01186  (0.00 / step)
     87: E[hva] = -3.788012730803  <S**2> = +0.000000  Fidelity = 0.000000  Grad = 1.95e-01  CPU Time =    0.01860  (0.00 / step)
     88: E[hva] = -3.788357337057  <S**2> = +0.000000  Fidelity = 0.000000  Grad = 2.32e-01  CPU Time =    0.01871  (0.00 / step)
     89: E[hva] = -3.789146870184  <S**2> = +0.000000  Fidelity = 0.000000  Grad = 2.86e-01  CPU Time =    0.01177  (0.00 / step)
     90: E[hva] = -3.790065799611  <S**2> = +0.000000  Fidelity = 0.000001  Grad = 3.92e-01  CPU Time =    0.01283  (0.00 / step)
     91: E[hva] = -3.792720770673  <S**2> = +0.000000  Fidelity = 0.000001  Grad = 3.51e-01  CPU Time =    0.01821  (0.00 / step)
     92: E[hva] = -3.797310162266  <S**2> = +0.000000  Fidelity = 0.000008  Grad = 5.04e-01  CPU Time =    0.01824  (0.00 / step)
     93: E[hva] = -3.803435919969  <S**2> = +0.000000  Fidelity = 0.000031  Grad = 6.42e-01  CPU Time =    0.01817  (0.00 / step)
     94: E[hva] = -3.822308633596  <S**2> = +0.000000  Fidelity = 0.000153  Grad = 5.93e-01  CPU Time =    0.01119  (0.00 / step)
     95: E[hva] = -3.827657853091  <S**2> = +0.000000  Fidelity = 0.000283  Grad = 6.75e-01  CPU Time =    0.01765  (0.00 / step)
     96: E[hva] = -3.848401809847  <S**2> = +0.000000  Fidelity = 0.001136  Grad = 7.18e-01  CPU Time =    0.01757  (0.00 / step)
     97: E[hva] = -3.869628746054  <S**2> = +0.000000  Fidelity = 0.004753  Grad = 8.85e-01  CPU Time =    0.01865  (0.00 / step)
     98: E[hva] = -3.891111361043  <S**2> = +0.000000  Fidelity = 0.008868  Grad = 7.93e-01  CPU Time =    0.01894  (0.00 / step)
     99: E[hva] = -3.926868146043  <S**2> = +0.000000  Fidelity = 0.062191  Grad = 1.06e+00  CPU Time =    0.01190  (0.00 / step)
    100: E[hva] = -4.004487720141  <S**2> = +0.000000  Fidelity = 0.153944  Grad = 9.10e-01  CPU Time =    0.01174  (0.00 / step)
    101: E[hva] = -4.030240898926  <S**2> = +0.000000  Fidelity = 0.181854  Grad = 9.77e-01  CPU Time =    0.01871  (0.00 / step)
    102: E[hva] = -4.104529581137  <S**2> = +0.000000  Fidelity = 0.685353  Grad = 1.43e+00  CPU Time =    0.01186  (0.00 / step)
    103: E[hva] = -4.143628775730  <S**2> = +0.000000  Fidelity = 0.768445  Grad = 1.20e+00  CPU Time =    0.01199  (0.00 / step)
    104: E[hva] = -4.182843372541  <S**2> = +0.000000  Fidelity = 0.792437  Grad = 1.11e+00  CPU Time =    0.01185  (0.00 / step)
    105: E[hva] = -4.222017509944  <S**2> = +0.000000  Fidelity = 0.947074  Grad = 6.12e-01  CPU Time =    0.01165  (0.00 / step)
    106: E[hva] = -4.229868822214  <S**2> = +0.000000  Fidelity = 0.921931  Grad = 3.88e-01  CPU Time =    0.01179  (0.00 / step)
    107: E[hva] = -4.238901663061  <S**2> = +0.000000  Fidelity = 0.964146  Grad = 1.85e-01  CPU Time =    0.01192  (0.00 / step)
    108: E[hva] = -4.241654021754  <S**2> = +0.000000  Fidelity = 0.987880  Grad = 2.52e-01  CPU Time =    0.01179  (0.00 / step)
    109: E[hva] = -4.244070201384  <S**2> = +0.000000  Fidelity = 0.991802  Grad = 1.62e-01  CPU Time =    0.01187  (0.00 / step)
    110: E[hva] = -4.245077987674  <S**2> = +0.000000  Fidelity = 0.992468  Grad = 6.49e-02  CPU Time =    0.01148  (0.00 / step)
    111: E[hva] = -4.245603913414  <S**2> = +0.000000  Fidelity = 0.994970  Grad = 4.03e-02  CPU Time =    0.01174  (0.00 / step)
    112: E[hva] = -4.245775883993  <S**2> = +0.000000  Fidelity = 0.996261  Grad = 4.11e-02  CPU Time =    0.01161  (0.00 / step)
    113: E[hva] = -4.245937499280  <S**2> = +0.000000  Fidelity = 0.997296  Grad = 3.99e-02  CPU Time =    0.01181  (0.00 / step)
    114: E[hva] = -4.246113974634  <S**2> = +0.000000  Fidelity = 0.998207  Grad = 3.38e-02  CPU Time =    0.01181  (0.00 / step)
    115: E[hva] = -4.246309872071  <S**2> = +0.000000  Fidelity = 0.999334  Grad = 6.89e-02  CPU Time =    0.01173  (0.00 / step)
    116: E[hva] = -4.246438878424  <S**2> = +0.000000  Fidelity = 0.999309  Grad = 3.74e-02  CPU Time =    0.01109  (0.00 / step)
    117: E[hva] = -4.246479181359  <S**2> = +0.000000  Fidelity = 0.999474  Grad = 1.40e-02  CPU Time =    0.01084  (0.00 / step)
    118: E[hva] = -4.246493468375  <S**2> = +0.000000  Fidelity = 0.999485  Grad = 1.17e-02  CPU Time =    0.01083  (0.00 / step)
    119: E[hva] = -4.246543269792  <S**2> = +0.000000  Fidelity = 0.999500  Grad = 1.86e-02  CPU Time =    0.01081  (0.00 / step)
    120: E[hva] = -4.246587455863  <S**2> = +0.000000  Fidelity = 0.999494  Grad = 2.82e-02  CPU Time =    0.01072  (0.00 / step)
    121: E[hva] = -4.246644883872  <S**2> = +0.000000  Fidelity = 0.999465  Grad = 2.41e-02  CPU Time =    0.01072  (0.00 / step)
    122: E[hva] = -4.246709659227  <S**2> = +0.000000  Fidelity = 0.999414  Grad = 1.80e-02  CPU Time =    0.01075  (0.00 / step)
    123: E[hva] = -4.246762663658  <S**2> = +0.000000  Fidelity = 0.999438  Grad = 3.03e-02  CPU Time =    0.01153  (0.00 / step)
    124: E[hva] = -4.246797706647  <S**2> = +0.000000  Fidelity = 0.999448  Grad = 1.60e-02  CPU Time =    0.01153  (0.00 / step)
    125: E[hva] = -4.246815157930  <S**2> = +0.000000  Fidelity = 0.999481  Grad = 1.28e-02  CPU Time =    0.01147  (0.00 / step)
    126: E[hva] = -4.246840504923  <S**2> = +0.000000  Fidelity = 0.999512  Grad = 1.28e-02  CPU Time =    0.01178  (0.00 / step)
    127: E[hva] = -4.246874317568  <S**2> = +0.000000  Fidelity = 0.999520  Grad = 2.36e-02  CPU Time =    0.01176  (0.00 / step)
    128: E[hva] = -4.246925100563  <S**2> = +0.000000  Fidelity = 0.999502  Grad = 2.30e-02  CPU Time =    0.01164  (0.00 / step)
    129: E[hva] = -4.247009595140  <S**2> = +0.000000  Fidelity = 0.999329  Grad = 2.80e-02  CPU Time =    0.01146  (0.00 / step)
    130: E[hva] = -4.247062445628  <S**2> = +0.000000  Fidelity = 0.999299  Grad = 3.12e-02  CPU Time =    0.01065  (0.00 / step)
    131: E[hva] = -4.247098272541  <S**2> = +0.000000  Fidelity = 0.999439  Grad = 1.32e-02  CPU Time =    0.01066  (0.00 / step)
    132: E[hva] = -4.247118141312  <S**2> = +0.000000  Fidelity = 0.999538  Grad = 1.16e-02  CPU Time =    0.01061  (0.00 / step)
    133: E[hva] = -4.247136948547  <S**2> = +0.000000  Fidelity = 0.999594  Grad = 1.41e-02  CPU Time =    0.01062  (0.00 / step)
    134: E[hva] = -4.247170083525  <S**2> = +0.000000  Fidelity = 0.999669  Grad = 2.75e-02  CPU Time =    0.01062  (0.00 / step)
    135: E[hva] = -4.247202919475  <S**2> = +0.000000  Fidelity = 0.999701  Grad = 1.40e-02  CPU Time =    0.01058  (0.00 / step)
    136: E[hva] = -4.247222310602  <S**2> = +0.000000  Fidelity = 0.999705  Grad = 1.27e-02  CPU Time =    0.01077  (0.00 / step)
    137: E[hva] = -4.247254099526  <S**2> = +0.000000  Fidelity = 0.999698  Grad = 1.55e-02  CPU Time =    0.01068  (0.00 / step)
    138: E[hva] = -4.247271811485  <S**2> = +0.000000  Fidelity = 0.999716  Grad = 2.18e-02  CPU Time =    0.01072  (0.00 / step)
    139: E[hva] = -4.247290353148  <S**2> = +0.000000  Fidelity = 0.999731  Grad = 8.64e-03  CPU Time =    0.01073  (0.00 / step)
    140: E[hva] = -4.247296067141  <S**2> = +0.000000  Fidelity = 0.999751  Grad = 1.11e-02  CPU Time =    0.01061  (0.00 / step)
    141: E[hva] = -4.247307400601  <S**2> = +0.000000  Fidelity = 0.999762  Grad = 1.17e-02  CPU Time =    0.01069  (0.00 / step)
    142: E[hva] = -4.247317344103  <S**2> = +0.000000  Fidelity = 0.999771  Grad = 8.93e-03  CPU Time =    0.01069  (0.00 / step)
    143: E[hva] = -4.247336971573  <S**2> = +0.000000  Fidelity = 0.999798  Grad = 9.92e-03  CPU Time =    0.01062  (0.00 / step)
    144: E[hva] = -4.247347817884  <S**2> = +0.000000  Fidelity = 0.999819  Grad = 1.19e-02  CPU Time =    0.01076  (0.00 / step)
    145: E[hva] = -4.247361283136  <S**2> = +0.000000  Fidelity = 0.999835  Grad = 1.02e-02  CPU Time =    0.01068  (0.00 / step)
    146: E[hva] = -4.247373341108  <S**2> = +0.000000  Fidelity = 0.999820  Grad = 9.90e-03  CPU Time =    0.01084  (0.00 / step)
    147: E[hva] = -4.247378922114  <S**2> = +0.000000  Fidelity = 0.999789  Grad = 1.01e-02  CPU Time =    0.01150  (0.00 / step)
    148: E[hva] = -4.247383062859  <S**2> = +0.000000  Fidelity = 0.999796  Grad = 6.31e-03  CPU Time =    0.01152  (0.00 / step)
    149: E[hva] = -4.247389040953  <S**2> = +0.000000  Fidelity = 0.999798  Grad = 5.46e-03  CPU Time =    0.01151  (0.00 / step)
    150: E[hva] = -4.247395219371  <S**2> = +0.000000  Fidelity = 0.999791  Grad = 7.12e-03  CPU Time =    0.01181  (0.00 / step)
    151: E[hva] = -4.247400715861  <S**2> = +0.000000  Fidelity = 0.999755  Grad = 1.60e-02  CPU Time =    0.01183  (0.00 / step)
    152: E[hva] = -4.247410404776  <S**2> = +0.000000  Fidelity = 0.999767  Grad = 9.19e-03  CPU Time =    0.01169  (0.00 / step)
    153: E[hva] = -4.247418395295  <S**2> = +0.000000  Fidelity = 0.999778  Grad = 7.33e-03  CPU Time =    0.01262  (0.00 / step)
    154: E[hva] = -4.247430146654  <S**2> = +0.000000  Fidelity = 0.999825  Grad = 8.23e-03  CPU Time =    0.01164  (0.00 / step)
    155: E[hva] = -4.247435509170  <S**2> = +0.000000  Fidelity = 0.999843  Grad = 9.88e-03  CPU Time =    0.01838  (0.00 / step)
    156: E[hva] = -4.247442437654  <S**2> = +0.000000  Fidelity = 0.999885  Grad = 7.07e-03  CPU Time =    0.01154  (0.00 / step)
    157: E[hva] = -4.247443867959  <S**2> = +0.000000  Fidelity = 0.999888  Grad = 7.83e-03  CPU Time =    0.01167  (0.00 / step)
    158: E[hva] = -4.247446439821  <S**2> = +0.000000  Fidelity = 0.999893  Grad = 3.88e-03  CPU Time =    0.01172  (0.00 / step)
    159: E[hva] = -4.247447374382  <S**2> = +0.000000  Fidelity = 0.999894  Grad = 3.07e-03  CPU Time =    0.01196  (0.00 / step)
    160: E[hva] = -4.247448205219  <S**2> = +0.000000  Fidelity = 0.999897  Grad = 3.00e-03  CPU Time =    0.01171  (0.00 / step)
    161: E[hva] = -4.247450274576  <S**2> = +0.000000  Fidelity = 0.999907  Grad = 6.09e-03  CPU Time =    0.01169  (0.00 / step)
    162: E[hva] = -4.247451466090  <S**2> = +0.000000  Fidelity = 0.999910  Grad = 5.23e-03  CPU Time =    0.01171  (0.00 / step)
    163: E[hva] = -4.247452416242  <S**2> = +0.000000  Fidelity = 0.999911  Grad = 2.48e-03  CPU Time =    0.01153  (0.00 / step)
    164: E[hva] = -4.247453274449  <S**2> = +0.000000  Fidelity = 0.999911  Grad = 2.00e-03  CPU Time =    0.01150  (0.00 / step)
    165: E[hva] = -4.247454386763  <S**2> = +0.000000  Fidelity = 0.999910  Grad = 2.74e-03  CPU Time =    0.01146  (0.00 / step)
    166: E[hva] = -4.247455513975  <S**2> = +0.000000  Fidelity = 0.999907  Grad = 3.15e-03  CPU Time =    0.01183  (0.00 / step)
    167: E[hva] = -4.247456045834  <S**2> = +0.000000  Fidelity = 0.999897  Grad = 5.39e-03  CPU Time =    0.01175  (0.00 / step)
    168: E[hva] = -4.247457146017  <S**2> = +0.000000  Fidelity = 0.999899  Grad = 2.31e-03  CPU Time =    0.01198  (0.00 / step)
    169: E[hva] = -4.247457992639  <S**2> = +0.000000  Fidelity = 0.999901  Grad = 2.79e-03  CPU Time =    0.01110  (0.00 / step)
    170: E[hva] = -4.247459822443  <S**2> = +0.000000  Fidelity = 0.999903  Grad = 4.68e-03  CPU Time =    0.01084  (0.00 / step)
    171: E[hva] = -4.247462957632  <S**2> = +0.000000  Fidelity = 0.999904  Grad = 6.11e-03  CPU Time =    0.01071  (0.00 / step)
    172: E[hva] = -4.247465198085  <S**2> = +0.000000  Fidelity = 0.999902  Grad = 8.85e-03  CPU Time =    0.01761  (0.00 / step)
    173: E[hva] = -4.247468831877  <S**2> = +0.000000  Fidelity = 0.999900  Grad = 4.82e-03  CPU Time =    0.01072  (0.00 / step)
    174: E[hva] = -4.247471799901  <S**2> = +0.000000  Fidelity = 0.999896  Grad = 3.59e-03  CPU Time =    0.01072  (0.00 / step)
    175: E[hva] = -4.247473894192  <S**2> = +0.000000  Fidelity = 0.999895  Grad = 5.28e-03  CPU Time =    0.01072  (0.00 / step)
    176: E[hva] = -4.247476916625  <S**2> = +0.000000  Fidelity = 0.999896  Grad = 6.84e-03  CPU Time =    0.01071  (0.00 / step)
    177: E[hva] = -4.247481741326  <S**2> = +0.000000  Fidelity = 0.999898  Grad = 6.82e-03  CPU Time =    0.01073  (0.00 / step)
    178: E[hva] = -4.247490832136  <S**2> = +0.000000  Fidelity = 0.999903  Grad = 8.26e-03  CPU Time =    0.01074  (0.00 / step)
    179: E[hva] = -4.247503034360  <S**2> = +0.000000  Fidelity = 0.999903  Grad = 1.21e-02  CPU Time =    0.01080  (0.00 / step)
    180: E[hva] = -4.247516410597  <S**2> = +0.000000  Fidelity = 0.999904  Grad = 1.03e-02  CPU Time =    0.01069  (0.00 / step)
    181: E[hva] = -4.247528866104  <S**2> = +0.000000  Fidelity = 0.999909  Grad = 8.86e-03  CPU Time =    0.01073  (0.00 / step)
    182: E[hva] = -4.247530235820  <S**2> = +0.000000  Fidelity = 0.999915  Grad = 1.14e-02  CPU Time =    0.01111  (0.00 / step)
    183: E[hva] = -4.247533726116  <S**2> = +0.000000  Fidelity = 0.999918  Grad = 3.30e-03  CPU Time =    0.01146  (0.00 / step)
    184: E[hva] = -4.247534582084  <S**2> = +0.000000  Fidelity = 0.999920  Grad = 2.55e-03  CPU Time =    0.01158  (0.00 / step)
    185: E[hva] = -4.247536221420  <S**2> = +0.000000  Fidelity = 0.999930  Grad = 3.32e-03  CPU Time =    0.01143  (0.00 / step)
    186: E[hva] = -4.247538156768  <S**2> = +0.000000  Fidelity = 0.999947  Grad = 4.26e-03  CPU Time =    0.01167  (0.00 / step)
    187: E[hva] = -4.247539915711  <S**2> = +0.000000  Fidelity = 0.999964  Grad = 6.23e-03  CPU Time =    0.01871  (0.00 / step)
    188: E[hva] = -4.247542103342  <S**2> = +0.000000  Fidelity = 0.999974  Grad = 2.89e-03  CPU Time =    0.01167  (0.00 / step)
    189: E[hva] = -4.247542890809  <S**2> = +0.000000  Fidelity = 0.999976  Grad = 1.81e-03  CPU Time =    0.01155  (0.00 / step)
    190: E[hva] = -4.247543117132  <S**2> = +0.000000  Fidelity = 0.999976  Grad = 2.76e-03  CPU Time =    0.01144  (0.00 / step)
    191: E[hva] = -4.247543339445  <S**2> = +0.000000  Fidelity = 0.999976  Grad = 8.64e-04  CPU Time =    0.01069  (0.00 / step)
    192: E[hva] = -4.247543399577  <S**2> = +0.000000  Fidelity = 0.999976  Grad = 7.36e-04  CPU Time =    0.01070  (0.00 / step)
    193: E[hva] = -4.247543552639  <S**2> = +0.000000  Fidelity = 0.999976  Grad = 8.84e-04  CPU Time =    0.01063  (0.00 / step)
    194: E[hva] = -4.247543689182  <S**2> = +0.000000  Fidelity = 0.999977  Grad = 2.22e-03  CPU Time =    0.01060  (0.00 / step)
    195: E[hva] = -4.247543915739  <S**2> = +0.000000  Fidelity = 0.999977  Grad = 1.46e-03  CPU Time =    0.01062  (0.00 / step)
    196: E[hva] = -4.247544353006  <S**2> = +0.000000  Fidelity = 0.999977  Grad = 1.35e-03  CPU Time =    0.01071  (0.00 / step)
    197: E[hva] = -4.247544690507  <S**2> = +0.000000  Fidelity = 0.999977  Grad = 1.91e-03  CPU Time =    0.01069  (0.00 / step)
    198: E[hva] = -4.247545070636  <S**2> = +0.000000  Fidelity = 0.999977  Grad = 3.08e-03  CPU Time =    0.01075  (0.00 / step)
    199: E[hva] = -4.247545550260  <S**2> = +0.000000  Fidelity = 0.999976  Grad = 1.65e-03  CPU Time =    0.01076  (0.00 / step)
    200: E[hva] = -4.247545994195  <S**2> = +0.000000  Fidelity = 0.999976  Grad = 1.57e-03  CPU Time =    0.01070  (0.00 / step)
    201: E[hva] = -4.247546362604  <S**2> = +0.000000  Fidelity = 0.999975  Grad = 1.81e-03  CPU Time =    0.01073  (0.00 / step)
    202: E[hva] = -4.247546614120  <S**2> = +0.000000  Fidelity = 0.999973  Grad = 5.07e-03  CPU Time =    0.01078  (0.00 / step)
    203: E[hva] = -4.247547418666  <S**2> = +0.000000  Fidelity = 0.999973  Grad = 2.22e-03  CPU Time =    0.01072  (0.00 / step)
    204: E[hva] = -4.247548246015  <S**2> = +0.000000  Fidelity = 0.999974  Grad = 2.38e-03  CPU Time =    0.01069  (0.00 / step)
    205: E[hva] = -4.247549579466  <S**2> = +0.000000  Fidelity = 0.999975  Grad = 4.06e-03  CPU Time =    0.01068  (0.00 / step)
    206: E[hva] = -4.247551496584  <S**2> = +0.000000  Fidelity = 0.999976  Grad = 4.65e-03  CPU Time =    0.01069  (0.00 / step)
    207: E[hva] = -4.247552712923  <S**2> = +0.000000  Fidelity = 0.999976  Grad = 6.59e-03  CPU Time =    0.01763  (0.00 / step)
    208: E[hva] = -4.247554547155  <S**2> = +0.000000  Fidelity = 0.999977  Grad = 2.95e-03  CPU Time =    0.01072  (0.00 / step)
    209: E[hva] = -4.247555367425  <S**2> = +0.000000  Fidelity = 0.999977  Grad = 1.71e-03  CPU Time =    0.01072  (0.00 / step)
    210: E[hva] = -4.247555766709  <S**2> = +0.000000  Fidelity = 0.999978  Grad = 2.14e-03  CPU Time =    0.01065  (0.00 / step)
    211: E[hva] = -4.247556091168  <S**2> = +0.000000  Fidelity = 0.999980  Grad = 1.91e-03  CPU Time =    0.01073  (0.00 / step)
    212: E[hva] = -4.247556357176  <S**2> = +0.000000  Fidelity = 0.999981  Grad = 1.01e-03  CPU Time =    0.01071  (0.00 / step)
    213: E[hva] = -4.247556564033  <S**2> = +0.000000  Fidelity = 0.999983  Grad = 1.12e-03  CPU Time =    0.01070  (0.00 / step)
    214: E[hva] = -4.247556673930  <S**2> = +0.000000  Fidelity = 0.999984  Grad = 1.24e-03  CPU Time =    0.01066  (0.00 / step)
    215: E[hva] = -4.247556810315  <S**2> = +0.000000  Fidelity = 0.999986  Grad = 9.07e-04  CPU Time =    0.01067  (0.00 / step)
    216: E[hva] = -4.247556987640  <S**2> = +0.000000  Fidelity = 0.999987  Grad = 1.02e-03  CPU Time =    0.01068  (0.00 / step)
    217: E[hva] = -4.247557047856  <S**2> = +0.000000  Fidelity = 0.999988  Grad = 7.37e-04  CPU Time =    0.01763  (0.00 / step)
    218: E[hva] = -4.247557074256  <S**2> = +0.000000  Fidelity = 0.999988  Grad = 4.19e-04  CPU Time =    0.01148  (0.00 / step)
    219: E[hva] = -4.247557088634  <S**2> = +0.000000  Fidelity = 0.999988  Grad = 3.69e-04  CPU Time =    0.01158  (0.00 / step)
    220: E[hva] = -4.247557099044  <S**2> = +0.000000  Fidelity = 0.999988  Grad = 3.52e-04  CPU Time =    0.01152  (0.00 / step)
    221: E[hva] = -4.247557122163  <S**2> = +0.000000  Fidelity = 0.999988  Grad = 5.07e-04  CPU Time =    0.01155  (0.00 / step)
    222: E[hva] = -4.247557163816  <S**2> = +0.000000  Fidelity = 0.999988  Grad = 6.63e-04  CPU Time =    0.01152  (0.00 / step)
    223: E[hva] = -4.247557187272  <S**2> = +0.000000  Fidelity = 0.999988  Grad = 9.76e-04  CPU Time =    0.01859  (0.00 / step)
    224: E[hva] = -4.247557235606  <S**2> = +0.000000  Fidelity = 0.999988  Grad = 6.33e-04  CPU Time =    0.01160  (0.00 / step)
    225: E[hva] = -4.247557299297  <S**2> = +0.000000  Fidelity = 0.999989  Grad = 5.00e-04  CPU Time =    0.01185  (0.00 / step)
    226: E[hva] = -4.247557372780  <S**2> = +0.000000  Fidelity = 0.999989  Grad = 1.05e-03  CPU Time =    0.01166  (0.00 / step)
    227: E[hva] = -4.247557451294  <S**2> = +0.000000  Fidelity = 0.999989  Grad = 8.78e-04  CPU Time =    0.01163  (0.00 / step)
    228: E[hva] = -4.247557532965  <S**2> = +0.000000  Fidelity = 0.999989  Grad = 5.64e-04  CPU Time =    0.01173  (0.00 / step)
    229: E[hva] = -4.247557601740  <S**2> = +0.000000  Fidelity = 0.999989  Grad = 8.65e-04  CPU Time =    0.01177  (0.00 / step)
    230: E[hva] = -4.247557674236  <S**2> = +0.000000  Fidelity = 0.999989  Grad = 9.62e-04  CPU Time =    0.01173  (0.00 / step)
    231: E[hva] = -4.247557836757  <S**2> = +0.000000  Fidelity = 0.999989  Grad = 1.50e-03  CPU Time =    0.01159  (0.00 / step)
    232: E[hva] = -4.247558197866  <S**2> = +0.000000  Fidelity = 0.999990  Grad = 2.18e-03  CPU Time =    0.01205  (0.00 / step)
    233: E[hva] = -4.247558582900  <S**2> = +0.000000  Fidelity = 0.999991  Grad = 3.83e-03  CPU Time =    0.01116  (0.00 / step)
    234: E[hva] = -4.247559118944  <S**2> = +0.000000  Fidelity = 0.999991  Grad = 2.06e-03  CPU Time =    0.01096  (0.00 / step)
    235: E[hva] = -4.247559516458  <S**2> = +0.000000  Fidelity = 0.999992  Grad = 1.25e-03  CPU Time =    0.01062  (0.00 / step)
    236: E[hva] = -4.247559759619  <S**2> = +0.000000  Fidelity = 0.999992  Grad = 1.47e-03  CPU Time =    0.01061  (0.00 / step)
    237: E[hva] = -4.247559911996  <S**2> = +0.000000  Fidelity = 0.999992  Grad = 1.78e-03  CPU Time =    0.01059  (0.00 / step)
    238: E[hva] = -4.247560031280  <S**2> = +0.000000  Fidelity = 0.999993  Grad = 8.42e-04  CPU Time =    0.01061  (0.00 / step)
    239: E[hva] = -4.247560085504  <S**2> = +0.000000  Fidelity = 0.999993  Grad = 4.92e-04  CPU Time =    0.01058  (0.00 / step)
    240: E[hva] = -4.247560123876  <S**2> = +0.000000  Fidelity = 0.999993  Grad = 6.77e-04  CPU Time =    0.01071  (0.00 / step)
    241: E[hva] = -4.247560184763  <S**2> = +0.000000  Fidelity = 0.999993  Grad = 8.62e-04  CPU Time =    0.01055  (0.00 / step)
    242: E[hva] = -4.247560271298  <S**2> = +0.000000  Fidelity = 0.999993  Grad = 1.36e-03  CPU Time =    0.01079  (0.00 / step)
    243: E[hva] = -4.247560333566  <S**2> = +0.000000  Fidelity = 0.999993  Grad = 8.55e-04  CPU Time =    0.01070  (0.00 / step)
    244: E[hva] = -4.247560366566  <S**2> = +0.000000  Fidelity = 0.999993  Grad = 3.92e-04  CPU Time =    0.01072  (0.00 / step)
    245: E[hva] = -4.247560381860  <S**2> = +0.000000  Fidelity = 0.999993  Grad = 2.91e-04  CPU Time =    0.01070  (0.00 / step)
    246: E[hva] = -4.247560392603  <S**2> = +0.000000  Fidelity = 0.999993  Grad = 3.58e-04  CPU Time =    0.01073  (0.00 / step)
    247: E[hva] = -4.247560408942  <S**2> = +0.000000  Fidelity = 0.999993  Grad = 5.42e-04  CPU Time =    0.01073  (0.00 / step)
    248: E[hva] = -4.247560426466  <S**2> = +0.000000  Fidelity = 0.999993  Grad = 3.53e-04  CPU Time =    0.01071  (0.00 / step)
    249: E[hva] = -4.247560450059  <S**2> = +0.000000  Fidelity = 0.999992  Grad = 4.22e-04  CPU Time =    0.01065  (0.00 / step)
    250: E[hva] = -4.247560479454  <S**2> = +0.000000  Fidelity = 0.999992  Grad = 5.54e-04  CPU Time =    0.01072  (0.00 / step)
    251: E[hva] = -4.247560494597  <S**2> = +0.000000  Fidelity = 0.999992  Grad = 6.17e-04  CPU Time =    0.01760  (0.00 / step)
    252: E[hva] = -4.247560512520  <S**2> = +0.000000  Fidelity = 0.999992  Grad = 3.25e-04  CPU Time =    0.01064  (0.00 / step)
    253: E[hva] = -4.247560524564  <S**2> = +0.000000  Fidelity = 0.999992  Grad = 2.68e-04  CPU Time =    0.02210  (0.00 / step)
    254: E[hva] = -4.247560537263  <S**2> = +0.000000  Fidelity = 0.999992  Grad = 3.83e-04  CPU Time =    0.01068  (0.00 / step)
    255: E[hva] = -4.247560562195  <S**2> = +0.000000  Fidelity = 0.999992  Grad = 6.06e-04  CPU Time =    0.01472  (0.00 / step)
    256: E[hva] = -4.247560596286  <S**2> = +0.000000  Fidelity = 0.999993  Grad = 8.19e-04  CPU Time =    0.01080  (0.00 / step)
    257: E[hva] = -4.247560632859  <S**2> = +0.000000  Fidelity = 0.999993  Grad = 5.52e-04  CPU Time =    0.01084  (0.00 / step)
    258: E[hva] = -4.247560666030  <S**2> = +0.000000  Fidelity = 0.999993  Grad = 3.99e-04  CPU Time =    0.01090  (0.00 / step)
    259: E[hva] = -4.247560684848  <S**2> = +0.000000  Fidelity = 0.999993  Grad = 4.50e-04  CPU Time =    0.01095  (0.00 / step)
    260: E[hva] = -4.247560712138  <S**2> = +0.000000  Fidelity = 0.999993  Grad = 6.15e-04  CPU Time =    0.01095  (0.00 / step)
    261: E[hva] = -4.247560747637  <S**2> = +0.000000  Fidelity = 0.999993  Grad = 6.08e-04  CPU Time =    0.01082  (0.00 / step)
    262: E[hva] = -4.247560786201  <S**2> = +0.000000  Fidelity = 0.999993  Grad = 5.02e-04  CPU Time =    0.01087  (0.00 / step)
    263: E[hva] = -4.247560829754  <S**2> = +0.000000  Fidelity = 0.999993  Grad = 5.86e-04  CPU Time =    0.01091  (0.00 / step)
    264: E[hva] = -4.247560873062  <S**2> = +0.000000  Fidelity = 0.999993  Grad = 8.23e-04  CPU Time =    0.01086  (0.00 / step)
    265: E[hva] = -4.247560927116  <S**2> = +0.000000  Fidelity = 0.999993  Grad = 7.05e-04  CPU Time =    0.01089  (0.00 / step)
    266: E[hva] = -4.247561037986  <S**2> = +0.000000  Fidelity = 0.999992  Grad = 9.13e-04  CPU Time =    0.01068  (0.00 / step)
    267: E[hva] = -4.247561093191  <S**2> = +0.000000  Fidelity = 0.999992  Grad = 1.22e-03  CPU Time =    0.01079  (0.00 / step)
    268: E[hva] = -4.247561147368  <S**2> = +0.000000  Fidelity = 0.999992  Grad = 6.10e-04  CPU Time =    0.01071  (0.00 / step)
    269: E[hva] = -4.247561198433  <S**2> = +0.000000  Fidelity = 0.999992  Grad = 4.58e-04  CPU Time =    0.01065  (0.00 / step)
    270: E[hva] = -4.247561232870  <S**2> = +0.000000  Fidelity = 0.999992  Grad = 5.47e-04  CPU Time =    0.01108  (0.00 / step)
    271: E[hva] = -4.247561314412  <S**2> = +0.000000  Fidelity = 0.999992  Grad = 1.29e-03  CPU Time =    0.01160  (0.00 / step)
    272: E[hva] = -4.247561404908  <S**2> = +0.000000  Fidelity = 0.999992  Grad = 8.93e-04  CPU Time =    0.01155  (0.00 / step)
    273: E[hva] = -4.247561464344  <S**2> = +0.000000  Fidelity = 0.999992  Grad = 5.30e-04  CPU Time =    0.01146  (0.00 / step)
    274: E[hva] = -4.247561509258  <S**2> = +0.000000  Fidelity = 0.999992  Grad = 5.94e-04  CPU Time =    0.01197  (0.00 / step)
    275: E[hva] = -4.247561535851  <S**2> = +0.000000  Fidelity = 0.999992  Grad = 5.29e-04  CPU Time =    0.01193  (0.00 / step)
    276: E[hva] = -4.247561568422  <S**2> = +0.000000  Fidelity = 0.999992  Grad = 5.80e-04  CPU Time =    0.01183  (0.00 / step)
    277: E[hva] = -4.247561624624  <S**2> = +0.000000  Fidelity = 0.999992  Grad = 6.30e-04  CPU Time =    0.01127  (0.00 / step)
    278: E[hva] = -4.247561642749  <S**2> = +0.000000  Fidelity = 0.999992  Grad = 5.34e-04  CPU Time =    0.01758  (0.00 / step)
    279: E[hva] = -4.247561660019  <S**2> = +0.000000  Fidelity = 0.999992  Grad = 3.41e-04  CPU Time =    0.01163  (0.00 / step)
    280: E[hva] = -4.247561685606  <S**2> = +0.000000  Fidelity = 0.999992  Grad = 4.16e-04  CPU Time =    0.01104  (0.00 / step)
    281: E[hva] = -4.247561706447  <S**2> = +0.000000  Fidelity = 0.999992  Grad = 5.19e-04  CPU Time =    0.01064  (0.00 / step)
    282: E[hva] = -4.247561730382  <S**2> = +0.000000  Fidelity = 0.999992  Grad = 7.43e-04  CPU Time =    0.01065  (0.00 / step)
    283: E[hva] = -4.247561757651  <S**2> = +0.000000  Fidelity = 0.999992  Grad = 3.53e-04  CPU Time =    0.01060  (0.00 / step)
    284: E[hva] = -4.247561776284  <S**2> = +0.000000  Fidelity = 0.999992  Grad = 3.48e-04  CPU Time =    0.01068  (0.00 / step)
    285: E[hva] = -4.247561789973  <S**2> = +0.000000  Fidelity = 0.999992  Grad = 3.17e-04  CPU Time =    0.01072  (0.00 / step)
    286: E[hva] = -4.247561808626  <S**2> = +0.000000  Fidelity = 0.999992  Grad = 5.88e-04  CPU Time =    0.01079  (0.00 / step)
    287: E[hva] = -4.247561833379  <S**2> = +0.000000  Fidelity = 0.999992  Grad = 3.63e-04  CPU Time =    0.01079  (0.00 / step)
    288: E[hva] = -4.247561854803  <S**2> = +0.000000  Fidelity = 0.999992  Grad = 3.28e-04  CPU Time =    0.01072  (0.00 / step)
    289: E[hva] = -4.247561872803  <S**2> = +0.000000  Fidelity = 0.999992  Grad = 6.48e-04  CPU Time =    0.01076  (0.00 / step)
    290: E[hva] = -4.247561889240  <S**2> = +0.000000  Fidelity = 0.999992  Grad = 3.20e-04  CPU Time =    0.01064  (0.00 / step)
    291: E[hva] = -4.247561897774  <S**2> = +0.000000  Fidelity = 0.999992  Grad = 2.73e-04  CPU Time =    0.01069  (0.00 / step)
    292: E[hva] = -4.247561922901  <S**2> = +0.000000  Fidelity = 0.999992  Grad = 4.00e-04  CPU Time =    0.01075  (0.00 / step)
    293: E[hva] = -4.247561929197  <S**2> = +0.000000  Fidelity = 0.999992  Grad = 8.66e-04  CPU Time =    0.01069  (0.00 / step)
    294: E[hva] = -4.247561948538  <S**2> = +0.000000  Fidelity = 0.999992  Grad = 3.45e-04  CPU Time =    0.01070  (0.00 / step)
    295: E[hva] = -4.247561960591  <S**2> = +0.000000  Fidelity = 0.999992  Grad = 2.29e-04  CPU Time =    0.01078  (0.00 / step)
    296: E[hva] = -4.247561971645  <S**2> = +0.000000  Fidelity = 0.999992  Grad = 3.16e-04  CPU Time =    0.01072  (0.00 / step)
    297: E[hva] = -4.247561989699  <S**2> = +0.000000  Fidelity = 0.999992  Grad = 4.37e-04  CPU Time =    0.01074  (0.00 / step)
    298: E[hva] = -4.247562006659  <S**2> = +0.000000  Fidelity = 0.999991  Grad = 8.09e-04  CPU Time =    0.01073  (0.00 / step)
    299: E[hva] = -4.247562033460  <S**2> = +0.000000  Fidelity = 0.999991  Grad = 3.24e-04  CPU Time =    0.01077  (0.00 / step)
    300: E[hva] = -4.247562042760  <S**2> = +0.000000  Fidelity = 0.999992  Grad = 2.41e-04  CPU Time =    0.01067  (0.00 / step)
    301: E[hva] = -4.247562053539  <S**2> = +0.000000  Fidelity = 0.999992  Grad = 3.08e-04  CPU Time =    0.01086  (0.00 / step)
    302: E[hva] = -4.247562066134  <S**2> = +0.000000  Fidelity = 0.999992  Grad = 4.01e-04  CPU Time =    0.01077  (0.00 / step)
    303: E[hva] = -4.247562080954  <S**2> = +0.000000  Fidelity = 0.999992  Grad = 3.33e-04  CPU Time =    0.01076  (0.00 / step)
    304: E[hva] = -4.247562106823  <S**2> = +0.000000  Fidelity = 0.999992  Grad = 4.21e-04  CPU Time =    0.01065  (0.00 / step)
    305: E[hva] = -4.247562112619  <S**2> = +0.000000  Fidelity = 0.999992  Grad = 2.13e-04  CPU Time =    0.01759  (0.00 / step)
    306: E[hva] = -4.247562114723  <S**2> = +0.000000  Fidelity = 0.999992  Grad = 1.25e-04  CPU Time =    0.01065  (0.00 / step)
    307: E[hva] = -4.247562116666  <S**2> = +0.000000  Fidelity = 0.999992  Grad = 1.24e-04  CPU Time =    0.01062  (0.00 / step)
    308: E[hva] = -4.247562118338  <S**2> = +0.000000  Fidelity = 0.999992  Grad = 1.60e-04  CPU Time =    0.01064  (0.00 / step)
    309: E[hva] = -4.247562121796  <S**2> = +0.000000  Fidelity = 0.999992  Grad = 2.06e-04  CPU Time =    0.01070  (0.00 / step)
    310: E[hva] = -4.247562126668  <S**2> = +0.000000  Fidelity = 0.999992  Grad = 2.40e-04  CPU Time =    0.01061  (0.00 / step)
    311: E[hva] = -4.247562133252  <S**2> = +0.000000  Fidelity = 0.999992  Grad = 2.03e-04  CPU Time =    0.01107  (0.00 / step)
    312: E[hva] = -4.247562143386  <S**2> = +0.000000  Fidelity = 0.999992  Grad = 3.61e-04  CPU Time =    0.01150  (0.00 / step)
    313: E[hva] = -4.247562151958  <S**2> = +0.000000  Fidelity = 0.999992  Grad = 3.47e-04  CPU Time =    0.01151  (0.00 / step)
    314: E[hva] = -4.247562160396  <S**2> = +0.000000  Fidelity = 0.999992  Grad = 3.20e-04  CPU Time =    0.01147  (0.00 / step)
    315: E[hva] = -4.247562180720  <S**2> = +0.000000  Fidelity = 0.999992  Grad = 4.41e-04  CPU Time =    0.01195  (0.00 / step)
    316: E[hva] = -4.247562198898  <S**2> = +0.000000  Fidelity = 0.999992  Grad = 4.67e-04  CPU Time =    0.01175  (0.00 / step)
    317: E[hva] = -4.247562215222  <S**2> = +0.000000  Fidelity = 0.999993  Grad = 3.28e-04  CPU Time =    0.01182  (0.00 / step)
    318: E[hva] = -4.247562237735  <S**2> = +0.000000  Fidelity = 0.999993  Grad = 3.97e-04  CPU Time =    0.01172  (0.00 / step)
    319: E[hva] = -4.247562249060  <S**2> = +0.000000  Fidelity = 0.999993  Grad = 5.40e-04  CPU Time =    0.01153  (0.00 / step)
    320: E[hva] = -4.247562261560  <S**2> = +0.000000  Fidelity = 0.999993  Grad = 3.69e-04  CPU Time =    0.01180  (0.00 / step)
    321: E[hva] = -4.247562287219  <S**2> = +0.000000  Fidelity = 0.999993  Grad = 1.89e-04  CPU Time =    0.01163  (0.00 / step)
    322: E[hva] = -4.247562290280  <S**2> = +0.000000  Fidelity = 0.999993  Grad = 3.00e-04  CPU Time =    0.01161  (0.00 / step)
    323: E[hva] = -4.247562293645  <S**2> = +0.000000  Fidelity = 0.999992  Grad = 1.52e-04  CPU Time =    0.01175  (0.00 / step)
    324: E[hva] = -4.247562296710  <S**2> = +0.000000  Fidelity = 0.999992  Grad = 1.26e-04  CPU Time =    0.01167  (0.00 / step)
    325: E[hva] = -4.247562299403  <S**2> = +0.000000  Fidelity = 0.999992  Grad = 1.68e-04  CPU Time =    0.01166  (0.00 / step)
    326: E[hva] = -4.247562303838  <S**2> = +0.000000  Fidelity = 0.999992  Grad = 3.17e-04  CPU Time =    0.01165  (0.00 / step)
    327: E[hva] = -4.247562307981  <S**2> = +0.000000  Fidelity = 0.999992  Grad = 1.76e-04  CPU Time =    0.01165  (0.00 / step)
    328: E[hva] = -4.247562309626  <S**2> = +0.000000  Fidelity = 0.999992  Grad = 8.80e-05  CPU Time =    0.01167  (0.00 / step)
    329: E[hva] = -4.247562310371  <S**2> = +0.000000  Fidelity = 0.999992  Grad = 6.83e-05  CPU Time =    0.01145  (0.00 / step)
    330: E[hva] = -4.247562310791  <S**2> = +0.000000  Fidelity = 0.999992  Grad = 7.07e-05  CPU Time =    0.01156  (0.00 / step)
    331: E[hva] = -4.247562311438  <S**2> = +0.000000  Fidelity = 0.999992  Grad = 7.78e-05  CPU Time =    0.01179  (0.00 / step)
    332: E[hva] = -4.247562312378  <S**2> = +0.000000  Fidelity = 0.999992  Grad = 1.63e-04  CPU Time =    0.01170  (0.00 / step)
    333: E[hva] = -4.247562313461  <S**2> = +0.000000  Fidelity = 0.999992  Grad = 8.27e-05  CPU Time =    0.01175  (0.00 / step)
    334: E[hva] = -4.247562314165  <S**2> = +0.000000  Fidelity = 0.999992  Grad = 8.05e-05  CPU Time =    0.01161  (0.00 / step)
    335: E[hva] = -4.247562317748  <S**2> = +0.000000  Fidelity = 0.999992  Grad = 1.73e-04  CPU Time =    0.01161  (0.00 / step)
    336: E[hva] = -4.247562321177  <S**2> = +0.000000  Fidelity = 0.999993  Grad = 2.67e-04  CPU Time =    0.01182  (0.00 / step)
    337: E[hva] = -4.247562326099  <S**2> = +0.000000  Fidelity = 0.999993  Grad = 2.29e-04  CPU Time =    0.01268  (0.00 / step)
    338: E[hva] = -4.247562330016  <S**2> = +0.000000  Fidelity = 0.999993  Grad = 2.90e-04  CPU Time =    0.01132  (0.00 / step)
    339: E[hva] = -4.247562333627  <S**2> = +0.000000  Fidelity = 0.999993  Grad = 1.29e-04  CPU Time =    0.01083  (0.00 / step)
    340: E[hva] = -4.247562335262  <S**2> = +0.000000  Fidelity = 0.999993  Grad = 1.33e-04  CPU Time =    0.01094  (0.00 / step)
    341: E[hva] = -4.247562340772  <S**2> = +0.000000  Fidelity = 0.999993  Grad = 2.09e-04  CPU Time =    0.01150  (0.00 / step)
    342: E[hva] = -4.247562344964  <S**2> = +0.000000  Fidelity = 0.999993  Grad = 5.00e-04  CPU Time =    0.01207  (0.00 / step)
    343: E[hva] = -4.247562354189  <S**2> = +0.000000  Fidelity = 0.999993  Grad = 2.17e-04  CPU Time =    0.01183  (0.00 / step)
    344: E[hva] = -4.247562360966  <S**2> = +0.000000  Fidelity = 0.999993  Grad = 1.63e-04  CPU Time =    0.01187  (0.00 / step)
    345: E[hva] = -4.247562364348  <S**2> = +0.000000  Fidelity = 0.999993  Grad = 1.24e-04  CPU Time =    0.01156  (0.00 / step)
    346: E[hva] = -4.247562365209  <S**2> = +0.000000  Fidelity = 0.999993  Grad = 1.59e-04  CPU Time =    0.01863  (0.00 / step)
    347: E[hva] = -4.247562366409  <S**2> = +0.000000  Fidelity = 0.999993  Grad = 6.15e-05  CPU Time =    0.01182  (0.00 / step)
    348: E[hva] = -4.247562366830  <S**2> = +0.000000  Fidelity = 0.999993  Grad = 4.76e-05  CPU Time =    0.01199  (0.00 / step)
    349: E[hva] = -4.247562367250  <S**2> = +0.000000  Fidelity = 0.999993  Grad = 5.68e-05  CPU Time =    0.01187  (0.00 / step)
    350: E[hva] = -4.247562367447  <S**2> = +0.000000  Fidelity = 0.999993  Grad = 1.13e-04  CPU Time =    0.01179  (0.00 / step)
    351: E[hva] = -4.247562367832  <S**2> = +0.000000  Fidelity = 0.999993  Grad = 4.68e-05  CPU Time =    0.01196  (0.00 / step)
    352: E[hva] = -4.247562368078  <S**2> = +0.000000  Fidelity = 0.999993  Grad = 3.76e-05  CPU Time =    0.01173  (0.00 / step)
    353: E[hva] = -4.247562368292  <S**2> = +0.000000  Fidelity = 0.999993  Grad = 4.87e-05  CPU Time =    0.01173  (0.00 / step)
    354: E[hva] = -4.247562368696  <S**2> = +0.000000  Fidelity = 0.999993  Grad = 7.53e-05  CPU Time =    0.01193  (0.00 / step)
    355: E[hva] = -4.247562368965  <S**2> = +0.000000  Fidelity = 0.999993  Grad = 7.23e-05  CPU Time =    0.01184  (0.00 / step)
    356: E[hva] = -4.247562369200  <S**2> = +0.000000  Fidelity = 0.999993  Grad = 2.80e-05  CPU Time =    0.01176  (0.00 / step)
    357: E[hva] = -4.247562369307  <S**2> = +0.000000  Fidelity = 0.999993  Grad = 3.07e-05  CPU Time =    0.01176  (0.00 / step)
  Final: E[hva] = -4.247562369307  <S**2> = +0.000000  Fidelity = 0.999993  rho = 1 

(hva state)
    Basis            Coef
| 11111111 > : +0.3811 +0.9208i


VQE Done: CPU Time =          4.4251

Saved in ./kitaev.qkt.
Normal termination of quket at 2022-08-07 01:08:11.259244
