///////////////////////////////////////////////////////////////////////////////////
///                                                                             ///
///                                                                             ///
///              QQQ       UUU  UUU    KKK   KK    EEEEEEE    TTTTTTT           ///
///             Q   Q       u    U      K   K       E    E    T  T  T           ///
///            Q     Q      U    U      K  K        E  E         T              ///
///            Q     Q      U    U      KKK         EEEE         T              ///
///            Q QQQ Q      U    U      K  K        E  E         T              ///
///             Q   Q       U    U      K   K       E    E       T              ///
///              QQQ QQ      UUUU      KKK   KK    EEEEEEE      TTT             ///
///                                                                             ///
///                      Quantum Computing Simulator Ver 0.9                    ///
///                                                                             ///
///        Copyright 2019-2022                                                  ///
///        The Quket Developers                                                 ///
///        All rights Reserved.                                                 ///
///                                                                             ///
///////////////////////////////////////////////////////////////////////////////////
2022-08-06 23:39:29.728192: 
8 processes x 4 = Total 32 cores
API for qulacs: None
Number of cpus in the main node (pinode03): 8

##################### INPUT ########################
### This sample performs VQE with a user-defined Hamiltonian and user-defined ansatz.

### User-defined Hamiltonian in the OpenFermion format.
### Use \ to indicate a break. 
hamiltonian = 0.35 [X0 X1 X2] + 0.4 [Y0 Y1 X2] + 0.4 [Z0 Z1 Z2]\
              +0.1 [X0 Y1 Z2] + 0.5 [Y0 Z1 X2] + 0.6 [Y2]

### Single layer of some correlator unitary : prod_k exp(i theta[k] pauli_list[k])
pauli_list = X0 Y1, Y1 X2, X0 X2        \
             Z0 X1 X2, Z0 Z2, Z0 X1 Z2 

### Because det is not defined, |000> will be used for the initial guess.
### To avoid being trapped in local minima, use random guess for theta.
method = vqe
theta_guess = random

### Perform exact diagonalization for 5 lowest states.
fci2qubit = True
nroots = 5

@@@ 
### Two layers of some correlator unitary 
pauli_list = X0 Y1, Y1 X2, X0 X2       \
             Z0 X1 X2, Z0 Z2, Z0 X1 Z2 \
             X0 Y1, Y1 X2, X0 X2       \
             Z0 X1 X2, Z0 Z2, Z0 X1 Z2 

@@@ 
### Three layers of some correlator unitary 
pauli_list = X0 Y1, Y1 X2, X0 X2       \
             Z0 X1 X2, Z0 Z2, Z0 X1 Z2 \
             X0 Y1, Y1 X2, X0 X2       \
             Z0 X1 X2, Z0 Z2, Z0 X1 Z2 \
             X0 Y1, Y1 X2, X0 X2       \
             Z0 X1 X2, Z0 Z2, Z0 X1 Z2 

@@@
### Random initial qubit guess (Haar random)
det = random

@@@
### User-defined initial qubit guess. 
### State is normalized.
det = 1* |011> - 1j*|101>

@@@
### This also works. 
det = |011> - (1j)|101>
####################################################

+-------------+
|  Job #   1  |
+-------------+
Initial state is not supplied, so we use |0>.
You may specify the initial state by one of the following ways:

  Q.set(det='|0011>')
for product state,
  Q.set(det='0.5 * |0011> + 0.5 * |0101>')
for entangled state, and
  Q.init_state = QuantumState(Q.n_qubits)
  ...
to directly subsititute user-defined QuantumState to init_state.

Simulation detail
Hamiltonian:
0.35 [X0 X1 X2] +
0.1 [X0 Y1 Z2] +
0.4 [Y0 Y1 X2] +
0.5 [Y0 Z1 X2] +
0.4 [Z0 Z1 Z2] +
0.6 [Y2]
Initial state:
  Basis          Coef
| 000 > : +1.0000 +0.0000i

user-defined pauli_list found.
Tapering-Off Results:
List of redundant qubits:  None

First perform tapering.run(). No transformation done
user-defined pauli_list found.
Tapering-Off Results:
List of redundant qubits:  None

First perform tapering.run(). No transformation done
FCI in Qubits
(FCI state : E = -1.3488026372)
  Basis          Coef
| 000 > : +0.1466 -0.0000i
| 001 > : -0.4868 -0.0000i
| 010 > : +0.0000 +0.5981i
| 100 > : -0.0000 -0.3254i
| 101 > : -0.0000 -0.1601i
| 110 > : +0.4350 -0.0000i
| 111 > : -0.2720 -0.0000i

(FCI state : E = -1.2677930431)
  Basis          Coef
| 000 > : -0.0000 -0.2734i
| 001 > : -0.0000 +0.1386i
| 010 > : +0.6375 -0.0000i
| 011 > : +0.1211 +0.0000i
| 100 > : -0.4793 -0.0000i
| 101 > : -0.2614 +0.0000i
| 110 > : +0.0000 -0.3357i
| 111 > : +0.0000 -0.2661i

(FCI state : E = -1.2452357064)
  Basis          Coef
| 001 > : -0.5511 +0.0000i
| 010 > : -0.0000 -0.4485i
| 011 > : +0.0000 +0.1546i
| 100 > : -0.0000 -0.3687i
| 101 > : +0.0000 +0.3967i
| 110 > : +0.1085 +0.0000i
| 111 > : +0.4016 +0.0000i

(FCI state : E = -1.2376195354)
  Basis          Coef
| 000 > : +0.0000 +0.2513i
| 001 > : -0.0000 -0.3418i
| 010 > : +0.4746 -0.0000i
| 011 > : -0.3264 +0.0000i
| 100 > : +0.5926 -0.0000i
| 110 > : +0.0000 -0.3691i

(FCI state : E = -0.7391976695)
  Basis          Coef
| 000 > : -0.0000 -0.2837i
| 001 > : -0.0000 -0.5108i
| 011 > : +0.1925 -0.0000i
| 101 > : -0.6254 +0.0000i
| 110 > : -0.0000 +0.3416i
| 111 > : -0.0000 +0.3243i

Entered VQE driver
Performing VQE for user-defined
Number of VQE parameters: 6
Initial configuration: |000>
Convergence criteria: ftol = 1E-09, gtol = 1E-05
Derivatives: Analytical
Circuit order: Exp[T1] Exp[T2] |0>
Initial: E[user-defined] = +0.399933825960  <S**2> = +0.000000  Fidelity = 0.021557  rho = 1  
      1: E[user-defined] = -0.055642675274  <S**2> = +0.000000  Fidelity = 0.045850  Grad = 8.57e-01  CPU Time =    4.48121  (0.00 / step)
      2: E[user-defined] = -0.295583180155  <S**2> = +0.000000  Fidelity = 0.083011  Grad = 6.18e-01  CPU Time =    0.01488  (0.00 / step)
      3: E[user-defined] = -0.404206980800  <S**2> = +0.000000  Fidelity = 0.103253  Grad = 3.13e-01  CPU Time =    0.01596  (0.00 / step)
      4: E[user-defined] = -0.406933422683  <S**2> = +0.000000  Fidelity = 0.136043  Grad = 4.32e-01  CPU Time =    0.01509  (0.00 / step)
      5: E[user-defined] = -0.533922816549  <S**2> = +0.000000  Fidelity = 0.322567  Grad = 6.95e-01  CPU Time =    0.01599  (0.00 / step)
      6: E[user-defined] = -0.587217197603  <S**2> = +0.000000  Fidelity = 0.428977  Grad = 9.36e-01  CPU Time =    0.01525  (0.00 / step)
      7: E[user-defined] = -0.660463763060  <S**2> = +0.000000  Fidelity = 0.536032  Grad = 1.03e+00  CPU Time =    0.01518  (0.00 / step)
      8: E[user-defined] = -0.737338421263  <S**2> = +0.000000  Fidelity = 0.597050  Grad = 9.39e-01  CPU Time =    0.01404  (0.00 / step)
      9: E[user-defined] = -0.868486355556  <S**2> = +0.000000  Fidelity = 0.626488  Grad = 3.89e-01  CPU Time =    0.01450  (0.00 / step)
     10: E[user-defined] = -0.909935403710  <S**2> = +0.000000  Fidelity = 0.618301  Grad = 1.92e-01  CPU Time =    0.01462  (0.00 / step)
     11: E[user-defined] = -0.933549005731  <S**2> = +0.000000  Fidelity = 0.595488  Grad = 1.33e-01  CPU Time =    0.01437  (0.00 / step)
     12: E[user-defined] = -0.990534141048  <S**2> = +0.000000  Fidelity = 0.464275  Grad = 1.37e-01  CPU Time =    0.00803  (0.00 / step)
     13: E[user-defined] = -0.993933050489  <S**2> = +0.000000  Fidelity = 0.450567  Grad = 1.21e-01  CPU Time =    0.00313  (0.00 / step)
     14: E[user-defined] = -0.997501661496  <S**2> = +0.000000  Fidelity = 0.417827  Grad = 6.10e-02  CPU Time =    0.00287  (0.00 / step)
     15: E[user-defined] = -0.998560755437  <S**2> = +0.000000  Fidelity = 0.428992  Grad = 2.02e-02  CPU Time =    0.00250  (0.00 / step)
     16: E[user-defined] = -0.998613969744  <S**2> = +0.000000  Fidelity = 0.430529  Grad = 8.69e-03  CPU Time =    0.00220  (0.00 / step)
     17: E[user-defined] = -0.998627554356  <S**2> = +0.000000  Fidelity = 0.429980  Grad = 6.32e-03  CPU Time =    0.00225  (0.00 / step)
     18: E[user-defined] = -0.998801773739  <S**2> = +0.000000  Fidelity = 0.426837  Grad = 5.07e-02  CPU Time =    0.00301  (0.00 / step)
     19: E[user-defined] = -0.999052171097  <S**2> = +0.000000  Fidelity = 0.425576  Grad = 1.53e-01  CPU Time =    0.00369  (0.00 / step)
     20: E[user-defined] = -0.999429859420  <S**2> = +0.000000  Fidelity = 0.429254  Grad = 2.10e-01  CPU Time =    0.00231  (0.00 / step)
     21: E[user-defined] = -1.000143226526  <S**2> = +0.000000  Fidelity = 0.446282  Grad = 3.43e-01  CPU Time =    0.00355  (0.00 / step)
     22: E[user-defined] = -1.003766292506  <S**2> = +0.000000  Fidelity = 0.545154  Grad = 6.74e-01  CPU Time =    0.00286  (0.00 / step)
     23: E[user-defined] = -1.023209914368  <S**2> = +0.000000  Fidelity = 0.605406  Grad = 7.13e-01  CPU Time =    0.00224  (0.00 / step)
     24: E[user-defined] = -1.046744258171  <S**2> = +0.000000  Fidelity = 0.654796  Grad = 7.08e-01  CPU Time =    0.00288  (0.00 / step)
     25: E[user-defined] = -1.106197105025  <S**2> = +0.000000  Fidelity = 0.680967  Grad = 4.67e-01  CPU Time =    0.00288  (0.00 / step)
     26: E[user-defined] = -1.127932227262  <S**2> = +0.000000  Fidelity = 0.693458  Grad = 3.51e-01  CPU Time =    0.00224  (0.00 / step)
     27: E[user-defined] = -1.144219168574  <S**2> = +0.000000  Fidelity = 0.678037  Grad = 2.19e-01  CPU Time =    0.00289  (0.00 / step)
     28: E[user-defined] = -1.154011778438  <S**2> = +0.000000  Fidelity = 0.700680  Grad = 8.54e-02  CPU Time =    0.00233  (0.00 / step)
     29: E[user-defined] = -1.155132803577  <S**2> = +0.000000  Fidelity = 0.695759  Grad = 1.11e-02  CPU Time =    0.00225  (0.00 / step)
     30: E[user-defined] = -1.155160469491  <S**2> = +0.000000  Fidelity = 0.695152  Grad = 7.28e-03  CPU Time =    0.00225  (0.00 / step)
     31: E[user-defined] = -1.155196608311  <S**2> = +0.000000  Fidelity = 0.694850  Grad = 9.19e-03  CPU Time =    0.00218  (0.00 / step)
     32: E[user-defined] = -1.155358790525  <S**2> = +0.000000  Fidelity = 0.694329  Grad = 2.39e-02  CPU Time =    0.00256  (0.00 / step)
     33: E[user-defined] = -1.155721293539  <S**2> = +0.000000  Fidelity = 0.694909  Grad = 4.74e-02  CPU Time =    0.00225  (0.00 / step)
     34: E[user-defined] = -1.156712759103  <S**2> = +0.000000  Fidelity = 0.701309  Grad = 8.97e-02  CPU Time =    0.00226  (0.00 / step)
     35: E[user-defined] = -1.157890906512  <S**2> = +0.000000  Fidelity = 0.717425  Grad = 1.40e-01  CPU Time =    0.00227  (0.00 / step)
     36: E[user-defined] = -1.159369772287  <S**2> = +0.000000  Fidelity = 0.720225  Grad = 1.06e-01  CPU Time =    0.00221  (0.00 / step)
     37: E[user-defined] = -1.160767285828  <S**2> = +0.000000  Fidelity = 0.730326  Grad = 4.91e-02  CPU Time =    0.00224  (0.00 / step)
     38: E[user-defined] = -1.160872754266  <S**2> = +0.000000  Fidelity = 0.728693  Grad = 3.38e-02  CPU Time =    0.00216  (0.00 / step)
     39: E[user-defined] = -1.161244597318  <S**2> = +0.000000  Fidelity = 0.729002  Grad = 1.01e-02  CPU Time =    0.00217  (0.00 / step)
     40: E[user-defined] = -1.161261441262  <S**2> = +0.000000  Fidelity = 0.728550  Grad = 5.64e-03  CPU Time =    0.00223  (0.00 / step)
     41: E[user-defined] = -1.161267005537  <S**2> = +0.000000  Fidelity = 0.729010  Grad = 1.42e-03  CPU Time =    0.00228  (0.00 / step)
     42: E[user-defined] = -1.161267380352  <S**2> = +0.000000  Fidelity = 0.728869  Grad = 1.74e-04  CPU Time =    0.00231  (0.00 / step)
     43: E[user-defined] = -1.161267385869  <S**2> = +0.000000  Fidelity = 0.728874  Grad = 1.93e-05  CPU Time =    0.00220  (0.00 / step)
     44: E[user-defined] = -1.161267385972  <S**2> = +0.000000  Fidelity = 0.728874  Grad = 6.28e-06  CPU Time =    0.00224  (0.00 / step)
  Final: E[user-defined] = -1.161267385972  <S**2> = +0.000000  Fidelity = 0.728874  rho = 1 

(user-defined state)
  Basis          Coef
| 000 > : +0.0917 -0.0917i
| 001 > : -0.4197 +0.4197i
| 010 > : +0.2605 +0.2605i
| 011 > : -0.1478 -0.1478i
| 100 > : -0.4104 -0.4104i
| 110 > : +0.1445 -0.1445i
| 111 > : -0.1801 +0.1801i


VQE Done: CPU Time =          4.7241

Saved in ./random_hamiltonian.qkt.
+-------------+
|  Job #   2  |
+-------------+
Initial state is not supplied, so we use |0>.
You may specify the initial state by one of the following ways:

  Q.set(det='|0011>')
for product state,
  Q.set(det='0.5 * |0011> + 0.5 * |0101>')
for entangled state, and
  Q.init_state = QuantumState(Q.n_qubits)
  ...
to directly subsititute user-defined QuantumState to init_state.

Simulation detail
Hamiltonian:
0.35 [X0 X1 X2] +
0.1 [X0 Y1 Z2] +
0.4 [Y0 Y1 X2] +
0.5 [Y0 Z1 X2] +
0.4 [Z0 Z1 Z2] +
0.6 [Y2]
Initial state:
  Basis          Coef
| 000 > : +1.0000 +0.0000i

user-defined pauli_list found.
Tapering-Off Results:
List of redundant qubits:  None

First perform tapering.run(). No transformation done
user-defined pauli_list found.
Tapering-Off Results:
List of redundant qubits:  None

First perform tapering.run(). No transformation done
FCI in Qubits
(FCI state : E = -1.6332881350)
  Basis          Coef
| 000 > : +0.0000 +0.3145i
| 001 > : -0.0000 -0.5125i
| 010 > : -0.1615 +0.0000i
| 011 > : +0.3349 -0.0000i
| 100 > : +0.2658 +0.0000i
| 101 > : -0.2859 -0.0000i
| 110 > : -0.0000 +0.4389i
| 111 > : -0.0000 -0.3560i

(FCI state : E = -1.4600656143)
  Basis          Coef
| 000 > : +0.0000 +0.2175i
| 001 > : -0.0000 +0.4104i
| 010 > : -0.5911 -0.0000i
| 101 > : +0.4932 +0.0000i
| 111 > : +0.0000 -0.4195i

(FCI state : E = -1.3521741469)
  Basis          Coef
| 010 > : -0.0000 +0.5596i
| 011 > : -0.0000 -0.3322i
| 100 > : -0.0000 +0.3886i
| 101 > : +0.0000 -0.2485i
| 110 > : +0.1181 +0.0000i
| 111 > : -0.5627 +0.0000i

(FCI state : E = -1.2195453410)
  Basis          Coef
| 001 > : +0.7759 +0.0000i
| 010 > : -0.0000 +0.2206i
| 100 > : +0.0000 -0.3514i
| 101 > : +0.0000 -0.3725i
| 110 > : -0.2778 -0.0000i

(FCI state : E = -0.8564863384)
  Basis          Coef
| 001 > : -0.2385 +0.0000i
| 010 > : +0.0000 +0.5239i
| 011 > : +0.0000 +0.4441i
| 100 > : +0.0000 -0.2879i
| 101 > : +0.0000 -0.1999i
| 110 > : +0.5352 -0.0000i
| 111 > : +0.1939 -0.0000i

Entered VQE driver
Performing VQE for user-defined
Number of VQE parameters: 12
Initial configuration: |000>
Convergence criteria: ftol = 1E-09, gtol = 1E-05
Derivatives: Analytical
Circuit order: Exp[T1] Exp[T2] |0>
Initial: E[user-defined] = +0.399634383239  <S**2> = +0.000000  Fidelity = 0.098829  rho = 1  
      1: E[user-defined] = -0.096713473281  <S**2> = +0.000000  Fidelity = 0.002122  Grad = 1.17e+00  CPU Time =    0.14432  (0.00 / step)
      2: E[user-defined] = -0.206933916124  <S**2> = +0.000000  Fidelity = 0.003846  Grad = 1.09e+00  CPU Time =    0.00420  (0.00 / step)
      3: E[user-defined] = -0.376228652986  <S**2> = +0.000000  Fidelity = 0.005443  Grad = 5.82e-01  CPU Time =    0.00401  (0.00 / step)
      4: E[user-defined] = -0.418460287312  <S**2> = +0.000000  Fidelity = 0.000302  Grad = 4.67e-01  CPU Time =    0.00345  (0.00 / step)
      5: E[user-defined] = -0.599808824078  <S**2> = +0.000000  Fidelity = 0.218448  Grad = 1.21e+00  CPU Time =    0.00379  (0.00 / step)
      6: E[user-defined] = -0.626149205342  <S**2> = +0.000000  Fidelity = 0.303164  Grad = 1.48e+00  CPU Time =    0.00348  (0.00 / step)
      7: E[user-defined] = -0.782575139147  <S**2> = +0.000000  Fidelity = 0.396034  Grad = 1.32e+00  CPU Time =    0.00250  (0.00 / step)
      8: E[user-defined] = -0.921765724362  <S**2> = +0.000000  Fidelity = 0.338858  Grad = 2.75e-01  CPU Time =    0.00253  (0.00 / step)
      9: E[user-defined] = -0.937180524240  <S**2> = +0.000000  Fidelity = 0.334161  Grad = 2.09e-01  CPU Time =    0.00251  (0.00 / step)
     10: E[user-defined] = -0.978578411679  <S**2> = +0.000000  Fidelity = 0.338019  Grad = 4.02e-01  CPU Time =    0.00265  (0.00 / step)
     11: E[user-defined] = -0.982777022817  <S**2> = +0.000000  Fidelity = 0.339743  Grad = 4.04e-01  CPU Time =    0.00405  (0.00 / step)
     12: E[user-defined] = -0.994119895765  <S**2> = +0.000000  Fidelity = 0.370430  Grad = 2.50e-01  CPU Time =    0.00314  (0.00 / step)
     13: E[user-defined] = -0.997773448836  <S**2> = +0.000000  Fidelity = 0.385392  Grad = 1.01e-01  CPU Time =    0.00271  (0.00 / step)
     14: E[user-defined] = -0.998653738190  <S**2> = +0.000000  Fidelity = 0.392604  Grad = 1.72e-02  CPU Time =    0.00253  (0.00 / step)
     15: E[user-defined] = -0.998690632642  <S**2> = +0.000000  Fidelity = 0.393072  Grad = 1.38e-02  CPU Time =    0.00244  (0.00 / step)
     16: E[user-defined] = -1.002643389080  <S**2> = +0.000000  Fidelity = 0.453522  Grad = 5.89e-01  CPU Time =    0.00596  (0.00 / step)
     17: E[user-defined] = -1.002844167979  <S**2> = +0.000000  Fidelity = 0.459135  Grad = 6.22e-01  CPU Time =    0.00434  (0.00 / step)
     18: E[user-defined] = -1.003802884501  <S**2> = +0.000000  Fidelity = 0.490005  Grad = 7.81e-01  CPU Time =    0.00266  (0.00 / step)
     19: E[user-defined] = -1.010067904111  <S**2> = +0.000000  Fidelity = 0.554699  Grad = 9.81e-01  CPU Time =    0.00349  (0.00 / step)
     20: E[user-defined] = -1.023072455032  <S**2> = +0.000000  Fidelity = 0.626984  Grad = 1.06e+00  CPU Time =    0.00332  (0.00 / step)
     21: E[user-defined] = -1.057696508864  <S**2> = +0.000000  Fidelity = 0.743117  Grad = 8.06e-01  CPU Time =    0.00246  (0.00 / step)
     22: E[user-defined] = -1.084687220514  <S**2> = +0.000000  Fidelity = 0.722922  Grad = 6.71e-01  CPU Time =    0.00246  (0.00 / step)
     23: E[user-defined] = -1.112534304995  <S**2> = +0.000000  Fidelity = 0.732320  Grad = 3.84e-01  CPU Time =    0.00245  (0.00 / step)
     24: E[user-defined] = -1.123715261956  <S**2> = +0.000000  Fidelity = 0.742794  Grad = 2.57e-01  CPU Time =    0.00246  (0.00 / step)
     25: E[user-defined] = -1.142161043589  <S**2> = +0.000000  Fidelity = 0.750774  Grad = 2.46e-01  CPU Time =    0.00240  (0.00 / step)
     26: E[user-defined] = -1.153981581330  <S**2> = +0.000000  Fidelity = 0.733555  Grad = 2.18e-01  CPU Time =    0.00248  (0.00 / step)
     27: E[user-defined] = -1.169002625985  <S**2> = +0.000000  Fidelity = 0.721401  Grad = 5.00e-01  CPU Time =    0.00248  (0.00 / step)
     28: E[user-defined] = -1.193822953494  <S**2> = +0.000000  Fidelity = 0.640552  Grad = 4.75e-01  CPU Time =    0.00244  (0.00 / step)
     29: E[user-defined] = -1.202379570774  <S**2> = +0.000000  Fidelity = 0.488086  Grad = 5.06e-01  CPU Time =    0.00244  (0.00 / step)
     30: E[user-defined] = -1.222617449922  <S**2> = +0.000000  Fidelity = 0.504108  Grad = 2.47e-01  CPU Time =    0.00246  (0.00 / step)
     31: E[user-defined] = -1.228304338729  <S**2> = +0.000000  Fidelity = 0.499462  Grad = 1.90e-01  CPU Time =    0.00330  (0.00 / step)
     32: E[user-defined] = -1.232831802456  <S**2> = +0.000000  Fidelity = 0.473566  Grad = 2.35e-01  CPU Time =    0.00246  (0.00 / step)
     33: E[user-defined] = -1.238481252843  <S**2> = +0.000000  Fidelity = 0.421197  Grad = 8.59e-02  CPU Time =    0.00249  (0.00 / step)
     34: E[user-defined] = -1.239444651211  <S**2> = +0.000000  Fidelity = 0.409474  Grad = 5.88e-02  CPU Time =    0.00246  (0.00 / step)
     35: E[user-defined] = -1.240104777157  <S**2> = +0.000000  Fidelity = 0.396974  Grad = 4.48e-02  CPU Time =    0.00247  (0.00 / step)
     36: E[user-defined] = -1.240581000580  <S**2> = +0.000000  Fidelity = 0.387959  Grad = 2.92e-02  CPU Time =    0.00253  (0.00 / step)
     37: E[user-defined] = -1.240630541710  <S**2> = +0.000000  Fidelity = 0.387374  Grad = 2.30e-02  CPU Time =    0.00247  (0.00 / step)
     38: E[user-defined] = -1.240660608283  <S**2> = +0.000000  Fidelity = 0.386787  Grad = 2.58e-03  CPU Time =    0.00257  (0.00 / step)
     39: E[user-defined] = -1.240661324392  <S**2> = +0.000000  Fidelity = 0.386903  Grad = 1.68e-03  CPU Time =    0.00253  (0.00 / step)
     40: E[user-defined] = -1.240661993611  <S**2> = +0.000000  Fidelity = 0.386820  Grad = 1.55e-03  CPU Time =    0.00255  (0.00 / step)
     41: E[user-defined] = -1.240663131371  <S**2> = +0.000000  Fidelity = 0.386719  Grad = 1.35e-03  CPU Time =    0.00256  (0.00 / step)
     42: E[user-defined] = -1.240664069078  <S**2> = +0.000000  Fidelity = 0.386657  Grad = 1.44e-03  CPU Time =    0.00247  (0.00 / step)
     43: E[user-defined] = -1.240664763118  <S**2> = +0.000000  Fidelity = 0.386586  Grad = 1.31e-03  CPU Time =    0.00256  (0.00 / step)
     44: E[user-defined] = -1.240664849156  <S**2> = +0.000000  Fidelity = 0.386852  Grad = 1.33e-03  CPU Time =    0.00255  (0.00 / step)
     45: E[user-defined] = -1.240665018343  <S**2> = +0.000000  Fidelity = 0.386672  Grad = 1.25e-04  CPU Time =    0.00257  (0.00 / step)
     46: E[user-defined] = -1.240665020648  <S**2> = +0.000000  Fidelity = 0.386661  Grad = 2.92e-05  CPU Time =    0.00257  (0.00 / step)
     47: E[user-defined] = -1.240665020858  <S**2> = +0.000000  Fidelity = 0.386656  Grad = 1.14e-05  CPU Time =    0.00263  (0.00 / step)
  Final: E[user-defined] = -1.240665020858  <S**2> = +0.000000  Fidelity = 0.386656  rho = 1 

(user-defined state)
  Basis          Coef
| 001 > : -0.2441 +0.2441i
| 010 > : +0.5060 +0.5060i
| 011 > : -0.1394 -0.1394i
| 101 > : -0.1059 -0.1059i
| 110 > : +0.2195 -0.2195i
| 111 > : -0.3212 +0.3212i


VQE Done: CPU Time =          0.2813

Saved in ./random_hamiltonian.qkt.
+-------------+
|  Job #   3  |
+-------------+
Initial state is not supplied, so we use |0>.
You may specify the initial state by one of the following ways:

  Q.set(det='|0011>')
for product state,
  Q.set(det='0.5 * |0011> + 0.5 * |0101>')
for entangled state, and
  Q.init_state = QuantumState(Q.n_qubits)
  ...
to directly subsititute user-defined QuantumState to init_state.

Simulation detail
Hamiltonian:
0.35 [X0 X1 X2] +
0.1 [X0 Y1 Z2] +
0.4 [Y0 Y1 X2] +
0.5 [Y0 Z1 X2] +
0.4 [Z0 Z1 Z2] +
0.6 [Y2]
Initial state:
  Basis          Coef
| 000 > : +1.0000 +0.0000i

user-defined pauli_list found.
Tapering-Off Results:
List of redundant qubits:  None

First perform tapering.run(). No transformation done
user-defined pauli_list found.
Tapering-Off Results:
List of redundant qubits:  None

First perform tapering.run(). No transformation done
FCI in Qubits
(FCI state : E = -1.5314313787)
  Basis          Coef
| 000 > : +0.0000 +0.2562i
| 001 > : -0.0000 -0.1080i
| 011 > : -0.3193 +0.0000i
| 100 > : +0.6560 -0.0000i
| 110 > : +0.0000 +0.2005i
| 111 > : -0.0000 +0.5542i

(FCI state : E = -1.3488026372)
  Basis          Coef
| 000 > : +0.1466 -0.0000i
| 001 > : -0.4868 -0.0000i
| 010 > : +0.0000 +0.5981i
| 100 > : -0.0000 -0.3254i
| 101 > : -0.0000 -0.1601i
| 110 > : +0.4350 -0.0000i
| 111 > : -0.2720 -0.0000i

(FCI state : E = -1.2732853413)
  Basis          Coef
| 010 > : +0.7687 -0.0000i
| 011 > : -0.2447 +0.0000i
| 100 > : +0.1648 +0.0000i
| 101 > : -0.1563 +0.0000i
| 110 > : +0.0000 -0.5473i

(FCI state : E = -1.2452357064)
  Basis          Coef
| 001 > : -0.5511 -0.0000i
| 010 > : -0.0000 -0.4485i
| 011 > : +0.0000 +0.1546i
| 100 > : +0.0000 -0.3687i
| 101 > : +0.0000 +0.3967i
| 110 > : +0.1085 +0.0000i
| 111 > : +0.4016 -0.0000i

(FCI state : E = -0.6957134471)
  Basis          Coef
| 000 > : -0.5253 +0.0000i
| 001 > : -0.2784 +0.0000i
| 011 > : -0.0000 +0.1731i
| 100 > : -0.0000 +0.6558i
| 101 > : +0.0000 +0.3086i
| 110 > : +0.2869 -0.0000i
| 111 > : -0.1100 +0.0000i

Entered VQE driver
Performing VQE for user-defined
Number of VQE parameters: 18
Initial configuration: |000>
Convergence criteria: ftol = 1E-09, gtol = 1E-05
Derivatives: Analytical
Circuit order: Exp[T1] Exp[T2] |0>
Initial: E[user-defined] = +0.399964537867  <S**2> = +0.000000  Fidelity = 0.065696  rho = 1  
      1: E[user-defined] = -0.098599749945  <S**2> = +0.000000  Fidelity = 0.024153  Grad = 1.43e+00  CPU Time =    0.01285  (0.00 / step)
      2: E[user-defined] = -0.208263538129  <S**2> = +0.000000  Fidelity = 0.039738  Grad = 1.33e+00  CPU Time =    0.01144  (0.00 / step)
      3: E[user-defined] = -0.383812305476  <S**2> = +0.000000  Fidelity = 0.125135  Grad = 6.67e-01  CPU Time =    0.01060  (0.00 / step)
      4: E[user-defined] = -0.423129315060  <S**2> = +0.000000  Fidelity = 0.183254  Grad = 5.58e-01  CPU Time =    0.01083  (0.00 / step)
      5: E[user-defined] = -0.713942301956  <S**2> = +0.000000  Fidelity = 0.336604  Grad = 1.50e+00  CPU Time =    0.01374  (0.00 / step)
      6: E[user-defined] = -0.725310765351  <S**2> = +0.000000  Fidelity = 0.353245  Grad = 1.56e+00  CPU Time =    0.01208  (0.00 / step)
      7: E[user-defined] = -0.830624039182  <S**2> = +0.000000  Fidelity = 0.423338  Grad = 1.07e+00  CPU Time =    0.00747  (0.00 / step)
      8: E[user-defined] = -0.913737760022  <S**2> = +0.000000  Fidelity = 0.491609  Grad = 3.15e-01  CPU Time =    0.00522  (0.00 / step)
      9: E[user-defined] = -0.932223986568  <S**2> = +0.000000  Fidelity = 0.505909  Grad = 2.39e-01  CPU Time =    0.00378  (0.00 / step)
     10: E[user-defined] = -0.989572923706  <S**2> = +0.000000  Fidelity = 0.424508  Grad = 2.63e-01  CPU Time =    0.00340  (0.00 / step)
     11: E[user-defined] = -0.993254895529  <S**2> = +0.000000  Fidelity = 0.405939  Grad = 2.37e-01  CPU Time =    0.00458  (0.00 / step)
     12: E[user-defined] = -0.998259627164  <S**2> = +0.000000  Fidelity = 0.335094  Grad = 6.40e-02  CPU Time =    0.00345  (0.00 / step)
     13: E[user-defined] = -0.998707729051  <S**2> = +0.000000  Fidelity = 0.352461  Grad = 2.87e-02  CPU Time =    0.00335  (0.00 / step)
     14: E[user-defined] = -0.998861728340  <S**2> = +0.000000  Fidelity = 0.352016  Grad = 3.08e-02  CPU Time =    0.00326  (0.00 / step)
     15: E[user-defined] = -1.017290948992  <S**2> = +0.000000  Fidelity = 0.288814  Grad = 1.27e+00  CPU Time =    0.00643  (0.00 / step)
     16: E[user-defined] = -1.017601673249  <S**2> = +0.000000  Fidelity = 0.285407  Grad = 1.30e+00  CPU Time =    0.00419  (0.00 / step)
     17: E[user-defined] = -1.032250762720  <S**2> = +0.000000  Fidelity = 0.273899  Grad = 1.33e+00  CPU Time =    0.00287  (0.00 / step)
     18: E[user-defined] = -1.082251933082  <S**2> = +0.000000  Fidelity = 0.222686  Grad = 1.28e+00  CPU Time =    0.00405  (0.00 / step)
     19: E[user-defined] = -1.154964647197  <S**2> = +0.000000  Fidelity = 0.244141  Grad = 7.57e-01  CPU Time =    0.00333  (0.00 / step)
     20: E[user-defined] = -1.198685801663  <S**2> = +0.000000  Fidelity = 0.184875  Grad = 3.90e-01  CPU Time =    0.00340  (0.00 / step)
     21: E[user-defined] = -1.211252591346  <S**2> = +0.000000  Fidelity = 0.160998  Grad = 2.48e-01  CPU Time =    0.00331  (0.00 / step)
     22: E[user-defined] = -1.222096432426  <S**2> = +0.000000  Fidelity = 0.147429  Grad = 2.40e-01  CPU Time =    0.00332  (0.00 / step)
     23: E[user-defined] = -1.243896819419  <S**2> = +0.000000  Fidelity = 0.129197  Grad = 3.79e-01  CPU Time =    0.00322  (0.00 / step)
     24: E[user-defined] = -1.268724700931  <S**2> = +0.000000  Fidelity = 0.088333  Grad = 6.60e-01  CPU Time =    0.00330  (0.00 / step)
     25: E[user-defined] = -1.297606390166  <S**2> = +0.000000  Fidelity = 0.078501  Grad = 3.73e-01  CPU Time =    0.00332  (0.00 / step)
     26: E[user-defined] = -1.306382482939  <S**2> = +0.000000  Fidelity = 0.066653  Grad = 3.10e-01  CPU Time =    0.00330  (0.00 / step)
     27: E[user-defined] = -1.314287842216  <S**2> = +0.000000  Fidelity = 0.062464  Grad = 2.52e-01  CPU Time =    0.00331  (0.00 / step)
     28: E[user-defined] = -1.321952985601  <S**2> = +0.000000  Fidelity = 0.048711  Grad = 1.68e-01  CPU Time =    0.00325  (0.00 / step)
     29: E[user-defined] = -1.325517159477  <S**2> = +0.000000  Fidelity = 0.041312  Grad = 9.94e-02  CPU Time =    0.00384  (0.00 / step)
     30: E[user-defined] = -1.327420772962  <S**2> = +0.000000  Fidelity = 0.036757  Grad = 5.73e-02  CPU Time =    0.00365  (0.00 / step)
     31: E[user-defined] = -1.328413682573  <S**2> = +0.000000  Fidelity = 0.037433  Grad = 1.13e-01  CPU Time =    0.00366  (0.00 / step)
     32: E[user-defined] = -1.329696968751  <S**2> = +0.000000  Fidelity = 0.039406  Grad = 8.05e-02  CPU Time =    0.00358  (0.00 / step)
     33: E[user-defined] = -1.331618503722  <S**2> = +0.000000  Fidelity = 0.047703  Grad = 4.46e-02  CPU Time =    0.00333  (0.00 / step)
     34: E[user-defined] = -1.332347627644  <S**2> = +0.000000  Fidelity = 0.056620  Grad = 4.54e-02  CPU Time =    0.00336  (0.00 / step)
     35: E[user-defined] = -1.332585663517  <S**2> = +0.000000  Fidelity = 0.059690  Grad = 4.47e-02  CPU Time =    0.00331  (0.00 / step)
     36: E[user-defined] = -1.332726671943  <S**2> = +0.000000  Fidelity = 0.059286  Grad = 1.14e-02  CPU Time =    0.00331  (0.00 / step)
     37: E[user-defined] = -1.332761863152  <S**2> = +0.000000  Fidelity = 0.058805  Grad = 1.33e-02  CPU Time =    0.00331  (0.00 / step)
     38: E[user-defined] = -1.332794190782  <S**2> = +0.000000  Fidelity = 0.059232  Grad = 1.34e-02  CPU Time =    0.00328  (0.00 / step)
     39: E[user-defined] = -1.332839352171  <S**2> = +0.000000  Fidelity = 0.059086  Grad = 8.91e-03  CPU Time =    0.00329  (0.00 / step)
     40: E[user-defined] = -1.332874114849  <S**2> = +0.000000  Fidelity = 0.058479  Grad = 9.96e-03  CPU Time =    0.00331  (0.00 / step)
     41: E[user-defined] = -1.332881632962  <S**2> = +0.000000  Fidelity = 0.056917  Grad = 1.62e-02  CPU Time =    0.00328  (0.00 / step)
     42: E[user-defined] = -1.332901661924  <S**2> = +0.000000  Fidelity = 0.056925  Grad = 3.71e-03  CPU Time =    0.00329  (0.00 / step)
     43: E[user-defined] = -1.332904741839  <S**2> = +0.000000  Fidelity = 0.056852  Grad = 2.66e-03  CPU Time =    0.00332  (0.00 / step)
     44: E[user-defined] = -1.332910191615  <S**2> = +0.000000  Fidelity = 0.056812  Grad = 3.87e-03  CPU Time =    0.00327  (0.00 / step)
     45: E[user-defined] = -1.332916237195  <S**2> = +0.000000  Fidelity = 0.056847  Grad = 6.68e-03  CPU Time =    0.00294  (0.00 / step)
     46: E[user-defined] = -1.332920618983  <S**2> = +0.000000  Fidelity = 0.057062  Grad = 7.13e-03  CPU Time =    0.00294  (0.00 / step)
     47: E[user-defined] = -1.332925961501  <S**2> = +0.000000  Fidelity = 0.057105  Grad = 3.48e-03  CPU Time =    0.00303  (0.00 / step)
     48: E[user-defined] = -1.332928488847  <S**2> = +0.000000  Fidelity = 0.057154  Grad = 4.21e-03  CPU Time =    0.00297  (0.00 / step)
     49: E[user-defined] = -1.332937809688  <S**2> = +0.000000  Fidelity = 0.057260  Grad = 6.45e-03  CPU Time =    0.00297  (0.00 / step)
     50: E[user-defined] = -1.332947295897  <S**2> = +0.000000  Fidelity = 0.057343  Grad = 1.16e-02  CPU Time =    0.00296  (0.00 / step)
     51: E[user-defined] = -1.332958659383  <S**2> = +0.000000  Fidelity = 0.057254  Grad = 6.09e-03  CPU Time =    0.00294  (0.00 / step)
     52: E[user-defined] = -1.332961128123  <S**2> = +0.000000  Fidelity = 0.057210  Grad = 1.97e-03  CPU Time =    0.00297  (0.00 / step)
     53: E[user-defined] = -1.332961596427  <S**2> = +0.000000  Fidelity = 0.057150  Grad = 7.31e-04  CPU Time =    0.00292  (0.00 / step)
     54: E[user-defined] = -1.332961676122  <S**2> = +0.000000  Fidelity = 0.057156  Grad = 1.08e-03  CPU Time =    0.00297  (0.00 / step)
     55: E[user-defined] = -1.332961783772  <S**2> = +0.000000  Fidelity = 0.057151  Grad = 6.50e-04  CPU Time =    0.00289  (0.00 / step)
     56: E[user-defined] = -1.332961986040  <S**2> = +0.000000  Fidelity = 0.057163  Grad = 4.14e-04  CPU Time =    0.00294  (0.00 / step)
     57: E[user-defined] = -1.332962205404  <S**2> = +0.000000  Fidelity = 0.057183  Grad = 7.30e-04  CPU Time =    0.00294  (0.00 / step)
     58: E[user-defined] = -1.332962333070  <S**2> = +0.000000  Fidelity = 0.057206  Grad = 8.33e-04  CPU Time =    0.00524  (0.00 / step)
     59: E[user-defined] = -1.332962386674  <S**2> = +0.000000  Fidelity = 0.057193  Grad = 4.42e-04  CPU Time =    0.00296  (0.00 / step)
     60: E[user-defined] = -1.332962415609  <S**2> = +0.000000  Fidelity = 0.057193  Grad = 1.61e-04  CPU Time =    0.00292  (0.00 / step)
     61: E[user-defined] = -1.332962423389  <S**2> = +0.000000  Fidelity = 0.057197  Grad = 2.32e-04  CPU Time =    0.00291  (0.00 / step)
     62: E[user-defined] = -1.332962430660  <S**2> = +0.000000  Fidelity = 0.057198  Grad = 1.89e-04  CPU Time =    0.00295  (0.00 / step)
     63: E[user-defined] = -1.332962438151  <S**2> = +0.000000  Fidelity = 0.057201  Grad = 1.67e-04  CPU Time =    0.00295  (0.00 / step)
     64: E[user-defined] = -1.332962465118  <S**2> = +0.000000  Fidelity = 0.057216  Grad = 3.19e-04  CPU Time =    0.00294  (0.00 / step)
     65: E[user-defined] = -1.332962489116  <S**2> = +0.000000  Fidelity = 0.057252  Grad = 7.01e-04  CPU Time =    0.00327  (0.00 / step)
     66: E[user-defined] = -1.332962528058  <S**2> = +0.000000  Fidelity = 0.057260  Grad = 4.02e-04  CPU Time =    0.00335  (0.00 / step)
     67: E[user-defined] = -1.332962596952  <S**2> = +0.000000  Fidelity = 0.057290  Grad = 4.82e-04  CPU Time =    0.00380  (0.00 / step)
     68: E[user-defined] = -1.332962663434  <S**2> = +0.000000  Fidelity = 0.057322  Grad = 6.59e-04  CPU Time =    0.00382  (0.00 / step)
     69: E[user-defined] = -1.332962836308  <S**2> = +0.000000  Fidelity = 0.057340  Grad = 8.64e-04  CPU Time =    0.00348  (0.00 / step)
     70: E[user-defined] = -1.332962926031  <S**2> = +0.000000  Fidelity = 0.057350  Grad = 1.21e-03  CPU Time =    0.00421  (0.00 / step)
     71: E[user-defined] = -1.332963065583  <S**2> = +0.000000  Fidelity = 0.057302  Grad = 4.99e-04  CPU Time =    0.00296  (0.00 / step)
     72: E[user-defined] = -1.332963097369  <S**2> = +0.000000  Fidelity = 0.057273  Grad = 3.55e-04  CPU Time =    0.00299  (0.00 / step)
     73: E[user-defined] = -1.332963112871  <S**2> = +0.000000  Fidelity = 0.057240  Grad = 2.19e-04  CPU Time =    0.00330  (0.00 / step)
     74: E[user-defined] = -1.332963123546  <S**2> = +0.000000  Fidelity = 0.057214  Grad = 1.31e-04  CPU Time =    0.00334  (0.00 / step)
     75: E[user-defined] = -1.332963126510  <S**2> = +0.000000  Fidelity = 0.057195  Grad = 1.91e-04  CPU Time =    0.00334  (0.00 / step)
     76: E[user-defined] = -1.332963127567  <S**2> = +0.000000  Fidelity = 0.057191  Grad = 1.06e-04  CPU Time =    0.00330  (0.00 / step)
  Final: E[user-defined] = -1.332963127567  <S**2> = +0.000000  Fidelity = 0.057191  rho = 1 

(user-defined state)
  Basis          Coef
| 000 > : +0.1024 -0.1121i
| 001 > : -0.2868 +0.3138i
| 010 > : +0.4704 +0.4300i
| 100 > : -0.2162 -0.1976i
| 101 > : -0.1471 -0.1344i
| 110 > : +0.2783 -0.3044i
| 111 > : -0.2073 +0.2267i


VQE Done: CPU Time =          0.3189

Saved in ./random_hamiltonian.qkt.
+-------------+
|  Job #   4  |
+-------------+
Simulation detail
Hamiltonian:
0.35 [X0 X1 X2] +
0.1 [X0 Y1 Z2] +
0.4 [Y0 Y1 X2] +
0.5 [Y0 Z1 X2] +
0.4 [Z0 Z1 Z2] +
0.6 [Y2]
Initial state:
  Basis          Coef
| 000 > : +0.5036 +0.0744i
| 010 > : +0.3628 -0.4355i
| 011 > : +0.0937 -0.2321i
| 100 > : +0.4276 +0.0087i
| 101 > : -0.0333 +0.2038i
| 110 > : +0.1727 -0.0690i
| 111 > : -0.2142 -0.2123i

user-defined pauli_list found.
Tapering-Off Results:
List of redundant qubits:  None

First perform tapering.run(). No transformation done
user-defined pauli_list found.
Tapering-Off Results:
List of redundant qubits:  None

First perform tapering.run(). No transformation done
FCI in Qubits
(FCI state : E = -1.6810411209)
  Basis          Coef
| 000 > : -0.0000 +0.2414i
| 001 > : -0.0000 -0.3504i
| 010 > : -0.6190 +0.0000i
| 100 > : +0.2525 +0.0000i
| 101 > : +0.6030 -0.0000i

(FCI state : E = -1.3488026372)
  Basis          Coef
| 000 > : +0.1466 -0.0000i
| 001 > : -0.4868 +0.0000i
| 010 > : +0.0000 +0.5981i
| 100 > : +0.0000 -0.3254i
| 101 > : -0.0000 -0.1601i
| 110 > : +0.4350 -0.0000i
| 111 > : -0.2720 +0.0000i

(FCI state : E = -1.2452357064)
  Basis          Coef
| 001 > : -0.5511 +0.0000i
| 010 > : -0.0000 -0.4485i
| 011 > : +0.0000 +0.1546i
| 100 > : -0.0000 -0.3687i
| 101 > : +0.0000 +0.3967i
| 110 > : +0.1085 -0.0000i
| 111 > : +0.4016 +0.0000i

(FCI state : E = -1.2090277294)
  Basis          Coef
| 001 > : +0.0000 +0.3195i
| 011 > : +0.6715 -0.0000i
| 101 > : +0.1520 -0.0000i
| 110 > : -0.0000 -0.5197i
| 111 > : -0.0000 +0.4451i

(FCI state : E = -1.0937790523)
  Basis          Coef
| 000 > : -0.0000 +0.1751i
| 001 > : -0.0000 -0.4507i
| 010 > : +0.4817 -0.0000i
| 011 > : +0.1327 -0.0000i
| 100 > : +0.5511 +0.0000i
| 101 > : -0.1164 +0.0000i
| 110 > : +0.0000 +0.2184i
| 111 > : +0.0000 +0.3993i

Entered VQE driver
Performing VQE for user-defined
Number of VQE parameters: 18
Initial configuration:  +0.5036+0.0744j * |000> +0.0753+0.0115j * |001> +0.3628-0.4355j * |010> +0.0937-0.2321j * |011> +0.4276+0.0087j * |100> -0.0333+0.2038j * |101> +0.1727-0.0690j * |110> -0.2142-0.2123j * |111>
Convergence criteria: ftol = 1E-09, gtol = 1E-05
Derivatives: Analytical
Circuit order: Exp[T1] Exp[T2] |0>
Initial: E[user-defined] = +0.062155790963  <S**2> = +0.000000  Fidelity = 0.106813  rho = 1  
      1: E[user-defined] = -0.188592635799  <S**2> = +0.000000  Fidelity = 0.180182  Grad = 2.23e+00  CPU Time =    0.07594  (0.00 / step)
      2: E[user-defined] = -0.670859125361  <S**2> = +0.000000  Fidelity = 0.174349  Grad = 1.81e+00  CPU Time =    0.01588  (0.00 / step)
      3: E[user-defined] = -0.836572438078  <S**2> = +0.000000  Fidelity = 0.288985  Grad = 1.01e+00  CPU Time =    0.00942  (0.00 / step)
      4: E[user-defined] = -0.948077492861  <S**2> = +0.000000  Fidelity = 0.459591  Grad = 5.86e-01  CPU Time =    0.00479  (0.00 / step)
      5: E[user-defined] = -0.997194101008  <S**2> = +0.000000  Fidelity = 0.508834  Grad = 7.86e-01  CPU Time =    0.00369  (0.00 / step)
      6: E[user-defined] = -1.038902699165  <S**2> = +0.000000  Fidelity = 0.546246  Grad = 5.49e-01  CPU Time =    0.00337  (0.00 / step)
      7: E[user-defined] = -1.079560381349  <S**2> = +0.000000  Fidelity = 0.551451  Grad = 6.12e-01  CPU Time =    0.00420  (0.00 / step)
      8: E[user-defined] = -1.106643187958  <S**2> = +0.000000  Fidelity = 0.507716  Grad = 4.02e-01  CPU Time =    0.00319  (0.00 / step)
      9: E[user-defined] = -1.117865278544  <S**2> = +0.000000  Fidelity = 0.496572  Grad = 2.04e-01  CPU Time =    0.00294  (0.00 / step)
     10: E[user-defined] = -1.121366113868  <S**2> = +0.000000  Fidelity = 0.490418  Grad = 1.71e-01  CPU Time =    0.00290  (0.00 / step)
     11: E[user-defined] = -1.133897204585  <S**2> = +0.000000  Fidelity = 0.484590  Grad = 1.91e-01  CPU Time =    0.00289  (0.00 / step)
     12: E[user-defined] = -1.140320603974  <S**2> = +0.000000  Fidelity = 0.504314  Grad = 1.62e-01  CPU Time =    0.00291  (0.00 / step)
     13: E[user-defined] = -1.151370707095  <S**2> = +0.000000  Fidelity = 0.504486  Grad = 2.06e-01  CPU Time =    0.00291  (0.00 / step)
     14: E[user-defined] = -1.162120367449  <S**2> = +0.000000  Fidelity = 0.481783  Grad = 3.69e-01  CPU Time =    0.00300  (0.00 / step)
     15: E[user-defined] = -1.175492918577  <S**2> = +0.000000  Fidelity = 0.473338  Grad = 2.71e-01  CPU Time =    0.00348  (0.00 / step)
     16: E[user-defined] = -1.188476739795  <S**2> = +0.000000  Fidelity = 0.471195  Grad = 2.51e-01  CPU Time =    0.00464  (0.00 / step)
     17: E[user-defined] = -1.198179184673  <S**2> = +0.000000  Fidelity = 0.492565  Grad = 3.33e-01  CPU Time =    0.00307  (0.00 / step)
     18: E[user-defined] = -1.204306498014  <S**2> = +0.000000  Fidelity = 0.501765  Grad = 3.03e-01  CPU Time =    0.00489  (0.00 / step)
     19: E[user-defined] = -1.219996305116  <S**2> = +0.000000  Fidelity = 0.517924  Grad = 2.31e-01  CPU Time =    0.00368  (0.00 / step)
     20: E[user-defined] = -1.233250569637  <S**2> = +0.000000  Fidelity = 0.564636  Grad = 2.91e-01  CPU Time =    0.00358  (0.00 / step)
     21: E[user-defined] = -1.245337699479  <S**2> = +0.000000  Fidelity = 0.608987  Grad = 2.94e-01  CPU Time =    0.00308  (0.00 / step)
     22: E[user-defined] = -1.252307942931  <S**2> = +0.000000  Fidelity = 0.656113  Grad = 2.46e-01  CPU Time =    0.00299  (0.00 / step)
     23: E[user-defined] = -1.255836717127  <S**2> = +0.000000  Fidelity = 0.636883  Grad = 2.43e-01  CPU Time =    0.00295  (0.00 / step)
     24: E[user-defined] = -1.257556558384  <S**2> = +0.000000  Fidelity = 0.633706  Grad = 2.60e-01  CPU Time =    0.00295  (0.00 / step)
     25: E[user-defined] = -1.260458407401  <S**2> = +0.000000  Fidelity = 0.638140  Grad = 6.19e-02  CPU Time =    0.00296  (0.00 / step)
     26: E[user-defined] = -1.260883912003  <S**2> = +0.000000  Fidelity = 0.633370  Grad = 3.75e-02  CPU Time =    0.00295  (0.00 / step)
     27: E[user-defined] = -1.261462808350  <S**2> = +0.000000  Fidelity = 0.621229  Grad = 3.80e-02  CPU Time =    0.00296  (0.00 / step)
     28: E[user-defined] = -1.261824336685  <S**2> = +0.000000  Fidelity = 0.615144  Grad = 6.07e-02  CPU Time =    0.00297  (0.00 / step)
     29: E[user-defined] = -1.262410061785  <S**2> = +0.000000  Fidelity = 0.611140  Grad = 5.21e-02  CPU Time =    0.00295  (0.00 / step)
     30: E[user-defined] = -1.264524390881  <S**2> = +0.000000  Fidelity = 0.603640  Grad = 9.01e-02  CPU Time =    0.00298  (0.00 / step)
     31: E[user-defined] = -1.266277639592  <S**2> = +0.000000  Fidelity = 0.613003  Grad = 8.19e-02  CPU Time =    0.00299  (0.00 / step)
     32: E[user-defined] = -1.269395047970  <S**2> = +0.000000  Fidelity = 0.626300  Grad = 9.68e-02  CPU Time =    0.00298  (0.00 / step)
     33: E[user-defined] = -1.272211944271  <S**2> = +0.000000  Fidelity = 0.625336  Grad = 1.24e-01  CPU Time =    0.00413  (0.00 / step)
     34: E[user-defined] = -1.276523844198  <S**2> = +0.000000  Fidelity = 0.629994  Grad = 1.85e-01  CPU Time =    0.00414  (0.00 / step)
     35: E[user-defined] = -1.282090357985  <S**2> = +0.000000  Fidelity = 0.613935  Grad = 2.20e-01  CPU Time =    0.00296  (0.00 / step)
     36: E[user-defined] = -1.286803007851  <S**2> = +0.000000  Fidelity = 0.635408  Grad = 1.60e-01  CPU Time =    0.00411  (0.00 / step)
     37: E[user-defined] = -1.293614925330  <S**2> = +0.000000  Fidelity = 0.591921  Grad = 1.57e-01  CPU Time =    0.00295  (0.00 / step)
     38: E[user-defined] = -1.298272528950  <S**2> = +0.000000  Fidelity = 0.592278  Grad = 9.40e-02  CPU Time =    0.00294  (0.00 / step)
     39: E[user-defined] = -1.300858228345  <S**2> = +0.000000  Fidelity = 0.573464  Grad = 1.71e-01  CPU Time =    0.00297  (0.00 / step)
     40: E[user-defined] = -1.303719784412  <S**2> = +0.000000  Fidelity = 0.575561  Grad = 1.09e-01  CPU Time =    0.00413  (0.00 / step)
     41: E[user-defined] = -1.306333942107  <S**2> = +0.000000  Fidelity = 0.579492  Grad = 5.33e-02  CPU Time =    0.00298  (0.00 / step)
     42: E[user-defined] = -1.308122493544  <S**2> = +0.000000  Fidelity = 0.580798  Grad = 8.77e-02  CPU Time =    0.00297  (0.00 / step)
     43: E[user-defined] = -1.308872634642  <S**2> = +0.000000  Fidelity = 0.580114  Grad = 1.09e-01  CPU Time =    0.00295  (0.00 / step)
     44: E[user-defined] = -1.309649171895  <S**2> = +0.000000  Fidelity = 0.574799  Grad = 5.01e-02  CPU Time =    0.00296  (0.00 / step)
     45: E[user-defined] = -1.310097291198  <S**2> = +0.000000  Fidelity = 0.573452  Grad = 3.75e-02  CPU Time =    0.00295  (0.00 / step)
     46: E[user-defined] = -1.310487629437  <S**2> = +0.000000  Fidelity = 0.571612  Grad = 4.11e-02  CPU Time =    0.00331  (0.00 / step)
     47: E[user-defined] = -1.311402005932  <S**2> = +0.000000  Fidelity = 0.568279  Grad = 4.91e-02  CPU Time =    0.00324  (0.00 / step)
     48: E[user-defined] = -1.311935206181  <S**2> = +0.000000  Fidelity = 0.573653  Grad = 7.39e-02  CPU Time =    0.00519  (0.00 / step)
     49: E[user-defined] = -1.313079081597  <S**2> = +0.000000  Fidelity = 0.571721  Grad = 5.40e-02  CPU Time =    0.00395  (0.00 / step)
     50: E[user-defined] = -1.314592169521  <S**2> = +0.000000  Fidelity = 0.588634  Grad = 1.22e-01  CPU Time =    0.00360  (0.00 / step)
     51: E[user-defined] = -1.315334631379  <S**2> = +0.000000  Fidelity = 0.598514  Grad = 3.82e-02  CPU Time =    0.00318  (0.00 / step)
     52: E[user-defined] = -1.315669887275  <S**2> = +0.000000  Fidelity = 0.600838  Grad = 1.98e-02  CPU Time =    0.00308  (0.00 / step)
     53: E[user-defined] = -1.315726912309  <S**2> = +0.000000  Fidelity = 0.602217  Grad = 1.09e-02  CPU Time =    0.00418  (0.00 / step)
     54: E[user-defined] = -1.315741742949  <S**2> = +0.000000  Fidelity = 0.603593  Grad = 5.48e-03  CPU Time =    0.00295  (0.00 / step)
     55: E[user-defined] = -1.315746819589  <S**2> = +0.000000  Fidelity = 0.603214  Grad = 3.53e-03  CPU Time =    0.00300  (0.00 / step)
     56: E[user-defined] = -1.315749492649  <S**2> = +0.000000  Fidelity = 0.603340  Grad = 2.75e-03  CPU Time =    0.00299  (0.00 / step)
     57: E[user-defined] = -1.315750620163  <S**2> = +0.000000  Fidelity = 0.603450  Grad = 2.10e-03  CPU Time =    0.00300  (0.00 / step)
     58: E[user-defined] = -1.315751615998  <S**2> = +0.000000  Fidelity = 0.603548  Grad = 2.25e-03  CPU Time =    0.00297  (0.00 / step)
     59: E[user-defined] = -1.315753485977  <S**2> = +0.000000  Fidelity = 0.603842  Grad = 1.94e-03  CPU Time =    0.00294  (0.00 / step)
     60: E[user-defined] = -1.315753820823  <S**2> = +0.000000  Fidelity = 0.604103  Grad = 1.99e-03  CPU Time =    0.00416  (0.00 / step)
     61: E[user-defined] = -1.315754348779  <S**2> = +0.000000  Fidelity = 0.604139  Grad = 5.93e-04  CPU Time =    0.00299  (0.00 / step)
     62: E[user-defined] = -1.315754431305  <S**2> = +0.000000  Fidelity = 0.604105  Grad = 3.86e-04  CPU Time =    0.00298  (0.00 / step)
     63: E[user-defined] = -1.315754524927  <S**2> = +0.000000  Fidelity = 0.604012  Grad = 4.64e-04  CPU Time =    0.00296  (0.00 / step)
     64: E[user-defined] = -1.315754632291  <S**2> = +0.000000  Fidelity = 0.603851  Grad = 4.48e-04  CPU Time =    0.00301  (0.00 / step)
     65: E[user-defined] = -1.315754685718  <S**2> = +0.000000  Fidelity = 0.603767  Grad = 7.31e-04  CPU Time =    0.00416  (0.00 / step)
     66: E[user-defined] = -1.315754733034  <S**2> = +0.000000  Fidelity = 0.603690  Grad = 1.64e-04  CPU Time =    0.00299  (0.00 / step)
     67: E[user-defined] = -1.315754743713  <S**2> = +0.000000  Fidelity = 0.603683  Grad = 1.53e-04  CPU Time =    0.00298  (0.00 / step)
     68: E[user-defined] = -1.315754747820  <S**2> = +0.000000  Fidelity = 0.603679  Grad = 1.11e-04  CPU Time =    0.00299  (0.00 / step)
     69: E[user-defined] = -1.315754750383  <S**2> = +0.000000  Fidelity = 0.603678  Grad = 9.12e-05  CPU Time =    0.00293  (0.00 / step)
     70: E[user-defined] = -1.315754750954  <S**2> = +0.000000  Fidelity = 0.603671  Grad = 6.98e-05  CPU Time =    0.00298  (0.00 / step)
  Final: E[user-defined] = -1.315754750954  <S**2> = +0.000000  Fidelity = 0.603671  rho = 1 

(user-defined state)
  Basis          Coef
| 000 > : -0.0710 -0.1406i
| 001 > : +0.0749 +0.1482i
| 010 > : +0.6502 -0.3284i
| 100 > : -0.1354 +0.0684i
| 101 > : -0.3074 +0.1553i
| 110 > : -0.1417 -0.2804i
| 111 > : +0.1868 +0.3698i


VQE Done: CPU Time =          0.3297

Saved in ./random_hamiltonian.qkt.
+-------------+
|  Job #   5  |
+-------------+
Simulation detail
Hamiltonian:
0.35 [X0 X1 X2] +
0.1 [X0 Y1 Z2] +
0.4 [Y0 Y1 X2] +
0.5 [Y0 Z1 X2] +
0.4 [Z0 Z1 Z2] +
0.6 [Y2]
Initial state:
  Basis          Coef
| 011 > : +0.7071 +0.0000i
| 101 > : +0.0000 -0.7071i

user-defined pauli_list found.
Tapering-Off Results:
List of redundant qubits:  None

First perform tapering.run(). No transformation done
user-defined pauli_list found.
Tapering-Off Results:
List of redundant qubits:  None

First perform tapering.run(). No transformation done
FCI in Qubits
(FCI state : E = -1.7450305374)
  Basis          Coef
| 001 > : -0.0000 +0.2398i
| 010 > : -0.6550 +0.0000i
| 011 > : +0.2666 -0.0000i
| 100 > : -0.1748 +0.0000i
| 101 > : +0.5471 -0.0000i
| 110 > : +0.0000 -0.3213i
| 111 > : -0.0000 +0.1391i

(FCI state : E = -1.2784997235)
  Basis          Coef
| 010 > : +0.0000 +0.6969i
| 100 > : -0.0000 +0.2701i
| 101 > : -0.0000 -0.3571i
| 110 > : +0.2957 +0.0000i
| 111 > : -0.4736 -0.0000i

(FCI state : E = -1.1937423079)
  Basis          Coef
| 001 > : +0.7979 -0.0000i
| 011 > : -0.0000 -0.2387i
| 100 > : -0.0000 -0.1794i
| 101 > : +0.0000 -0.2522i
| 110 > : -0.4480 -0.0000i
| 111 > : -0.1070 -0.0000i

(FCI state : E = -1.1511349796)
  Basis          Coef
| 000 > : +0.0000 -0.2765i
| 001 > : -0.0000 +0.2596i
| 010 > : +0.2116 -0.0000i
| 011 > : -0.3657 -0.0000i
| 100 > : -0.6176 +0.0000i
| 110 > : +0.0000 -0.4477i
| 111 > : +0.0000 -0.3457i

(FCI state : E = -0.7309829474)
  Basis          Coef
| 000 > : -0.0000 -0.3437i
| 001 > : -0.0000 +0.3752i
| 011 > : +0.3794 -0.0000i
| 100 > : -0.4115 +0.0000i
| 101 > : -0.1942 +0.0000i
| 110 > : -0.0000 +0.6011i
| 111 > : -0.0000 +0.1982i

Entered VQE driver
Performing VQE for user-defined
Number of VQE parameters: 18
Initial configuration:  +1.0000+0.0000j * |011> -0.0000-1.0000j * |101>
Convergence criteria: ftol = 1E-09, gtol = 1E-05
Derivatives: Analytical
Circuit order: Exp[T1] Exp[T2] |0>
Initial: E[user-defined] = +0.399999738905  <S**2> = +0.000000  Fidelity = 0.185216  rho = 1  
      1: E[user-defined] = -0.075942444384  <S**2> = +0.000000  Fidelity = 0.327251  Grad = 2.69e+00  CPU Time =    0.74696  (0.00 / step)
      2: E[user-defined] = -0.168730118359  <S**2> = +0.000000  Fidelity = 0.278316  Grad = 1.39e+00  CPU Time =    0.00389  (0.00 / step)
      3: E[user-defined] = -0.409064802770  <S**2> = +0.000000  Fidelity = 0.229247  Grad = 1.53e+00  CPU Time =    0.00570  (0.00 / step)
      4: E[user-defined] = -0.581214979673  <S**2> = +0.000000  Fidelity = 0.284960  Grad = 1.38e+00  CPU Time =    0.00533  (0.00 / step)
      5: E[user-defined] = -1.077990832768  <S**2> = +0.000000  Fidelity = 0.069338  Grad = 1.05e+00  CPU Time =    0.00383  (0.00 / step)
      6: E[user-defined] = -1.141644643281  <S**2> = +0.000000  Fidelity = 0.034285  Grad = 4.39e-01  CPU Time =    0.00465  (0.00 / step)
      7: E[user-defined] = -1.155133297206  <S**2> = +0.000000  Fidelity = 0.024118  Grad = 2.11e-01  CPU Time =    0.00349  (0.00 / step)
      8: E[user-defined] = -1.158014417239  <S**2> = +0.000000  Fidelity = 0.017832  Grad = 1.36e-01  CPU Time =    0.00326  (0.00 / step)
      9: E[user-defined] = -1.159286776661  <S**2> = +0.000000  Fidelity = 0.018678  Grad = 6.48e-02  CPU Time =    0.00330  (0.00 / step)
     10: E[user-defined] = -1.159771500140  <S**2> = +0.000000  Fidelity = 0.018051  Grad = 5.42e-02  CPU Time =    0.00339  (0.00 / step)
     11: E[user-defined] = -1.162278962188  <S**2> = +0.000000  Fidelity = 0.012333  Grad = 8.67e-02  CPU Time =    0.00329  (0.00 / step)
     12: E[user-defined] = -1.165090929838  <S**2> = +0.000000  Fidelity = 0.005929  Grad = 1.01e-01  CPU Time =    0.00335  (0.00 / step)
     13: E[user-defined] = -1.168417142727  <S**2> = +0.000000  Fidelity = 0.002325  Grad = 1.48e-01  CPU Time =    0.00375  (0.00 / step)
     14: E[user-defined] = -1.173732057808  <S**2> = +0.000000  Fidelity = 0.003304  Grad = 1.46e-01  CPU Time =    0.00334  (0.00 / step)
     15: E[user-defined] = -1.191436114066  <S**2> = +0.000000  Fidelity = 0.029393  Grad = 5.95e-01  CPU Time =    0.00334  (0.00 / step)
     16: E[user-defined] = -1.220590585435  <S**2> = +0.000000  Fidelity = 0.028142  Grad = 4.48e-01  CPU Time =    0.00323  (0.00 / step)
     17: E[user-defined] = -1.252233026357  <S**2> = +0.000000  Fidelity = 0.038763  Grad = 4.86e-01  CPU Time =    0.00447  (0.00 / step)
     18: E[user-defined] = -1.282839363691  <S**2> = +0.000000  Fidelity = 0.024947  Grad = 6.19e-01  CPU Time =    0.00336  (0.00 / step)
     19: E[user-defined] = -1.313099184516  <S**2> = +0.000000  Fidelity = 0.020884  Grad = 3.12e-01  CPU Time =    0.00310  (0.00 / step)
     20: E[user-defined] = -1.319933924002  <S**2> = +0.000000  Fidelity = 0.024490  Grad = 2.53e-01  CPU Time =    0.00413  (0.00 / step)
     21: E[user-defined] = -1.327283872140  <S**2> = +0.000000  Fidelity = 0.030825  Grad = 2.34e-01  CPU Time =    0.00300  (0.00 / step)
     22: E[user-defined] = -1.331058758775  <S**2> = +0.000000  Fidelity = 0.034446  Grad = 9.82e-02  CPU Time =    0.00298  (0.00 / step)
     23: E[user-defined] = -1.332069477894  <S**2> = +0.000000  Fidelity = 0.037213  Grad = 5.56e-02  CPU Time =    0.00296  (0.00 / step)
     24: E[user-defined] = -1.332868090826  <S**2> = +0.000000  Fidelity = 0.040899  Grad = 2.48e-02  CPU Time =    0.00297  (0.00 / step)
     25: E[user-defined] = -1.332934994896  <S**2> = +0.000000  Fidelity = 0.041608  Grad = 1.01e-02  CPU Time =    0.00299  (0.00 / step)
     26: E[user-defined] = -1.332946542121  <S**2> = +0.000000  Fidelity = 0.041467  Grad = 5.54e-03  CPU Time =    0.00300  (0.00 / step)
     27: E[user-defined] = -1.332950537456  <S**2> = +0.000000  Fidelity = 0.041378  Grad = 3.97e-03  CPU Time =    0.00297  (0.00 / step)
     28: E[user-defined] = -1.332956741918  <S**2> = +0.000000  Fidelity = 0.041133  Grad = 2.65e-03  CPU Time =    0.00299  (0.00 / step)
     29: E[user-defined] = -1.332958630468  <S**2> = +0.000000  Fidelity = 0.041041  Grad = 4.25e-03  CPU Time =    0.00297  (0.00 / step)
     30: E[user-defined] = -1.332960209362  <S**2> = +0.000000  Fidelity = 0.041051  Grad = 1.90e-03  CPU Time =    0.00299  (0.00 / step)
     31: E[user-defined] = -1.332961367198  <S**2> = +0.000000  Fidelity = 0.041091  Grad = 1.76e-03  CPU Time =    0.00296  (0.00 / step)
     32: E[user-defined] = -1.332962461590  <S**2> = +0.000000  Fidelity = 0.041145  Grad = 2.03e-03  CPU Time =    0.00298  (0.00 / step)
     33: E[user-defined] = -1.332962914617  <S**2> = +0.000000  Fidelity = 0.041145  Grad = 1.31e-03  CPU Time =    0.00297  (0.00 / step)
     34: E[user-defined] = -1.332963084150  <S**2> = +0.000000  Fidelity = 0.041180  Grad = 8.22e-04  CPU Time =    0.00304  (0.00 / step)
     35: E[user-defined] = -1.332963122556  <S**2> = +0.000000  Fidelity = 0.041163  Grad = 3.34e-04  CPU Time =    0.00303  (0.00 / step)
     36: E[user-defined] = -1.332963129365  <S**2> = +0.000000  Fidelity = 0.041165  Grad = 3.99e-05  CPU Time =    0.00308  (0.00 / step)
     37: E[user-defined] = -1.332963129530  <S**2> = +0.000000  Fidelity = 0.041164  Grad = 2.51e-05  CPU Time =    0.00306  (0.00 / step)
  Final: E[user-defined] = -1.332963129530  <S**2> = +0.000000  Fidelity = 0.041164  rho = 1 

(user-defined state)
  Basis          Coef
| 000 > : +0.0175 +0.1508i
| 001 > : -0.0489 -0.4223i
| 010 > : -0.6331 +0.0734i
| 100 > : +0.2910 -0.0337i
| 101 > : +0.1979 -0.0229i
| 110 > : +0.0475 +0.4097i
| 111 > : -0.0354 -0.3051i


VQE Done: CPU Time =          0.8769

Saved in ./random_hamiltonian.qkt.
+-------------+
|  Job #   6  |
+-------------+
Simulation detail
Hamiltonian:
0.35 [X0 X1 X2] +
0.1 [X0 Y1 Z2] +
0.4 [Y0 Y1 X2] +
0.5 [Y0 Z1 X2] +
0.4 [Z0 Z1 Z2] +
0.6 [Y2]
Initial state:
  Basis          Coef
| 011 > : +0.7071 +0.0000i
| 101 > : +0.0000 -0.7071i

user-defined pauli_list found.
Tapering-Off Results:
List of redundant qubits:  None

First perform tapering.run(). No transformation done
user-defined pauli_list found.
Tapering-Off Results:
List of redundant qubits:  None

First perform tapering.run(). No transformation done
FCI in Qubits
(FCI state : E = -1.6239458164)
  Basis          Coef
| 000 > : -0.0000 -0.1443i
| 001 > : +0.0000 +0.4082i
| 010 > : +0.6385 -0.0000i
| 011 > : -0.1287 -0.0000i
| 100 > : -0.2296 +0.0000i
| 101 > : -0.2977 +0.0000i
| 110 > : -0.0000 -0.4370i
| 111 > : +0.0000 +0.1986i

(FCI state : E = -1.2868837467)
  Basis          Coef
| 001 > : +0.1149 +0.0000i
| 010 > : -0.0000 -0.7467i
| 101 > : -0.0000 +0.3376i
| 110 > : -0.3317 +0.0000i
| 111 > : +0.4508 -0.0000i

(FCI state : E = -1.1968506615)
  Basis          Coef
| 001 > : +0.7792 -0.0000i
| 011 > : +0.0000 -0.2052i
| 100 > : +0.0000 +0.2902i
| 101 > : +0.0000 -0.2751i
| 110 > : -0.4029 -0.0000i
| 111 > : -0.1785 +0.0000i

(FCI state : E = -0.9762423850)
  Basis          Coef
| 000 > : -0.0000 +0.3963i
| 001 > : -0.0000 -0.1893i
| 010 > : +0.2874 -0.0000i
| 011 > : +0.2363 -0.0000i
| 100 > : +0.6404 -0.0000i
| 101 > : +0.2356 +0.0000i
| 110 > : -0.0000 -0.2733i
| 111 > : -0.0000 +0.3843i

(FCI state : E = -0.6136038346)
  Basis          Coef
| 000 > : +0.2305 +0.0000i
| 001 > : +0.2397 +0.0000i
| 010 > : +0.0000 +0.1880i
| 011 > : -0.0000 +0.3973i
| 101 > : +0.0000 -0.4062i
| 110 > : +0.1639 -0.0000i
| 111 > : +0.6517 -0.0000i

Entered VQE driver
Performing VQE for user-defined
Number of VQE parameters: 18
Initial configuration:  +1.0000+0.0000j * |011> -0.0000-1.0000j * |101>
Convergence criteria: ftol = 1E-09, gtol = 1E-05
Derivatives: Analytical
Circuit order: Exp[T1] Exp[T2] |0>
Initial: E[user-defined] = +0.400000277482  <S**2> = +0.000000  Fidelity = 0.052610  rho = 1  
      1: E[user-defined] = -0.538690319849  <S**2> = +0.000000  Fidelity = 0.203881  Grad = 1.95e+00  CPU Time =    2.02433  (0.00 / step)
      2: E[user-defined] = -0.538815086620  <S**2> = +0.000000  Fidelity = 0.205590  Grad = 1.97e+00  CPU Time =    0.01211  (0.00 / step)
      3: E[user-defined] = -0.792513824080  <S**2> = +0.000000  Fidelity = 0.495480  Grad = 2.07e+00  CPU Time =    0.01080  (0.00 / step)
      4: E[user-defined] = -1.012571592937  <S**2> = +0.000000  Fidelity = 0.615899  Grad = 9.87e-01  CPU Time =    0.01060  (0.00 / step)
      5: E[user-defined] = -1.145835555239  <S**2> = +0.000000  Fidelity = 0.785884  Grad = 1.06e+00  CPU Time =    0.01070  (0.00 / step)
      6: E[user-defined] = -1.242623207630  <S**2> = +0.000000  Fidelity = 0.854843  Grad = 7.47e-01  CPU Time =    0.01046  (0.00 / step)
      7: E[user-defined] = -1.274291337607  <S**2> = +0.000000  Fidelity = 0.849495  Grad = 6.21e-01  CPU Time =    0.01066  (0.00 / step)
      8: E[user-defined] = -1.300956074408  <S**2> = +0.000000  Fidelity = 0.879976  Grad = 2.41e-01  CPU Time =    0.01066  (0.00 / step)
      9: E[user-defined] = -1.308770702088  <S**2> = +0.000000  Fidelity = 0.898681  Grad = 1.77e-01  CPU Time =    0.01049  (0.00 / step)
     10: E[user-defined] = -1.321513397735  <S**2> = +0.000000  Fidelity = 0.931211  Grad = 2.51e-01  CPU Time =    0.01062  (0.00 / step)
     11: E[user-defined] = -1.327934292893  <S**2> = +0.000000  Fidelity = 0.935935  Grad = 1.46e-01  CPU Time =    0.01048  (0.00 / step)
     12: E[user-defined] = -1.331495540091  <S**2> = +0.000000  Fidelity = 0.938158  Grad = 6.48e-02  CPU Time =    0.01063  (0.00 / step)
     13: E[user-defined] = -1.332324544278  <S**2> = +0.000000  Fidelity = 0.938793  Grad = 5.93e-02  CPU Time =    0.01067  (0.00 / step)
     14: E[user-defined] = -1.332803619283  <S**2> = +0.000000  Fidelity = 0.941514  Grad = 2.75e-02  CPU Time =    0.01047  (0.00 / step)
     15: E[user-defined] = -1.332883724090  <S**2> = +0.000000  Fidelity = 0.942758  Grad = 1.38e-02  CPU Time =    0.01071  (0.00 / step)
     16: E[user-defined] = -1.332906799890  <S**2> = +0.000000  Fidelity = 0.942805  Grad = 7.75e-03  CPU Time =    0.01050  (0.00 / step)
     17: E[user-defined] = -1.332920978650  <S**2> = +0.000000  Fidelity = 0.942650  Grad = 6.19e-03  CPU Time =    0.00963  (0.00 / step)
     18: E[user-defined] = -1.332940706310  <S**2> = +0.000000  Fidelity = 0.942472  Grad = 5.34e-03  CPU Time =    0.00974  (0.00 / step)
     19: E[user-defined] = -1.332948838046  <S**2> = +0.000000  Fidelity = 0.942576  Grad = 9.90e-03  CPU Time =    0.01017  (0.00 / step)
     20: E[user-defined] = -1.332954483462  <S**2> = +0.000000  Fidelity = 0.942598  Grad = 3.58e-03  CPU Time =    0.01027  (0.00 / step)
     21: E[user-defined] = -1.332955867176  <S**2> = +0.000000  Fidelity = 0.942688  Grad = 1.68e-03  CPU Time =    0.00710  (0.00 / step)
     22: E[user-defined] = -1.332956463652  <S**2> = +0.000000  Fidelity = 0.942792  Grad = 6.22e-04  CPU Time =    0.00425  (0.00 / step)
     23: E[user-defined] = -1.332956555167  <S**2> = +0.000000  Fidelity = 0.942788  Grad = 4.19e-04  CPU Time =    0.00349  (0.00 / step)
     24: E[user-defined] = -1.332956614080  <S**2> = +0.000000  Fidelity = 0.942772  Grad = 5.45e-04  CPU Time =    0.00298  (0.00 / step)
     25: E[user-defined] = -1.332956647567  <S**2> = +0.000000  Fidelity = 0.942742  Grad = 3.97e-04  CPU Time =    0.00300  (0.00 / step)
     26: E[user-defined] = -1.332956671388  <S**2> = +0.000000  Fidelity = 0.942739  Grad = 3.86e-04  CPU Time =    0.00298  (0.00 / step)
     27: E[user-defined] = -1.332956920873  <S**2> = +0.000000  Fidelity = 0.942705  Grad = 7.70e-04  CPU Time =    0.00305  (0.00 / step)
     28: E[user-defined] = -1.332957378470  <S**2> = +0.000000  Fidelity = 0.942707  Grad = 1.57e-03  CPU Time =    0.00334  (0.00 / step)
     29: E[user-defined] = -1.332958209854  <S**2> = +0.000000  Fidelity = 0.942691  Grad = 1.75e-03  CPU Time =    0.00337  (0.00 / step)
     30: E[user-defined] = -1.332960664872  <S**2> = +0.000000  Fidelity = 0.942749  Grad = 2.50e-03  CPU Time =    0.00344  (0.00 / step)
     31: E[user-defined] = -1.332960970295  <S**2> = +0.000000  Fidelity = 0.942749  Grad = 2.28e-03  CPU Time =    0.00435  (0.00 / step)
     32: E[user-defined] = -1.332961675362  <S**2> = +0.000000  Fidelity = 0.942775  Grad = 1.08e-03  CPU Time =    0.00309  (0.00 / step)
     33: E[user-defined] = -1.332961922434  <S**2> = +0.000000  Fidelity = 0.942796  Grad = 5.29e-04  CPU Time =    0.00306  (0.00 / step)
     34: E[user-defined] = -1.332961984068  <S**2> = +0.000000  Fidelity = 0.942809  Grad = 7.12e-04  CPU Time =    0.00311  (0.00 / step)
     35: E[user-defined] = -1.332962053876  <S**2> = +0.000000  Fidelity = 0.942810  Grad = 6.16e-04  CPU Time =    0.00342  (0.00 / step)
     36: E[user-defined] = -1.332962510263  <S**2> = +0.000000  Fidelity = 0.942798  Grad = 8.88e-04  CPU Time =    0.00364  (0.00 / step)
     37: E[user-defined] = -1.332962637289  <S**2> = +0.000000  Fidelity = 0.942853  Grad = 1.77e-03  CPU Time =    0.00358  (0.00 / step)
     38: E[user-defined] = -1.332962849454  <S**2> = +0.000000  Fidelity = 0.942811  Grad = 6.92e-04  CPU Time =    0.00312  (0.00 / step)
     39: E[user-defined] = -1.332962940732  <S**2> = +0.000000  Fidelity = 0.942795  Grad = 4.22e-04  CPU Time =    0.00307  (0.00 / step)
     40: E[user-defined] = -1.332963001166  <S**2> = +0.000000  Fidelity = 0.942793  Grad = 4.41e-04  CPU Time =    0.00307  (0.00 / step)
     41: E[user-defined] = -1.332963088149  <S**2> = +0.000000  Fidelity = 0.942792  Grad = 3.53e-04  CPU Time =    0.00308  (0.00 / step)
     42: E[user-defined] = -1.332963098382  <S**2> = +0.000000  Fidelity = 0.942789  Grad = 4.14e-04  CPU Time =    0.00423  (0.00 / step)
     43: E[user-defined] = -1.332963121438  <S**2> = +0.000000  Fidelity = 0.942794  Grad = 1.35e-04  CPU Time =    0.00305  (0.00 / step)
     44: E[user-defined] = -1.332963124475  <S**2> = +0.000000  Fidelity = 0.942799  Grad = 1.08e-04  CPU Time =    0.00312  (0.00 / step)
     45: E[user-defined] = -1.332963126012  <S**2> = +0.000000  Fidelity = 0.942800  Grad = 7.27e-05  CPU Time =    0.00307  (0.00 / step)
     46: E[user-defined] = -1.332963127309  <S**2> = +0.000000  Fidelity = 0.942800  Grad = 5.95e-05  CPU Time =    0.00305  (0.00 / step)
  Final: E[user-defined] = -1.332963127309  <S**2> = +0.000000  Fidelity = 0.942800  rho = 1 

(user-defined state)
  Basis          Coef
| 000 > : +0.0829 -0.1272i
| 001 > : -0.2321 +0.3562i
| 010 > : +0.5340 +0.3480i
| 100 > : -0.2454 -0.1599i
| 101 > : -0.1669 -0.1088i
| 110 > : +0.2252 -0.3455i
| 111 > : -0.1677 +0.2573i


VQE Done: CPU Time =          2.3219

Saved in ./random_hamiltonian.qkt.
Normal termination of quket at 2022-08-06 23:40:13.242944
