///////////////////////////////////////////////////////////////////////////////////
///                                                                             ///
///                                                                             ///
///              QQQ       UUU  UUU    KKK   KK    EEEEEEE    TTTTTTT           ///
///             Q   Q       u    U      K   K       E    E    T  T  T           ///
///            Q     Q      U    U      K  K        E  E         T              ///
///            Q     Q      U    U      KKK         EEEE         T              ///
///            Q QQQ Q      U    U      K  K        E  E         T              ///
///             Q   Q       U    U      K   K       E    E       T              ///
///              QQQ QQ      UUUU      KKK   KK    EEEEEEE      TTT             ///
///                                                                             ///
///                      Quantum Computing Simulator Ver 0.9                    ///
///                                                                             ///
///        Copyright 2019-2022                                                  ///
///        The Quket Developers                                                 ///
///        All rights Reserved.                                                 ///
///                                                                             ///
///////////////////////////////////////////////////////////////////////////////////
2022-08-06 23:24:19.298188: 
8 processes x 4 = Total 32 cores
API for qulacs: None
Number of cpus in the main node (pinode04): 8

##################### INPUT ########################
basis        = sto-3G
multiplicity = 1
charge       = 0
n_electrons  = 4
n_orbitals   = 6
geometry     
Li  0  0  0
H  0  0  1.595
maxiter      = 500
ansatz       = 2-upccgsd
theta_guess  = read
rho          = 1
####################################################

+-------------+
|  Job #   1  |
+-------------+
Basis set = sto-3G

*** Geometry ******************************
  Li    0.0000000    0.0000000    0.0000000
  H     0.0000000    0.0000000    1.5950000
*******************************************

Symmetry Coov : C2v(Abelian)
E[FCI]    = -7.882401932289     (Spin = 1   Ms = 0)
E[HF]     = -7.862023860127     (Spin = 1   Ms = 0)
TODO: Pauli_list is not supported for ansatz = 2-upccgsd.
Tapering-Off Results:
List of redundant qubits:  [0, 1, 6, 8]
Qubit: 0    Tau: 1.0 [Z0 Z2 Z4 Z7 Z9 Z10]
Qubit: 1    Tau: 1.0 [Z1 Z3 Z5 Z7 Z9 Z11]
Qubit: 6    Tau: 1.0 [Z6 Z7]
Qubit: 8    Tau: 1.0 [Z8 Z9]

pauli_list found.
TODO: Pauli_list is not supported for ansatz = 2-upccgsd.
NBasis = 6

[Molecular Orbitals]
---+-------+------------+------------------
 # |  Sym  |   energy   |     category
---+-------+------------+------------------
 0 |   A1  |    -2.3486 | Active (occupied)
 1 |   A1  |    -0.2857 | Active (occupied)
 2 |   A1  |     0.0783 | Active (virtual)
 3 |   B1  |     0.1639 | Active (virtual)
 4 |   B2  |     0.1639 | Active (virtual)
 5 |   A1  |     0.5491 | Active (virtual)
---+-------+------------+------------------

Tapering-Off Results:
List of redundant qubits:  [0, 1, 6, 8]
Qubit: 0    Tau: 1.0 [Z0 Z2 Z4 Z7 Z9 Z10]
Qubit: 1    Tau: 1.0 [Z1 Z3 Z5 Z7 Z9 Z11]
Qubit: 6    Tau: 1.0 [Z6 Z7]
Qubit: 8    Tau: 1.0 [Z8 Z9]

pauli_list found.
Entered VQE driver
Number of parameters: Singles 15    Doubles 15    Total 60
Performing VQE for 2-upccgsd
Number of VQE parameters: 60
Initial configuration: |000000001111>
Convergence criteria: ftol = 1E-09, gtol = 1E-05
Derivatives: Analytical
Circuit order: Exp[T1] Exp[T2] |0>
    1: E[2-UpCCGSD] = -7.882395925607  <S**2> = +0.000000000000001  Grad = 3.81e-04  CPU Time =  0.73  (0.02 / step)
    2: E[2-UpCCGSD] = -7.882395936660  <S**2> = +0.000000000000003  Grad = 2.67e-04  CPU Time =  0.24  (0.02 / step)
    3: E[2-UpCCGSD] = -7.882395945249  <S**2> = -0.000000000000002  Grad = 2.54e-04  CPU Time =  0.24  (0.02 / step)
    4: E[2-UpCCGSD] = -7.882395950796  <S**2> = -0.000000000000003  Grad = 3.01e-04  CPU Time =  0.24  (0.02 / step)
Final: E[2-UpCCGSD] = -7.882395950796  <S**2> = -0.000000000000003

(2-UpCCGSD state)
      Basis              Coef
| 000000001111 > : +0.9871 +0.0000i
| 110000000011 > : -0.1136 +0.0000i


VQE Done: CPU Time =          1.4832

2-upccgsd (vqe) 
      Basis              Coef
| 000000001111 > : +0.9871 +0.0000i
| 110000000011 > : -0.1136 +0.0000i

 === Computing 1RDM === 
 === Computing 2RDM === 

Dipole moment from 1RDM (in Debye):
x = 0.00021  y = -0.00025  z = -4.62087
| mu | = 4.62087

Dipole moment from relaxed 1RDM (in Debye):
x = -0.00011     y = -0.00022    z = -4.62072
| mu | = 4.62072
Saved in ./2-upccgsd_LiH.qkt.
Normal termination of quket at 2022-08-06 23:24:22.216968
