///////////////////////////////////////////////////////////////////////////////////
///                                                                             ///
///                                                                             ///
///              QQQ       UUU  UUU    KKK   KK    EEEEEEE    TTTTTTT           ///
///             Q   Q       u    U      K   K       E    E    T  T  T           ///
///            Q     Q      U    U      K  K        E  E         T              ///
///            Q     Q      U    U      KKK         EEEE         T              ///
///            Q QQQ Q      U    U      K  K        E  E         T              ///
///             Q   Q       U    U      K   K       E    E       T              ///
///              QQQ QQ      UUUU      KKK   KK    EEEEEEE      TTT             ///
///                                                                             ///
///                      Quantum Computing Simulator Ver 0.9.4                  ///
///                                                                             ///
///        Copyright 2019-2022                                                  ///
///        The Quket Developers                                                 ///
///        All rights Reserved.                                                 ///
///                                                                             ///
///////////////////////////////////////////////////////////////////////////////////
2022-09-16 00:06:53.630327: 
16 processes x 2 = Total 32 cores
API for qulacs: openmp
Number of cpus in the main node (pinode01): 16

##################### INPUT ########################
basis        = sto-3G
multiplicity = 1
charge       = 0
n_electrons  = 6
n_orbitals   = 6
geometry     
N  0  0  0
N  0  0  1.4
maxiter      = 10000
ansatz       = 3-upccgsd
theta_guess  = read
rho          = 1
####################################################

+-------------+
|  Job #   1  |
+-------------+
Basis set = sto-3G

*** Geometry ******************************
  N     0.0000000    0.0000000    0.0000000
  N     0.0000000    0.0000000    1.4000000
*******************************************

Symmetry Dooh : D2h(Abelian)
E[FCI]    = -107.591181749005     (Spin = 1   Ms = 0)
E[HF]     = -107.357815445291     (Spin = 1   Ms = 0)
TODO: Pauli_list is not supported for ansatz = 3-upccgsd.
Tapering-Off Results:
List of redundant qubits:  [0, 1, 2, 4, 6]
Qubit: 0    Tau: 1.0 [Z0 Z3 Z5 Z7 Z9 Z10]
Qubit: 1    Tau: 1.0 [Z1 Z3 Z5 Z7 Z9 Z11]
Qubit: 2    Tau: 1.0 [Z2 Z3 Z8 Z9]
Qubit: 4    Tau: 1.0 [Z4 Z5 Z8 Z9 Z10 Z11]
Qubit: 6    Tau: 1.0 [Z6 Z7 Z8 Z9 Z10 Z11]

TODO: Pauli_list is not supported for ansatz = 3-upccgsd.
NBasis = 10

[Molecular Orbitals]
---+-------+------------+------------------
 # |  Sym  |   energy   |     category
---+-------+------------+------------------
 0 |  B1u  |   -15.4482 | Frozen Core
 1 |   Ag  |   -15.4480 | Frozen Core
 2 |   Ag  |    -1.2005 | Frozen Core
 3 |  B1u  |    -0.7660 | Frozen Core
 4 |   Ag  |    -0.4642 | Active (occupied)
 5 |  B2u  |    -0.4055 | Active (occupied)
 6 |  B3u  |    -0.4055 | Active (occupied)
 7 |  B2g  |     0.1744 | Active (virtual)
 8 |  B3g  |     0.1744 | Active (virtual)
 9 |  B1u  |     0.6132 | Active (virtual)
---+-------+------------+------------------

Tapering-Off Results:
List of redundant qubits:  [0, 1, 2, 4, 6]
Qubit: 0    Tau: 1.0 [Z0 Z3 Z5 Z7 Z9 Z10]
Qubit: 1    Tau: 1.0 [Z1 Z3 Z5 Z7 Z9 Z11]
Qubit: 2    Tau: 1.0 [Z2 Z3 Z8 Z9]
Qubit: 4    Tau: 1.0 [Z4 Z5 Z8 Z9 Z10 Z11]
Qubit: 6    Tau: 1.0 [Z6 Z7 Z8 Z9 Z10 Z11]

Entered VQE driver
Number of parameters: Singles 15    Doubles 15    Total 90
Performing VQE for 3-upccgsd
Number of VQE parameters: 90
Initial configuration: |000000111111>
Convergence criteria: ftol = 1E-09, gtol = 1E-05
Derivatives: Analytical
Circuit order: Exp[T1] Exp[T2] |0>
    1: E[3-UpCCGSD] = -107.588100535527  <S**2> = -0.000000000000001  Grad = 6.92e-04  CPU Time =  0.59  (0.02 / step)
Final: E[3-UpCCGSD] = -107.588100535527  <S**2> = -0.000000000000001

(3-UpCCGSD state)
      Basis              Coef
| 000000111111 > : +0.8957 +0.0000i
| 000011001111 > : -0.2398 +0.0000i
| 000110011011 > : +0.1100 +0.0000i
| 001001100111 > : +0.1100 +0.0000i
| 001100110011 > : -0.2351 +0.0000i
| 001111000011 > : +0.1094 +0.0000i

