///////////////////////////////////////////////////////////////////////////////////
///                                                                             ///
///                                                                             ///
///              QQQ       UUU  UUU    KKK   KK    EEEEEEE    TTTTTTT           ///
///             Q   Q       u    U      K   K       E    E    T  T  T           ///
///            Q     Q      U    U      K  K        E  E         T              ///
///            Q     Q      U    U      KKK         EEEE         T              ///
///            Q QQQ Q      U    U      K  K        E  E         T              ///
///             Q   Q       U    U      K   K       E    E       T              ///
///              QQQ QQ      UUUU      KKK   KK    EEEEEEE      TTT             ///
///                                                                             ///
///                      Quantum Computing Simulator Ver 0.9                    ///
///                                                                             ///
///        Copyright 2019-2022                                                  ///
///        The Quket Developers                                                 ///
///        All rights Reserved.                                                 ///
///                                                                             ///
///////////////////////////////////////////////////////////////////////////////////
2022-08-06 23:20:45.223444: 
8 processes x 4 = Total 32 cores
API for qulacs: None
Number of cpus in the main node (pinode03): 8

##################### INPUT ########################
basis        = sto-6G
multiplicity = 1
charge       = 0
n_electrons  = 6
n_orbitals   = 5
method       = vqe
ansatz       = uccsd
geometry
H   1.818585887 1.250512313 0
O   0   -0.157587329    0
H   -1.818585887    1.250512313 0
maxiter      = 0

@@@
maxiter      = 1000
pyscf_guess  = read
geometry
H   1.976723791 1.359252514 0
O   0   -0.171290575    0
H   -1.976723791    1.359252514 0
kappa_guess  = read
ansatz       = uhf

Symmetry     = False

@@@
theta_guess  = zero
kappa_to_T1  = 1
kappa_guess  = read
ansatz       = uccsd
rho          = 1
Symmetry     = False
####################################################

+-------------+
|  Job #   1  |
+-------------+
Basis set = sto-6G

*** Geometry ******************************
  H     1.8185859    1.2505123    0.0000000
  O     0.0000000   -0.1575873    0.0000000
  H    -1.8185859    1.2505123    0.0000000
*******************************************

Symmetry C2v : C2v(Abelian)
E[FCI]    = -75.463315580329     (Spin = 1   Ms = 0)
E[HF]     = -74.990092518846     (Spin = 1   Ms = 0)
Tapering-Off Results:
List of redundant qubits:  [0, 1, 2, 4]
Qubit: 0    Tau: 1.0 [Z0 Z3 Z5 Z7 Z9]
Qubit: 1    Tau: 1.0 [Z1 Z3 Z5 Z7 Z9]
Qubit: 2    Tau: 1.0 [Z2 Z3 Z8 Z9]
Qubit: 4    Tau: 1.0 [Z4 Z5 Z6 Z7]

NBasis = 7

[Molecular Orbitals]
---+-------+------------+------------------
 # |  Sym  |   energy   |     category
---+-------+------------+------------------
 0 |   A1  |   -20.5644 | Frozen Core
 1 |   A1  |    -1.1333 | Frozen Core
 2 |   B2  |    -0.4142 | Active (occupied)
 3 |   B1  |    -0.2535 | Active (occupied)
 4 |   A1  |    -0.2445 | Active (occupied)
 5 |   A1  |     0.0585 | Active (virtual)
 6 |   B1  |     0.0717 | Active (virtual)
---+-------+------------+------------------

Tapering-Off Results:
List of redundant qubits:  [0, 1, 2, 4]
Qubit: 0    Tau: 1.0 [Z0 Z3 Z5 Z7 Z9]
Qubit: 1    Tau: 1.0 [Z1 Z3 Z5 Z7 Z9]
Qubit: 2    Tau: 1.0 [Z2 Z3 Z8 Z9]
Qubit: 4    Tau: 1.0 [Z4 Z5 Z6 Z7]


   Skipping job since maxiter = 0.

Saved in ./bsuccsd_h2o.qkt.
+-------------+
|  Job #   2  |
+-------------+
Basis set = sto-6G

*** Geometry ******************************
  H     1.9767238    1.3592525    0.0000000
  O     0.0000000   -0.1712906    0.0000000
  H    -1.9767238    1.3592525    0.0000000
*******************************************

Symmetry C1 : C1(Abelian)
E[FCI]    = -75.460357192127     (Spin = 1   Ms = 0)
E[HF]     = -74.926806371698     (Spin = 1   Ms = 0)
TODO: Pauli_list is not supported for ansatz = uhf.
TODO: Pauli_list is not supported for ansatz = uhf.
NBasis = 7

[Molecular Orbitals]
---+-------+------------+------------------
 # |  Sym  |   energy   |     category
---+-------+------------+------------------
 0 |   A   |   -20.5576 | Frozen Core
 1 |   A   |    -1.1310 | Frozen Core
 2 |   A   |    -0.4128 | Active (occupied)
 3 |   A   |    -0.2298 | Active (occupied)
 4 |   A   |    -0.2236 | Active (occupied)
 5 |   A   |     0.0390 | Active (virtual)
 6 |   A   |     0.0481 | Active (virtual)
---+-------+------------+------------------

Entered VQE driver
Number of parameters: Singles 12    Doubles 0    Total 12
Performing VQE for uhf
Number of VQE parameters: 12
Initial configuration: |0000111111>
Convergence criteria: ftol = 1E-09, gtol = 1E-05
Derivatives: Analytical

               0          
    0     -0.0001041  
    1      0.0000467  
    2     -0.0000297  
    3      0.7311184  
    4      0.7405649  
    5      0.0000237  
    6      0.0146468  
    7     -0.0055725  
    8     -0.0000254  
    9     -0.7439570  
   10     -0.7562992  
   11      0.0000363  

     1: E[UHF] = -75.458511984126  <S**2> = +1.985415305310841  Grad = 9.20e-05  CPU Time = 0.03824  (0.00139 / step)
     2: E[UHF] = -75.458511984126  <S**2> = +1.985415305310841  Grad = 9.20e-05  CPU Time = 0.00893  (0.00144 / step)
(UHF state)
     Basis             Coef
| 0000111111 > : +0.2940 +0.0000i
| 0001101111 > : -0.2688 +0.0000i
| 0010011111 > : -0.2774 +0.0000i
| 0011001111 > : -0.2536 +0.0000i
| 0100111011 > : -0.2637 +0.0000i
| 0101101011 > : +0.2411 +0.0000i
| 0110011011 > : +0.2488 +0.0000i
| 0111001011 > : +0.2275 +0.0000i
| 1000110111 > : -0.2706 +0.0000i
| 1001100111 > : +0.2474 +0.0000i
| 1010010111 > : +0.2553 +0.0000i
| 1011000111 > : +0.2334 +0.0000i
| 1100110011 > : -0.2427 +0.0000i
| 1101100011 > : +0.2219 +0.0000i
| 1110010011 > : +0.2290 +0.0000i
| 1111000011 > : +0.2093 +0.0000i


VQE Done: CPU Time =          0.0586

uhf (vqe) 
     Basis             Coef
| 0000111111 > : +0.2940 +0.0000i
| 0001101111 > : -0.2688 +0.0000i
| 0010011111 > : -0.2774 +0.0000i
| 0011001111 > : -0.2536 +0.0000i
| 0100111011 > : -0.2637 +0.0000i
| 0101101011 > : +0.2411 +0.0000i
| 0110011011 > : +0.2488 +0.0000i
| 0111001011 > : +0.2275 +0.0000i
| 1000110111 > : -0.2706 +0.0000i
| 1001100111 > : +0.2474 +0.0000i
| 1010010111 > : +0.2553 +0.0000i
| 1011000111 > : +0.2334 +0.0000i
| 1100110011 > : -0.2427 +0.0000i
| 1101100011 > : +0.2219 +0.0000i
| 1110010011 > : +0.2290 +0.0000i
| 1111000011 > : +0.2093 +0.0000i

 === Computing 1RDM === 
 === Computing 2RDM === 

Dipole moment from 1RDM (in Debye):
x = 0.00006  y = 0.00268  z = -0.00016
| mu | = 0.00269

Dipole moment from relaxed 1RDM (in Debye):
x = 0.04451     y = -0.01165    z = 0.00004
| mu | = 0.04601
Saved in ./bsuccsd_h2o.qkt.
+-------------+
|  Job #   3  |
+-------------+
Basis set = sto-6G

*** Geometry ******************************
  H     1.9767238    1.3592525    0.0000000
  O     0.0000000   -0.1712906    0.0000000
  H    -1.9767238    1.3592525    0.0000000
*******************************************

Symmetry C1 : C1(Abelian)
E[FCI]    = -75.460357190540     (Spin = 1   Ms = 0)
E[HF]     = -74.926806371697     (Spin = 1   Ms = 0)
NBasis = 7

[Molecular Orbitals]
---+-------+------------+------------------
 # |  Sym  |   energy   |     category
---+-------+------------+------------------
 0 |   A   |   -20.5576 | Frozen Core
 1 |   A   |    -1.1310 | Frozen Core
 2 |   A   |    -0.4128 | Active (occupied)
 3 |   A   |    -0.2298 | Active (occupied)
 4 |   A   |    -0.2236 | Active (occupied)
 5 |   A   |     0.0390 | Active (virtual)
 6 |   A   |     0.0481 | Active (virtual)
---+-------+------------+------------------

Entered VQE driver
Performing VQE for uccsd
Number of VQE parameters: 54
Initial configuration: |0000111111>
Convergence criteria: ftol = 1E-09, gtol = 1E-05
Derivatives: Analytical

               0          
    0     -0.0001041  
    1      0.0000598  
    2      0.0000162  
    3      0.7311316  
    4      0.7405780  
    5      0.0000221  
    6      0.0146107  
    7     -0.0055479  
    8     -0.0000107  
    9     -0.7439504  
   10     -0.7563057  
   11      0.0000363  

Initial T1 amplitudes will be read from kappa.
Circuit order: Exp[T1] Exp[T2] |0>
Initial: E[uccsd] = -75.458511982805  <S**2> = +1.985415  rho = 1  
      1: E[uccsd] = -75.458551291611  <S**2> = +1.974744  Grad = 6.53e-03  CPU Time =    0.08744  (0.00 / step)
      2: E[uccsd] = -75.458572298157  <S**2> = +1.960801  Grad = 6.19e-03  CPU Time =    0.03163  (0.00 / step)
      3: E[uccsd] = -75.458602464218  <S**2> = +1.935855  Grad = 7.06e-03  CPU Time =    0.03237  (0.00 / step)
      4: E[uccsd] = -75.458690004937  <S**2> = +1.814226  Grad = 8.57e-03  CPU Time =    0.03238  (0.00 / step)
      5: E[uccsd] = -75.458716003952  <S**2> = +1.761683  Grad = 9.39e-03  CPU Time =    0.05580  (0.00 / step)
      6: E[uccsd] = -75.458751299036  <S**2> = +1.710480  Grad = 7.19e-03  CPU Time =    0.03216  (0.00 / step)
      7: E[uccsd] = -75.458839398296  <S**2> = +1.565478  Grad = 9.85e-03  CPU Time =    0.03208  (0.00 / step)
      8: E[uccsd] = -75.459011617248  <S**2> = +1.268547  Grad = 1.78e-02  CPU Time =    0.03222  (0.00 / step)
      9: E[uccsd] = -75.459324662548  <S**2> = +0.742210  Grad = 2.62e-02  CPU Time =    0.03217  (0.00 / step)
     10: E[uccsd] = -75.459537110003  <S**2> = +0.456108  Grad = 2.53e-02  CPU Time =    0.03215  (0.00 / step)
     11: E[uccsd] = -75.459611775412  <S**2> = +0.442289  Grad = 2.08e-02  CPU Time =    0.05538  (0.00 / step)
     12: E[uccsd] = -75.459664896779  <S**2> = +0.517473  Grad = 1.26e-02  CPU Time =    0.03220  (0.00 / step)
     13: E[uccsd] = -75.459713644469  <S**2> = +0.457487  Grad = 7.79e-03  CPU Time =    0.03224  (0.00 / step)
     14: E[uccsd] = -75.459736437219  <S**2> = +0.467572  Grad = 3.47e-03  CPU Time =    0.03216  (0.00 / step)
     15: E[uccsd] = -75.459744556325  <S**2> = +0.483546  Grad = 2.62e-03  CPU Time =    0.03212  (0.00 / step)
     16: E[uccsd] = -75.459749160643  <S**2> = +0.499701  Grad = 2.44e-03  CPU Time =    0.03220  (0.00 / step)
     17: E[uccsd] = -75.459749755628  <S**2> = +0.498675  Grad = 1.83e-03  CPU Time =    0.03252  (0.00 / step)
     18: E[uccsd] = -75.459750309029  <S**2> = +0.496897  Grad = 3.11e-04  CPU Time =    0.03211  (0.00 / step)
     19: E[uccsd] = -75.459750335328  <S**2> = +0.496511  Grad = 1.98e-04  CPU Time =    0.03214  (0.00 / step)
  Final: E[uccsd] = -75.459750335328  <S**2> = +0.496511  rho = 1 

(uccsd state)
     Basis             Coef
| 0000111111 > : +0.4460 +0.0000i
| 0001101111 > : -0.1916 +0.0000i
| 0010011111 > : -0.2047 +0.0000i
| 0011001111 > : -0.3691 +0.0000i
| 0100111011 > : -0.1848 +0.0000i
| 0101101011 > : +0.1071 +0.0000i
| 0110011011 > : +0.1323 +0.0000i
| 0110100111 > : -0.2454 +0.0000i
| 0111001011 > : +0.1525 +0.0000i
| 1000110111 > : -0.1956 +0.0000i
| 1001011011 > : -0.2485 +0.0000i
| 1001100111 > : +0.1314 +0.0000i
| 1010010111 > : +0.1173 +0.0000i
| 1011000111 > : +0.1622 +0.0000i
| 1100110011 > : -0.3556 +0.0000i
| 1101100011 > : +0.1488 +0.0000i
| 1110010011 > : +0.1602 +0.0000i
| 1111000011 > : +0.3276 +0.0000i


VQE Done: CPU Time =          0.7326

uccsd (vqe) 
     Basis             Coef
| 0000111111 > : +0.4460 +0.0000i
| 0001101111 > : -0.1916 +0.0000i
| 0010011111 > : -0.2047 +0.0000i
| 0011001111 > : -0.3691 +0.0000i
| 0100111011 > : -0.1848 +0.0000i
| 0101101011 > : +0.1071 +0.0000i
| 0110011011 > : +0.1323 +0.0000i
| 0110100111 > : -0.2454 +0.0000i
| 0111001011 > : +0.1525 +0.0000i
| 1000110111 > : -0.1956 +0.0000i
| 1001011011 > : -0.2485 +0.0000i
| 1001100111 > : +0.1314 +0.0000i
| 1010010111 > : +0.1173 +0.0000i
| 1011000111 > : +0.1622 +0.0000i
| 1100110011 > : -0.3556 +0.0000i
| 1101100011 > : +0.1488 +0.0000i
| 1110010011 > : +0.1602 +0.0000i
| 1111000011 > : +0.3276 +0.0000i

 === Computing 1RDM === 
 === Computing 2RDM === 

Dipole moment from 1RDM (in Debye):
x = 0.00000  y = 0.00846  z = -0.00012
| mu | = 0.00846

Dipole moment from relaxed 1RDM (in Debye):
x = -0.00520     y = -0.00753    z = 0.00003
| mu | = 0.00915
Saved in ./bsuccsd_h2o.qkt.
Normal termination of quket at 2022-08-06 23:20:48.222541
