///////////////////////////////////////////////////////////////////////////////////
///                                                                             ///
///                                                                             ///
///              QQQ       UUU  UUU    KKK   KK    EEEEEEE    TTTTTTT           ///
///             Q   Q       u    U      K   K       E    E    T  T  T           ///
///            Q     Q      U    U      K  K        E  E         T              ///
///            Q     Q      U    U      KKK         EEEE         T              ///
///            Q QQQ Q      U    U      K  K        E  E         T              ///
///             Q   Q       U    U      K   K       E    E       T              ///
///              QQQ QQ      UUUU      KKK   KK    EEEEEEE      TTT             ///
///                                                                             ///
///                      Quantum Computing Simulator Ver 0.9.1                  ///
///                                                                             ///
///        Copyright 2019-2022                                                  ///
///        The Quket Developers                                                 ///
///        All rights Reserved.                                                 ///
///                                                                             ///
///////////////////////////////////////////////////////////////////////////////////
2022-08-07 00:57:44.917847: 
8 processes x 4 = Total 32 cores
API for qulacs: None
Number of cpus in the main node (pinode01): 8

##################### INPUT ########################
basis        = sto-6G
multiplicity = 1
charge       = 0
n_electrons  = 6
n_orbitals   = 5
geometry
H   1.818585887 1.250512313 0
O   0   -0.157587329    0
H   -1.818585887    1.250512313 0
maxiter      = 0
ansatz        = sauccsd

@@@
maxiter      = 1000
pyscf_guess  = read
geometry
H   1.976723791 1.359252514 0
O   0   -0.171290575    0
H   -1.976723791    1.359252514 0
ansatz        = sauccsd
rho          = 10
####################################################

+-------------+
|  Job #   1  |
+-------------+
Basis set = sto-6G

*** Geometry ******************************
  H     1.8185859    1.2505123    0.0000000
  O     0.0000000   -0.1575873    0.0000000
  H    -1.8185859    1.2505123    0.0000000
*******************************************

Symmetry C2v : C2v(Abelian)
E[FCI]    = -75.463315580348     (Spin = 1   Ms = 0)
E[HF]     = -74.990092518846     (Spin = 1   Ms = 0)
Tapering-Off Results:
List of redundant qubits:  [0, 1, 2, 4]
Qubit: 0    Tau: 1.0 [Z0 Z3 Z5 Z7 Z9]
Qubit: 1    Tau: 1.0 [Z1 Z3 Z5 Z7 Z9]
Qubit: 2    Tau: 1.0 [Z2 Z3 Z8 Z9]
Qubit: 4    Tau: 1.0 [Z4 Z5 Z6 Z7]

NBasis = 7

[Molecular Orbitals]
---+-------+------------+------------------
 # |  Sym  |   energy   |     category
---+-------+------------+------------------
 0 |   A1  |   -20.5644 | Frozen Core
 1 |   A1  |    -1.1333 | Frozen Core
 2 |   B2  |    -0.4142 | Active (occupied)
 3 |   B1  |    -0.2535 | Active (occupied)
 4 |   A1  |    -0.2445 | Active (occupied)
 5 |   A1  |     0.0585 | Active (virtual)
 6 |   B1  |     0.0717 | Active (virtual)
---+-------+------------+------------------

Tapering-Off Results:
List of redundant qubits:  [0, 1, 2, 4]
Qubit: 0    Tau: 1.0 [Z0 Z3 Z5 Z7 Z9]
Qubit: 1    Tau: 1.0 [Z1 Z3 Z5 Z7 Z9]
Qubit: 2    Tau: 1.0 [Z2 Z3 Z8 Z9]
Qubit: 4    Tau: 1.0 [Z4 Z5 Z6 Z7]


   Skipping job since maxiter = 0.

Saved in ./sauccsd_h2o.qkt.
+-------------+
|  Job #   2  |
+-------------+
Basis set = sto-6G

*** Geometry ******************************
  H     1.9767238    1.3592525    0.0000000
  O     0.0000000   -0.1712906    0.0000000
  H    -1.9767238    1.3592525    0.0000000
*******************************************

Symmetry C2v : C2v(Abelian)
E[FCI]    = -75.460357183497     (Spin = 1   Ms = 0)
E[HF]     = -74.926806371698     (Spin = 1   Ms = 0)
Tapering-Off Results:
List of redundant qubits:  [0, 1, 2, 4]
Qubit: 0    Tau: 1.0 [Z0 Z3 Z5 Z7 Z9]
Qubit: 1    Tau: 1.0 [Z1 Z3 Z5 Z7 Z9]
Qubit: 2    Tau: 1.0 [Z2 Z3 Z8 Z9]
Qubit: 4    Tau: 1.0 [Z4 Z5 Z6 Z7]

NBasis = 7

[Molecular Orbitals]
---+-------+------------+------------------
 # |  Sym  |   energy   |     category
---+-------+------------+------------------
 0 |   A1  |   -20.5576 | Frozen Core
 1 |   A1  |    -1.1310 | Frozen Core
 2 |   B2  |    -0.4128 | Active (occupied)
 3 |   B1  |    -0.2298 | Active (occupied)
 4 |   A1  |    -0.2236 | Active (occupied)
 5 |   A1  |     0.0390 | Active (virtual)
 6 |   B1  |     0.0481 | Active (virtual)
---+-------+------------+------------------

Tapering-Off Results:
List of redundant qubits:  [0, 1, 2, 4]
Qubit: 0    Tau: 1.0 [Z0 Z3 Z5 Z7 Z9]
Qubit: 1    Tau: 1.0 [Z1 Z3 Z5 Z7 Z9]
Qubit: 2    Tau: 1.0 [Z2 Z3 Z8 Z9]
Qubit: 4    Tau: 1.0 [Z4 Z5 Z6 Z7]

Entered VQE driver
Performing VQE for sauccsd
Number of VQE parameters: 10
Initial configuration: |0000111111>
Convergence criteria: ftol = 1E-09, gtol = 1E-05
Derivatives: Analytical
Dimensions of theta_list (27) and pauli_list (10) are not consistent.
Take over theta_list and force it to have 10 zero elements (guess will be gone!).
Circuit order: Exp[T1] Exp[T2] |0>
Initial: E[sauccsd] = -74.926806371698  <S**2> = +0.000000  rho = 10  
      1: E[sauccsd] = -75.199041156778  <S**2> = +0.000085  Grad = 1.09e+00  CPU Time =    0.11647  (0.00 / step)
      2: E[sauccsd] = -75.337963264974  <S**2> = +0.000037  Grad = 8.38e-01  CPU Time =    0.06031  (0.00 / step)
      3: E[sauccsd] = -75.434460951045  <S**2> = +0.000007  Grad = 2.75e-01  CPU Time =    0.10064  (0.00 / step)
      4: E[sauccsd] = -75.446241930110  <S**2> = +0.000041  Grad = 1.92e-01  CPU Time =    0.06134  (0.00 / step)
      5: E[sauccsd] = -75.452395722342  <S**2> = +0.000061  Grad = 6.70e-02  CPU Time =    0.06122  (0.00 / step)
      6: E[sauccsd] = -75.453635457757  <S**2> = +0.000070  Grad = 4.79e-02  CPU Time =    0.05502  (0.00 / step)
      7: E[sauccsd] = -75.454877045154  <S**2> = +0.000087  Grad = 2.95e-02  CPU Time =    0.05492  (0.00 / step)
      8: E[sauccsd] = -75.454972757663  <S**2> = +0.000083  Grad = 1.44e-02  CPU Time =    0.09453  (0.00 / step)
      9: E[sauccsd] = -75.455009028938  <S**2> = +0.000078  Grad = 5.31e-03  CPU Time =    0.05496  (0.00 / step)
     10: E[sauccsd] = -75.455011091851  <S**2> = +0.000080  Grad = 1.69e-03  CPU Time =    0.05492  (0.00 / step)
     11: E[sauccsd] = -75.455011462251  <S**2> = +0.000080  Grad = 3.39e-04  CPU Time =    0.05493  (0.00 / step)
     12: E[sauccsd] = -75.455011466155  <S**2> = +0.000080  Grad = 3.14e-04  CPU Time =    0.09479  (0.00 / step)
  Final: E[sauccsd] = -75.455011466155  <S**2> = +0.000080  rho = 10 

(sauccsd state)
     Basis             Coef
| 0000111111 > : +0.5780 +0.0000i
| 0011001111 > : -0.3686 +0.0000i
| 0110011011 > : -0.1836 +0.0000i
| 0110100111 > : +0.2583 +0.0000i
| 1001011011 > : +0.2583 +0.0000i
| 1001100111 > : -0.1836 +0.0000i
| 1100110011 > : -0.3516 +0.0000i
| 1111000011 > : +0.4217 +0.0000i


VQE Done: CPU Time =          0.8898

sauccsd (vqe) 
     Basis             Coef
| 0000111111 > : +0.5780 +0.0000i
| 0011001111 > : -0.3686 +0.0000i
| 0110011011 > : -0.1836 +0.0000i
| 0110100111 > : +0.2583 +0.0000i
| 1001011011 > : +0.2583 +0.0000i
| 1001100111 > : -0.1836 +0.0000i
| 1100110011 > : -0.3516 +0.0000i
| 1111000011 > : +0.4217 +0.0000i

 === Computing 1RDM === 
 === Computing 2RDM === 

Dipole moment from 1RDM (in Debye):
x = -0.00000  y = 0.01665  z = 0.00000
| mu | = 0.01665

Dipole moment from relaxed 1RDM (in Debye):
x = 0.00000     y = -0.00224    z = -0.00000
| mu | = 0.00224
Saved in ./sauccsd_h2o.qkt.
Normal termination of quket at 2022-08-07 00:57:48.146411
