///////////////////////////////////////////////////////////////////////////////////
///                                                                             ///
///                                                                             ///
///              QQQ       UUU  UUU    KKK   KK    EEEEEEE    TTTTTTT           ///
///             Q   Q       u    U      K   K       E    E    T  T  T           ///
///            Q     Q      U    U      K  K        E  E         T              ///
///            Q     Q      U    U      KKK         EEEE         T              ///
///            Q QQQ Q      U    U      K  K        E  E         T              ///
///             Q   Q       U    U      K   K       E    E       T              ///
///              QQQ QQ      UUUU      KKK   KK    EEEEEEE      TTT             ///
///                                                                             ///
///                      Quantum Computing Simulator Ver 0.9                    ///
///                                                                             ///
///        Copyright 2019-2022                                                  ///
///        The Quket Developers                                                 ///
///        All rights Reserved.                                                 ///
///                                                                             ///
///////////////////////////////////////////////////////////////////////////////////
2022-08-06 23:22:38.874268: 
8 processes x 4 = Total 32 cores
API for qulacs: None
Number of cpus in the main node (pinode01): 8

##################### INPUT ########################
basis        = sto-6G
multiplicity = 1
charge       = 0
n_electrons  = 6
n_orbitals   = 5
geometry
H   1.818585887 1.250512313 0
O   0   -0.157587329    0
H   -1.818585887    1.250512313 0
maxiter      = 0

@@@
maxiter      = 100
pyscf_guess  = read
geometry
H   1.976723791 1.359252514 0
O   0   -0.171290575    0
H   -1.976723791    1.359252514 0
kappa_guess  = read
ansatz       = phf
euler        = 1, 2, 1
####################################################

+-------------+
|  Job #   1  |
+-------------+
Basis set = sto-6G

*** Geometry ******************************
  H     1.8185859    1.2505123    0.0000000
  O     0.0000000   -0.1575873    0.0000000
  H    -1.8185859    1.2505123    0.0000000
*******************************************

Symmetry C2v : C2v(Abelian)
E[FCI]    = -75.463315580330     (Spin = 1   Ms = 0)
E[HF]     = -74.990092518846     (Spin = 1   Ms = 0)
Tapering-Off Results:
List of redundant qubits:  [0, 1, 2, 4]
Qubit: 0    Tau: 1.0 [Z0 Z3 Z5 Z7 Z9]
Qubit: 1    Tau: 1.0 [Z1 Z3 Z5 Z7 Z9]
Qubit: 2    Tau: 1.0 [Z2 Z3 Z8 Z9]
Qubit: 4    Tau: 1.0 [Z4 Z5 Z6 Z7]

pauli_list found.
NBasis = 7

[Molecular Orbitals]
---+-------+------------+------------------
 # |  Sym  |   energy   |     category
---+-------+------------+------------------
 0 |   A1  |   -20.5644 | Frozen Core
 1 |   A1  |    -1.1333 | Frozen Core
 2 |   B2  |    -0.4142 | Active (occupied)
 3 |   B1  |    -0.2535 | Active (occupied)
 4 |   A1  |    -0.2445 | Active (occupied)
 5 |   A1  |     0.0585 | Active (virtual)
 6 |   B1  |     0.0717 | Active (virtual)
---+-------+------------+------------------

Tapering-Off Results:
List of redundant qubits:  [0, 1, 2, 4]
Qubit: 0    Tau: 1.0 [Z0 Z3 Z5 Z7 Z9]
Qubit: 1    Tau: 1.0 [Z1 Z3 Z5 Z7 Z9]
Qubit: 2    Tau: 1.0 [Z2 Z3 Z8 Z9]
Qubit: 4    Tau: 1.0 [Z4 Z5 Z6 Z7]

pauli_list found.

   Skipping job since maxiter = 0.

Saved in ./phf_h2o.qkt.
+-------------+
|  Job #   2  |
+-------------+
Basis set = sto-6G

*** Geometry ******************************
  H     1.9767238    1.3592525    0.0000000
  O     0.0000000   -0.1712906    0.0000000
  H    -1.9767238    1.3592525    0.0000000
*******************************************

Symmetry C2v : C2v(Abelian)
E[FCI]    = -75.460357183497     (Spin = 1   Ms = 0)
E[HF]     = -74.926806371698     (Spin = 1   Ms = 0)
Projecting to spin space : s = 0.0    Ms = 0 
             Grid points : (alpha, beta, gamma) = (1, 2, 1)
TODO: Pauli_list is not supported for ansatz = phf.
Tapering-Off Results:
List of redundant qubits:  [0, 1, 2, 4]
Qubit: 0    Tau: 1.0 [Z0 Z3 Z5 Z7 Z9]
Qubit: 1    Tau: 1.0 [Z1 Z3 Z5 Z7 Z9]
Qubit: 2    Tau: 1.0 [Z2 Z3 Z8 Z9]
Qubit: 4    Tau: 1.0 [Z4 Z5 Z6 Z7]

pauli_list found.
TODO: Pauli_list is not supported for ansatz = phf.
Projecting to spin space : s = 0.0    Ms = 0 
             Grid points : (alpha, beta, gamma) = (1, 2, 1)
NBasis = 7

[Molecular Orbitals]
---+-------+------------+------------------
 # |  Sym  |   energy   |     category
---+-------+------------+------------------
 0 |   A1  |   -20.5576 | Frozen Core
 1 |   A1  |    -1.1310 | Frozen Core
 2 |   B2  |    -0.4128 | Active (occupied)
 3 |   B1  |    -0.2298 | Active (occupied)
 4 |   A1  |    -0.2236 | Active (occupied)
 5 |   A1  |     0.0390 | Active (virtual)
 6 |   B1  |     0.0481 | Active (virtual)
---+-------+------------+------------------

Tapering-Off Results:
List of redundant qubits:  [0, 1, 2, 4]
Qubit: 0    Tau: 1.0 [Z0 Z3 Z5 Z7 Z9]
Qubit: 1    Tau: 1.0 [Z1 Z3 Z5 Z7 Z9]
Qubit: 2    Tau: 1.0 [Z2 Z3 Z8 Z9]
Qubit: 4    Tau: 1.0 [Z4 Z5 Z6 Z7]

pauli_list found.
Entered VQE driver
Number of parameters: Singles 12    Doubles 0    Total 12
Performing VQE for phf
Number of VQE parameters: 12
Initial configuration: |0000111111>
Convergence criteria: ftol = 1E-09, gtol = 1E-05
Derivatives: Analytical

               0          
    0     -0.0013435  
    1      0.0012109  
    2      0.0000048  
    3     -0.7440292  
    4     -2.3854373  
    5     -0.0000090  
    6      0.0000091  
    7     -0.0000039  
    8     -0.0000001  
    9      0.7312269  
   10      2.4010993  
   11     -0.0000018  

Initial E[phf] = -75.460201185171  <S**2> = -0.000000000000003  rho = 1
     1: E[phf] = -75.460201185193  <S**2> = -0.000000000000004  Grad = 3.06e-05  CPU Time =  0.12  (0.01 / step)
State before projection
     Basis             Coef
| 0000111111 > : +0.2941 +0.0000i
| 0001101111 > : -0.2774 +0.0000i
| 0010011111 > : -0.2688 +0.0000i
| 0011001111 > : -0.2535 +0.0000i
| 0100111011 > : +0.2707 +0.0000i
| 0101101011 > : -0.2553 +0.0000i
| 0110011011 > : -0.2474 +0.0000i
| 0111001011 > : -0.2334 +0.0000i
| 1000110111 > : +0.2638 +0.0000i
| 1001100111 > : -0.2488 +0.0000i
| 1010010111 > : -0.2411 +0.0000i
| 1011000111 > : -0.2274 +0.0000i
| 1100110011 > : -0.2429 +0.0000i
| 1101100011 > : +0.2291 +0.0000i
| 1110010011 > : +0.2220 +0.0000i
| 1111000011 > : +0.2094 +0.0000i

 Final: E[phf] = -75.460201185193  <S**2> = -0.000000000000004  rho = 1
     Basis             Coef
| 0000111111 > : +0.2941 +0.0000i
| 0001101111 > : -0.2774 +0.0000i
| 0010011111 > : -0.2688 +0.0000i
| 0011001111 > : -0.2535 +0.0000i
| 0100111011 > : +0.2707 +0.0000i
| 0101101011 > : -0.2553 +0.0000i
| 0110011011 > : -0.2474 +0.0000i
| 0111001011 > : -0.2334 +0.0000i
| 1000110111 > : +0.2638 +0.0000i
| 1001100111 > : -0.2488 +0.0000i
| 1010010111 > : -0.2411 +0.0000i
| 1011000111 > : -0.2274 +0.0000i
| 1100110011 > : -0.2429 +0.0000i
| 1101100011 > : +0.2291 +0.0000i
| 1110010011 > : +0.2220 +0.0000i
| 1111000011 > : +0.2094 +0.0000i

HUg [ -3.55622040664977 -47.12002290143282]
Ug [0.047120543952031 0.624441981884782]

VQE Done: CPU Time =          0.1410

phf (vqe) 
     Basis             Coef
| 0000111111 > : +1.0000 +0.0000i

 === Computing 1RDM === 
 === Computing 2RDM === 

Dipole moment from 1RDM (in Debye):
x = -0.00000  y = 0.39930  z = 0.00000
| mu | = 0.39930

Dipole moment from relaxed 1RDM (in Debye):
x = -0.00000     y = 0.39930    z = -0.00000
| mu | = 0.39930
Saved in ./phf_h2o.qkt.
Normal termination of quket at 2022-08-06 23:22:40.657827
