///////////////////////////////////////////////////////////////////////////////////
///                                                                             ///
///                                                                             ///
///              QQQ       UUU  UUU    KKK   KK    EEEEEEE    TTTTTTT           ///
///             Q   Q       u    U      K   K       E    E    T  T  T           ///
///            Q     Q      U    U      K  K        E  E         T              ///
///            Q     Q      U    U      KKK         EEEE         T              ///
///            Q QQQ Q      U    U      K  K        E  E         T              ///
///             Q   Q       U    U      K   K       E    E       T              ///
///              QQQ QQ      UUUU      KKK   KK    EEEEEEE      TTT             ///
///                                                                             ///
///                      Quantum Computing Simulator Ver 0.9.1                  ///
///                                                                             ///
///        Copyright 2019-2022                                                  ///
///        The Quket Developers                                                 ///
///        All rights Reserved.                                                 ///
///                                                                             ///
///////////////////////////////////////////////////////////////////////////////////
2022-08-07 00:59:36.695589: 
8 processes x 4 = Total 32 cores
API for qulacs: None
Number of cpus in the main node (pinode01): 8

##################### INPUT ########################
basis        = sto-6G
method       = vqe
ansatz       = sghf
multiplicity = 1
charge       = 0
n_electrons  = 6
n_orbitals   = 5
geometry
H   1.818585887 1.250512313 0
O   0   -0.157587329    0
H   -1.818585887    1.250512313 0
euler        = 4, 2, 4
maxiter      = 0

@@@
maxiter      = 100
pyscf_guess  = read
geometry
H   1.976723791 1.359252514 0
O   0   -0.171290575    0
H   -1.976723791    1.359252514 0
kappa_guess  = read
spin  = 1
####################################################

+-------------+
|  Job #   1  |
+-------------+
Basis set = sto-6G

*** Geometry ******************************
  H     1.8185859    1.2505123    0.0000000
  O     0.0000000   -0.1575873    0.0000000
  H    -1.8185859    1.2505123    0.0000000
*******************************************

Symmetry C2v : C2v(Abelian)
E[FCI]    = -75.463315580338     (Spin = 1   Ms = 0)
E[HF]     = -74.990092518846     (Spin = 1   Ms = 0)
Projecting to spin space : s = 0.0    Ms = 0 
             Grid points : (alpha, beta, gamma) = (4, 2, 4)
TODO: Pauli_list is not supported for ansatz = sghf.
Tapering-Off Results:
List of redundant qubits:  [0, 1, 2, 4]
Qubit: 0    Tau: 1.0 [Z0 Z3 Z5 Z7 Z9]
Qubit: 1    Tau: 1.0 [Z1 Z3 Z5 Z7 Z9]
Qubit: 2    Tau: 1.0 [Z2 Z3 Z8 Z9]
Qubit: 4    Tau: 1.0 [Z4 Z5 Z6 Z7]

pauli_list found.
TODO: Pauli_list is not supported for ansatz = sghf.
Projecting to spin space : s = 0.0    Ms = 0 
             Grid points : (alpha, beta, gamma) = (4, 2, 4)
NBasis = 7

[Molecular Orbitals]
---+-------+------------+------------------
 # |  Sym  |   energy   |     category
---+-------+------------+------------------
 0 |   A1  |   -20.5644 | Frozen Core
 1 |   A1  |    -1.1333 | Frozen Core
 2 |   B2  |    -0.4142 | Active (occupied)
 3 |   B1  |    -0.2535 | Active (occupied)
 4 |   A1  |    -0.2445 | Active (occupied)
 5 |   A1  |     0.0585 | Active (virtual)
 6 |   B1  |     0.0717 | Active (virtual)
---+-------+------------+------------------

Tapering-Off Results:
List of redundant qubits:  [0, 1, 2, 4]
Qubit: 0    Tau: 1.0 [Z0 Z3 Z5 Z7 Z9]
Qubit: 1    Tau: 1.0 [Z1 Z3 Z5 Z7 Z9]
Qubit: 2    Tau: 1.0 [Z2 Z3 Z8 Z9]
Qubit: 4    Tau: 1.0 [Z4 Z5 Z6 Z7]

pauli_list found.

   Skipping job since maxiter = 0.

Saved in ./sghf_h2o.qkt.
+-------------+
|  Job #   2  |
+-------------+
Basis set = sto-6G

*** Geometry ******************************
  H     1.9767238    1.3592525    0.0000000
  O     0.0000000   -0.1712906    0.0000000
  H    -1.9767238    1.3592525    0.0000000
*******************************************

Symmetry C2v : C2v(Abelian)
E[FCI]    = -75.460357183497     (Spin = 1   Ms = 0)
E[HF]     = -74.926806371698     (Spin = 1   Ms = 0)
Projecting to spin space : s = 0.0    Ms = 0 
             Grid points : (alpha, beta, gamma) = (4, 2, 4)
TODO: Pauli_list is not supported for ansatz = sghf.
Tapering-Off Results:
List of redundant qubits:  [0, 1, 2, 4]
Qubit: 0    Tau: 1.0 [Z0 Z3 Z5 Z7 Z9]
Qubit: 1    Tau: 1.0 [Z1 Z3 Z5 Z7 Z9]
Qubit: 2    Tau: 1.0 [Z2 Z3 Z8 Z9]
Qubit: 4    Tau: 1.0 [Z4 Z5 Z6 Z7]

pauli_list found.
TODO: Pauli_list is not supported for ansatz = sghf.
Projecting to spin space : s = 0.0    Ms = 0 
             Grid points : (alpha, beta, gamma) = (4, 2, 4)
NBasis = 7

[Molecular Orbitals]
---+-------+------------+------------------
 # |  Sym  |   energy   |     category
---+-------+------------+------------------
 0 |   A1  |   -20.5576 | Frozen Core
 1 |   A1  |    -1.1310 | Frozen Core
 2 |   B2  |    -0.4128 | Active (occupied)
 3 |   B1  |    -0.2298 | Active (occupied)
 4 |   A1  |    -0.2236 | Active (occupied)
 5 |   A1  |     0.0390 | Active (virtual)
 6 |   B1  |     0.0481 | Active (virtual)
---+-------+------------+------------------

Tapering-Off Results:
List of redundant qubits:  [0, 1, 2, 4]
Qubit: 0    Tau: 1.0 [Z0 Z3 Z5 Z7 Z9]
Qubit: 1    Tau: 1.0 [Z1 Z3 Z5 Z7 Z9]
Qubit: 2    Tau: 1.0 [Z2 Z3 Z8 Z9]
Qubit: 4    Tau: 1.0 [Z4 Z5 Z6 Z7]

pauli_list found.
Entered VQE driver
Number of parameters: Singles 24    Doubles 0    Total 24
Performing VQE for sghf
Number of VQE parameters: 24
Initial configuration: |0000111111>
Convergence criteria: ftol = 1E-09, gtol = 1E-05
Derivatives: Analytical

               0          
    0     -0.0114872  
    1     -0.0035191  
    2      0.0508846  
    3      0.1929382  
    4      0.7233459  
    5     -0.1531206  
    6      0.0008983  
    7      0.0030730  
    8      0.1772590  
    9     -0.0526771  
   10     -0.1979864  
   11     -0.6974023  
   12      0.0015951  
   13     -0.0174827  
   14     -0.6991704  
   15      0.1641418  
   16     -0.0537171  
   17     -0.2401724  
   18     -0.0017989  
   19      0.0032667  
   20      0.1978730  
   21      0.6970030  
   22     -0.1289461  
   23      0.0530201  

Initial E[sghf] = -75.460321206019  <S**2> = -0.000000000000003  rho = 1
     1: E[sghf] = -75.460321220156  <S**2> = -0.000000000000003  Grad = 2.39e-04  CPU Time =  1.44  (0.09 / step)
State before projection
     Basis             Coef
| 0000111111 > : +0.2924 +0.0000i
| 0001101111 > : -0.2611 +0.0000i
| 0010011111 > : -0.2526 +0.0000i
| 0011001111 > : -0.2419 +0.0000i
| 0100111011 > : +0.2542 +0.0000i
| 0101101011 > : -0.2261 +0.0000i
| 0110011011 > : -0.2288 +0.0000i
| 0111001011 > : -0.2192 +0.0000i
| 1000110111 > : +0.2472 +0.0000i
| 1001100111 > : -0.2301 +0.0000i
| 1010010111 > : -0.2127 +0.0000i
| 1011000111 > : -0.2133 +0.0000i
| 1100110011 > : -0.2317 +0.0000i
| 1101100011 > : +0.2158 +0.0000i
| 1110010011 > : +0.2086 +0.0000i
| 1111000011 > : +0.2084 +0.0000i

 Final: E[sghf] = -75.460321220156  <S**2> = -0.000000000000003  rho = 1
     Basis             Coef
| 0000111111 > : +0.2924 +0.0000i
| 0001101111 > : -0.2611 +0.0000i
| 0010011111 > : -0.2526 +0.0000i
| 0011001111 > : -0.2419 +0.0000i
| 0100111011 > : +0.2542 +0.0000i
| 0101101011 > : -0.2261 +0.0000i
| 0110011011 > : -0.2288 +0.0000i
| 0111001011 > : -0.2192 +0.0000i
| 1000110111 > : +0.2472 +0.0000i
| 1001100111 > : -0.2301 +0.0000i
| 1010010111 > : -0.2127 +0.0000i
| 1011000111 > : -0.2133 +0.0000i
| 1100110011 > : -0.2317 +0.0000i
| 1101100011 > : +0.2158 +0.0000i
| 1110010011 > : +0.2086 +0.0000i
| 1111000011 > : +0.2084 +0.0000i

HUg [ -3.553077331517448 -10.400910289509692 -10.400910289509701  -3.553077331517446 -47.11488686547138  -58.30067470470777  -58.30067470470775  -47.11488686547137   -0.822484783953337  -2.967353420977514  -5.639803970519416  -0.822484783953326 -25.239525332420428 -39.145771992684104 -49.18159741459933  -25.239525332420435  -0.822484783953316  -5.639803970519403  -2.967353420977512  -0.822484783953307 -25.239525332420403 -49.18159741459931  -39.14577199268408  -25.239525332420403  -3.55307733151745  -10.400910289509694 -10.400910289509708  -3.553077331517446 -47.11488686547137  -58.30067470470777  -58.300674704707745 -47.11488686547137 ]
Ug [0.04708880782097  0.137810233112828 0.137810233112828 0.04708880782097  0.624410925963067 0.772590095106674 0.772590095106674 0.624410925963067 0.010896911367998 0.039313016322289 0.074739311325913 0.010896911367997 0.334462385705271 0.518747521494475 0.651799592461385 0.334462385705271 0.010896911367997 0.074739311325913 0.039313016322289 0.010896911367997 0.33446238570527  0.651799592461385 0.518747521494474 0.33446238570527  0.04708880782097  0.137810233112828 0.137810233112827 0.04708880782097  0.624410925963067 0.772590095106674 0.772590095106673 0.624410925963067]

VQE Done: CPU Time =          1.5409

sghf (vqe) 
     Basis             Coef
| 0000111111 > : +1.0000 +0.0000i

 === Computing 1RDM === 
 === Computing 2RDM === 

Dipole moment from 1RDM (in Debye):
x = 0.00000  y = 0.39930  z = 0.00000
| mu | = 0.39930

Dipole moment from relaxed 1RDM (in Debye):
x = 0.00000     y = 0.39930    z = -0.00000
| mu | = 0.39930
Saved in ./sghf_h2o.qkt.
Normal termination of quket at 2022-08-07 00:59:39.814854
