///////////////////////////////////////////////////////////////////////////////////
///                                                                             ///
///                                                                             ///
///              QQQ       UUU  UUU    KKK   KK    EEEEEEE    TTTTTTT           ///
///             Q   Q       u    U      K   K       E    E    T  T  T           ///
///            Q     Q      U    U      K  K        E  E         T              ///
///            Q     Q      U    U      KKK         EEEE         T              ///
///            Q QQQ Q      U    U      K  K        E  E         T              ///
///             Q   Q       U    U      K   K       E    E       T              ///
///              QQQ QQ      UUUU      KKK   KK    EEEEEEE      TTT             ///
///                                                                             ///
///                      Quantum Computing Simulator Ver 0.9.1                  ///
///                                                                             ///
///        Copyright 2019-2022                                                  ///
///        The Quket Developers                                                 ///
///        All rights Reserved.                                                 ///
///                                                                             ///
///////////////////////////////////////////////////////////////////////////////////
2022-08-07 01:06:17.090495: 
8 processes x 4 = Total 32 cores
API for qulacs: None
Number of cpus in the main node (pinode01): 8

##################### INPUT ########################
 basis        = STO-6G
 multiplicity = 1
 charge       = 0
 n_electrons  = 6
 n_orbitals   = 5
 method       = vqe
 ansatz       = uccsd
 geometry
 O  0.1  0  0
 H 0 -0.757 0.687
 H 0  0.757 0.587
 maxiter      = 100
 opt = true
####################################################

+-------------+
|  Job #   1  |
+-------------+
Basis set = STO-6G

*** Geometry ******************************
  O     0.1000000    0.0000000    0.0000000
  H     0.0000000   -0.7570000    0.6870000
  H     0.0000000    0.7570000    0.5870000
*******************************************

Symmetry Cs : Cs(Abelian)
E[FCI]    = -75.719215312767     (Spin = 1   Ms = 0)
E[HF]     = -75.678679186538     (Spin = 1   Ms = 0)
Tapering-Off Results:
List of redundant qubits:  [0, 1, 4]
Qubit: 0    Tau: 1.0 [Z0 Z2 Z5 Z6 Z8]
Qubit: 1    Tau: 1.0 [Z1 Z3 Z5 Z7 Z9]
Qubit: 4    Tau: 1.0 [Z4 Z5]

NBasis = 7

[Molecular Orbitals]
---+-------+------------+------------------
 # |  Sym  |   energy   |     category
---+-------+------------+------------------
 0 |   A'  |   -20.5152 | Frozen Core
 1 |   A'  |    -1.2644 | Frozen Core
 2 |   A'  |    -0.5931 | Active (occupied)
 3 |   A'  |    -0.4664 | Active (occupied)
 4 |   A"  |    -0.3991 | Active (occupied)
 5 |   A'  |     0.5604 | Active (virtual)
 6 |   A'  |     0.6834 | Active (virtual)
---+-------+------------+------------------

Tapering-Off Results:
List of redundant qubits:  [0, 1, 4]
Qubit: 0    Tau: 1.0 [Z0 Z2 Z5 Z6 Z8]
Qubit: 1    Tau: 1.0 [Z1 Z3 Z5 Z7 Z9]
Qubit: 4    Tau: 1.0 [Z4 Z5]

Entered VQE driver
Performing VQE for uccsd
Number of VQE parameters: 30
Initial configuration: |0000111111>
Convergence criteria: ftol = 1E-09, gtol = 1E-05
Derivatives: Analytical
Dimensions of theta_list (54) and pauli_list (30) are not consistent.
Take over theta_list and force it to have 30 zero elements (guess will be gone!).
Circuit order: Exp[T1] Exp[T2] |0>
Initial: E[uccsd] = -75.678679186538  <S**2> = +0.000000  rho = 1  
      1: E[uccsd] = -75.717454620922  <S**2> = +0.000000  Grad = 8.53e-02  CPU Time =    0.07987  (0.00 / step)
      2: E[uccsd] = -75.718905154306  <S**2> = +0.000000  Grad = 2.57e-02  CPU Time =    0.02537  (0.00 / step)
      3: E[uccsd] = -75.719101818547  <S**2> = +0.000000  Grad = 1.10e-02  CPU Time =    0.02611  (0.00 / step)
      4: E[uccsd] = -75.719146755659  <S**2> = +0.000000  Grad = 3.03e-03  CPU Time =    0.02038  (0.00 / step)
      5: E[uccsd] = -75.719148079037  <S**2> = +0.000000  Grad = 1.04e-03  CPU Time =    0.03426  (0.00 / step)
      6: E[uccsd] = -75.719148262129  <S**2> = +0.000000  Grad = 1.26e-04  CPU Time =    0.02038  (0.00 / step)
      7: E[uccsd] = -75.719148265928  <S**2> = +0.000000  Grad = 4.63e-05  CPU Time =    0.02018  (0.00 / step)
  Final: E[uccsd] = -75.719148265928  <S**2> = +0.000000  rho = 1 

(uccsd state)
     Basis             Coef
| 0000111111 > : +0.9869 +0.0000i


VQE Done: CPU Time =          0.2404

uccsd (vqe) 
     Basis             Coef
| 0000111111 > : +0.9869 +0.0000i

 === Computing 1RDM === 
 === Computing 2RDM === 

Dipole moment from 1RDM (in Debye):
x = -0.24282  y = 0.12039  z = 1.53880
| mu | = 1.56248

Dipole moment from relaxed 1RDM (in Debye):
x = -0.25120     y = 0.12262    z = 1.59206
| mu | = 1.61642

*** Nuclear Gradients *********************
            x            y            z
  O    -0.0081419    0.0569488    0.0481022
  H     0.0003095   -0.0086216   -0.0014018
  H     0.0078324   -0.0483272   -0.0467005
*******************************************

"""""""""""""""""""
     Cycle 0
"""""""""""""""""""
Basis set = STO-6G

*** Geometry ******************************
  O     0.0073447   -0.0283585   -0.0449127
  H    -0.0982430   -0.7451243    0.6750234
  H    -0.1018555    0.7704473    0.5979312
*******************************************

Symmetry Cs : Cs(Abelian)
E[FCI]    = -75.723469324309     (Spin = 1   Ms = 0)
E[HF]     = -75.677379564949     (Spin = 1   Ms = 0)
Tapering-Off Results:
List of redundant qubits:  [0, 1, 4]
Qubit: 0    Tau: 1.0 [Z0 Z2 Z5 Z6 Z8]
Qubit: 1    Tau: 1.0 [Z1 Z3 Z5 Z7 Z9]
Qubit: 4    Tau: 1.0 [Z4 Z5]

      1: E[uccsd] = -75.721561135804  <S**2> = +0.000000  Grad = 8.70e-02  CPU Time =    0.05246  (0.00 / step)
      2: E[uccsd] = -75.723134671938  <S**2> = +0.000000  Grad = 2.58e-02  CPU Time =    0.03399  (0.00 / step)
      3: E[uccsd] = -75.723337788664  <S**2> = +0.000000  Grad = 1.06e-02  CPU Time =    0.02474  (0.00 / step)
      4: E[uccsd] = -75.723380641651  <S**2> = +0.000000  Grad = 2.36e-03  CPU Time =    0.02456  (0.00 / step)
      5: E[uccsd] = -75.723381253796  <S**2> = +0.000000  Grad = 1.60e-03  CPU Time =    0.02449  (0.00 / step)
      6: E[uccsd] = -75.723381694446  <S**2> = +0.000000  Grad = 7.48e-05  CPU Time =    0.02460  (0.00 / step)
      7: E[uccsd] = -75.723381695505  <S**2> = +0.000000  Grad = 1.05e-05  CPU Time =    0.02451  (0.00 / step)
  Final: E[uccsd] = -75.723381695505  <S**2> = +0.000000  rho = 1 

(uccsd state)
     Basis             Coef
| 0000111111 > : +0.9846 +0.0000i

VQE Done.
 === Computing 1RDM === 
 === Computing 2RDM === 

*** Nuclear Gradients *********************
            x            y            z
  O    -0.0002042   -0.0066798    0.0017419
  H     0.0005763    0.0053035   -0.0040211
  H    -0.0003721    0.0013763    0.0022793
*******************************************

"""""""""""""""""""
     Cycle 1
"""""""""""""""""""
Basis set = STO-6G

*** Geometry ******************************
  O     0.0071810   -0.0252653   -0.0440742
  H    -0.0983648   -0.7513389    0.6762096
  H    -0.1015700    0.7735686    0.5959066
*******************************************

Symmetry Cs : Cs(Abelian)
E[FCI]    = -75.723521870477     (Spin = 1   Ms = 0)
E[HF]     = -75.677195963205     (Spin = 1   Ms = 0)
Tapering-Off Results:
List of redundant qubits:  [0, 1, 4]
Qubit: 0    Tau: 1.0 [Z0 Z2 Z5 Z6 Z8]
Qubit: 1    Tau: 1.0 [Z1 Z3 Z5 Z7 Z9]
Qubit: 4    Tau: 1.0 [Z4 Z5]

      1: E[uccsd] = -75.721590356620  <S**2> = +0.000000  Grad = 8.73e-02  CPU Time =    0.05536  (0.00 / step)
      2: E[uccsd] = -75.723181359586  <S**2> = +0.000000  Grad = 2.60e-02  CPU Time =    0.03063  (0.00 / step)
      3: E[uccsd] = -75.723388842122  <S**2> = +0.000000  Grad = 1.07e-02  CPU Time =    0.03036  (0.00 / step)
      4: E[uccsd] = -75.723432819707  <S**2> = +0.000000  Grad = 2.39e-03  CPU Time =    0.03026  (0.00 / step)
      5: E[uccsd] = -75.723433436099  <S**2> = +0.000000  Grad = 1.63e-03  CPU Time =    0.03089  (0.00 / step)
      6: E[uccsd] = -75.723433896832  <S**2> = +0.000000  Grad = 7.34e-05  CPU Time =    0.02458  (0.00 / step)
      7: E[uccsd] = -75.723433897864  <S**2> = +0.000000  Grad = 9.41e-06  CPU Time =    0.02464  (0.00 / step)
  Final: E[uccsd] = -75.723433897864  <S**2> = +0.000000  rho = 1 

(uccsd state)
     Basis             Coef
| 0000111111 > : +0.9844 +0.0000i

VQE Done.
 === Computing 1RDM === 
 === Computing 2RDM === 

*** Nuclear Gradients *********************
            x            y            z
  O    -0.0000391   -0.0007850    0.0003011
  H     0.0000771   -0.0002710   -0.0004729
  H    -0.0000379    0.0010561    0.0001718
*******************************************

"""""""""""""""""""
     Cycle 2
"""""""""""""""""""
Basis set = STO-6G

*** Geometry ******************************
  O     0.0073540   -0.0247430   -0.0452105
  H    -0.0984960   -0.7497144    0.6769385
  H    -0.1016117    0.7714219    0.5963140
*******************************************

Symmetry Cs : Cs(Abelian)
E[FCI]    = -75.723524350381     (Spin = 1   Ms = 0)
E[HF]     = -75.677155601017     (Spin = 1   Ms = 0)
Tapering-Off Results:
List of redundant qubits:  [0, 1, 4]
Qubit: 0    Tau: 1.0 [Z0 Z2 Z5 Z6 Z8]
Qubit: 1    Tau: 1.0 [Z1 Z3 Z5 Z7 Z9]
Qubit: 4    Tau: 1.0 [Z4 Z5]

      1: E[uccsd] = -75.721597103408  <S**2> = +0.000000  Grad = 8.73e-02  CPU Time =    0.05086  (0.00 / step)
      2: E[uccsd] = -75.723185689015  <S**2> = +0.000000  Grad = 2.59e-02  CPU Time =    0.02981  (0.00 / step)
      3: E[uccsd] = -75.723391523399  <S**2> = +0.000000  Grad = 1.06e-02  CPU Time =    0.02523  (0.00 / step)
      4: E[uccsd] = -75.723434993714  <S**2> = +0.000000  Grad = 2.38e-03  CPU Time =    0.02455  (0.00 / step)
      5: E[uccsd] = -75.723435613384  <S**2> = +0.000000  Grad = 1.61e-03  CPU Time =    0.02447  (0.00 / step)
      6: E[uccsd] = -75.723436062945  <S**2> = +0.000000  Grad = 7.35e-05  CPU Time =    0.02452  (0.00 / step)
      7: E[uccsd] = -75.723436063971  <S**2> = +0.000000  Grad = 9.35e-06  CPU Time =    0.02463  (0.00 / step)
  Final: E[uccsd] = -75.723436063971  <S**2> = +0.000000  rho = 1 

(uccsd state)
     Basis             Coef
| 0000111111 > : +0.9844 +0.0000i

VQE Done.
 === Computing 1RDM === 
 === Computing 2RDM === 

*** Nuclear Gradients *********************
            x            y            z
  O     0.0000478    0.0003096   -0.0003247
  H    -0.0000472    0.0000057    0.0003002
  H    -0.0000006   -0.0003153    0.0000245
*******************************************

"""""""""""""""""""
     Cycle 3
"""""""""""""""""""
Basis set = STO-6G

*** Geometry ******************************
  O     0.0072937   -0.0248942   -0.0448164
  H    -0.0984528   -0.7501156    0.6766897
  H    -0.1015946    0.7719742    0.5961686
*******************************************

Symmetry Cs : Cs(Abelian)
E[FCI]    = -75.723524614416     (Spin = 1   Ms = 0)
E[HF]     = -75.677187484111     (Spin = 1   Ms = 0)
Tapering-Off Results:
List of redundant qubits:  [0, 1, 4]
Qubit: 0    Tau: 1.0 [Z0 Z2 Z5 Z6 Z8]
Qubit: 1    Tau: 1.0 [Z1 Z3 Z5 Z7 Z9]
Qubit: 4    Tau: 1.0 [Z4 Z5]

      1: E[uccsd] = -75.721597214405  <S**2> = +0.000000  Grad = 8.73e-02  CPU Time =    0.05090  (0.00 / step)
      2: E[uccsd] = -75.723185569967  <S**2> = +0.000000  Grad = 2.59e-02  CPU Time =    0.02510  (0.00 / step)
      3: E[uccsd] = -75.723391798915  <S**2> = +0.000000  Grad = 1.06e-02  CPU Time =    0.02434  (0.00 / step)
      4: E[uccsd] = -75.723435405368  <S**2> = +0.000000  Grad = 2.38e-03  CPU Time =    0.02424  (0.00 / step)
      5: E[uccsd] = -75.723436023769  <S**2> = +0.000000  Grad = 1.61e-03  CPU Time =    0.02425  (0.00 / step)
      6: E[uccsd] = -75.723436475642  <S**2> = +0.000000  Grad = 7.34e-05  CPU Time =    0.02424  (0.00 / step)
      7: E[uccsd] = -75.723436476669  <S**2> = +0.000000  Grad = 9.36e-06  CPU Time =    0.02422  (0.00 / step)
  Final: E[uccsd] = -75.723436476669  <S**2> = +0.000000  rho = 1 

(uccsd state)
     Basis             Coef
| 0000111111 > : +0.9844 +0.0000i

VQE Done.
 === Computing 1RDM === 
 === Computing 2RDM === 

*** Nuclear Gradients *********************
            x            y            z
  O     0.0000034   -0.0000072   -0.0000210
  H    -0.0000012   -0.0000050    0.0000082
  H    -0.0000021    0.0000122    0.0000128
*******************************************

Geometry Optimization Converged in 3 cycles

*** Geometry ******************************
  O     0.0072937   -0.0248942   -0.0448164
  H    -0.0984528   -0.7501156    0.6766897
  H    -0.1015946    0.7719742    0.5961686
*******************************************

Saved in ./h2o_ucc.qkt.
Normal termination of quket at 2022-08-07 01:06:23.268866
