///////////////////////////////////////////////////////////////////////////////////
///                                                                             ///
///                                                                             ///
///              QQQ       UUU  UUU    KKK   KK    EEEEEEE    TTTTTTT           ///
///             Q   Q       u    U      K   K       E    E    T  T  T           ///
///            Q     Q      U    U      K  K        E  E         T              ///
///            Q     Q      U    U      KKK         EEEE         T              ///
///            Q QQQ Q      U    U      K  K        E  E         T              ///
///             Q   Q       U    U      K   K       E    E       T              ///
///              QQQ QQ      UUUU      KKK   KK    EEEEEEE      TTT             ///
///                                                                             ///
///                      Quantum Computing Simulator Ver 0.9.4                  ///
///                                                                             ///
///        Copyright 2019-2022                                                  ///
///        The Quket Developers                                                 ///
///        All rights Reserved.                                                 ///
///                                                                             ///
///////////////////////////////////////////////////////////////////////////////////
2022-09-16 00:10:57.602716: 
16 processes x 2 = Total 32 cores
API for qulacs: openmp
Number of cpus in the main node (pinode01): 16

##################### INPUT ########################
basis        = sto-6g
ansatz       = opt_puccd
multiplicity = 1
charge       = 0
geometry     
N 2. 0 0  
N 0 0 0
n_electrons  = 6
n_orbitals   = 6
theta_guess  = read
rho          = 1
euler        = 0, 2, 0
####################################################

+-------------+
|  Job #   1  |
+-------------+
Basis set = sto-6g

*** Geometry ******************************
  N     2.0000000    0.0000000    0.0000000
  N     0.0000000    0.0000000    0.0000000
*******************************************

Symmetry Dooh : D2h(Abelian)
E[FCI]    = -108.496341008806     (Spin = 1   Ms = 0)
E[HF]     = -107.928689936689     (Spin = 1   Ms = 0)
Projecting to spin space : s = 0.0    Ms = 0 
             Grid points : (alpha, beta, gamma) = (0, 2, 0)
TODO: Pauli_list is not supported for ansatz = opt_puccd.
Tapering-Off Results:
List of redundant qubits:  [0, 1, 2, 4, 6]
Qubit: 0    Tau: 1.0 [Z0 Z3 Z5 Z7 Z9 Z10]
Qubit: 1    Tau: 1.0 [Z1 Z3 Z5 Z7 Z9 Z11]
Qubit: 2    Tau: 1.0 [Z2 Z3 Z8 Z9]
Qubit: 4    Tau: 1.0 [Z4 Z5 Z8 Z9 Z10 Z11]
Qubit: 6    Tau: 1.0 [Z6 Z7 Z8 Z9 Z10 Z11]

TODO: Pauli_list is not supported for ansatz = opt_puccd.
Projecting to spin space : s = 0.0    Ms = 0 
             Grid points : (alpha, beta, gamma) = (0, 2, 0)
NBasis = 10

[Molecular Orbitals]
---+-------+------------+------------------
 # |  Sym  |   energy   |     category
---+-------+------------+------------------
 0 |   Ag  |   -15.5791 | Frozen Core
 1 |  B1u  |   -15.5790 | Frozen Core
 2 |   Ag  |    -0.9785 | Frozen Core
 3 |  B1u  |    -0.8375 | Frozen Core
 4 |   Ag  |    -0.3243 | Active (occupied)
 5 |  B2u  |    -0.2451 | Active (occupied)
 6 |  B3u  |    -0.2451 | Active (occupied)
 7 |  B2g  |     0.0684 | Active (virtual)
 8 |  B3g  |     0.0684 | Active (virtual)
 9 |  B1u  |     0.2116 | Active (virtual)
---+-------+------------+------------------

Tapering-Off Results:
List of redundant qubits:  [0, 1, 2, 4, 6]
Qubit: 0    Tau: 1.0 [Z0 Z3 Z5 Z7 Z9 Z10]
Qubit: 1    Tau: 1.0 [Z1 Z3 Z5 Z7 Z9 Z11]
Qubit: 2    Tau: 1.0 [Z2 Z3 Z8 Z9]
Qubit: 4    Tau: 1.0 [Z4 Z5 Z8 Z9 Z10 Z11]
Qubit: 6    Tau: 1.0 [Z6 Z7 Z8 Z9 Z10 Z11]

Entered VQE driver
Number of parameters: Singles 18    Doubles 99    Total 117
Performing VQE for opt_puccd
Number of VQE parameters: 117
Initial configuration: |000000111111>
Convergence criteria: ftol = 1E-09, gtol = 1E-05
Derivatives: Analytical
Circuit order: Exp[T1] Exp[T2] |0>
Initial E[opt_puccd] = -108.496335973674  <S**2> = +0.000000000000004  rho = 1
     1: E[opt_puccd] = -108.496336001703  <S**2> = -0.000000000000003  Grad = 7.17e-04  CPU Time =  2.82  (0.07 / step)
State before projection
      Basis              Coef
| 000000111111 > : +0.3926 +0.0000i
| 000011001111 > : -0.2798 +0.0000i
| 000011110110 > : -0.1870 +0.0000i
| 000011111001 > : -0.1869 +0.0000i
| 000101101011 > : +0.2441 +0.0000i
| 000110011011 > : +0.1415 +0.0000i
| 000110100111 > : -0.2945 +0.0000i
| 001100110011 > : -0.2795 +0.0000i
| 001111000011 > : +0.2131 +0.0000i
| 010010101101 > : -0.2182 +0.0000i
| 010100111010 > : +0.1368 +0.0000i
| 011110100001 > : +0.1803 +0.0000i
| 110000111100 > : -0.1344 +0.0000i
| 110011001100 > : +0.1168 +0.0000i
| 110110100100 > : +0.1335 +0.0000i
| 111100110000 > : +0.1172 +0.0000i
| 111111000000 > : -0.1099 +0.0000i


----Amplitudes----
1a 3a -> 4a 5a : -0.0126317697
2a 3a -> 4a 5a : 0.0514423946
1a 2a -> 4a 6a : -0.0199381245
2a 3a -> 4a 6a : 0.0197449389
1a 2a -> 5a 6a : 0.0347236200
2a 1b -> 4a 4b : 0.0461753825
1a 2b -> 4a 4b : 0.0493350297
3a 3b -> 4a 4b : 0.1211656108
2a 1b -> 5a 4b : 0.0290790930
3a 1b -> 5a 4b : 0.0249904483
1a 2b -> 5a 4b : 0.0213945156
2a 2b -> 5a 4b : -0.0197352211
3a 2b -> 5a 4b : 0.1152124664
2a 3b -> 5a 4b : -0.0601014264
3a 3b -> 5a 4b : -0.0104254785
1a 1b -> 6a 4b : -0.0160909584
2a 1b -> 6a 4b : 0.0140259966
3a 1b -> 6a 4b : 0.0983423925
1a 2b -> 6a 4b : 0.0345809120
3a 2b -> 6a 4b : -0.0376716356
1a 3b -> 6a 4b : -0.0247369178
3a 3b -> 6a 4b : 0.0249213392
1a 1b -> 4a 5b : -0.0140753961
2a 1b -> 4a 5b : -0.0137660991
3a 1b -> 4a 5b : 0.0145984436
1a 2b -> 4a 5b : -0.0271575052
2a 2b -> 4a 5b : -0.0220968963
3a 2b -> 4a 5b : -0.0186998915
2a 3b -> 4a 5b : 0.0325971325
3a 3b -> 4a 5b : -0.0108518305
3a 1b -> 5a 5b : -0.0124598261
1a 2b -> 5a 5b : 0.0134842864
2a 2b -> 5a 5b : 0.1387981092
3a 2b -> 5a 5b : 0.0185323771
1a 3b -> 5a 5b : -0.0150025798
2a 3b -> 5a 5b : 0.0183345176
2a 1b -> 6a 5b : 0.0391333957
1a 2b -> 6a 5b : -0.0425283888
3a 2b -> 6a 5b : -0.0112542509
2a 3b -> 6a 5b : -0.0225109287
3a 3b -> 6a 5b : -0.0391475565
1a 1b -> 4a 6b : -0.0244784922
3a 1b -> 4a 6b : 0.0202860260
1a 2b -> 4a 6b : 0.0287281440
3a 2b -> 4a 6b : -0.0457527077
1a 3b -> 4a 6b : 0.0444041593
3a 3b -> 4a 6b : 0.0270574287
2a 1b -> 5a 6b : -0.0551511606
3a 1b -> 5a 6b : -0.0232154890
1a 2b -> 5a 6b : 0.0352377278
3a 2b -> 5a 6b : 0.0171249551
1a 3b -> 5a 6b : -0.0313951401
3a 3b -> 5a 6b : -0.0422015183
1a 1b -> 6a 6b : 0.0802735114
3a 1b -> 6a 6b : -0.0200641086
1a 3b -> 6a 6b : -0.0197887158
1b 2b -> 4b 5b :-0.0197456312
2b 3b -> 4b 5b :-0.0494221782
1b 3b -> 4b 6b :-0.0381166365
1b 2b -> 5b 6b :-0.0129002665
1b 3b -> 5b 6b :0.0114540261
------------------
 Final: E[opt_puccd] = -108.496336001703  <S**2> = -0.000000000000003  rho = 1
      Basis              Coef
| 000000111111 > : +0.3926 +0.0000i
| 000011001111 > : -0.2798 +0.0000i
| 000011110110 > : -0.1870 +0.0000i
| 000011111001 > : -0.1869 +0.0000i
| 000101101011 > : +0.2441 +0.0000i
| 000110011011 > : +0.1415 +0.0000i
| 000110100111 > : -0.2945 +0.0000i
| 001100110011 > : -0.2795 +0.0000i
| 001111000011 > : +0.2131 +0.0000i
| 010010101101 > : -0.2182 +0.0000i
| 010100111010 > : +0.1368 +0.0000i
| 011110100001 > : +0.1803 +0.0000i
| 110000111100 > : -0.1344 +0.0000i
| 110011001100 > : +0.1168 +0.0000i
| 110110100100 > : +0.1335 +0.0000i
| 111100110000 > : +0.1172 +0.0000i
| 111111000000 > : -0.1099 +0.0000i


----Amplitudes----
1a 3a -> 4a 5a : -0.0126317697
2a 3a -> 4a 5a : 0.0514423946
1a 2a -> 4a 6a : -0.0199381245
2a 3a -> 4a 6a : 0.0197449389
1a 2a -> 5a 6a : 0.0347236200
2a 1b -> 4a 4b : 0.0461753825
1a 2b -> 4a 4b : 0.0493350297
3a 3b -> 4a 4b : 0.1211656108
2a 1b -> 5a 4b : 0.0290790930
3a 1b -> 5a 4b : 0.0249904483
1a 2b -> 5a 4b : 0.0213945156
2a 2b -> 5a 4b : -0.0197352211
3a 2b -> 5a 4b : 0.1152124664
2a 3b -> 5a 4b : -0.0601014264
3a 3b -> 5a 4b : -0.0104254785
1a 1b -> 6a 4b : -0.0160909584
2a 1b -> 6a 4b : 0.0140259966
3a 1b -> 6a 4b : 0.0983423925
1a 2b -> 6a 4b : 0.0345809120
3a 2b -> 6a 4b : -0.0376716356
1a 3b -> 6a 4b : -0.0247369178
3a 3b -> 6a 4b : 0.0249213392
1a 1b -> 4a 5b : -0.0140753961
2a 1b -> 4a 5b : -0.0137660991
3a 1b -> 4a 5b : 0.0145984436
1a 2b -> 4a 5b : -0.0271575052
2a 2b -> 4a 5b : -0.0220968963
3a 2b -> 4a 5b : -0.0186998915
2a 3b -> 4a 5b : 0.0325971325
3a 3b -> 4a 5b : -0.0108518305
3a 1b -> 5a 5b : -0.0124598261
1a 2b -> 5a 5b : 0.0134842864
2a 2b -> 5a 5b : 0.1387981092
3a 2b -> 5a 5b : 0.0185323771
1a 3b -> 5a 5b : -0.0150025798
2a 3b -> 5a 5b : 0.0183345176
2a 1b -> 6a 5b : 0.0391333957
1a 2b -> 6a 5b : -0.0425283888
3a 2b -> 6a 5b : -0.0112542509
2a 3b -> 6a 5b : -0.0225109287
3a 3b -> 6a 5b : -0.0391475565
1a 1b -> 4a 6b : -0.0244784922
3a 1b -> 4a 6b : 0.0202860260
1a 2b -> 4a 6b : 0.0287281440
3a 2b -> 4a 6b : -0.0457527077
1a 3b -> 4a 6b : 0.0444041593
3a 3b -> 4a 6b : 0.0270574287
2a 1b -> 5a 6b : -0.0551511606
3a 1b -> 5a 6b : -0.0232154890
1a 2b -> 5a 6b : 0.0352377278
3a 2b -> 5a 6b : 0.0171249551
1a 3b -> 5a 6b : -0.0313951401
3a 3b -> 5a 6b : -0.0422015183
1a 1b -> 6a 6b : 0.0802735114
3a 1b -> 6a 6b : -0.0200641086
1a 3b -> 6a 6b : -0.0197887158
1b 2b -> 4b 5b :-0.0197456312
2b 3b -> 4b 5b :-0.0494221782
1b 3b -> 4b 6b :-0.0381166365
1b 2b -> 5b 6b :-0.0129002665
1b 3b -> 5b 6b :0.0114540261
------------------
HUg [-46.99382400106613 -86.61570005007245]
Ug [0.432401816498601 0.79906395437353 ]
