///////////////////////////////////////////////////////////////////////////////////
///                                                                             ///
///                                                                             ///
///              QQQ       UUU  UUU    KKK   KK    EEEEEEE    TTTTTTT           ///
///             Q   Q       u    U      K   K       E    E    T  T  T           ///
///            Q     Q      U    U      K  K        E  E         T              ///
///            Q     Q      U    U      KKK         EEEE         T              ///
///            Q QQQ Q      U    U      K  K        E  E         T              ///
///             Q   Q       U    U      K   K       E    E       T              ///
///              QQQ QQ      UUUU      KKK   KK    EEEEEEE      TTT             ///
///                                                                             ///
///                      Quantum Computing Simulator Ver 0.9                    ///
///                                                                             ///
///        Copyright 2019-2022                                                  ///
///        The Quket Developers                                                 ///
///        All rights Reserved.                                                 ///
///                                                                             ///
///////////////////////////////////////////////////////////////////////////////////
2022-08-06 23:29:50.803114: 
8 processes x 4 = Total 32 cores
API for qulacs: None
Number of cpus in the main node (pinode01): 8

##################### INPUT ########################
basis       = 6-31g**
ansatz      = uccd
oo          = True
maxiter     = 100
n_orbitals  = 5
n_electrons = 6
multiplicity = 1
charge       = 0
taper_off   = True
#n_secondary_orbitals = 0
geometry:
   O
   H 1 0.9614
   H 1 0.9614 2 104.5136

####################################################

+-------------+
|  Job #   1  |
+-------------+
Basis set = 6-31g**

*** Geometry ******************************
  O     0.0000000    0.0000000    0.0000000
  H     0.9614000    0.0000000    0.0000000
  H    -0.2409363    0.0000000    0.9307200
*******************************************

Symmetry C2v : C2v(Abelian)
E[FCI]    = -76.028720259868     (Spin = 1   Ms = 0)
E[HF]     = -76.022363773732     (Spin = 1   Ms = 0)
Tapering-Off Results:
List of redundant qubits:  [0, 1, 2, 4]
Qubit: 0    Tau: 1.0 [Z0 Z3 Z5 Z7 Z8]
Qubit: 1    Tau: 1.0 [Z1 Z3 Z5 Z7 Z9]
Qubit: 2    Tau: 1.0 [Z2 Z3 Z6 Z7]
Qubit: 4    Tau: 1.0 [Z4 Z5]

States     transformed.
Operators  transformed.
pauli_list transformed.
theta_list transformed.
NBasis = 24

[Molecular Orbitals]
---+-------+------------+------------------
 # |  Sym  |   energy   |     category
---+-------+------------+------------------
 0 |   A1  |   -20.5584 | Frozen Core
 1 |   A1  |    -1.3377 | Frozen Core
 2 |   B1  |    -0.7007 | Active (occupied)
 3 |   A1  |    -0.5677 | Active (occupied)
 4 |   B2  |    -0.4963 | Active (occupied)
 5 |   A1  |     0.2147 | Active (virtual)
 6 |   B1  |     0.3040 | Active (virtual)
 7 |   B1  |     1.0027 | Secondary
 8 |   A1  |     1.0854 | Secondary
 9 |   B2  |     1.1695 | Secondary
10 |   A1  |     1.1919 | Secondary
11 |   B1  |     1.2952 | Secondary
12 |   A1  |     1.5986 | Secondary
13 |   A2  |     1.8035 | Secondary
14 |   A1  |     1.8308 | Secondary
15 |   B2  |     1.9255 | Secondary
16 |   B1  |     2.5719 | Secondary
17 |   A1  |     2.5870 | Secondary
18 |   B1  |     2.7994 | Secondary
19 |   A2  |     2.9755 | Secondary
20 |   B2  |     2.9857 | Secondary
21 |   A1  |     3.3705 | Secondary
22 |   A1  |     3.7353 | Secondary
23 |   B1  |     3.9207 | Secondary
---+-------+------------+------------------

Tapering-Off Results:
List of redundant qubits:  [0, 1, 2, 4]
Qubit: 0    Tau: 1.0 [Z0 Z3 Z5 Z7 Z8]
Qubit: 1    Tau: 1.0 [Z1 Z3 Z5 Z7 Z9]
Qubit: 2    Tau: 1.0 [Z2 Z3 Z6 Z7]
Qubit: 4    Tau: 1.0 [Z4 Z5]

Current states are already tapered-off. No transformation done
Current operators are already tapered-off. No transformation done
pauli_list transformed.
Current theta_list is already tapered-off. No transformation done
Entered VQE driver
Performing VQE for uccd
Number of VQE parameters: 12
Initial configuration: |111111>
Convergence criteria: ftol = 1E-09, gtol = 1E-05
Derivatives: Analytical
Circuit order: Exp[T1] Exp[T2] |0>
Initial: E[uccd] = -76.022363773732  <S**2> = +0.000000  rho = 1  
      1: E[uccd] = -76.028301874435  <S**2> = +0.000000  Grad = 2.75e-02  CPU Time =    0.03560  (0.00 / step)
      2: E[uccd] = -76.028435244686  <S**2> = +0.000000  Grad = 1.58e-03  CPU Time =    0.01234  (0.00 / step)
      3: E[uccd] = -76.028435766017  <S**2> = +0.000000  Grad = 3.38e-04  CPU Time =    0.01294  (0.00 / step)
      4: E[uccd] = -76.028435793130  <S**2> = +0.000000  Grad = 1.89e-05  CPU Time =    0.01289  (0.00 / step)
  Final: E[uccd] = -76.028435793130  <S**2> = +0.000000  rho = 1 

(uccd state)
   Basis           Coef
| 000011 > : +0.9980 +0.0000i


VQE Done: CPU Time =          0.0938

States     backtransformed.
Operators  backtransformed.
pauli_list backtransformed.
theta_list backtransformed.


""""""""""""""""""""""""""""""""""""""
     Orbital-Optimization Cycle 1
""""""""""""""""""""""""""""""""""""""

 === Computing 1RDM === 
 === Computing 2RDM === 
Running Davidson to get update by AH
Target lowest eigenvalue of augmented Hessian:  -0.03346850168521132  (C0 = -0.5859736308965345)
Golden Section done in 3



||g|| = 0.04330593719717423 ---> Updated with scaling factor 0.9688470506254732


Next energy estimation:  -76.05350918429839
States     transformed.
Operators  transformed.
pauli_list transformed.
theta_list transformed.
Entered VQE driver
Performing VQE for uccd
Number of VQE parameters: 12
Initial configuration: |111111>
Convergence criteria: ftol = 1E-09, gtol = 1E-05
Derivatives: Analytical
Circuit order: Exp[T1] Exp[T2] |0>
Initial: E[uccd] = -76.053509184298  <S**2> = +0.000000  rho = 1  
      1: E[uccd] = -76.068125836035  <S**2> = +0.000000  Grad = 5.67e-02  CPU Time =    0.27876  (0.00 / step)
      2: E[uccd] = -76.068501938424  <S**2> = +0.000000  Grad = 9.20e-03  CPU Time =    0.01178  (0.00 / step)
      3: E[uccd] = -76.068512564304  <S**2> = +0.000000  Grad = 6.41e-04  CPU Time =    0.00690  (0.00 / step)
      4: E[uccd] = -76.068512615468  <S**2> = +0.000000  Grad = 3.57e-05  CPU Time =    0.00705  (0.00 / step)
  Final: E[uccd] = -76.068512615468  <S**2> = +0.000000  rho = 1 

(uccd state)
   Basis           Coef
| 000011 > : +0.9909 +0.0000i


VQE Done: CPU Time =          0.3123


States     backtransformed.
Operators  backtransformed.
pauli_list backtransformed.
theta_list backtransformed.


""""""""""""""""""""""""""""""""""""""
     Orbital-Optimization Cycle 2
""""""""""""""""""""""""""""""""""""""

 === Computing 1RDM === 
 === Computing 2RDM === 
Running Davidson to get update by AH
Target lowest eigenvalue of augmented Hessian:  -0.00892147471160285  (C0 = 0.9061126777768543)
Golden Section done in 0



deltaE = -0.04007682233823573    ||g|| = 0.10545872554268863 ---> Updated with scaling factor 0.75


Next energy estimation:  -76.0727579470967
States     transformed.
Operators  transformed.
pauli_list transformed.
theta_list transformed.
Entered VQE driver
Performing VQE for uccd
Number of VQE parameters: 12
Initial configuration: |111111>
Convergence criteria: ftol = 1E-09, gtol = 1E-05
Derivatives: Analytical
Circuit order: Exp[T1] Exp[T2] |0>
Initial: E[uccd] = -76.072757947097  <S**2> = +0.000000  rho = 1  
      1: E[uccd] = -76.073196736549  <S**2> = +0.000000  Grad = 1.02e-02  CPU Time =    0.32037  (0.00 / step)
      2: E[uccd] = -76.073209801092  <S**2> = +0.000000  Grad = 1.40e-03  CPU Time =    0.00732  (0.00 / step)
      3: E[uccd] = -76.073209985098  <S**2> = +0.000000  Grad = 2.84e-04  CPU Time =    0.00713  (0.00 / step)
      4: E[uccd] = -76.073209992768  <S**2> = +0.000000  Grad = 2.92e-05  CPU Time =    0.00728  (0.00 / step)
  Final: E[uccd] = -76.073209992768  <S**2> = +0.000000  rho = 1 

(uccd state)
   Basis           Coef
| 000011 > : +0.9895 +0.0000i


VQE Done: CPU Time =          0.3496


States     backtransformed.
Operators  backtransformed.
pauli_list backtransformed.
theta_list backtransformed.


""""""""""""""""""""""""""""""""""""""
     Orbital-Optimization Cycle 3
""""""""""""""""""""""""""""""""""""""

 === Computing 1RDM === 
 === Computing 2RDM === 
Running Davidson to get update by AH
Target lowest eigenvalue of augmented Hessian:  -0.0006901701132970226  (C0 = -0.9969298995749627)
Golden Section done in 0



deltaE = -0.00469737730040265    ||g|| = 0.028339105345804597 ---> Updated with scaling factor 0.75


Next energy estimation:  -76.07353377112155
States     transformed.
Operators  transformed.
pauli_list transformed.
theta_list transformed.
Entered VQE driver
Performing VQE for uccd
Number of VQE parameters: 12
Initial configuration: |111111>
Convergence criteria: ftol = 1E-09, gtol = 1E-05
Derivatives: Analytical
Circuit order: Exp[T1] Exp[T2] |0>
Initial: E[uccd] = -76.073533771122  <S**2> = +0.000000  rho = 1  
      1: E[uccd] = -76.073553819608  <S**2> = +0.000000  Grad = 2.07e-03  CPU Time =    0.30388  (0.00 / step)
      2: E[uccd] = -76.073554375500  <S**2> = +0.000000  Grad = 2.44e-04  CPU Time =    0.00723  (0.00 / step)
      3: E[uccd] = -76.073554381554  <S**2> = +0.000000  Grad = 5.03e-05  CPU Time =    0.00714  (0.00 / step)
  Final: E[uccd] = -76.073554381554  <S**2> = +0.000000  rho = 1 

(uccd state)
   Basis           Coef
| 000011 > : +0.9892 +0.0000i


VQE Done: CPU Time =          0.3257


States     backtransformed.
Operators  backtransformed.
pauli_list backtransformed.
theta_list backtransformed.


""""""""""""""""""""""""""""""""""""""
     Orbital-Optimization Cycle 4
""""""""""""""""""""""""""""""""""""""

 === Computing 1RDM === 
 === Computing 2RDM === 
Running Davidson to get update by AH
Target lowest eigenvalue of augmented Hessian:  -7.34346719029025e-05  (C0 = 0.9996804961315119)
Golden Section done in 0



deltaE = -0.0003443887859617689    ||g|| = 0.00810181458949309 ---> Updated with scaling factor 0.75


Next energy estimation:  -76.07358879696935
States     transformed.
Operators  transformed.
pauli_list transformed.
theta_list transformed.
Entered VQE driver
Performing VQE for uccd
Number of VQE parameters: 12
Initial configuration: |111111>
Convergence criteria: ftol = 1E-09, gtol = 1E-05
Derivatives: Analytical
Circuit order: Exp[T1] Exp[T2] |0>
Initial: E[uccd] = -76.073588796969  <S**2> = +0.000000  rho = 1  
      1: E[uccd] = -76.073591154790  <S**2> = +0.000000  Grad = 6.70e-04  CPU Time =    0.16673  (0.00 / step)
      2: E[uccd] = -76.073591213807  <S**2> = +0.000000  Grad = 7.31e-05  CPU Time =    0.09129  (0.00 / step)
  Final: E[uccd] = -76.073591213807  <S**2> = +0.000000  rho = 1 

(uccd state)
   Basis           Coef
| 000011 > : +0.9891 +0.0000i


VQE Done: CPU Time =          0.2655


States     backtransformed.
Operators  backtransformed.
pauli_list backtransformed.
theta_list backtransformed.


""""""""""""""""""""""""""""""""""""""
     Orbital-Optimization Cycle 5
""""""""""""""""""""""""""""""""""""""

 === Computing 1RDM === 
 === Computing 2RDM === 
Running Davidson to get update by AH
Target lowest eigenvalue of augmented Hessian:  -8.441198444642137e-06  (C0 = 0.9999619442315466)
Golden Section done in 0



deltaE = -3.683225294537351e-05    ||g|| = 0.002423279490976882 ---> Updated with scaling factor 0.75


Next energy estimation:  -76.07359516990905
States     transformed.
Operators  transformed.
pauli_list transformed.
theta_list transformed.
Entered VQE driver
Performing VQE for uccd
Number of VQE parameters: 12
Initial configuration: |111111>
Convergence criteria: ftol = 1E-09, gtol = 1E-05
Derivatives: Analytical
Circuit order: Exp[T1] Exp[T2] |0>
Initial: E[uccd] = -76.073595169909  <S**2> = +0.000000  rho = 1  
      1: E[uccd] = -76.073595478869  <S**2> = +0.000000  Grad = 2.44e-04  CPU Time =    0.28738  (0.00 / step)
      2: E[uccd] = -76.073595486707  <S**2> = +0.000000  Grad = 2.83e-05  CPU Time =    0.00693  (0.00 / step)
  Final: E[uccd] = -76.073595486707  <S**2> = +0.000000  rho = 1 

(uccd state)
   Basis           Coef
| 000011 > : +0.9890 +0.0000i


VQE Done: CPU Time =          0.3015


States     backtransformed.
Operators  backtransformed.
pauli_list backtransformed.
theta_list backtransformed.


""""""""""""""""""""""""""""""""""""""
     Orbital-Optimization Cycle 6
""""""""""""""""""""""""""""""""""""""

 === Computing 1RDM === 
 === Computing 2RDM === 
Running Davidson to get update by AH
Target lowest eigenvalue of augmented Hessian:  -1.0447855091603787e-06  (C0 = 0.9999951506451377)
Golden Section done in 0



deltaE = -4.272899730040081e-06    ||g|| = 0.0007759010204538904 ---> Updated with scaling factor 0.75


Next energy estimation:  -76.07359597640732
States     transformed.
Operators  transformed.
pauli_list transformed.
theta_list transformed.
Entered VQE driver
Performing VQE for uccd
Number of VQE parameters: 12
Initial configuration: |111111>
Convergence criteria: ftol = 1E-09, gtol = 1E-05
Derivatives: Analytical
Circuit order: Exp[T1] Exp[T2] |0>
Initial: E[uccd] = -76.073595976407  <S**2> = +0.000000  rho = 1  
      1: E[uccd] = -76.073596018032  <S**2> = +0.000000  Grad = 8.87e-05  CPU Time =    0.33443  (0.00 / step)
  Final: E[uccd] = -76.073596018032  <S**2> = +0.000000  rho = 1 

(uccd state)
   Basis           Coef
| 000011 > : +0.9890 +0.0000i


VQE Done: CPU Time =          0.3424


States     backtransformed.
Operators  backtransformed.
pauli_list backtransformed.
theta_list backtransformed.


""""""""""""""""""""""""""""""""""""""
     Orbital-Optimization Cycle 7
""""""""""""""""""""""""""""""""""""""

 === Computing 1RDM === 
 === Computing 2RDM === 
Running Davidson to get update by AH
Target lowest eigenvalue of augmented Hessian:  -1.239590494761971e-07  (C0 = 0.9999994178944388)
Golden Section done in 0



deltaE = -5.313249289429223e-07    ||g|| = 0.0002540001390261496 ---> Updated with scaling factor 0.75


Next energy estimation:  -76.07359607613562
States     transformed.
Operators  transformed.
pauli_list transformed.
theta_list transformed.
Entered VQE driver
Performing VQE for uccd
Number of VQE parameters: 12
Initial configuration: |111111>
Convergence criteria: ftol = 1E-09, gtol = 1E-05
Derivatives: Analytical
Circuit order: Exp[T1] Exp[T2] |0>
Initial: E[uccd] = -76.073596076136  <S**2> = +0.000000  rho = 1  
      1: E[uccd] = -76.073596086559  <S**2> = +0.000000  Grad = 4.15e-05  CPU Time =    0.32001  (0.00 / step)
  Final: E[uccd] = -76.073596086559  <S**2> = +0.000000  rho = 1 

(uccd state)
   Basis           Coef
| 000011 > : +0.9890 +0.0000i


VQE Done: CPU Time =          0.3276


States     backtransformed.
Operators  backtransformed.
pauli_list backtransformed.
theta_list backtransformed.


""""""""""""""""""""""""""""""""""""""
     Orbital-Optimization Cycle 8
""""""""""""""""""""""""""""""""""""""

 === Computing 1RDM === 
 === Computing 2RDM === 
Running Davidson to get update by AH
Target lowest eigenvalue of augmented Hessian:  -1.895067111469082e-08  (C0 = 0.9999999079820038)
Golden Section done in 0


"""""""""""""""""""""""""""""""""""""""""""""""""""""""
     Convergence of orbital optimizer with 7 cycles
"""""""""""""""""""""""""""""""""""""""""""""""""""""""
  Final: E[oo-uccd] = -76.07359608655946 
Current states are not tapered-off. No back-transformation done
Current operators are not tapered-off. No back-transformation done
Current pauli_list is not tapered-off. No back-transformation done
Current theta_list is not tapered-off. No back-transformation done
uccd (vqe) 
     Basis             Coef
| 0000111111 > : +0.9890 +0.0000i

 === Computing 1RDM === 

Dipole moment from 1RDM (in Debye):
x = 1.26100  y = -0.00000  z = 1.62901
| mu | = 2.06005

Dipole moment from relaxed 1RDM (in Debye):
x = 1.26098     y = -0.00000    z = 1.62898
| mu | = 2.06001
Saved in ./h2o_oo-uccd.qkt.
Normal termination of quket at 2022-08-06 23:30:04.263500
