///////////////////////////////////////////////////////////////////////////////////
///                                                                             ///
///                                                                             ///
///              QQQ       UUU  UUU    KKK   KK    EEEEEEE    TTTTTTT           ///
///             Q   Q       u    U      K   K       E    E    T  T  T           ///
///            Q     Q      U    U      K  K        E  E         T              ///
///            Q     Q      U    U      KKK         EEEE         T              ///
///            Q QQQ Q      U    U      K  K        E  E         T              ///
///             Q   Q       U    U      K   K       E    E       T              ///
///              QQQ QQ      UUUU      KKK   KK    EEEEEEE      TTT             ///
///                                                                             ///
///                      Quantum Computing Simulator Ver 0.9.4                  ///
///                                                                             ///
///        Copyright 2019-2022                                                  ///
///        The Quket Developers                                                 ///
///        All rights Reserved.                                                 ///
///                                                                             ///
///////////////////////////////////////////////////////////////////////////////////
2022-09-16 00:05:22.747848: 
16 processes x 2 = Total 32 cores
API for qulacs: openmp
Number of cpus in the main node (pinode01): 16

##################### INPUT ########################
basis = sto-3G
multiplicity = 1
charge = 0
n_electrons = 4
n_orbitals = 6
geometry 
  Li 0 0 0.72 
  H 1.29 0.6 0
maxiter = 100
method = vqe
ansatz = uccd
rho = 1
1rdm = True
2rdm = True
debug=true
theta_guess =read
####################################################

+-------------+
|  Job #   1  |
+-------------+
+----------------+
| CHEMICAL STATE |
+----------------+
	basis=sto-3G
	mo_basis=hf
	n_orbitals=6
	n_frozen_orbitals=0
	n_core_orbitals=0
	n_active_orbitals=6
	n_frozenv_orbitals=0
	n_secondary_orbitals=0
	n_electrons=4
	n_active_electrons=4
	excitation
	include={'c': 'a/s', 'a': 'a/s', 'cc': 'aa/as/ss', 'ca': 'aa/as/ss', 'aa': 'aa/as/ss'}
Basis set = sto-3G

*** Geometry ******************************
  Li    0.0000000    0.0000000    0.7200000
  H     1.2900000    0.6000000    0.0000000
*******************************************

Symmetry Coov : C2v(Abelian)
E[FCI]    = -7.882408973195     (Spin = 1   Ms = 0)
E[HF]     = -7.862038649178     (Spin = 1   Ms = 0)

Point Group Symmetry:
  SymmOP \ IRREP              A1              A1              A1              A1              A1              A1              B1              B1              B2              B2              A1              A1
             C2x               1               1               1               1               1               1              -1              -1              -1              -1               1               1
         Sigv^xz               1               1               1               1               1               1               1               1              -1              -1               1               1
         Sigv^yz               1               1               1               1               1               1              -1              -1               1               1               1               1

Tapering success! New Hamiltoninan verified.
Replaced redundent qubits by their eigenvalues.
Tapering-Off Results:
qubit    coeff    commutativity    tau
    0        1            1e-15    1.0 [Z0 Z2 Z4 Z7 Z9 Z10]
    1        1            1e-15    1.0 [Z1 Z3 Z5 Z7 Z9 Z11]
    6        1            1e-15    1.0 [Z6 Z7]
    8        1            1e-15    1.0 [Z8 Z9]

Tapering-off algorithm finished in 0.2695448398590088 s

Qubit: 0    Tau: 1.0 [Z0 Z2 Z4 Z7 Z9 Z10]
Qubit: 1    Tau: 1.0 [Z1 Z3 Z5 Z7 Z9 Z11]
Qubit: 6    Tau: 1.0 [Z6 Z7]
Qubit: 8    Tau: 1.0 [Z8 Z9]

Symmetry-forbidden pauli operators are removed.
Using update_pauli1 for evolve: 1.30 times faster
2022-09-16 00:05:24.109564:  QuketData initialized
NBasis = 6

[Molecular Orbitals]
---+-------+------------+------------------
 # |  Sym  |   energy   |     category
---+-------+------------+------------------
 0 |   A1  |    -2.3486 | Active (occupied)
 1 |   A1  |    -0.2857 | Active (occupied)
 2 |   A1  |     0.0783 | Active (virtual)
 3 |   B1  |     0.1639 | Active (virtual)
 4 |   B2  |     0.1639 | Active (virtual)
 5 |   A1  |     0.5492 | Active (virtual)
---+-------+------------+------------------


MO coeff

  eig  |  -2.34863551292202  |  -0.28573689346852  |   0.07826518697126  |   0.16393817934389  |   0.16393817934389  |   0.54923438724498  |
       ------------------------------------------------------------------------------------------
    0      0.99124500430117     -0.16744845114072     -0.20997266084610      0.00000000000000      0.00000000000000      0.09279179325792  
    1      0.03267596030932      0.45475974184626      0.79962271564850      0.00000000000000      0.00000000000000     -0.70487641194119  
    2     -0.00513726375476      0.28009335917896     -0.49523606105582     -0.00000000000000      0.58778118859293     -0.79374205760511  
    3     -0.00238942500221      0.13027598101347     -0.23034235397945      0.76822127959738     -0.51792194896508     -0.36918235237447  
    4      0.00286731000266     -0.15633117721616      0.27641082477534      0.64018439966448      0.62150633875810      0.44301882284937  
    5      0.00447905379344      0.54875863724519     -0.13976590649758      0.00000000000000      0.00000000000000      1.18757118415669  


Overlap

                      0                     1                     2                     3                     4                     5          

    0      1.00000000000000      0.24113665118392      0.00000000000000      0.00000000000000      0.00000000000000      0.06729923497459  
    1      0.24113665118392      1.00000000000000      0.00000000000000      0.00000000000000     -0.00000000000000      0.39663945623209  
    2      0.00000000000000      0.00000000000000      1.00000000000000      0.00000000000000      0.00000000000000      0.41578325526191  
    3      0.00000000000000      0.00000000000000      0.00000000000000      1.00000000000000      0.00000000000000      0.19338756058693  
    4      0.00000000000000     -0.00000000000000      0.00000000000000      0.00000000000000      1.00000000000000     -0.23206507270432  
    5      0.06729923497459      0.39663945623209      0.41578325526191      0.19338756058693     -0.23206507270432      1.00000000000000  


Point Group Symmetry:
  SymmOP \ IRREP              A1              A1              A1              A1              A1              A1              B1              B1              B2              B2              A1              A1
             C2x               1               1               1               1               1               1              -1              -1              -1              -1               1               1
         Sigv^xz               1               1               1               1               1               1               1               1              -1              -1               1               1
         Sigv^yz               1               1               1               1               1               1              -1              -1               1               1               1               1

Tapering success! New Hamiltoninan verified.
Replaced redundent qubits by their eigenvalues.
Tapering-Off Results:
qubit    coeff    commutativity    tau
    0        1            1e-15    1.0 [Z0 Z2 Z4 Z7 Z9 Z10]
    1        1            1e-15    1.0 [Z1 Z3 Z5 Z7 Z9 Z11]
    6        1            1e-15    1.0 [Z6 Z7]
    8        1            1e-15    1.0 [Z8 Z9]

Tapering-off algorithm finished in 0.2683899402618408 s

Qubit: 0    Tau: 1.0 [Z0 Z2 Z4 Z7 Z9 Z10]
Qubit: 1    Tau: 1.0 [Z1 Z3 Z5 Z7 Z9 Z11]
Qubit: 6    Tau: 1.0 [Z6 Z7]
Qubit: 8    Tau: 1.0 [Z8 Z9]

2022-09-16 00:05:24.732000:  Enter VQE_driver
Entered VQE driver
secondary: 0, vir: (4, 4), act: (2, 2), core: 0
ndim1: 0, ndim2: 76
Performing VQE for uccd
Number of VQE parameters: 76
Initial configuration: |000000001111>
Convergence criteria: ftol = 1E-09, gtol = 1E-05
Derivatives: Analytical
Circuit order: Exp[T1] Exp[T2] |0>
Time for state preparation in cost 0.02174
Time for expectation value in cost 0.00094
Initial: E[uccd] = -7.819153285278  <S**2> = +0.035429  rho = 1  
Time for state preparation in cost 0.02124
Time for expectation value in cost 0.00075
 cost =    -7.8191532852776486    ||g|| = 9.55e-01    g_max = 5.30e-01   grad time = 0.043
mpi.rank=0    Initial |H>:  0.004   Initial U!|H>: 0.000    U!|0>:  0.002    U!|H>: 0.002    sigma|0>:  0.003   Inner_product:  0.000
mpi.rank=1    Initial |H>:  0.004   Initial U!|H>: 0.005    U!|0>:  0.002    U!|H>: 0.002    sigma|0>:  0.002   Inner_product:  0.000
mpi.rank=2    Initial |H>:  0.004   Initial U!|H>: 0.009    U!|0>:  0.002    U!|H>: 0.002    sigma|0>:  0.002   Inner_product:  0.000
mpi.rank=3    Initial |H>:  0.004   Initial U!|H>: 0.013    U!|0>:  0.002    U!|H>: 0.002    sigma|0>:  0.003   Inner_product:  0.000
mpi.rank=4    Initial |H>:  0.004   Initial U!|H>: 0.018    U!|0>:  0.002    U!|H>: 0.002    sigma|0>:  0.002   Inner_product:  0.000
mpi.rank=5    Initial |H>:  0.004   Initial U!|H>: 0.022    U!|0>:  0.002    U!|H>: 0.002    sigma|0>:  0.002   Inner_product:  0.000
mpi.rank=6    Initial |H>:  0.004   Initial U!|H>: 0.026    U!|0>:  0.002    U!|H>: 0.002    sigma|0>:  0.002   Inner_product:  0.000
mpi.rank=7    Initial |H>:  0.004   Initial U!|H>: 0.030    U!|0>:  0.002    U!|H>: 0.002    sigma|0>:  0.003   Inner_product:  0.000
mpi.rank=8    Initial |H>:  0.004   Initial U!|H>: 0.026    U!|0>:  0.002    U!|H>: 0.002    sigma|0>:  0.002   Inner_product:  0.000
mpi.rank=9    Initial |H>:  0.004   Initial U!|H>: 0.028    U!|0>:  0.002    U!|H>: 0.002    sigma|0>:  0.003   Inner_product:  0.000
mpi.rank=10    Initial |H>:  0.004   Initial U!|H>: 0.029    U!|0>:  0.002    U!|H>: 0.002    sigma|0>:  0.003   Inner_product:  0.000
mpi.rank=11    Initial |H>:  0.004   Initial U!|H>: 0.030    U!|0>:  0.002    U!|H>: 0.002    sigma|0>:  0.002   Inner_product:  0.000
mpi.rank=12    Initial |H>:  0.004   Initial U!|H>: 0.031    U!|0>:  0.002    U!|H>: 0.002    sigma|0>:  0.002   Inner_product:  0.000
mpi.rank=13    Initial |H>:  0.004   Initial U!|H>: 0.031    U!|0>:  0.002    U!|H>: 0.002    sigma|0>:  0.002   Inner_product:  0.000
mpi.rank=14    Initial |H>:  0.004   Initial U!|H>: 0.032    U!|0>:  0.002    U!|H>: 0.002    sigma|0>:  0.002   Inner_product:  0.000
mpi.rank=15    Initial |H>:  0.004   Initial U!|H>: 0.033    U!|0>:  0.002    U!|H>: 0.002    sigma|0>:  0.002   Inner_product:  0.000
Time for state preparation in cost 0.02125
Time for expectation value in cost 0.00075
 cost =    -5.0962139906165431    ||g|| = 5.07e+00    g_max = 3.99e+00   grad time = 0.043
mpi.rank=0    Initial |H>:  0.004   Initial U!|H>: 0.000    U!|0>:  0.002    U!|H>: 0.002    sigma|0>:  0.003   Inner_product:  0.000
mpi.rank=1    Initial |H>:  0.004   Initial U!|H>: 0.005    U!|0>:  0.002    U!|H>: 0.002    sigma|0>:  0.002   Inner_product:  0.000
mpi.rank=2    Initial |H>:  0.004   Initial U!|H>: 0.009    U!|0>:  0.002    U!|H>: 0.002    sigma|0>:  0.002   Inner_product:  0.000
mpi.rank=3    Initial |H>:  0.004   Initial U!|H>: 0.013    U!|0>:  0.002    U!|H>: 0.002    sigma|0>:  0.003   Inner_product:  0.000
mpi.rank=4    Initial |H>:  0.004   Initial U!|H>: 0.018    U!|0>:  0.002    U!|H>: 0.002    sigma|0>:  0.002   Inner_product:  0.000
mpi.rank=5    Initial |H>:  0.004   Initial U!|H>: 0.022    U!|0>:  0.002    U!|H>: 0.002    sigma|0>:  0.002   Inner_product:  0.000
mpi.rank=6    Initial |H>:  0.004   Initial U!|H>: 0.026    U!|0>:  0.002    U!|H>: 0.002    sigma|0>:  0.002   Inner_product:  0.000
mpi.rank=7    Initial |H>:  0.004   Initial U!|H>: 0.030    U!|0>:  0.002    U!|H>: 0.002    sigma|0>:  0.003   Inner_product:  0.000
mpi.rank=8    Initial |H>:  0.004   Initial U!|H>: 0.026    U!|0>:  0.002    U!|H>: 0.002    sigma|0>:  0.002   Inner_product:  0.000
mpi.rank=9    Initial |H>:  0.004   Initial U!|H>: 0.028    U!|0>:  0.002    U!|H>: 0.002    sigma|0>:  0.003   Inner_product:  0.000
mpi.rank=10    Initial |H>:  0.004   Initial U!|H>: 0.029    U!|0>:  0.002    U!|H>: 0.002    sigma|0>:  0.003   Inner_product:  0.000
mpi.rank=11    Initial |H>:  0.004   Initial U!|H>: 0.030    U!|0>:  0.002    U!|H>: 0.002    sigma|0>:  0.002   Inner_product:  0.000
mpi.rank=12    Initial |H>:  0.004   Initial U!|H>: 0.031    U!|0>:  0.002    U!|H>: 0.002    sigma|0>:  0.002   Inner_product:  0.000
mpi.rank=13    Initial |H>:  0.004   Initial U!|H>: 0.031    U!|0>:  0.002    U!|H>: 0.002    sigma|0>:  0.002   Inner_product:  0.000
mpi.rank=14    Initial |H>:  0.004   Initial U!|H>: 0.032    U!|0>:  0.002    U!|H>: 0.002    sigma|0>:  0.002   Inner_product:  0.000
mpi.rank=15    Initial |H>:  0.004   Initial U!|H>: 0.033    U!|0>:  0.002    U!|H>: 0.002    sigma|0>:  0.002   Inner_product:  0.000
Time for state preparation in cost 0.02117
Time for expectation value in cost 0.00075
 cost =    -7.8688576015790623    ||g|| = 3.55e-01    g_max = 3.05e-01   grad time = 0.042
mpi.rank=0    Initial |H>:  0.004   Initial U!|H>: 0.000    U!|0>:  0.002    U!|H>: 0.002    sigma|0>:  0.002   Inner_product:  0.000
mpi.rank=1    Initial |H>:  0.004   Initial U!|H>: 0.005    U!|0>:  0.002    U!|H>: 0.002    sigma|0>:  0.002   Inner_product:  0.000
mpi.rank=2    Initial |H>:  0.004   Initial U!|H>: 0.009    U!|0>:  0.002    U!|H>: 0.002    sigma|0>:  0.002   Inner_product:  0.000
mpi.rank=3    Initial |H>:  0.004   Initial U!|H>: 0.013    U!|0>:  0.002    U!|H>: 0.002    sigma|0>:  0.003   Inner_product:  0.000
mpi.rank=4    Initial |H>:  0.004   Initial U!|H>: 0.018    U!|0>:  0.002    U!|H>: 0.002    sigma|0>:  0.002   Inner_product:  0.000
mpi.rank=5    Initial |H>:  0.004   Initial U!|H>: 0.022    U!|0>:  0.002    U!|H>: 0.002    sigma|0>:  0.002   Inner_product:  0.000
mpi.rank=6    Initial |H>:  0.004   Initial U!|H>: 0.026    U!|0>:  0.002    U!|H>: 0.002    sigma|0>:  0.002   Inner_product:  0.000
mpi.rank=7    Initial |H>:  0.004   Initial U!|H>: 0.030    U!|0>:  0.002    U!|H>: 0.002    sigma|0>:  0.002   Inner_product:  0.000
mpi.rank=8    Initial |H>:  0.004   Initial U!|H>: 0.026    U!|0>:  0.002    U!|H>: 0.002    sigma|0>:  0.002   Inner_product:  0.000
mpi.rank=9    Initial |H>:  0.004   Initial U!|H>: 0.028    U!|0>:  0.002    U!|H>: 0.002    sigma|0>:  0.003   Inner_product:  0.000
mpi.rank=10    Initial |H>:  0.004   Initial U!|H>: 0.029    U!|0>:  0.002    U!|H>: 0.002    sigma|0>:  0.003   Inner_product:  0.000
mpi.rank=11    Initial |H>:  0.004   Initial U!|H>: 0.030    U!|0>:  0.002    U!|H>: 0.002    sigma|0>:  0.002   Inner_product:  0.000
mpi.rank=12    Initial |H>:  0.004   Initial U!|H>: 0.031    U!|0>:  0.002    U!|H>: 0.002    sigma|0>:  0.002   Inner_product:  0.000
mpi.rank=13    Initial |H>:  0.004   Initial U!|H>: 0.031    U!|0>:  0.002    U!|H>: 0.002    sigma|0>:  0.002   Inner_product:  0.000
mpi.rank=14    Initial |H>:  0.004   Initial U!|H>: 0.032    U!|0>:  0.002    U!|H>: 0.002    sigma|0>:  0.002   Inner_product:  0.000
mpi.rank=15    Initial |H>:  0.004   Initial U!|H>: 0.033    U!|0>:  0.002    U!|H>: 0.002    sigma|0>:  0.002   Inner_product:  0.000
Time for state preparation in cost 0.02117
Time for expectation value in cost 0.00075
      1: E[uccd] = -7.868857601579  <S**2> = +0.010906  Grad = 3.55e-01  CPU Time =    0.49603  (0.00 / step)
Time for state preparation in cost 0.02110
Time for expectation value in cost 0.00074
 cost =    -7.8797887895959837    ||g|| = 1.63e-01    g_max = 1.12e-01   grad time = 0.042
mpi.rank=0    Initial |H>:  0.003   Initial U!|H>: 0.000    U!|0>:  0.002    U!|H>: 0.002    sigma|0>:  0.003   Inner_product:  0.000
mpi.rank=1    Initial |H>:  0.003   Initial U!|H>: 0.005    U!|0>:  0.002    U!|H>: 0.002    sigma|0>:  0.002   Inner_product:  0.000
mpi.rank=2    Initial |H>:  0.003   Initial U!|H>: 0.009    U!|0>:  0.002    U!|H>: 0.002    sigma|0>:  0.002   Inner_product:  0.000
mpi.rank=3    Initial |H>:  0.003   Initial U!|H>: 0.013    U!|0>:  0.002    U!|H>: 0.002    sigma|0>:  0.003   Inner_product:  0.000
mpi.rank=4    Initial |H>:  0.003   Initial U!|H>: 0.018    U!|0>:  0.002    U!|H>: 0.002    sigma|0>:  0.002   Inner_product:  0.000
mpi.rank=5    Initial |H>:  0.003   Initial U!|H>: 0.022    U!|0>:  0.002    U!|H>: 0.002    sigma|0>:  0.002   Inner_product:  0.000
mpi.rank=6    Initial |H>:  0.003   Initial U!|H>: 0.026    U!|0>:  0.002    U!|H>: 0.002    sigma|0>:  0.002   Inner_product:  0.000
mpi.rank=7    Initial |H>:  0.003   Initial U!|H>: 0.030    U!|0>:  0.002    U!|H>: 0.002    sigma|0>:  0.002   Inner_product:  0.000
mpi.rank=8    Initial |H>:  0.003   Initial U!|H>: 0.026    U!|0>:  0.002    U!|H>: 0.002    sigma|0>:  0.002   Inner_product:  0.000
mpi.rank=9    Initial |H>:  0.003   Initial U!|H>: 0.028    U!|0>:  0.002    U!|H>: 0.002    sigma|0>:  0.003   Inner_product:  0.000
mpi.rank=10    Initial |H>:  0.003   Initial U!|H>: 0.029    U!|0>:  0.002    U!|H>: 0.002    sigma|0>:  0.003   Inner_product:  0.000
mpi.rank=11    Initial |H>:  0.003   Initial U!|H>: 0.030    U!|0>:  0.002    U!|H>: 0.002    sigma|0>:  0.002   Inner_product:  0.000
mpi.rank=12    Initial |H>:  0.003   Initial U!|H>: 0.031    U!|0>:  0.002    U!|H>: 0.002    sigma|0>:  0.002   Inner_product:  0.000
mpi.rank=13    Initial |H>:  0.003   Initial U!|H>: 0.031    U!|0>:  0.002    U!|H>: 0.002    sigma|0>:  0.002   Inner_product:  0.000
mpi.rank=14    Initial |H>:  0.003   Initial U!|H>: 0.032    U!|0>:  0.002    U!|H>: 0.002    sigma|0>:  0.002   Inner_product:  0.000
mpi.rank=15    Initial |H>:  0.003   Initial U!|H>: 0.033    U!|0>:  0.002    U!|H>: 0.002    sigma|0>:  0.002   Inner_product:  0.000
Time for state preparation in cost 0.02147
Time for expectation value in cost 0.00074
      2: E[uccd] = -7.879788789596  <S**2> = +0.001664  Grad = 1.63e-01  CPU Time =    0.16337  (0.01 / step)
Time for state preparation in cost 0.02109
Time for expectation value in cost 0.00075
 cost =    -7.8817186544812863    ||g|| = 7.79e-02    g_max = 1.63e-02   grad time = 0.042
mpi.rank=0    Initial |H>:  0.004   Initial U!|H>: 0.000    U!|0>:  0.002    U!|H>: 0.002    sigma|0>:  0.002   Inner_product:  0.000
mpi.rank=1    Initial |H>:  0.004   Initial U!|H>: 0.005    U!|0>:  0.002    U!|H>: 0.002    sigma|0>:  0.002   Inner_product:  0.000
mpi.rank=2    Initial |H>:  0.004   Initial U!|H>: 0.009    U!|0>:  0.002    U!|H>: 0.002    sigma|0>:  0.002   Inner_product:  0.000
mpi.rank=3    Initial |H>:  0.004   Initial U!|H>: 0.013    U!|0>:  0.002    U!|H>: 0.002    sigma|0>:  0.002   Inner_product:  0.000
mpi.rank=4    Initial |H>:  0.004   Initial U!|H>: 0.018    U!|0>:  0.002    U!|H>: 0.002    sigma|0>:  0.002   Inner_product:  0.000
mpi.rank=5    Initial |H>:  0.004   Initial U!|H>: 0.022    U!|0>:  0.002    U!|H>: 0.002    sigma|0>:  0.002   Inner_product:  0.000
mpi.rank=6    Initial |H>:  0.004   Initial U!|H>: 0.026    U!|0>:  0.002    U!|H>: 0.002    sigma|0>:  0.002   Inner_product:  0.000
mpi.rank=7    Initial |H>:  0.004   Initial U!|H>: 0.030    U!|0>:  0.002    U!|H>: 0.002    sigma|0>:  0.003   Inner_product:  0.000
mpi.rank=8    Initial |H>:  0.004   Initial U!|H>: 0.026    U!|0>:  0.002    U!|H>: 0.002    sigma|0>:  0.002   Inner_product:  0.000
mpi.rank=9    Initial |H>:  0.004   Initial U!|H>: 0.028    U!|0>:  0.002    U!|H>: 0.002    sigma|0>:  0.002   Inner_product:  0.000
mpi.rank=10    Initial |H>:  0.004   Initial U!|H>: 0.029    U!|0>:  0.002    U!|H>: 0.002    sigma|0>:  0.003   Inner_product:  0.000
mpi.rank=11    Initial |H>:  0.004   Initial U!|H>: 0.030    U!|0>:  0.002    U!|H>: 0.002    sigma|0>:  0.002   Inner_product:  0.000
mpi.rank=12    Initial |H>:  0.004   Initial U!|H>: 0.031    U!|0>:  0.002    U!|H>: 0.002    sigma|0>:  0.002   Inner_product:  0.000
mpi.rank=13    Initial |H>:  0.004   Initial U!|H>: 0.031    U!|0>:  0.002    U!|H>: 0.002    sigma|0>:  0.002   Inner_product:  0.000
mpi.rank=14    Initial |H>:  0.004   Initial U!|H>: 0.032    U!|0>:  0.002    U!|H>: 0.002    sigma|0>:  0.002   Inner_product:  0.000
mpi.rank=15    Initial |H>:  0.004   Initial U!|H>: 0.033    U!|0>:  0.002    U!|H>: 0.002    sigma|0>:  0.002   Inner_product:  0.000
Time for state preparation in cost 0.02114
Time for expectation value in cost 0.00075
      3: E[uccd] = -7.881718654481  <S**2> = +0.000016  Grad = 7.79e-02  CPU Time =    0.17600  (0.01 / step)
Time for state preparation in cost 0.02109
Time for expectation value in cost 0.00074
 cost =    -7.8818861362117500    ||g|| = 4.35e-02    g_max = 4.12e-02   grad time = 0.042
mpi.rank=0    Initial |H>:  0.004   Initial U!|H>: 0.000    U!|0>:  0.002    U!|H>: 0.002    sigma|0>:  0.003   Inner_product:  0.000
mpi.rank=1    Initial |H>:  0.004   Initial U!|H>: 0.005    U!|0>:  0.002    U!|H>: 0.002    sigma|0>:  0.002   Inner_product:  0.000
mpi.rank=2    Initial |H>:  0.004   Initial U!|H>: 0.009    U!|0>:  0.002    U!|H>: 0.002    sigma|0>:  0.002   Inner_product:  0.000
mpi.rank=3    Initial |H>:  0.004   Initial U!|H>: 0.014    U!|0>:  0.002    U!|H>: 0.002    sigma|0>:  0.003   Inner_product:  0.000
mpi.rank=4    Initial |H>:  0.004   Initial U!|H>: 0.018    U!|0>:  0.002    U!|H>: 0.002    sigma|0>:  0.002   Inner_product:  0.000
mpi.rank=5    Initial |H>:  0.004   Initial U!|H>: 0.022    U!|0>:  0.002    U!|H>: 0.002    sigma|0>:  0.002   Inner_product:  0.000
mpi.rank=6    Initial |H>:  0.004   Initial U!|H>: 0.026    U!|0>:  0.002    U!|H>: 0.002    sigma|0>:  0.002   Inner_product:  0.000
mpi.rank=7    Initial |H>:  0.004   Initial U!|H>: 0.030    U!|0>:  0.002    U!|H>: 0.002    sigma|0>:  0.002   Inner_product:  0.000
mpi.rank=8    Initial |H>:  0.004   Initial U!|H>: 0.026    U!|0>:  0.002    U!|H>: 0.002    sigma|0>:  0.002   Inner_product:  0.000
mpi.rank=9    Initial |H>:  0.004   Initial U!|H>: 0.028    U!|0>:  0.002    U!|H>: 0.002    sigma|0>:  0.003   Inner_product:  0.000
mpi.rank=10    Initial |H>:  0.004   Initial U!|H>: 0.029    U!|0>:  0.002    U!|H>: 0.002    sigma|0>:  0.003   Inner_product:  0.000
mpi.rank=11    Initial |H>:  0.004   Initial U!|H>: 0.030    U!|0>:  0.002    U!|H>: 0.002    sigma|0>:  0.002   Inner_product:  0.000
mpi.rank=12    Initial |H>:  0.004   Initial U!|H>: 0.031    U!|0>:  0.002    U!|H>: 0.002    sigma|0>:  0.002   Inner_product:  0.000
mpi.rank=13    Initial |H>:  0.004   Initial U!|H>: 0.031    U!|0>:  0.002    U!|H>: 0.002    sigma|0>:  0.002   Inner_product:  0.000
mpi.rank=14    Initial |H>:  0.004   Initial U!|H>: 0.032    U!|0>:  0.002    U!|H>: 0.002    sigma|0>:  0.002   Inner_product:  0.000
mpi.rank=15    Initial |H>:  0.004   Initial U!|H>: 0.033    U!|0>:  0.002    U!|H>: 0.002    sigma|0>:  0.002   Inner_product:  0.000
Time for state preparation in cost 0.02113
Time for expectation value in cost 0.00074
      4: E[uccd] = -7.881886136212  <S**2> = +0.000006  Grad = 4.35e-02  CPU Time =    0.20600  (0.01 / step)
Time for state preparation in cost 0.02117
Time for expectation value in cost 0.00075
 cost =    -7.8819627364944846    ||g|| = 1.16e-03    g_max = 4.18e-04   grad time = 0.042
mpi.rank=0    Initial |H>:  0.004   Initial U!|H>: 0.000    U!|0>:  0.002    U!|H>: 0.002    sigma|0>:  0.003   Inner_product:  0.000
mpi.rank=1    Initial |H>:  0.004   Initial U!|H>: 0.005    U!|0>:  0.002    U!|H>: 0.002    sigma|0>:  0.002   Inner_product:  0.000
mpi.rank=2    Initial |H>:  0.004   Initial U!|H>: 0.009    U!|0>:  0.002    U!|H>: 0.002    sigma|0>:  0.002   Inner_product:  0.000
mpi.rank=3    Initial |H>:  0.004   Initial U!|H>: 0.013    U!|0>:  0.002    U!|H>: 0.002    sigma|0>:  0.002   Inner_product:  0.000
mpi.rank=4    Initial |H>:  0.004   Initial U!|H>: 0.018    U!|0>:  0.002    U!|H>: 0.002    sigma|0>:  0.002   Inner_product:  0.000
mpi.rank=5    Initial |H>:  0.004   Initial U!|H>: 0.022    U!|0>:  0.002    U!|H>: 0.002    sigma|0>:  0.002   Inner_product:  0.000
mpi.rank=6    Initial |H>:  0.004   Initial U!|H>: 0.026    U!|0>:  0.002    U!|H>: 0.002    sigma|0>:  0.002   Inner_product:  0.000
mpi.rank=7    Initial |H>:  0.004   Initial U!|H>: 0.030    U!|0>:  0.002    U!|H>: 0.002    sigma|0>:  0.003   Inner_product:  0.000
mpi.rank=8    Initial |H>:  0.004   Initial U!|H>: 0.026    U!|0>:  0.002    U!|H>: 0.002    sigma|0>:  0.002   Inner_product:  0.000
mpi.rank=9    Initial |H>:  0.004   Initial U!|H>: 0.028    U!|0>:  0.002    U!|H>: 0.002    sigma|0>:  0.003   Inner_product:  0.000
mpi.rank=10    Initial |H>:  0.004   Initial U!|H>: 0.029    U!|0>:  0.002    U!|H>: 0.002    sigma|0>:  0.003   Inner_product:  0.000
mpi.rank=11    Initial |H>:  0.004   Initial U!|H>: 0.030    U!|0>:  0.002    U!|H>: 0.002    sigma|0>:  0.002   Inner_product:  0.000
mpi.rank=12    Initial |H>:  0.004   Initial U!|H>: 0.031    U!|0>:  0.002    U!|H>: 0.002    sigma|0>:  0.002   Inner_product:  0.000
mpi.rank=13    Initial |H>:  0.004   Initial U!|H>: 0.031    U!|0>:  0.002    U!|H>: 0.002    sigma|0>:  0.002   Inner_product:  0.000
mpi.rank=14    Initial |H>:  0.004   Initial U!|H>: 0.032    U!|0>:  0.002    U!|H>: 0.002    sigma|0>:  0.002   Inner_product:  0.000
mpi.rank=15    Initial |H>:  0.004   Initial U!|H>: 0.033    U!|0>:  0.002    U!|H>: 0.002    sigma|0>:  0.002   Inner_product:  0.000
Time for state preparation in cost 0.02111
Time for expectation value in cost 0.00074
      5: E[uccd] = -7.881962736494  <S**2> = +0.000001  Grad = 1.16e-03  CPU Time =    0.14975  (0.00 / step)
Time for state preparation in cost 0.02107
Time for expectation value in cost 0.00079
 cost =    -7.8819628334670222    ||g|| = 9.18e-04    g_max = 2.64e-04   grad time = 0.042
mpi.rank=0    Initial |H>:  0.004   Initial U!|H>: 0.000    U!|0>:  0.002    U!|H>: 0.002    sigma|0>:  0.002   Inner_product:  0.000
mpi.rank=1    Initial |H>:  0.004   Initial U!|H>: 0.005    U!|0>:  0.002    U!|H>: 0.002    sigma|0>:  0.002   Inner_product:  0.000
mpi.rank=2    Initial |H>:  0.004   Initial U!|H>: 0.009    U!|0>:  0.002    U!|H>: 0.002    sigma|0>:  0.002   Inner_product:  0.000
mpi.rank=3    Initial |H>:  0.004   Initial U!|H>: 0.013    U!|0>:  0.002    U!|H>: 0.002    sigma|0>:  0.003   Inner_product:  0.000
mpi.rank=4    Initial |H>:  0.004   Initial U!|H>: 0.018    U!|0>:  0.002    U!|H>: 0.002    sigma|0>:  0.002   Inner_product:  0.000
mpi.rank=5    Initial |H>:  0.004   Initial U!|H>: 0.022    U!|0>:  0.002    U!|H>: 0.002    sigma|0>:  0.002   Inner_product:  0.000
mpi.rank=6    Initial |H>:  0.004   Initial U!|H>: 0.026    U!|0>:  0.002    U!|H>: 0.002    sigma|0>:  0.002   Inner_product:  0.000
mpi.rank=7    Initial |H>:  0.004   Initial U!|H>: 0.030    U!|0>:  0.002    U!|H>: 0.002    sigma|0>:  0.002   Inner_product:  0.000
mpi.rank=8    Initial |H>:  0.004   Initial U!|H>: 0.026    U!|0>:  0.002    U!|H>: 0.002    sigma|0>:  0.002   Inner_product:  0.000
mpi.rank=9    Initial |H>:  0.004   Initial U!|H>: 0.028    U!|0>:  0.002    U!|H>: 0.002    sigma|0>:  0.003   Inner_product:  0.000
mpi.rank=10    Initial |H>:  0.004   Initial U!|H>: 0.029    U!|0>:  0.002    U!|H>: 0.002    sigma|0>:  0.003   Inner_product:  0.000
mpi.rank=11    Initial |H>:  0.004   Initial U!|H>: 0.030    U!|0>:  0.002    U!|H>: 0.002    sigma|0>:  0.002   Inner_product:  0.000
mpi.rank=12    Initial |H>:  0.004   Initial U!|H>: 0.031    U!|0>:  0.002    U!|H>: 0.002    sigma|0>:  0.002   Inner_product:  0.000
mpi.rank=13    Initial |H>:  0.004   Initial U!|H>: 0.031    U!|0>:  0.002    U!|H>: 0.002    sigma|0>:  0.002   Inner_product:  0.000
mpi.rank=14    Initial |H>:  0.004   Initial U!|H>: 0.032    U!|0>:  0.002    U!|H>: 0.002    sigma|0>:  0.002   Inner_product:  0.000
mpi.rank=15    Initial |H>:  0.004   Initial U!|H>: 0.033    U!|0>:  0.002    U!|H>: 0.002    sigma|0>:  0.002   Inner_product:  0.000
Time for state preparation in cost 0.02112
Time for expectation value in cost 0.00074
      6: E[uccd] = -7.881962833467  <S**2> = +0.000000  Grad = 9.18e-04  CPU Time =    0.15390  (0.00 / step)
Time for state preparation in cost 0.02104
Time for expectation value in cost 0.00074
 cost =    -7.8819630570346302    ||g|| = 6.37e-04    g_max = 2.05e-04   grad time = 0.042
mpi.rank=0    Initial |H>:  0.003   Initial U!|H>: 0.000    U!|0>:  0.002    U!|H>: 0.002    sigma|0>:  0.002   Inner_product:  0.000
mpi.rank=1    Initial |H>:  0.003   Initial U!|H>: 0.005    U!|0>:  0.002    U!|H>: 0.002    sigma|0>:  0.002   Inner_product:  0.000
mpi.rank=2    Initial |H>:  0.003   Initial U!|H>: 0.009    U!|0>:  0.002    U!|H>: 0.002    sigma|0>:  0.002   Inner_product:  0.000
mpi.rank=3    Initial |H>:  0.003   Initial U!|H>: 0.013    U!|0>:  0.002    U!|H>: 0.002    sigma|0>:  0.002   Inner_product:  0.000
mpi.rank=4    Initial |H>:  0.003   Initial U!|H>: 0.018    U!|0>:  0.002    U!|H>: 0.002    sigma|0>:  0.002   Inner_product:  0.000
mpi.rank=5    Initial |H>:  0.003   Initial U!|H>: 0.022    U!|0>:  0.002    U!|H>: 0.002    sigma|0>:  0.002   Inner_product:  0.000
mpi.rank=6    Initial |H>:  0.003   Initial U!|H>: 0.026    U!|0>:  0.002    U!|H>: 0.002    sigma|0>:  0.002   Inner_product:  0.000
mpi.rank=7    Initial |H>:  0.003   Initial U!|H>: 0.030    U!|0>:  0.002    U!|H>: 0.002    sigma|0>:  0.003   Inner_product:  0.000
mpi.rank=8    Initial |H>:  0.003   Initial U!|H>: 0.026    U!|0>:  0.002    U!|H>: 0.002    sigma|0>:  0.002   Inner_product:  0.000
mpi.rank=9    Initial |H>:  0.003   Initial U!|H>: 0.028    U!|0>:  0.002    U!|H>: 0.002    sigma|0>:  0.003   Inner_product:  0.000
mpi.rank=10    Initial |H>:  0.003   Initial U!|H>: 0.029    U!|0>:  0.002    U!|H>: 0.002    sigma|0>:  0.003   Inner_product:  0.000
mpi.rank=11    Initial |H>:  0.003   Initial U!|H>: 0.030    U!|0>:  0.002    U!|H>: 0.002    sigma|0>:  0.002   Inner_product:  0.000
mpi.rank=12    Initial |H>:  0.003   Initial U!|H>: 0.031    U!|0>:  0.002    U!|H>: 0.002    sigma|0>:  0.002   Inner_product:  0.000
mpi.rank=13    Initial |H>:  0.003   Initial U!|H>: 0.031    U!|0>:  0.002    U!|H>: 0.002    sigma|0>:  0.002   Inner_product:  0.000
mpi.rank=14    Initial |H>:  0.003   Initial U!|H>: 0.032    U!|0>:  0.002    U!|H>: 0.002    sigma|0>:  0.002   Inner_product:  0.000
mpi.rank=15    Initial |H>:  0.003   Initial U!|H>: 0.033    U!|0>:  0.002    U!|H>: 0.002    sigma|0>:  0.002   Inner_product:  0.000
Time for state preparation in cost 0.02112
Time for expectation value in cost 0.00074
      7: E[uccd] = -7.881963057035  <S**2> = +0.000000  Grad = 6.37e-04  CPU Time =    0.13445  (0.00 / step)
Time for state preparation in cost 0.02119
Time for expectation value in cost 0.00074
 cost =    -7.8819630184033018    ||g|| = 1.27e-03    g_max = 5.62e-04   grad time = 0.042
mpi.rank=0    Initial |H>:  0.003   Initial U!|H>: 0.000    U!|0>:  0.002    U!|H>: 0.002    sigma|0>:  0.003   Inner_product:  0.000
mpi.rank=1    Initial |H>:  0.003   Initial U!|H>: 0.005    U!|0>:  0.002    U!|H>: 0.002    sigma|0>:  0.002   Inner_product:  0.000
mpi.rank=2    Initial |H>:  0.003   Initial U!|H>: 0.009    U!|0>:  0.002    U!|H>: 0.002    sigma|0>:  0.002   Inner_product:  0.000
mpi.rank=3    Initial |H>:  0.003   Initial U!|H>: 0.013    U!|0>:  0.002    U!|H>: 0.002    sigma|0>:  0.002   Inner_product:  0.000
mpi.rank=4    Initial |H>:  0.003   Initial U!|H>: 0.018    U!|0>:  0.002    U!|H>: 0.002    sigma|0>:  0.002   Inner_product:  0.000
mpi.rank=5    Initial |H>:  0.003   Initial U!|H>: 0.022    U!|0>:  0.002    U!|H>: 0.002    sigma|0>:  0.002   Inner_product:  0.000
mpi.rank=6    Initial |H>:  0.003   Initial U!|H>: 0.026    U!|0>:  0.002    U!|H>: 0.002    sigma|0>:  0.002   Inner_product:  0.000
mpi.rank=7    Initial |H>:  0.003   Initial U!|H>: 0.030    U!|0>:  0.002    U!|H>: 0.002    sigma|0>:  0.003   Inner_product:  0.000
mpi.rank=8    Initial |H>:  0.003   Initial U!|H>: 0.026    U!|0>:  0.002    U!|H>: 0.002    sigma|0>:  0.002   Inner_product:  0.000
mpi.rank=9    Initial |H>:  0.003   Initial U!|H>: 0.028    U!|0>:  0.002    U!|H>: 0.002    sigma|0>:  0.003   Inner_product:  0.000
mpi.rank=10    Initial |H>:  0.003   Initial U!|H>: 0.029    U!|0>:  0.002    U!|H>: 0.002    sigma|0>:  0.003   Inner_product:  0.000
mpi.rank=11    Initial |H>:  0.004   Initial U!|H>: 0.030    U!|0>:  0.002    U!|H>: 0.002    sigma|0>:  0.002   Inner_product:  0.000
mpi.rank=12    Initial |H>:  0.003   Initial U!|H>: 0.031    U!|0>:  0.002    U!|H>: 0.002    sigma|0>:  0.002   Inner_product:  0.000
mpi.rank=13    Initial |H>:  0.004   Initial U!|H>: 0.031    U!|0>:  0.002    U!|H>: 0.002    sigma|0>:  0.002   Inner_product:  0.000
mpi.rank=14    Initial |H>:  0.003   Initial U!|H>: 0.032    U!|0>:  0.002    U!|H>: 0.002    sigma|0>:  0.002   Inner_product:  0.000
mpi.rank=15    Initial |H>:  0.003   Initial U!|H>: 0.033    U!|0>:  0.002    U!|H>: 0.002    sigma|0>:  0.002   Inner_product:  0.000
Time for state preparation in cost 0.02082
Time for expectation value in cost 0.00074
 cost =    -7.8819630849641191    ||g|| = 3.32e-04    g_max = 9.16e-05   grad time = 0.045
mpi.rank=0    Initial |H>:  0.004   Initial U!|H>: 0.000    U!|0>:  0.003    U!|H>: 0.002    sigma|0>:  0.003   Inner_product:  0.000
mpi.rank=1    Initial |H>:  0.004   Initial U!|H>: 0.005    U!|0>:  0.002    U!|H>: 0.002    sigma|0>:  0.002   Inner_product:  0.000
mpi.rank=2    Initial |H>:  0.004   Initial U!|H>: 0.009    U!|0>:  0.002    U!|H>: 0.002    sigma|0>:  0.002   Inner_product:  0.000
mpi.rank=3    Initial |H>:  0.004   Initial U!|H>: 0.013    U!|0>:  0.002    U!|H>: 0.002    sigma|0>:  0.002   Inner_product:  0.000
mpi.rank=4    Initial |H>:  0.004   Initial U!|H>: 0.018    U!|0>:  0.002    U!|H>: 0.002    sigma|0>:  0.002   Inner_product:  0.000
mpi.rank=5    Initial |H>:  0.003   Initial U!|H>: 0.021    U!|0>:  0.002    U!|H>: 0.002    sigma|0>:  0.002   Inner_product:  0.000
mpi.rank=6    Initial |H>:  0.004   Initial U!|H>: 0.026    U!|0>:  0.002    U!|H>: 0.002    sigma|0>:  0.002   Inner_product:  0.000
mpi.rank=7    Initial |H>:  0.004   Initial U!|H>: 0.034    U!|0>:  0.002    U!|H>: 0.002    sigma|0>:  0.002   Inner_product:  0.000
mpi.rank=8    Initial |H>:  0.004   Initial U!|H>: 0.026    U!|0>:  0.002    U!|H>: 0.002    sigma|0>:  0.002   Inner_product:  0.000
mpi.rank=9    Initial |H>:  0.004   Initial U!|H>: 0.027    U!|0>:  0.002    U!|H>: 0.002    sigma|0>:  0.003   Inner_product:  0.000
mpi.rank=10    Initial |H>:  0.004   Initial U!|H>: 0.029    U!|0>:  0.002    U!|H>: 0.002    sigma|0>:  0.003   Inner_product:  0.000
mpi.rank=11    Initial |H>:  0.004   Initial U!|H>: 0.030    U!|0>:  0.002    U!|H>: 0.002    sigma|0>:  0.002   Inner_product:  0.000
mpi.rank=12    Initial |H>:  0.003   Initial U!|H>: 0.030    U!|0>:  0.002    U!|H>: 0.001    sigma|0>:  0.002   Inner_product:  0.000
mpi.rank=13    Initial |H>:  0.004   Initial U!|H>: 0.031    U!|0>:  0.002    U!|H>: 0.002    sigma|0>:  0.002   Inner_product:  0.000
mpi.rank=14    Initial |H>:  0.003   Initial U!|H>: 0.032    U!|0>:  0.002    U!|H>: 0.002    sigma|0>:  0.002   Inner_product:  0.000
mpi.rank=15    Initial |H>:  0.004   Initial U!|H>: 0.033    U!|0>:  0.002    U!|H>: 0.002    sigma|0>:  0.002   Inner_product:  0.000
Time for state preparation in cost 0.02085
Time for expectation value in cost 0.00074
      8: E[uccd] = -7.881963084964  <S**2> = +0.000000  Grad = 3.32e-04  CPU Time =    0.32190  (0.01 / step)
Time for state preparation in cost 0.02115
Time for expectation value in cost 0.00074
 cost =    -7.8819630930249449    ||g|| = 1.70e-04    g_max = 4.70e-05   grad time = 0.042
mpi.rank=0    Initial |H>:  0.004   Initial U!|H>: 0.000    U!|0>:  0.002    U!|H>: 0.002    sigma|0>:  0.003   Inner_product:  0.000
mpi.rank=1    Initial |H>:  0.004   Initial U!|H>: 0.005    U!|0>:  0.002    U!|H>: 0.002    sigma|0>:  0.002   Inner_product:  0.000
mpi.rank=2    Initial |H>:  0.004   Initial U!|H>: 0.009    U!|0>:  0.002    U!|H>: 0.002    sigma|0>:  0.002   Inner_product:  0.000
mpi.rank=3    Initial |H>:  0.004   Initial U!|H>: 0.013    U!|0>:  0.002    U!|H>: 0.002    sigma|0>:  0.002   Inner_product:  0.000
mpi.rank=4    Initial |H>:  0.004   Initial U!|H>: 0.018    U!|0>:  0.002    U!|H>: 0.002    sigma|0>:  0.002   Inner_product:  0.000
mpi.rank=5    Initial |H>:  0.004   Initial U!|H>: 0.022    U!|0>:  0.002    U!|H>: 0.002    sigma|0>:  0.002   Inner_product:  0.000
mpi.rank=6    Initial |H>:  0.004   Initial U!|H>: 0.026    U!|0>:  0.002    U!|H>: 0.002    sigma|0>:  0.002   Inner_product:  0.000
mpi.rank=7    Initial |H>:  0.004   Initial U!|H>: 0.030    U!|0>:  0.002    U!|H>: 0.002    sigma|0>:  0.003   Inner_product:  0.000
mpi.rank=8    Initial |H>:  0.004   Initial U!|H>: 0.026    U!|0>:  0.002    U!|H>: 0.002    sigma|0>:  0.002   Inner_product:  0.000
mpi.rank=9    Initial |H>:  0.004   Initial U!|H>: 0.028    U!|0>:  0.002    U!|H>: 0.002    sigma|0>:  0.003   Inner_product:  0.000
mpi.rank=10    Initial |H>:  0.004   Initial U!|H>: 0.029    U!|0>:  0.002    U!|H>: 0.002    sigma|0>:  0.003   Inner_product:  0.000
mpi.rank=11    Initial |H>:  0.004   Initial U!|H>: 0.030    U!|0>:  0.002    U!|H>: 0.002    sigma|0>:  0.003   Inner_product:  0.000
mpi.rank=12    Initial |H>:  0.004   Initial U!|H>: 0.031    U!|0>:  0.002    U!|H>: 0.002    sigma|0>:  0.002   Inner_product:  0.000
mpi.rank=13    Initial |H>:  0.004   Initial U!|H>: 0.031    U!|0>:  0.002    U!|H>: 0.002    sigma|0>:  0.002   Inner_product:  0.000
mpi.rank=14    Initial |H>:  0.004   Initial U!|H>: 0.032    U!|0>:  0.002    U!|H>: 0.002    sigma|0>:  0.002   Inner_product:  0.000
mpi.rank=15    Initial |H>:  0.004   Initial U!|H>: 0.033    U!|0>:  0.002    U!|H>: 0.002    sigma|0>:  0.002   Inner_product:  0.000
Time for state preparation in cost 0.02109
Time for expectation value in cost 0.00074
      9: E[uccd] = -7.881963093025  <S**2> = +0.000000  Grad = 1.70e-04  CPU Time =    0.20327  (0.00 / step)
Time for state preparation in cost 0.02078
Time for expectation value in cost 0.00075
 cost =    -7.8819630965941432    ||g|| = 5.30e-05    g_max = 1.14e-05   grad time = 0.042
mpi.rank=0    Initial |H>:  0.004   Initial U!|H>: 0.000    U!|0>:  0.002    U!|H>: 0.002    sigma|0>:  0.002   Inner_product:  0.000
mpi.rank=1    Initial |H>:  0.004   Initial U!|H>: 0.005    U!|0>:  0.002    U!|H>: 0.002    sigma|0>:  0.002   Inner_product:  0.000
mpi.rank=2    Initial |H>:  0.004   Initial U!|H>: 0.009    U!|0>:  0.002    U!|H>: 0.002    sigma|0>:  0.002   Inner_product:  0.000
mpi.rank=3    Initial |H>:  0.004   Initial U!|H>: 0.013    U!|0>:  0.002    U!|H>: 0.002    sigma|0>:  0.002   Inner_product:  0.000
mpi.rank=4    Initial |H>:  0.004   Initial U!|H>: 0.018    U!|0>:  0.002    U!|H>: 0.002    sigma|0>:  0.002   Inner_product:  0.000
mpi.rank=5    Initial |H>:  0.004   Initial U!|H>: 0.022    U!|0>:  0.002    U!|H>: 0.002    sigma|0>:  0.003   Inner_product:  0.000
mpi.rank=6    Initial |H>:  0.004   Initial U!|H>: 0.026    U!|0>:  0.002    U!|H>: 0.002    sigma|0>:  0.002   Inner_product:  0.000
mpi.rank=7    Initial |H>:  0.004   Initial U!|H>: 0.030    U!|0>:  0.002    U!|H>: 0.002    sigma|0>:  0.003   Inner_product:  0.000
mpi.rank=8    Initial |H>:  0.004   Initial U!|H>: 0.026    U!|0>:  0.002    U!|H>: 0.002    sigma|0>:  0.002   Inner_product:  0.000
mpi.rank=9    Initial |H>:  0.004   Initial U!|H>: 0.027    U!|0>:  0.002    U!|H>: 0.002    sigma|0>:  0.003   Inner_product:  0.000
mpi.rank=10    Initial |H>:  0.004   Initial U!|H>: 0.029    U!|0>:  0.002    U!|H>: 0.002    sigma|0>:  0.003   Inner_product:  0.000
mpi.rank=11    Initial |H>:  0.004   Initial U!|H>: 0.030    U!|0>:  0.002    U!|H>: 0.002    sigma|0>:  0.002   Inner_product:  0.000
mpi.rank=12    Initial |H>:  0.004   Initial U!|H>: 0.030    U!|0>:  0.002    U!|H>: 0.002    sigma|0>:  0.002   Inner_product:  0.000
mpi.rank=13    Initial |H>:  0.004   Initial U!|H>: 0.031    U!|0>:  0.002    U!|H>: 0.002    sigma|0>:  0.002   Inner_product:  0.000
mpi.rank=14    Initial |H>:  0.004   Initial U!|H>: 0.032    U!|0>:  0.002    U!|H>: 0.002    sigma|0>:  0.002   Inner_product:  0.000
mpi.rank=15    Initial |H>:  0.004   Initial U!|H>: 0.033    U!|0>:  0.002    U!|H>: 0.002    sigma|0>:  0.002   Inner_product:  0.000
Time for state preparation in cost 0.02100
Time for expectation value in cost 0.00074
     10: E[uccd] = -7.881963096594  <S**2> = +0.000000  Grad = 5.30e-05  CPU Time =    0.14183  (0.00 / step)
Time for state preparation in cost 0.02093
Time for expectation value in cost 0.00074
  Final: E[uccd] = -7.881963096594  <S**2> = +0.000000  rho = 1 

(uccd state)
      Basis              Coef
| 000000001111 > : +0.9895 +0.0000i
| 110000000011 > : -0.1160 +0.0000i


VQE Done: CPU Time =          2.2025

uccd (vqe) 
      Basis              Coef
| 000000001111 > : +0.9895 +0.0000i
| 110000000011 > : -0.1160 +0.0000i

 === Computing 1RDM === 
 === Computing 2RDM === 

Ja

               0              1              2              3              4              5          

    0      0.0000000      0.0000001      0.0018570      0.0000000      0.0000003     -0.0022547  
    1     -0.0000001      0.0000000      0.0110136      0.0000012      0.0000022      0.0026617  
    2     -0.0018570     -0.0110136      0.0000000     -0.0000005     -0.0000009      0.0000011  
    3     -0.0000000     -0.0000012      0.0000005      0.0000000      0.0000000     -0.0000012  
    4     -0.0000003     -0.0000022      0.0000009     -0.0000000      0.0000000     -0.0000025  
    5      0.0022547     -0.0026617     -0.0000011      0.0000012      0.0000025      0.0000000  


Jb

               0              1              2              3              4              5          

    0      0.0000000     -0.0000000      0.0018570     -0.0000002     -0.0000003     -0.0022548  
    1      0.0000000      0.0000000      0.0110135     -0.0000028     -0.0000067      0.0026617  
    2     -0.0018570     -0.0110135      0.0000000      0.0000010      0.0000024      0.0000011  
    3      0.0000002      0.0000028     -0.0000010      0.0000000     -0.0000000      0.0000019  
    4      0.0000003      0.0000067     -0.0000024      0.0000000      0.0000000      0.0000044  
    5      0.0022548     -0.0026617     -0.0000011     -0.0000019     -0.0000044      0.0000000  


Zij

               0              1          

    0      0.0000000     -0.0000000  


Zab

               0              1              2              3              4              5              6              7              8              9          

    0     -0.0000059     -0.0000103      0.0000000      0.0000023     -0.0000032     -0.0000066      0.0000120      0.0000275      0.0000000      0.0000024  

              10             11          

    0      0.0000049      0.0000115  


Zai
               0          
    0     -0.0005044  
    1     -0.0000000  
    2     -0.0000002  
    3      0.0011121  
    4     -0.0637872  
    5     -0.0000089  
    6     -0.0000171  
    7     -0.0079606  
    8     -0.0005044  
    9      0.0000001  
   10      0.0000002  
   11      0.0011121  
   12     -0.0637869  
   13      0.0000162  
   14      0.0000382  
   15     -0.0079607  


 Nuclear-replusion energy: 0.9956160907709449
1RDM energy: -12.426207021677001
2RDM energy: 3.5486278343119007
Total energy: -7.881963096594156

Dipole moment from 1RDM (in Debye):
x = -3.87549  y = -1.80256  z = 2.16308
| mu | = 4.79037

Dipole moment from relaxed 1RDM (in Debye):
x = -3.78583     y = -1.76086    z = 2.11304
| mu | = 4.67953
Saved in ./uccd_LiH.qkt.
Normal termination of quket at 2022-09-16 00:05:27.128460
