///////////////////////////////////////////////////////////////////////////////////
///                                                                             ///
///                                                                             ///
///              QQQ       UUU  UUU    KKK   KK    EEEEEEE    TTTTTTT           ///
///             Q   Q       u    U      K   K       E    E    T  T  T           ///
///            Q     Q      U    U      K  K        E  E         T              ///
///            Q     Q      U    U      KKK         EEEE         T              ///
///            Q QQQ Q      U    U      K  K        E  E         T              ///
///             Q   Q       U    U      K   K       E    E       T              ///
///              QQQ QQ      UUUU      KKK   KK    EEEEEEE      TTT             ///
///                                                                             ///
///                      Quantum Computing Simulator Ver 0.9.1                  ///
///                                                                             ///
///        Copyright 2019-2022                                                  ///
///        The Quket Developers                                                 ///
///        All rights Reserved.                                                 ///
///                                                                             ///
///////////////////////////////////////////////////////////////////////////////////
2022-08-07 00:59:17.964045: 
8 processes x 4 = Total 32 cores
API for qulacs: None
Number of cpus in the main node (pinode01): 8

##################### INPUT ########################
basis        = sto-3G
multiplicity = 1
charge       = 0
n_electrons  = 6
n_orbitals   = 6
geometry     
  H  2.0 0. 0.
  H  4.0 0. 0.
  H  6.0 0. 0.
  H  8.0 0. 0.
  H 10.0 0. 0.
  H 12.0 0. 0.
maxiter      = 100
ansatz       = adapt
adapt_eps    = 0.1
adapt_mode   = spin
adapt_max    = 1000
adapt_guess  = read

comment = ADAPT_read option
####################################################

+-------------+
|  Job #   1  |
+-------------+
ADAPT_read option
Basis set = sto-3G

*** Geometry ******************************
  H     2.0000000    0.0000000    0.0000000
  H     4.0000000    0.0000000    0.0000000
  H     6.0000000    0.0000000    0.0000000
  H     8.0000000    0.0000000    0.0000000
  H    10.0000000    0.0000000    0.0000000
  H    12.0000000    0.0000000    0.0000000
*******************************************

Symmetry Dooh : D2h(Abelian)
E[FCI]    = -2.847192046745     (Spin = 1   Ms = 0)
E[HF]     = -2.368421284280     (Spin = 1   Ms = 0)
Tapering-Off Results:
List of redundant qubits:  [0, 1, 2]
Qubit: 0    Tau: 1.0 [Z0 Z3 Z4 Z7 Z8 Z11]
Qubit: 1    Tau: 1.0 [Z1 Z3 Z5 Z7 Z9 Z11]
Qubit: 2    Tau: 1.0 [Z2 Z3 Z6 Z7 Z10 Z11]

pauli_list found.
NBasis = 6

[Molecular Orbitals]
---+-------+------------+------------------
 # |  Sym  |   energy   |     category
---+-------+------------+------------------
 0 |   Ag  |    -0.3234 | Active (occupied)
 1 |  B1u  |    -0.2809 | Active (occupied)
 2 |   Ag  |    -0.2191 | Active (occupied)
 3 |  B1u  |     0.0395 | Active (virtual)
 4 |   Ag  |     0.1189 | Active (virtual)
 5 |  B1u  |     0.1811 | Active (virtual)
---+-------+------------+------------------

Tapering-Off Results:
List of redundant qubits:  [0, 1, 2]
Qubit: 0    Tau: 1.0 [Z0 Z3 Z4 Z7 Z8 Z11]
Qubit: 1    Tau: 1.0 [Z1 Z3 Z5 Z7 Z9 Z11]
Qubit: 2    Tau: 1.0 [Z2 Z3 Z6 Z7 Z10 Z11]

pauli_list found.
Performing ADAPT-VQE [spin]
ADAPT Convergence criterion = 1E-01
Initial configuration: | 000000111111 >
VQE Convergence criteria: ftol = 1E-09, gtol = 1E-05
Number of operators in pool: 420
    1:   E[adapt] = -2.396090985606   <S**2> =  0.00000000000000   Grad = 8.59e-01   Fidelity = 0.000000   CPU Time =  0.07   <N> =  6.00000000000000   <Sz> =  0.00000000000000   CNOT = 260
    2:   E[adapt] = -2.431471700952   <S**2> =  0.19510651065319   Grad = 8.70e-01   Fidelity = 0.000000   CPU Time =  0.09   <N> =  6.00000000000000   <Sz> = -0.00000000000000   CNOT = 260
    3:   E[adapt] = -2.502728479372   <S**2> =  0.27937516816088   Grad = 8.50e-01   Fidelity = 0.000000   CPU Time =  0.11   <N> =  6.00000000000000   <Sz> =  0.00000000000000   CNOT = 260
    4:   E[adapt] = -2.564065072060   <S**2> =  0.52728516882632   Grad = 8.57e-01   Fidelity = 0.000000   CPU Time =  0.12   <N> =  6.00000000000000   <Sz> = -0.00000000000000   CNOT = 260
    5:   E[adapt] = -2.622131425056   <S**2> =  0.66601243072863   Grad = 8.06e-01   Fidelity = 0.000000   CPU Time =  0.15   <N> =  5.99999999999999   <Sz> =  0.00000000000000   CNOT = 260
    6:   E[adapt] = -2.653160723204   <S**2> =  0.65789604943383   Grad = 6.68e-01   Fidelity = 0.000000   CPU Time =  0.18   <N> =  5.99999999999999   <Sz> =  0.00000000000000   CNOT = 260
    7:   E[adapt] = -2.691943946375   <S**2> =  0.70623589425433   Grad = 5.98e-01   Fidelity = 0.000000   CPU Time =  0.19   <N> =  6.00000000000001   <Sz> = -0.00000000000000   CNOT = 260
    8:   E[adapt] = -2.742488119713   <S**2> =  0.73036347353353   Grad = 4.87e-01   Fidelity = 0.000000   CPU Time =  0.20   <N> =  6.00000000000001   <Sz> =  0.00000000000000   CNOT = 260
    9:   E[adapt] = -2.788403263265   <S**2> =  0.77801291974785   Grad = 4.30e-01   Fidelity = 0.000000   CPU Time =  0.23   <N> =  6.00000000000002   <Sz> =  0.00000000000000   CNOT = 260
   10:   E[adapt] = -2.803955594859   <S**2> =  0.86622844115156   Grad = 1.73e-01   Fidelity = 0.000000   CPU Time =  0.34   <N> =  5.99999999999999   <Sz> =  0.00000000000000   CNOT = 260
   11:   E[adapt] = -2.823589584868   <S**2> =  0.99436831209385   Grad = 1.48e-01   Fidelity = 0.000000   CPU Time =  0.40   <N> =  5.99999999999998   <Sz> =  0.00000000000000   CNOT = 260
   12:   E[adapt] = -2.824228628194   <S**2> =  0.99471515240310   Grad = 1.17e-01   Fidelity = 0.000000   CPU Time =  0.29   <N> =  5.99999999999999   <Sz> =  0.00000000000000   CNOT = 260
   13:   E[adapt] = -2.825001966625   <S**2> =  0.99556138680417   Grad = 1.18e-01   Fidelity = 0.000000   CPU Time =  0.33   <N> =  6.00000000000000   <Sz> =  0.00000000000000   CNOT = 260
gradient norm = 9.805258e-02 < 1.000000e-01

-----------ADAPT-VQE finished----------
number of parameter is  13
Final: E[adapt] = -2.825001966625   <S**2> = 0.995561386804167   Fidelity = 0.000000
      Basis              Coef
| 000000111111 > : +0.4579 +0.0000i
| 000011001111 > : -0.3604 +0.0000i
| 000110100111 > : +0.2762 +0.0000i
| 001001011011 > : +0.3005 +0.0000i
| 001100110011 > : -0.2247 +0.0000i
| 001111000011 > : +0.1828 +0.0000i
| 010010101101 > : -0.2316 +0.0000i
| 011000111001 > : +0.1951 +0.0000i
| 011011001001 > : -0.1491 +0.0000i
| 011110100001 > : +0.1665 +0.0000i
| 100001011110 > : -0.2673 +0.0000i
| 100100110110 > : +0.1979 +0.0000i
| 100111000110 > : -0.1531 +0.0000i
| 101101010010 > : +0.1377 +0.0000i
| 110000111100 > : -0.1741 +0.0000i
| 110011001100 > : +0.1409 +0.0000i
| 110110100100 > : -0.1504 +0.0000i
| 111001011000 > : -0.1084 +0.0000i
| 111100110000 > : +0.1247 +0.0000i
| 111111000000 > : -0.1083 +0.0000i


 Done: CPU Time =            5.2258
adapt (vqe) 
      Basis              Coef
| 000000111111 > : +0.4579 +0.0000i
| 000011001111 > : -0.3604 +0.0000i
| 000110100111 > : +0.2762 +0.0000i
| 001001011011 > : +0.3005 +0.0000i
| 001100110011 > : -0.2247 +0.0000i
| 001111000011 > : +0.1828 +0.0000i
| 010010101101 > : -0.2316 +0.0000i
| 011000111001 > : +0.1951 +0.0000i
| 011011001001 > : -0.1491 +0.0000i
| 011110100001 > : +0.1665 +0.0000i
| 100001011110 > : -0.2673 +0.0000i
| 100100110110 > : +0.1979 +0.0000i
| 100111000110 > : -0.1531 +0.0000i
| 101101010010 > : +0.1377 +0.0000i
| 110000111100 > : -0.1741 +0.0000i
| 110011001100 > : +0.1409 +0.0000i
| 110110100100 > : -0.1504 +0.0000i
| 111001011000 > : -0.1084 +0.0000i
| 111100110000 > : +0.1247 +0.0000i
| 111111000000 > : -0.1083 +0.0000i

 === Computing 1RDM === 
 === Computing 2RDM === 

Dipole moment from 1RDM (in Debye):
x = -0.00000  y = 0.00000  z = 0.00000
| mu | = 0.00000

Dipole moment from relaxed 1RDM (in Debye):
x = -0.00000     y = 0.00000    z = 0.00000
| mu | = 0.00000
Saved in ./adapt_h6_read.qkt.
Normal termination of quket at 2022-08-07 00:59:25.015779
