///////////////////////////////////////////////////////////////////////////////////
///                                                                             ///
///                                                                             ///
///              QQQ       UUU  UUU    KKK   KK    EEEEEEE    TTTTTTT           ///
///             Q   Q       u    U      K   K       E    E    T  T  T           ///
///            Q     Q      U    U      K  K        E  E         T              ///
///            Q     Q      U    U      KKK         EEEE         T              ///
///            Q QQQ Q      U    U      K  K        E  E         T              ///
///             Q   Q       U    U      K   K       E    E       T              ///
///              QQQ QQ      UUUU      KKK   KK    EEEEEEE      TTT             ///
///                                                                             ///
///                      Quantum Computing Simulator Ver 0.9                    ///
///                                                                             ///
///        Copyright 2019-2022                                                  ///
///        The Quket Developers                                                 ///
///        All rights Reserved.                                                 ///
///                                                                             ///
///////////////////////////////////////////////////////////////////////////////////
2022-07-27 19:54:00.601283: 
8 processes x 4 = Total 32 cores

##################### INPUT ########################
basis        = sto-3G
multiplicity = 1
charge       = 0
n_electrons  = 6
n_orbitals   = 6
geometry     
  N  1.0 0. 0.
  N  0.0 0. 0.
maxiter      = 100
ansatz       = adapt
adapt_max   = 1000
adapt_eps    = 0.05
adapt_mode = spin
comment ADAPT N2 mode spin
####################################################

+-------------+
|  Job #   1  |
+-------------+
Basis set = sto-3G

*** Geometry ******************************
  N     1.0000000    0.0000000    0.0000000
  N     0.0000000    0.0000000    0.0000000
*******************************************

Symmetry Dooh : D2h(Abelian)
E[FCI]    = -107.520461272525     (Spin = 1   Ms = 0)
E[HF]     = -107.419532451682     (Spin = 1   Ms = 0)
NBasis = 10

[Molecular Orbitals]
---+-------+------------+------------------
 # |  Sym  |   energy   |     category
---+-------+------------+------------------
 0 |   Ag  |   -15.5593 | Frozen Core
 1 |  B1u  |   -15.5545 | Frozen Core
 2 |   Ag  |    -1.5401 | Frozen Core
 3 |  B1u  |    -0.7100 | Frozen Core
 4 |  B2u  |    -0.6461 | Active (occupied)
 5 |  B3u  |    -0.6461 | Active (occupied)
 6 |   Ag  |    -0.5650 | Active (occupied)
 7 |  B2g  |     0.3294 | Active (virtual)
 8 |  B3g  |     0.3294 | Active (virtual)
 9 |  B1u  |     1.3855 | Active (virtual)
---+-------+------------+------------------

Performing ADAPT-VQE [spin]
ADAPT Convergence criterion = 5E-02
Initial configuration: | 000000111111 >
VQE Convergence criteria: ftol = 1E-09, gtol = 1E-05
Number of operators in pool: 870
    1:   E[adapt] = -107.447042561269   <S**2> =  0.00000000000000   Grad = 9.08e-01   Fidelity = 0.000000   CPU Time =  0.11   <N> =  6.00000000000000   <Sz> =  0.00000000000000   CNOT = 13
    2:   E[adapt] = -107.474535044054   <S**2> =  0.00000000000000   Grad = 7.59e-01   Fidelity = 0.000000   CPU Time =  0.12   <N> =  6.00000000000000   <Sz> =  0.00000000000000   CNOT = 26
    3:   E[adapt] = -107.483711508450   <S**2> =  0.01570073733597   Grad = 5.85e-01   Fidelity = 0.000000   CPU Time =  0.12   <N> =  6.00000000000000   <Sz> =  0.00000000000000   CNOT = 43
    4:   E[adapt] = -107.494254224301   <S**2> =  0.03453995448319   Grad = 5.39e-01   Fidelity = 0.000000   CPU Time =  0.14   <N> =  5.99999999999999   <Sz> =  0.00000000000000   CNOT = 60
    5:   E[adapt] = -107.496534605159   <S**2> =  0.03454225511146   Grad = 4.67e-01   Fidelity = 0.000000   CPU Time =  0.12   <N> =  5.99999999999998   <Sz> =  0.00000000000000   CNOT = 73
    6:   E[adapt] = -107.498950811523   <S**2> =  0.03639098960071   Grad = 4.22e-01   Fidelity = 0.000000   CPU Time =  0.16   <N> =  6.00000000000000   <Sz> =  0.00000000000000   CNOT = 94
    7:   E[adapt] = -107.501419937410   <S**2> =  0.03827683848805   Grad = 3.88e-01   Fidelity = 0.000000   CPU Time =  0.16   <N> =  6.00000000000001   <Sz> = -0.00000000000000   CNOT = 115
    8:   E[adapt] = -107.503579113212   <S**2> =  0.03967592119199   Grad = 3.49e-01   Fidelity = 0.000000   CPU Time =  0.30   <N> =  6.00000000000000   <Sz> = -0.00000000000000   CNOT = 136
    9:   E[adapt] = -107.505780811639   <S**2> =  0.04109072252271   Grad = 3.17e-01   Fidelity = 0.000000   CPU Time =  0.19   <N> =  5.99999999999999   <Sz> =  0.00000000000000   CNOT = 157
   10:   E[adapt] = -107.507014146498   <S**2> =  0.03830594912776   Grad = 2.79e-01   Fidelity = 0.000000   CPU Time =  0.19   <N> =  6.00000000000001   <Sz> =  0.00000000000000   CNOT = 182
   11:   E[adapt] = -107.508294178718   <S**2> =  0.03573728167814   Grad = 2.61e-01   Fidelity = 0.000000   CPU Time =  0.20   <N> =  5.99999999999999   <Sz> = -0.00000000000000   CNOT = 199
   12:   E[adapt] = -107.510424846542   <S**2> =  0.02157837007929   Grad = 2.38e-01   Fidelity = 0.000000   CPU Time =  0.21   <N> =  5.99999999999999   <Sz> =  0.00000000000000   CNOT = 216
   13:   E[adapt] = -107.513117096453   <S**2> =  0.00726333866589   Grad = 2.26e-01   Fidelity = 0.000000   CPU Time =  0.25   <N> =  6.00000000000002   <Sz> =  0.00000000000000   CNOT = 233
   14:   E[adapt] = -107.514232128671   <S**2> =  0.00518554681002   Grad = 2.00e-01   Fidelity = 0.000000   CPU Time =  0.23   <N> =  6.00000000000003   <Sz> =  0.00000000000000   CNOT = 258
   15:   E[adapt] = -107.515378434010   <S**2> =  0.00331091826149   Grad = 1.78e-01   Fidelity = 0.000000   CPU Time =  0.38   <N> =  5.99999999999998   <Sz> =  0.00000000000000   CNOT = 275
   16:   E[adapt] = -107.516685542074   <S**2> =  0.00328139316871   Grad = 1.51e-01   Fidelity = 0.000000   CPU Time =  0.25   <N> =  6.00000000000001   <Sz> =  0.00000000000000   CNOT = 288
   17:   E[adapt] = -107.517928113874   <S**2> =  0.00325758792106   Grad = 1.34e-01   Fidelity = 0.000000   CPU Time =  0.36   <N> =  5.99999999999999   <Sz> =  0.00000000000000   CNOT = 301
   18:   E[adapt] = -107.518218262138   <S**2> =  0.00325384624690   Grad = 1.16e-01   Fidelity = 0.000000   CPU Time =  0.20   <N> =  5.99999999999999   <Sz> = -0.00000000000000   CNOT = 314
   19:   E[adapt] = -107.518503869931   <S**2> =  0.00324897525966   Grad = 9.95e-02   Fidelity = 0.000000   CPU Time =  0.22   <N> =  6.00000000000001   <Sz> =  0.00000000000000   CNOT = 327
   20:   E[adapt] = -107.519016698947   <S**2> =  0.00164828020680   Grad = 8.02e-02   Fidelity = 0.000000   CPU Time =  0.24   <N> =  6.00000000000001   <Sz> = -0.00000000000000   CNOT = 348
   21:   E[adapt] = -107.519604289098   <S**2> =  0.00016728077349   Grad = 7.10e-02   Fidelity = 0.000000   CPU Time =  0.25   <N> =  6.00000000000000   <Sz> = -0.00000000000000   CNOT = 361
   22:   E[adapt] = -107.519862467454   <S**2> =  0.00016694863117   Grad = 5.48e-02   Fidelity = 0.000000   CPU Time =  0.29   <N> =  6.00000000000001   <Sz> =  0.00000000000000   CNOT = 374
gradient norm = 4.611512e-02 < 5.000000e-02

-----------ADAPT-VQE finished----------
number of parameter is  22
Final: E[adapt] = -107.519862467454   <S**2> = 0.000166948631169   Fidelity = 0.000000
      Basis              Coef
| 000000111111 > : +0.9728 +0.0000i
| 000011110011 > : -0.1159 +0.0000i
| 001100111100 > : -0.1160 +0.0000i


 Done: CPU Time =            7.7253
adapt (vqe) 
      Basis              Coef
| 000000111111 > : +0.9728 +0.0000i
| 000011110011 > : -0.1159 +0.0000i
| 001100111100 > : -0.1160 +0.0000i

 === Computing 1RDM === 
 === Computing 2RDM === 

Dipole moment from 1RDM (in Debye):
x = -0.00000  y = 0.00000  z = -0.00000
| mu | = 0.00000

Dipole moment from relaxed 1RDM (in Debye):
x = -0.00000     y = 0.00000    z = 0.00000
| mu | = 0.00000
Saved in ./adapt_n2_spin.qkt.
Normal termination of quket at 2022-07-27 19:54:09.453032
