///////////////////////////////////////////////////////////////////////////////////
///                                                                             ///
///                                                                             ///
///              QQQ       UUU  UUU    KKK   KK    EEEEEEE    TTTTTTT           ///
///             Q   Q       u    U      K   K       E    E    T  T  T           ///
///            Q     Q      U    U      K  K        E  E         T              ///
///            Q     Q      U    U      KKK         EEEE         T              ///
///            Q QQQ Q      U    U      K  K        E  E         T              ///
///             Q   Q       U    U      K   K       E    E       T              ///
///              QQQ QQ      UUUU      KKK   KK    EEEEEEE      TTT             ///
///                                                                             ///
///                      Quantum Computing Simulator Ver 0.9                    ///
///                                                                             ///
///        Copyright 2019-2022                                                  ///
///        The Quket Developers                                                 ///
///        All rights Reserved.                                                 ///
///                                                                             ///
///////////////////////////////////////////////////////////////////////////////////
2022-07-27 19:53:37.360175: 
8 processes x 4 = Total 32 cores

##################### INPUT ########################
basis        = sto-3G
multiplicity = 1
charge       = 0
n_electrons  = 4
n_orbitals   = 4
geometry     
H  0  0  0
H  0  0  1.2301
H  1.23001  0  0
H  1.23  0.001  1.23002
maxiter      = 100
ansatz       = adapt
adapt_eps    = 0.01
#debug = true
####################################################

+-------------+
|  Job #   1  |
+-------------+
Basis set = sto-3G

*** Geometry ******************************
  H     0.0000000    0.0000000    0.0000000
  H     0.0000000    0.0000000    1.2301000
  H     1.2300100    0.0000000    0.0000000
  H     1.2300000    0.0010000    1.2300200
*******************************************

Symmetry C1 : C1(Abelian)
E[FCI]    = -1.969513702645     (Spin = 1   Ms = 0)
E[HF]     = -1.779275219294     (Spin = 1   Ms = 0)
NBasis = 4

[Molecular Orbitals]
---+-------+------------+------------------
 # |  Sym  |   energy   |     category
---+-------+------------+------------------
 0 |   A   |    -0.5698 | Active (occupied)
 1 |   A   |    -0.2021 | Active (occupied)
 2 |   A   |     0.1609 | Active (virtual)
 3 |   A   |     0.5707 | Active (virtual)
---+-------+------------+------------------

Performing ADAPT-VQE [original]
ADAPT Convergence criterion = 1E-02
Initial configuration: | 00001111 >
VQE Convergence criteria: ftol = 1E-09, gtol = 1E-05
Number of operators in pool: 87
    1:   E[adapt] = -1.803805408638   <S**2> =  0.00000000000000   Grad = 1.16e+00   Fidelity = 0.000000   CPU Time =  0.03   <N> =  4.00000000000000   <Sz> =  0.00000000000000   CNOT = 13
    2:   E[adapt] = -1.825904441768   <S**2> =  0.00000000000000   Grad = 9.49e-01   Fidelity = 0.000000   CPU Time =  0.03   <N> =  4.00000000000000   <Sz> =  0.00000000000000   CNOT = 26
    3:   E[adapt] = -1.867072519343   <S**2> =  0.08655191517130   Grad = 7.46e-01   Fidelity = 0.000000   CPU Time =  0.04   <N> =  3.99999999999999   <Sz> = -0.00000000000000   CNOT = 60
    4:   E[adapt] = -1.888806498374   <S**2> =  0.00138859411767   Grad = 5.34e-01   Fidelity = 0.000000   CPU Time =  0.06   <N> =  4.00000000000001   <Sz> =  0.00000000000000   CNOT = 94
    5:   E[adapt] = -1.944976401595   <S**2> =  0.03567246541019   Grad = 3.70e-01   Fidelity = 0.000000   CPU Time =  0.07   <N> =  4.00000000000001   <Sz> =  0.00000000000000   CNOT = 107
    6:   E[adapt] = -1.960113227159   <S**2> =  0.04287656921042   Grad = 6.36e-01   Fidelity = 0.000000   CPU Time =  0.07   <N> =  4.00000000000001   <Sz> = -0.00000000000000   CNOT = 120
    7:   E[adapt] = -1.967526530875   <S**2> =  0.00000000004054   Grad = 1.83e-01   Fidelity = 0.000000   CPU Time =  0.10   <N> =  4.00000000000000   <Sz> =  0.00000000000000   CNOT = 154
    8:   E[adapt] = -1.969513701132   <S**2> =  0.00000000004498   Grad = 4.93e-02   Fidelity = 0.000000   CPU Time =  0.14   <N> =  4.00000000000001   <Sz> =  0.00000000000000   CNOT = 188
gradient norm = 1.503518e-04 < 1.000000e-02

-----------ADAPT-VQE finished----------
number of parameter is  8
Final: E[adapt] = -1.969513701132   <S**2> = 0.000000000044982   Fidelity = 0.000000
    Basis            Coef
| 00001111 > : +0.6773 +0.0000i
| 00110011 > : -0.6770 +0.0000i
| 01101001 > : -0.1550 +0.0000i
| 10010110 > : -0.1550 +0.0000i


 Done: CPU Time =            0.6803
adapt (vqe) 
    Basis            Coef
| 00001111 > : +0.6773 +0.0000i
| 00110011 > : -0.6770 +0.0000i
| 01101001 > : -0.1550 +0.0000i
| 10010110 > : -0.1550 +0.0000i

 === Computing 1RDM === 
 === Computing 2RDM === 

Dipole moment from 1RDM (in Debye):
x = 0.00002  y = -0.00000  z = 0.00001
| mu | = 0.00002

Dipole moment from relaxed 1RDM (in Debye):
x = 0.00000     y = -0.00000    z = -0.00004
| mu | = 0.00004
Saved in ./adapt_h4.qkt.
Normal termination of quket at 2022-07-27 19:53:38.673391
