///////////////////////////////////////////////////////////////////////////////////
///                                                                             ///
///                                                                             ///
///              QQQ       UUU  UUU    KKK   KK    EEEEEEE    TTTTTTT           ///
///             Q   Q       u    U      K   K       E    E    T  T  T           ///
///            Q     Q      U    U      K  K        E  E         T              ///
///            Q     Q      U    U      KKK         EEEE         T              ///
///            Q QQQ Q      U    U      K  K        E  E         T              ///
///             Q   Q       U    U      K   K       E    E       T              ///
///              QQQ QQ      UUUU      KKK   KK    EEEEEEE      TTT             ///
///                                                                             ///
///                      Quantum Computing Simulator Ver 0.9                    ///
///                                                                             ///
///        Copyright 2019-2022                                                  ///
///        The Quket Developers                                                 ///
///        All rights Reserved.                                                 ///
///                                                                             ///
///////////////////////////////////////////////////////////////////////////////////
2022-07-27 19:57:39.190308: 
8 processes x 4 = Total 32 cores

##################### INPUT ########################
basis        = STO-6G
multiplicity = 1
charge       = 0
n_electrons  = 4
n_orbitals   = 4
geometry
H  0  0  0
H  0  0  1.2
H  1.  0  0
H  1.  0  1.2
method       = qite
ansatz       = anti-hamiltonian
nterm        = 1
db           = 0.1
maxiter      = 1000
det          = 00001111
taper_off    = true
####################################################

00001111
['00001111']
+-------------+
|  Job #   1  |
+-------------+
Basis set = STO-6G

*** Geometry ******************************
  H     0.0000000    0.0000000    0.0000000
  H     0.0000000    0.0000000    1.2000000
  H     1.0000000    0.0000000    0.0000000
  H     1.0000000    0.0000000    1.2000000
*******************************************

Symmetry D2h : D2h(Abelian)
E[FCI]    = -2.033812422170     (Spin = 1   Ms = 0)
E[HF]     = -1.939420943306     (Spin = 1   Ms = 0)
Tapering-Off Results:
List of Tapered-off Qubits:  [0, 1, 2, 4]
Qubit: 0    Tau: 1.0 [Z0 Z3 Z5 Z6]
Qubit: 1    Tau: 1.0 [Z1 Z3 Z5 Z7]
Qubit: 2    Tau: 1.0 [Z2 Z3 Z6 Z7]
Qubit: 4    Tau: 1.0 [Z4 Z5 Z6 Z7]

States     transformed.
Operators  transformed.
pauli_list transformed.
theta_list transformed.
NBasis = 4

[Molecular Orbitals]
---+-------+------------+------------------
 # |  Sym  |   energy   |     category
---+-------+------------+------------------
 0 |   Ag  |    -0.6460 | Active (occupied)
 1 |  B1u  |    -0.2753 | Active (occupied)
 2 |  B3u  |     0.2675 | Active (virtual)
 3 |  B2g  |     0.7165 | Active (virtual)
---+-------+------------+------------------

Tapering-Off Results:
List of Tapered-off Qubits:  [0, 1, 2, 4]
Qubit: 0    Tau: 1.0 [Z0 Z3 Z5 Z6]
Qubit: 1    Tau: 1.0 [Z1 Z3 Z5 Z7]
Qubit: 2    Tau: 1.0 [Z2 Z3 Z6 Z7]
Qubit: 4    Tau: 1.0 [Z4 Z5 Z6 Z7]

Current states are already tapered-off. No transformation done
Current operators are already tapered-off. No transformation done
pauli_list transformed.
Current theta_list is already tapered-off. No transformation done
Enetered QITE driver
Performing QITE for chemical Hamiltonian
Ansatz = anti-hamiltonian
Initial configuration: | 00001111 >
Convergence criteria: ftol = 1E-09
QITE: Pauli operator group size = 30
Timing for preparing nonredundant sigma list: 0.0 sec
    Unique sigma list = 71
Shift =  -1.9394209433056613
QLanczos =  False
  0.00: E = -1.939420943306  <S**2> = +0.00000000  <N> = 4.00000000  Fidelity = 0.000000  CPU Time =  0.00
  0.10: E = -1.957684502736  <S**2> = +0.00000000  <N> = 4.00000000  Fidelity = 0.000000  CPU Time =  0.01
  0.20: E = -1.971888861425  <S**2> = +0.00000000  <N> = 4.00000000  Fidelity = 0.000000  CPU Time =  0.01
  0.30: E = -1.982981247869  <S**2> = +0.00000000  <N> = 4.00000000  Fidelity = 0.000000  CPU Time =  0.01
  0.40: E = -1.991689017412  <S**2> = +0.00000000  <N> = 4.00000000  Fidelity = 0.000000  CPU Time =  0.01
  0.50: E = -1.998700651544  <S**2> = +0.00000000  <N> = 4.00000000  Fidelity = 0.000000  CPU Time =  0.01
  0.60: E = -2.004230123144  <S**2> = +0.00000000  <N> = 4.00000000  Fidelity = 0.000000  CPU Time =  0.01
  0.70: E = -2.008638468748  <S**2> = +0.00000000  <N> = 4.00000000  Fidelity = 0.000000  CPU Time =  0.01
  0.80: E = -2.012186071857  <S**2> = +0.00000000  <N> = 4.00000000  Fidelity = 0.000000  CPU Time =  0.01
  0.90: E = -2.015066771822  <S**2> = +0.00000000  <N> = 4.00000000  Fidelity = 0.000000  CPU Time =  0.01
  1.00: E = -2.017426856222  <S**2> = +0.00000000  <N> = 4.00000000  Fidelity = 0.000000  CPU Time =  0.01
  1.10: E = -2.019377666615  <S**2> = +0.00000000  <N> = 4.00000000  Fidelity = 0.000000  CPU Time =  0.01
  1.20: E = -2.020982441473  <S**2> = +0.00000000  <N> = 4.00000000  Fidelity = 0.000000  CPU Time =  0.01
  1.30: E = -2.022350097205  <S**2> = +0.00000000  <N> = 4.00000000  Fidelity = 0.000000  CPU Time =  0.01
  1.40: E = -2.023514886817  <S**2> = +0.00000000  <N> = 4.00000000  Fidelity = 0.000000  CPU Time =  0.01
  1.50: E = -2.024511453587  <S**2> = +0.00000000  <N> = 4.00000000  Fidelity = 0.000000  CPU Time =  0.01
  1.60: E = -2.025371046593  <S**2> = +0.00000000  <N> = 4.00000000  Fidelity = 0.000000  CPU Time =  0.01
  1.70: E = -2.026118282751  <S**2> = +0.00000000  <N> = 4.00000000  Fidelity = 0.000000  CPU Time =  0.01
  1.80: E = -2.026772662967  <S**2> = +0.00000000  <N> = 4.00000000  Fidelity = 0.000000  CPU Time =  0.01
  1.90: E = -2.027349723202  <S**2> = +0.00000000  <N> = 4.00000000  Fidelity = 0.000000  CPU Time =  0.01
  2.00: E = -2.027861912182  <S**2> = +0.00000000  <N> = 4.00000000  Fidelity = 0.000000  CPU Time =  0.01
  2.10: E = -2.028319263555  <S**2> = +0.00000000  <N> = 4.00000000  Fidelity = 0.000000  CPU Time =  0.01
  2.20: E = -2.028729912827  <S**2> = +0.00000000  <N> = 4.00000000  Fidelity = 0.000000  CPU Time =  0.01
  2.30: E = -2.029100496604  <S**2> = +0.00000000  <N> = 4.00000000  Fidelity = 0.000000  CPU Time =  0.01
  2.40: E = -2.029436462254  <S**2> = +0.00000000  <N> = 4.00000000  Fidelity = 0.000000  CPU Time =  0.01
  2.50: E = -2.029742309091  <S**2> = +0.00000000  <N> = 4.00000000  Fidelity = 0.000000  CPU Time =  0.01
  2.60: E = -2.030021777024  <S**2> = +0.00000000  <N> = 4.00000000  Fidelity = 0.000000  CPU Time =  0.01
  2.70: E = -2.030277994722  <S**2> = +0.00000000  <N> = 4.00000000  Fidelity = 0.000000  CPU Time =  0.01
  2.80: E = -2.030513596474  <S**2> = +0.00000000  <N> = 4.00000000  Fidelity = 0.000000  CPU Time =  0.01
  2.90: E = -2.030730814730  <S**2> = +0.00000000  <N> = 4.00000000  Fidelity = 0.000000  CPU Time =  0.01
  3.00: E = -2.030931553686  <S**2> = +0.00000000  <N> = 4.00000000  Fidelity = 0.000000  CPU Time =  0.01
  3.10: E = -2.031117448035  <S**2> = +0.00000000  <N> = 4.00000000  Fidelity = 0.000000  CPU Time =  0.01
  3.20: E = -2.031289910058  <S**2> = +0.00000000  <N> = 4.00000000  Fidelity = 0.000000  CPU Time =  0.01
  3.30: E = -2.031450167525  <S**2> = +0.00000000  <N> = 4.00000000  Fidelity = 0.000000  CPU Time =  0.01
  3.40: E = -2.031599294309  <S**2> = +0.00000000  <N> = 4.00000000  Fidelity = 0.000000  CPU Time =  0.01
  3.50: E = -2.031738235231  <S**2> = +0.00000000  <N> = 4.00000000  Fidelity = 0.000000  CPU Time =  0.01
  3.60: E = -2.031867826286  <S**2> = +0.00000000  <N> = 4.00000000  Fidelity = 0.000000  CPU Time =  0.01
  3.70: E = -2.031988811185  <S**2> = +0.00000000  <N> = 4.00000000  Fidelity = 0.000000  CPU Time =  0.01
  3.80: E = -2.032101854939  <S**2> = +0.00000000  <N> = 4.00000000  Fidelity = 0.000000  CPU Time =  0.01
  3.90: E = -2.032207555051  <S**2> = +0.00000000  <N> = 4.00000000  Fidelity = 0.000000  CPU Time =  0.01
  4.00: E = -2.032306450793  <S**2> = +0.00000000  <N> = 4.00000000  Fidelity = 0.000000  CPU Time =  0.01
  4.10: E = -2.032399030910  <S**2> = +0.00000000  <N> = 4.00000000  Fidelity = 0.000000  CPU Time =  0.01
  4.20: E = -2.032485740065  <S**2> = +0.00000000  <N> = 4.00000000  Fidelity = 0.000000  CPU Time =  0.01
  4.30: E = -2.032566984242  <S**2> = +0.00000000  <N> = 4.00000000  Fidelity = 0.000000  CPU Time =  0.01
  4.40: E = -2.032643135303  <S**2> = +0.00000000  <N> = 4.00000000  Fidelity = 0.000000  CPU Time =  0.01
  4.50: E = -2.032714534850  <S**2> = +0.00000000  <N> = 4.00000000  Fidelity = 0.000000  CPU Time =  0.01
  4.60: E = -2.032781497512  <S**2> = +0.00000000  <N> = 4.00000000  Fidelity = 0.000000  CPU Time =  0.01
  4.70: E = -2.032844313765  <S**2> = +0.00000000  <N> = 4.00000000  Fidelity = 0.000000  CPU Time =  0.01
  4.80: E = -2.032903252350  <S**2> = +0.00000000  <N> = 4.00000000  Fidelity = 0.000000  CPU Time =  0.01
  4.90: E = -2.032958562370  <S**2> = +0.00000000  <N> = 4.00000000  Fidelity = 0.000000  CPU Time =  0.01
  5.00: E = -2.033010475113  <S**2> = +0.00000000  <N> = 4.00000000  Fidelity = 0.000000  CPU Time =  0.01
  5.10: E = -2.033059205645  <S**2> = +0.00000000  <N> = 4.00000000  Fidelity = 0.000000  CPU Time =  0.01
  5.20: E = -2.033104954214  <S**2> = +0.00000000  <N> = 4.00000000  Fidelity = 0.000000  CPU Time =  0.01
  5.30: E = -2.033147907483  <S**2> = +0.00000000  <N> = 4.00000000  Fidelity = 0.000000  CPU Time =  0.01
  5.40: E = -2.033188239630  <S**2> = +0.00000000  <N> = 4.00000000  Fidelity = 0.000000  CPU Time =  0.01
  5.50: E = -2.033226113331  <S**2> = +0.00000000  <N> = 4.00000000  Fidelity = 0.000000  CPU Time =  0.01
  5.60: E = -2.033261680637  <S**2> = +0.00000000  <N> = 4.00000000  Fidelity = 0.000000  CPU Time =  0.01
  5.70: E = -2.033295083766  <S**2> = +0.00000000  <N> = 4.00000000  Fidelity = 0.000000  CPU Time =  0.01
  5.80: E = -2.033326455819  <S**2> = +0.00000000  <N> = 4.00000000  Fidelity = 0.000000  CPU Time =  0.01
  5.90: E = -2.033355921429  <S**2> = +0.00000000  <N> = 4.00000000  Fidelity = 0.000000  CPU Time =  0.01
  6.00: E = -2.033383597354  <S**2> = +0.00000000  <N> = 4.00000000  Fidelity = 0.000000  CPU Time =  0.01
  6.10: E = -2.033409593016  <S**2> = +0.00000000  <N> = 4.00000000  Fidelity = 0.000000  CPU Time =  0.01
  6.20: E = -2.033434011000  <S**2> = +0.00000000  <N> = 4.00000000  Fidelity = 0.000000  CPU Time =  0.01
  6.30: E = -2.033456947506  <S**2> = +0.00000000  <N> = 4.00000000  Fidelity = 0.000000  CPU Time =  0.01
  6.40: E = -2.033478492775  <S**2> = +0.00000000  <N> = 4.00000000  Fidelity = 0.000000  CPU Time =  0.01
  6.50: E = -2.033498731472  <S**2> = +0.00000000  <N> = 4.00000000  Fidelity = 0.000000  CPU Time =  0.01
  6.60: E = -2.033517743047  <S**2> = +0.00000000  <N> = 4.00000000  Fidelity = 0.000000  CPU Time =  0.01
  6.70: E = -2.033535602073  <S**2> = +0.00000000  <N> = 4.00000000  Fidelity = 0.000000  CPU Time =  0.01
  6.80: E = -2.033552378550  <S**2> = +0.00000000  <N> = 4.00000000  Fidelity = 0.000000  CPU Time =  0.01
  6.90: E = -2.033568138194  <S**2> = +0.00000000  <N> = 4.00000000  Fidelity = 0.000000  CPU Time =  0.01
  7.00: E = -2.033582942709  <S**2> = +0.00000000  <N> = 4.00000000  Fidelity = 0.000000  CPU Time =  0.01
  7.10: E = -2.033596850035  <S**2> = +0.00000000  <N> = 4.00000000  Fidelity = 0.000000  CPU Time =  0.01
  7.20: E = -2.033609914582  <S**2> = +0.00000000  <N> = 4.00000000  Fidelity = 0.000000  CPU Time =  0.01
  7.30: E = -2.033622187449  <S**2> = +0.00000000  <N> = 4.00000000  Fidelity = 0.000000  CPU Time =  0.01
  7.40: E = -2.033633716627  <S**2> = +0.00000000  <N> = 4.00000000  Fidelity = 0.000000  CPU Time =  0.01
  7.50: E = -2.033644547191  <S**2> = +0.00000000  <N> = 4.00000000  Fidelity = 0.000000  CPU Time =  0.01
  7.60: E = -2.033654721480  <S**2> = +0.00000000  <N> = 4.00000000  Fidelity = 0.000000  CPU Time =  0.01
  7.70: E = -2.033664279260  <S**2> = +0.00000000  <N> = 4.00000000  Fidelity = 0.000000  CPU Time =  0.01
  7.80: E = -2.033673257889  <S**2> = +0.00000000  <N> = 4.00000000  Fidelity = 0.000000  CPU Time =  0.01
  7.90: E = -2.033681692456  <S**2> = +0.00000000  <N> = 4.00000000  Fidelity = 0.000000  CPU Time =  0.01
  8.00: E = -2.033689615923  <S**2> = +0.00000000  <N> = 4.00000000  Fidelity = 0.000000  CPU Time =  0.01
  8.10: E = -2.033697059255  <S**2> = +0.00000000  <N> = 4.00000000  Fidelity = 0.000000  CPU Time =  0.01
  8.20: E = -2.033704051541  <S**2> = +0.00000000  <N> = 4.00000000  Fidelity = 0.000000  CPU Time =  0.01
  8.30: E = -2.033710620105  <S**2> = +0.00000000  <N> = 4.00000000  Fidelity = 0.000000  CPU Time =  0.01
  8.40: E = -2.033716790619  <S**2> = +0.00000000  <N> = 4.00000000  Fidelity = 0.000000  CPU Time =  0.01
  8.50: E = -2.033722587196  <S**2> = +0.00000000  <N> = 4.00000000  Fidelity = 0.000000  CPU Time =  0.01
  8.60: E = -2.033728032492  <S**2> = +0.00000000  <N> = 4.00000000  Fidelity = 0.000000  CPU Time =  0.01
  8.70: E = -2.033733147788  <S**2> = +0.00000000  <N> = 4.00000000  Fidelity = 0.000000  CPU Time =  0.01
  8.80: E = -2.033737953078  <S**2> = +0.00000000  <N> = 4.00000000  Fidelity = 0.000000  CPU Time =  0.01
  8.90: E = -2.033742467143  <S**2> = +0.00000000  <N> = 4.00000000  Fidelity = 0.000000  CPU Time =  0.01
  9.00: E = -2.033746707629  <S**2> = +0.00000000  <N> = 4.00000000  Fidelity = 0.000000  CPU Time =  0.01
  9.10: E = -2.033750691111  <S**2> = +0.00000000  <N> = 4.00000000  Fidelity = 0.000000  CPU Time =  0.01
  9.20: E = -2.033754433161  <S**2> = +0.00000000  <N> = 4.00000000  Fidelity = 0.000000  CPU Time =  0.01
  9.30: E = -2.033757948409  <S**2> = +0.00000000  <N> = 4.00000000  Fidelity = 0.000000  CPU Time =  0.02
  9.40: E = -2.033761250596  <S**2> = +0.00000000  <N> = 4.00000000  Fidelity = 0.000000  CPU Time =  0.02
  9.50: E = -2.033764352634  <S**2> = +0.00000000  <N> = 4.00000000  Fidelity = 0.000000  CPU Time =  0.01
  9.60: E = -2.033767266651  <S**2> = +0.00000000  <N> = 4.00000000  Fidelity = 0.000000  CPU Time =  0.01
  9.70: E = -2.033770004039  <S**2> = +0.00000000  <N> = 4.00000000  Fidelity = 0.000000  CPU Time =  0.01
  9.80: E = -2.033772575504  <S**2> = +0.00000000  <N> = 4.00000000  Fidelity = 0.000000  CPU Time =  0.01
  9.90: E = -2.033774991100  <S**2> = +0.00000000  <N> = 4.00000000  Fidelity = 0.000000  CPU Time =  0.01
 10.00: E = -2.033777260274  <S**2> = +0.00000000  <N> = 4.00000000  Fidelity = 0.000000  CPU Time =  0.01
 10.10: E = -2.033779391898  <S**2> = +0.00000000  <N> = 4.00000000  Fidelity = 0.000000  CPU Time =  0.01
 10.20: E = -2.033781394309  <S**2> = +0.00000000  <N> = 4.00000000  Fidelity = 0.000000  CPU Time =  0.01
 10.30: E = -2.033783275338  <S**2> = +0.00000000  <N> = 4.00000000  Fidelity = 0.000000  CPU Time =  0.01
 10.40: E = -2.033785042343  <S**2> = +0.00000000  <N> = 4.00000000  Fidelity = 0.000000  CPU Time =  0.01
 10.50: E = -2.033786702233  <S**2> = +0.00000000  <N> = 4.00000000  Fidelity = 0.000000  CPU Time =  0.01
 10.60: E = -2.033788261500  <S**2> = +0.00000000  <N> = 4.00000000  Fidelity = 0.000000  CPU Time =  0.01
 10.70: E = -2.033789726245  <S**2> = +0.00000000  <N> = 4.00000000  Fidelity = 0.000000  CPU Time =  0.01
 10.80: E = -2.033791102196  <S**2> = +0.00000000  <N> = 4.00000000  Fidelity = 0.000000  CPU Time =  0.01
 10.90: E = -2.033792394734  <S**2> = +0.00000000  <N> = 4.00000000  Fidelity = 0.000000  CPU Time =  0.01
 11.00: E = -2.033793608917  <S**2> = +0.00000000  <N> = 4.00000000  Fidelity = 0.000000  CPU Time =  0.01
 11.10: E = -2.033794749493  <S**2> = +0.00000000  <N> = 4.00000000  Fidelity = 0.000000  CPU Time =  0.01
 11.20: E = -2.033795820924  <S**2> = +0.00000000  <N> = 4.00000000  Fidelity = 0.000000  CPU Time =  0.01
 11.30: E = -2.033796827402  <S**2> = +0.00000000  <N> = 4.00000000  Fidelity = 0.000000  CPU Time =  0.01
 11.40: E = -2.033797772863  <S**2> = +0.00000000  <N> = 4.00000000  Fidelity = 0.000000  CPU Time =  0.01
 11.50: E = -2.033798661007  <S**2> = +0.00000000  <N> = 4.00000000  Fidelity = 0.000000  CPU Time =  0.01
 11.60: E = -2.033799495308  <S**2> = +0.00000000  <N> = 4.00000000  Fidelity = 0.000000  CPU Time =  0.01
 11.70: E = -2.033800279029  <S**2> = +0.00000000  <N> = 4.00000000  Fidelity = 0.000000  CPU Time =  0.01
 11.80: E = -2.033801015238  <S**2> = +0.00000000  <N> = 4.00000000  Fidelity = 0.000000  CPU Time =  0.01
 11.90: E = -2.033801706814  <S**2> = +0.00000000  <N> = 4.00000000  Fidelity = 0.000000  CPU Time =  0.01
 12.00: E = -2.033802356462  <S**2> = +0.00000000  <N> = 4.00000000  Fidelity = 0.000000  CPU Time =  0.01
 12.10: E = -2.033802966725  <S**2> = +0.00000000  <N> = 4.00000000  Fidelity = 0.000000  CPU Time =  0.01
 12.20: E = -2.033803539991  <S**2> = +0.00000000  <N> = 4.00000000  Fidelity = 0.000000  CPU Time =  0.02
 12.30: E = -2.033804078501  <S**2> = +0.00000000  <N> = 4.00000000  Fidelity = 0.000000  CPU Time =  0.01
 12.40: E = -2.033804584364  <S**2> = +0.00000000  <N> = 4.00000000  Fidelity = 0.000000  CPU Time =  0.01
 12.50: E = -2.033805059557  <S**2> = +0.00000000  <N> = 4.00000000  Fidelity = 0.000000  CPU Time =  0.01
 12.60: E = -2.033805505942  <S**2> = +0.00000000  <N> = 4.00000000  Fidelity = 0.000000  CPU Time =  0.01
 12.70: E = -2.033805925263  <S**2> = +0.00000000  <N> = 4.00000000  Fidelity = 0.000000  CPU Time =  0.01
 12.80: E = -2.033806319162  <S**2> = +0.00000000  <N> = 4.00000000  Fidelity = 0.000000  CPU Time =  0.01
 12.90: E = -2.033806689180  <S**2> = +0.00000000  <N> = 4.00000000  Fidelity = 0.000000  CPU Time =  0.01
 13.00: E = -2.033807036764  <S**2> = +0.00000000  <N> = 4.00000000  Fidelity = 0.000000  CPU Time =  0.01
 13.10: E = -2.033807363276  <S**2> = +0.00000000  <N> = 4.00000000  Fidelity = 0.000000  CPU Time =  0.01
 13.20: E = -2.033807669991  <S**2> = +0.00000000  <N> = 4.00000000  Fidelity = 0.000000  CPU Time =  0.01
 13.30: E = -2.033807958112  <S**2> = -0.00000000  <N> = 4.00000000  Fidelity = 0.000000  CPU Time =  0.01
 13.40: E = -2.033808228764  <S**2> = +0.00000000  <N> = 4.00000000  Fidelity = 0.000000  CPU Time =  0.01
 13.50: E = -2.033808483006  <S**2> = +0.00000000  <N> = 4.00000000  Fidelity = 0.000000  CPU Time =  0.01
 13.60: E = -2.033808721835  <S**2> = +0.00000000  <N> = 4.00000000  Fidelity = 0.000000  CPU Time =  0.01
 13.70: E = -2.033808946184  <S**2> = +0.00000000  <N> = 4.00000000  Fidelity = 0.000000  CPU Time =  0.01
 13.80: E = -2.033809156930  <S**2> = +0.00000000  <N> = 4.00000000  Fidelity = 0.000000  CPU Time =  0.01
 13.90: E = -2.033809354900  <S**2> = -0.00000000  <N> = 4.00000000  Fidelity = 0.000000  CPU Time =  0.01
 14.00: E = -2.033809540867  <S**2> = +0.00000000  <N> = 4.00000000  Fidelity = 0.000000  CPU Time =  0.01
 14.10: E = -2.033809715559  <S**2> = +0.00000000  <N> = 4.00000000  Fidelity = 0.000000  CPU Time =  0.01
 14.20: E = -2.033809879659  <S**2> = -0.00000000  <N> = 4.00000000  Fidelity = 0.000000  CPU Time =  0.01
 14.30: E = -2.033810033810  <S**2> = +0.00000000  <N> = 4.00000000  Fidelity = 0.000000  CPU Time =  0.01
 14.40: E = -2.033810178616  <S**2> = +0.00000000  <N> = 4.00000000  Fidelity = 0.000000  CPU Time =  0.01
 14.50: E = -2.033810314642  <S**2> = +0.00000000  <N> = 4.00000000  Fidelity = 0.000000  CPU Time =  0.01
 14.60: E = -2.033810442420  <S**2> = -0.00000000  <N> = 4.00000000  Fidelity = 0.000000  CPU Time =  0.01
 14.70: E = -2.033810562452  <S**2> = -0.00000000  <N> = 4.00000000  Fidelity = 0.000000  CPU Time =  0.01
 14.80: E = -2.033810675206  <S**2> = +0.00000000  <N> = 4.00000000  Fidelity = 0.000000  CPU Time =  0.01
 14.90: E = -2.033810781124  <S**2> = +0.00000000  <N> = 4.00000000  Fidelity = 0.000000  CPU Time =  0.01
 15.00: E = -2.033810880620  <S**2> = +0.00000000  <N> = 4.00000000  Fidelity = 0.000000  CPU Time =  0.01
 15.10: E = -2.033810974084  <S**2> = +0.00000000  <N> = 4.00000000  Fidelity = 0.000000  CPU Time =  0.01
 15.20: E = -2.033811061881  <S**2> = +0.00000000  <N> = 4.00000000  Fidelity = 0.000000  CPU Time =  0.01
 15.30: E = -2.033811144355  <S**2> = +0.00000000  <N> = 4.00000000  Fidelity = 0.000000  CPU Time =  0.01
 15.40: E = -2.033811221829  <S**2> = +0.00000000  <N> = 4.00000000  Fidelity = 0.000000  CPU Time =  0.01
 15.50: E = -2.033811294606  <S**2> = +0.00000000  <N> = 4.00000000  Fidelity = 0.000000  CPU Time =  0.01
 15.60: E = -2.033811362970  <S**2> = -0.00000000  <N> = 4.00000000  Fidelity = 0.000000  CPU Time =  0.01
 15.70: E = -2.033811427189  <S**2> = +0.00000000  <N> = 4.00000000  Fidelity = 0.000000  CPU Time =  0.01
 15.80: E = -2.033811487515  <S**2> = +0.00000000  <N> = 4.00000000  Fidelity = 0.000000  CPU Time =  0.01
 15.90: E = -2.033811544183  <S**2> = +0.00000000  <N> = 4.00000000  Fidelity = 0.000000  CPU Time =  0.01
 16.00: E = -2.033811597415  <S**2> = +0.00000000  <N> = 4.00000000  Fidelity = 0.000000  CPU Time =  0.01
 16.10: E = -2.033811647420  <S**2> = -0.00000000  <N> = 4.00000000  Fidelity = 0.000000  CPU Time =  0.01
 16.20: E = -2.033811694393  <S**2> = -0.00000000  <N> = 4.00000000  Fidelity = 0.000000  CPU Time =  0.01
 16.30: E = -2.033811738518  <S**2> = +0.00000000  <N> = 4.00000000  Fidelity = 0.000000  CPU Time =  0.01
 16.40: E = -2.033811779968  <S**2> = +0.00000000  <N> = 4.00000000  Fidelity = 0.000000  CPU Time =  0.01
 16.50: E = -2.033811818905  <S**2> = +0.00000000  <N> = 4.00000000  Fidelity = 0.000000  CPU Time =  0.01
 16.60: E = -2.033811855481  <S**2> = -0.00000000  <N> = 4.00000000  Fidelity = 0.000000  CPU Time =  0.01
 16.70: E = -2.033811889839  <S**2> = +0.00000000  <N> = 4.00000000  Fidelity = 0.000000  CPU Time =  0.01
 16.80: E = -2.033811922114  <S**2> = -0.00000000  <N> = 4.00000000  Fidelity = 0.000000  CPU Time =  0.01
 16.90: E = -2.033811952433  <S**2> = +0.00000000  <N> = 4.00000000  Fidelity = 0.000000  CPU Time =  0.01
 17.00: E = -2.033811980913  <S**2> = -0.00000000  <N> = 4.00000000  Fidelity = 0.000000  CPU Time =  0.01
 17.10: E = -2.033812007666  <S**2> = +0.00000000  <N> = 4.00000000  Fidelity = 0.000000  CPU Time =  0.01
 17.20: E = -2.033812032798  <S**2> = +0.00000000  <N> = 4.00000000  Fidelity = 0.000000  CPU Time =  0.01
 17.30: E = -2.033812056405  <S**2> = -0.00000000  <N> = 4.00000000  Fidelity = 0.000000  CPU Time =  0.01
 17.40: E = -2.033812078582  <S**2> = +0.00000000  <N> = 4.00000000  Fidelity = 0.000000  CPU Time =  0.01
 17.50: E = -2.033812099414  <S**2> = +0.00000000  <N> = 4.00000000  Fidelity = 0.000000  CPU Time =  0.01
 17.60: E = -2.033812118982  <S**2> = -0.00000000  <N> = 4.00000000  Fidelity = 0.000000  CPU Time =  0.01
 17.70: E = -2.033812137365  <S**2> = +0.00000000  <N> = 4.00000000  Fidelity = 0.000000  CPU Time =  0.01
 17.80: E = -2.033812154632  <S**2> = +0.00000000  <N> = 4.00000000  Fidelity = 0.000000  CPU Time =  0.01
 17.90: E = -2.033812170853  <S**2> = +0.00000000  <N> = 4.00000000  Fidelity = 0.000000  CPU Time =  0.01
 18.00: E = -2.033812186091  <S**2> = +0.00000000  <N> = 4.00000000  Fidelity = 0.000000  CPU Time =  0.01
 18.10: E = -2.033812200404  <S**2> = +0.00000000  <N> = 4.00000000  Fidelity = 0.000000  CPU Time =  0.01
 18.20: E = -2.033812213850  <S**2> = +0.00000000  <N> = 4.00000000  Fidelity = 0.000000  CPU Time =  0.01
 18.30: E = -2.033812226480  <S**2> = +0.00000000  <N> = 4.00000000  Fidelity = 0.000000  CPU Time =  0.01
 18.40: E = -2.033812238345  <S**2> = +0.00000000  <N> = 4.00000000  Fidelity = 0.000000  CPU Time =  0.01
 18.50: E = -2.033812249490  <S**2> = -0.00000000  <N> = 4.00000000  Fidelity = 0.000000  CPU Time =  0.01
 18.60: E = -2.033812259960  <S**2> = +0.00000000  <N> = 4.00000000  Fidelity = 0.000000  CPU Time =  0.01
 18.70: E = -2.033812269795  <S**2> = +0.00000000  <N> = 4.00000000  Fidelity = 0.000000  CPU Time =  0.01
 18.80: E = -2.033812279033  <S**2> = +0.00000000  <N> = 4.00000000  Fidelity = 0.000000  CPU Time =  0.01
 18.90: E = -2.033812287712  <S**2> = +0.00000000  <N> = 4.00000000  Fidelity = 0.000000  CPU Time =  0.01
 19.00: E = -2.033812295864  <S**2> = -0.00000000  <N> = 4.00000000  Fidelity = 0.000000  CPU Time =  0.01
 19.10: E = -2.033812303522  <S**2> = -0.00000000  <N> = 4.00000000  Fidelity = 0.000000  CPU Time =  0.01
 19.20: E = -2.033812310716  <S**2> = +0.00000000  <N> = 4.00000000  Fidelity = 0.000000  CPU Time =  0.01
 19.30: E = -2.033812317473  <S**2> = +0.00000000  <N> = 4.00000000  Fidelity = 0.000000  CPU Time =  0.01
 19.40: E = -2.033812323821  <S**2> = +0.00000000  <N> = 4.00000000  Fidelity = 0.000000  CPU Time =  0.01
 19.50: E = -2.033812329784  <S**2> = +0.00000000  <N> = 4.00000000  Fidelity = 0.000000  CPU Time =  0.01
 19.60: E = -2.033812335385  <S**2> = +0.00000000  <N> = 4.00000000  Fidelity = 0.000000  CPU Time =  0.01
 19.70: E = -2.033812340647  <S**2> = -0.00000000  <N> = 4.00000000  Fidelity = 0.000000  CPU Time =  0.01
 19.80: E = -2.033812345590  <S**2> = +0.00000000  <N> = 4.00000000  Fidelity = 0.000000  CPU Time =  0.01
 19.90: E = -2.033812350233  <S**2> = -0.00000000  <N> = 4.00000000  Fidelity = 0.000000  CPU Time =  0.01
 20.00: E = -2.033812354595  <S**2> = +0.00000000  <N> = 4.00000000  Fidelity = 0.000000  CPU Time =  0.01
 20.10: E = -2.033812358692  <S**2> = +0.00000000  <N> = 4.00000000  Fidelity = 0.000000  CPU Time =  0.01
 20.20: E = -2.033812362540  <S**2> = +0.00000000  <N> = 4.00000000  Fidelity = 0.000000  CPU Time =  0.01
 20.30: E = -2.033812366156  <S**2> = -0.00000000  <N> = 4.00000000  Fidelity = 0.000000  CPU Time =  0.01
 20.40: E = -2.033812369552  <S**2> = +0.00000000  <N> = 4.00000000  Fidelity = 0.000000  CPU Time =  0.01
 20.50: E = -2.033812372742  <S**2> = +0.00000000  <N> = 4.00000000  Fidelity = 0.000000  CPU Time =  0.01
 20.60: E = -2.033812375739  <S**2> = +0.00000000  <N> = 4.00000000  Fidelity = 0.000000  CPU Time =  0.01
 20.70: E = -2.033812378554  <S**2> = +0.00000000  <N> = 4.00000000  Fidelity = 0.000000  CPU Time =  0.01
 20.80: E = -2.033812381199  <S**2> = +0.00000000  <N> = 4.00000000  Fidelity = 0.000000  CPU Time =  0.01
 20.90: E = -2.033812383683  <S**2> = -0.00000000  <N> = 4.00000000  Fidelity = 0.000000  CPU Time =  0.01
 21.00: E = -2.033812386016  <S**2> = +0.00000000  <N> = 4.00000000  Fidelity = 0.000000  CPU Time =  0.01
 21.10: E = -2.033812388208  <S**2> = +0.00000000  <N> = 4.00000000  Fidelity = 0.000000  CPU Time =  0.01
 21.20: E = -2.033812390267  <S**2> = -0.00000000  <N> = 4.00000000  Fidelity = 0.000000  CPU Time =  0.01
 21.30: E = -2.033812392202  <S**2> = -0.00000000  <N> = 4.00000000  Fidelity = 0.000000  CPU Time =  0.01
 21.40: E = -2.033812394019  <S**2> = +0.00000000  <N> = 4.00000000  Fidelity = 0.000000  CPU Time =  0.01
 21.50: E = -2.033812395726  <S**2> = -0.00000000  <N> = 4.00000000  Fidelity = 0.000000  CPU Time =  0.01
 21.60: E = -2.033812397329  <S**2> = -0.00000000  <N> = 4.00000000  Fidelity = 0.000000  CPU Time =  0.01
 21.70: E = -2.033812398835  <S**2> = -0.00000000  <N> = 4.00000000  Fidelity = 0.000000  CPU Time =  0.01
 21.80: E = -2.033812400250  <S**2> = +0.00000000  <N> = 4.00000000  Fidelity = 0.000000  CPU Time =  0.01
 21.90: E = -2.033812401579  <S**2> = -0.00000000  <N> = 4.00000000  Fidelity = 0.000000  CPU Time =  0.01
 22.00: E = -2.033812402827  <S**2> = +0.00000000  <N> = 4.00000000  Fidelity = 0.000000  CPU Time =  0.01
 22.10: E = -2.033812404000  <S**2> = -0.00000000  <N> = 4.00000000  Fidelity = 0.000000  CPU Time =  0.01
 22.20: E = -2.033812405102  <S**2> = +0.00000000  <N> = 4.00000000  Fidelity = 0.000000  CPU Time =  0.01
 22.30: E = -2.033812406137  <S**2> = -0.00000000  <N> = 4.00000000  Fidelity = 0.000000  CPU Time =  0.01
 22.40: E = -2.033812407109  <S**2> = +0.00000000  <N> = 4.00000000  Fidelity = 0.000000  CPU Time =  0.01
CONVERGED at beta=22.40.
 Final: E[anti-hamiltonian] = -2.033812407109  <S**2> = +0.000000000000000  
(QITE state)
  Basis          Coef
| 0001 > : +0.9392 +0.0000i
| 0010 > : -0.2517 +0.0000i
| 0111 > : -0.1082 +0.0000i
| 1000 > : -0.1082 +0.0000i

States     backtransformed.
Operators  backtransformed.
pauli_list backtransformed.
theta_list backtransformed.
anti-hamiltonian (qite) 
    Basis            Coef
| 00001111 > : +0.9392 +0.0000i
| 00110011 > : -0.2517 +0.0000i
| 01101001 > : -0.1082 +0.0000i
| 10010110 > : -0.1082 +0.0000i

 === Computing 1RDM === 
No relaxed density available for qite

Dipole moment from 1RDM (in Debye):
x = 0.00000  y = 0.00000  z = 0.00000
| mu | = 0.00000
Saved in ./h4_ahva.qkt.
Normal termination of quket at 2022-07-27 19:57:41.544961
