///////////////////////////////////////////////////////////////////////////////////
///                                                                             ///
///                                                                             ///
///              QQQ       UUU  UUU    KKK   KK    EEEEEEE    TTTTTTT           ///
///             Q   Q       u    U      K   K       E    E    T  T  T           ///
///            Q     Q      U    U      K  K        E  E         T              ///
///            Q     Q      U    U      KKK         EEEE         T              ///
///            Q QQQ Q      U    U      K  K        E  E         T              ///
///             Q   Q       U    U      K   K       E    E       T              ///
///              QQQ QQ      UUUU      KKK   KK    EEEEEEE      TTT             ///
///                                                                             ///
///                      Quantum Computing Simulator Ver 0.9.1                  ///
///                                                                             ///
///        Copyright 2019-2022                                                  ///
///        The Quket Developers                                                 ///
///        All rights Reserved.                                                 ///
///                                                                             ///
///////////////////////////////////////////////////////////////////////////////////
2022-08-07 01:01:35.630070: 
8 processes x 4 = Total 32 cores
API for qulacs: None
Number of cpus in the main node (pinode01): 8

##################### INPUT ########################
basis        = sto-6G
multiplicity = 1
charge       = 0
n_electrons  = 4
n_orbitals   = 4
geometry
H  0  0  0
H  0  0  1.2
H  1.0  0  0
H  1.0  0  1.2
method       = qite
ansatz       = cite
nterm        = 1
db           = 0.2
maxiter      = 1000
det          = 00001111
####################################################

+-------------+
|  Job #   1  |
+-------------+
Basis set = sto-6G

*** Geometry ******************************
  H     0.0000000    0.0000000    0.0000000
  H     0.0000000    0.0000000    1.2000000
  H     1.0000000    0.0000000    0.0000000
  H     1.0000000    0.0000000    1.2000000
*******************************************

Symmetry D2h : D2h(Abelian)
E[FCI]    = -2.033812422170     (Spin = 1   Ms = 0)
E[HF]     = -1.939420943306     (Spin = 1   Ms = 0)
TODO: Pauli_list is not supported for ansatz = cite.
Tapering-Off Results:
List of redundant qubits:  [0, 1, 2, 4]
Qubit: 0    Tau: 1.0 [Z0 Z3 Z5 Z6]
Qubit: 1    Tau: 1.0 [Z1 Z3 Z5 Z7]
Qubit: 2    Tau: 1.0 [Z2 Z3 Z6 Z7]
Qubit: 4    Tau: 1.0 [Z4 Z5 Z6 Z7]

pauli_list found.
TODO: Pauli_list is not supported for ansatz = cite.
NBasis = 4

[Molecular Orbitals]
---+-------+------------+------------------
 # |  Sym  |   energy   |     category
---+-------+------------+------------------
 0 |   Ag  |    -0.6460 | Active (occupied)
 1 |  B1u  |    -0.2753 | Active (occupied)
 2 |  B3u  |     0.2675 | Active (virtual)
 3 |  B2g  |     0.7165 | Active (virtual)
---+-------+------------+------------------

Tapering-Off Results:
List of redundant qubits:  [0, 1, 2, 4]
Qubit: 0    Tau: 1.0 [Z0 Z3 Z5 Z6]
Qubit: 1    Tau: 1.0 [Z1 Z3 Z5 Z7]
Qubit: 2    Tau: 1.0 [Z2 Z3 Z6 Z7]
Qubit: 4    Tau: 1.0 [Z4 Z5 Z6 Z7]

pauli_list found.
Enetered QITE driver
Performing QITE for chemical Hamiltonian
Ansatz = cite
Initial configuration: | 00001111 >
Convergence criteria: ftol = 1E-09
ITE
Shift =  -1.9394209433056644
QLanczos =  False
  0.00: E = -1.939420943306  <S**2> = +0.00000000  <N> = 4.00000000  Fidelity = 0.000000  CPU Time =  0.01
  0.20: E = -1.970402587074  <S**2> = +0.00000000  <N> = 4.00000000  Fidelity = 0.000000  CPU Time =  0.01
  0.40: E = -1.989923096551  <S**2> = +0.00000000  <N> = 4.00000000  Fidelity = 0.000000  CPU Time =  0.01
  0.60: E = -2.002447020364  <S**2> = +0.00000000  <N> = 4.00000000  Fidelity = 0.000000  CPU Time =  0.01
  0.80: E = -2.010667922113  <S**2> = -0.00000000  <N> = 4.00000000  Fidelity = 0.000000  CPU Time =  0.01
  1.00: E = -2.016206677251  <S**2> = -0.00000000  <N> = 4.00000000  Fidelity = 0.000000  CPU Time =  0.01
  1.20: E = -2.020044730614  <S**2> = +0.00000000  <N> = 4.00000000  Fidelity = 0.000000  CPU Time =  0.01
  1.40: E = -2.022782899109  <S**2> = +0.00000000  <N> = 4.00000000  Fidelity = 0.000000  CPU Time =  0.01
  1.60: E = -2.024794069759  <S**2> = -0.00000000  <N> = 4.00000000  Fidelity = 0.000000  CPU Time =  0.01
  1.80: E = -2.026313291021  <S**2> = +0.00000000  <N> = 4.00000000  Fidelity = 0.000000  CPU Time =  0.01
  2.00: E = -2.027491252668  <S**2> = -0.00000000  <N> = 4.00000000  Fidelity = 0.000000  CPU Time =  0.01
  2.20: E = -2.028426329141  <S**2> = -0.00000000  <N> = 4.00000000  Fidelity = 0.000000  CPU Time =  0.01
  2.40: E = -2.029183991624  <S**2> = +0.00000000  <N> = 4.00000000  Fidelity = 0.000000  CPU Time =  0.01
  2.60: E = -2.029808709972  <S**2> = -0.00000000  <N> = 4.00000000  Fidelity = 0.000000  CPU Time =  0.01
  2.80: E = -2.030331342443  <S**2> = -0.00000000  <N> = 4.00000000  Fidelity = 0.000000  CPU Time =  0.01
  3.00: E = -2.030773783666  <S**2> = +0.00000000  <N> = 4.00000000  Fidelity = 0.000000  CPU Time =  0.01
  3.20: E = -2.031151926833  <S**2> = -0.00000000  <N> = 4.00000000  Fidelity = 0.000000  CPU Time =  0.01
  3.40: E = -2.031477576847  <S**2> = +0.00000000  <N> = 4.00000000  Fidelity = 0.000000  CPU Time =  0.01
  3.60: E = -2.031759702658  <S**2> = -0.00000000  <N> = 4.00000000  Fidelity = 0.000000  CPU Time =  0.01
  3.80: E = -2.032005268313  <S**2> = +0.00000000  <N> = 4.00000000  Fidelity = 0.000000  CPU Time =  0.01
  4.00: E = -2.032219792180  <S**2> = -0.00000000  <N> = 4.00000000  Fidelity = 0.000000  CPU Time =  0.01
  4.20: E = -2.032407728734  <S**2> = +0.00000000  <N> = 4.00000000  Fidelity = 0.000000  CPU Time =  0.01
  4.40: E = -2.032572733170  <S**2> = +0.00000000  <N> = 4.00000000  Fidelity = 0.000000  CPU Time =  0.01
  4.60: E = -2.032717847746  <S**2> = +0.00000000  <N> = 4.00000000  Fidelity = 0.000000  CPU Time =  0.01
  4.80: E = -2.032845635234  <S**2> = -0.00000000  <N> = 4.00000000  Fidelity = 0.000000  CPU Time =  0.01
  5.00: E = -2.032958276219  <S**2> = +0.00000000  <N> = 4.00000000  Fidelity = 0.000000  CPU Time =  0.01
  5.20: E = -2.033057641361  <S**2> = +0.00000000  <N> = 4.00000000  Fidelity = 0.000000  CPU Time =  0.01
  5.40: E = -2.033145346098  <S**2> = -0.00000000  <N> = 4.00000000  Fidelity = 0.000000  CPU Time =  0.01
  5.60: E = -2.033222792859  <S**2> = +0.00000000  <N> = 4.00000000  Fidelity = 0.000000  CPU Time =  0.01
  5.80: E = -2.033291204255  <S**2> = -0.00000000  <N> = 4.00000000  Fidelity = 0.000000  CPU Time =  0.01
  6.00: E = -2.033351649641  <S**2> = -0.00000000  <N> = 4.00000000  Fidelity = 0.000000  CPU Time =  0.01
  6.20: E = -2.033405066727  <S**2> = +0.00000000  <N> = 4.00000000  Fidelity = 0.000000  CPU Time =  0.01
  6.40: E = -2.033452279423  <S**2> = +0.00000000  <N> = 4.00000000  Fidelity = 0.000000  CPU Time =  0.01
  6.60: E = -2.033494012762  <S**2> = +0.00000000  <N> = 4.00000000  Fidelity = 0.000000  CPU Time =  0.01
  6.80: E = -2.033530905522  <S**2> = +0.00000000  <N> = 4.00000000  Fidelity = 0.000000  CPU Time =  0.01
  7.00: E = -2.033563520997  <S**2> = +0.00000000  <N> = 4.00000000  Fidelity = 0.000000  CPU Time =  0.01
  7.20: E = -2.033592356260  <S**2> = +0.00000000  <N> = 4.00000000  Fidelity = 0.000000  CPU Time =  0.01
  7.40: E = -2.033617850178  <S**2> = -0.00000000  <N> = 4.00000000  Fidelity = 0.000000  CPU Time =  0.01
  7.60: E = -2.033640390381  <S**2> = +0.00000000  <N> = 4.00000000  Fidelity = 0.000000  CPU Time =  0.01
  7.80: E = -2.033660319346  <S**2> = +0.00000000  <N> = 4.00000000  Fidelity = 0.000000  CPU Time =  0.01
  8.00: E = -2.033677939725  <S**2> = +0.00000000  <N> = 4.00000000  Fidelity = 0.000000  CPU Time =  0.00
  8.20: E = -2.033693519017  <S**2> = +0.00000000  <N> = 4.00000000  Fidelity = 0.000000  CPU Time =  0.00
  8.40: E = -2.033707293685  <S**2> = +0.00000000  <N> = 4.00000000  Fidelity = 0.000000  CPU Time =  0.00
  8.60: E = -2.033719472769  <S**2> = +0.00000000  <N> = 4.00000000  Fidelity = 0.000000  CPU Time =  0.00
  8.80: E = -2.033730241083  <S**2> = +0.00000000  <N> = 4.00000000  Fidelity = 0.000000  CPU Time =  0.01
  9.00: E = -2.033739762026  <S**2> = +0.00000000  <N> = 4.00000000  Fidelity = 0.000000  CPU Time =  0.00
  9.20: E = -2.033748180070  <S**2> = +0.00000000  <N> = 4.00000000  Fidelity = 0.000000  CPU Time =  0.00
  9.40: E = -2.033755622955  <S**2> = -0.00000000  <N> = 4.00000000  Fidelity = 0.000000  CPU Time =  0.00
  9.60: E = -2.033762203626  <S**2> = -0.00000000  <N> = 4.00000000  Fidelity = 0.000000  CPU Time =  0.00
  9.80: E = -2.033768021949  <S**2> = +0.00000000  <N> = 4.00000000  Fidelity = 0.000000  CPU Time =  0.00
 10.00: E = -2.033773166226  <S**2> = +0.00000000  <N> = 4.00000000  Fidelity = 0.000000  CPU Time =  0.00
 10.20: E = -2.033777714531  <S**2> = -0.00000000  <N> = 4.00000000  Fidelity = 0.000000  CPU Time =  0.00
 10.40: E = -2.033781735899  <S**2> = +0.00000000  <N> = 4.00000000  Fidelity = 0.000000  CPU Time =  0.00
 10.60: E = -2.033785291369  <S**2> = +0.00000000  <N> = 4.00000000  Fidelity = 0.000000  CPU Time =  0.00
 10.80: E = -2.033788434911  <S**2> = -0.00000000  <N> = 4.00000000  Fidelity = 0.000000  CPU Time =  0.01
 11.00: E = -2.033791214245  <S**2> = -0.00000000  <N> = 4.00000000  Fidelity = 0.000000  CPU Time =  0.01
 11.20: E = -2.033793671563  <S**2> = -0.00000000  <N> = 4.00000000  Fidelity = 0.000000  CPU Time =  0.01
 11.40: E = -2.033795844170  <S**2> = -0.00000000  <N> = 4.00000000  Fidelity = 0.000000  CPU Time =  0.00
 11.60: E = -2.033797765052  <S**2> = +0.00000000  <N> = 4.00000000  Fidelity = 0.000000  CPU Time =  0.00
 11.80: E = -2.033799463370  <S**2> = +0.00000000  <N> = 4.00000000  Fidelity = 0.000000  CPU Time =  0.00
 12.00: E = -2.033800964912  <S**2> = -0.00000000  <N> = 4.00000000  Fidelity = 0.000000  CPU Time =  0.00
 12.20: E = -2.033802292475  <S**2> = -0.00000000  <N> = 4.00000000  Fidelity = 0.000000  CPU Time =  0.00
 12.40: E = -2.033803466216  <S**2> = -0.00000000  <N> = 4.00000000  Fidelity = 0.000000  CPU Time =  0.00
 12.60: E = -2.033804503957  <S**2> = -0.00000000  <N> = 4.00000000  Fidelity = 0.000000  CPU Time =  0.00
 12.80: E = -2.033805421457  <S**2> = +0.00000000  <N> = 4.00000000  Fidelity = 0.000000  CPU Time =  0.00
 13.00: E = -2.033806232645  <S**2> = +0.00000000  <N> = 4.00000000  Fidelity = 0.000000  CPU Time =  0.00
 13.20: E = -2.033806949842  <S**2> = -0.00000000  <N> = 4.00000000  Fidelity = 0.000000  CPU Time =  0.00
 13.40: E = -2.033807583936  <S**2> = -0.00000000  <N> = 4.00000000  Fidelity = 0.000000  CPU Time =  0.00
 13.60: E = -2.033808144556  <S**2> = -0.00000000  <N> = 4.00000000  Fidelity = 0.000000  CPU Time =  0.00
 13.80: E = -2.033808640217  <S**2> = -0.00000000  <N> = 4.00000000  Fidelity = 0.000000  CPU Time =  0.00
 14.00: E = -2.033809078445  <S**2> = +0.00000000  <N> = 4.00000000  Fidelity = 0.000000  CPU Time =  0.00
 14.20: E = -2.033809465894  <S**2> = -0.00000000  <N> = 4.00000000  Fidelity = 0.000000  CPU Time =  0.00
 14.40: E = -2.033809808448  <S**2> = -0.00000000  <N> = 4.00000000  Fidelity = 0.000000  CPU Time =  0.00
 14.60: E = -2.033810111310  <S**2> = +0.00000000  <N> = 4.00000000  Fidelity = 0.000000  CPU Time =  0.00
 14.80: E = -2.033810379078  <S**2> = +0.00000000  <N> = 4.00000000  Fidelity = 0.000000  CPU Time =  0.00
 15.00: E = -2.033810615819  <S**2> = -0.00000000  <N> = 4.00000000  Fidelity = 0.000000  CPU Time =  0.00
 15.20: E = -2.033810825129  <S**2> = +0.00000000  <N> = 4.00000000  Fidelity = 0.000000  CPU Time =  0.00
 15.40: E = -2.033811010184  <S**2> = -0.00000000  <N> = 4.00000000  Fidelity = 0.000000  CPU Time =  0.00
 15.60: E = -2.033811173797  <S**2> = +0.00000000  <N> = 4.00000000  Fidelity = 0.000000  CPU Time =  0.00
 15.80: E = -2.033811318451  <S**2> = +0.00000000  <N> = 4.00000000  Fidelity = 0.000000  CPU Time =  0.00
 16.00: E = -2.033811446344  <S**2> = +0.00000000  <N> = 4.00000000  Fidelity = 0.000000  CPU Time =  0.00
 16.20: E = -2.033811559417  <S**2> = +0.00000000  <N> = 4.00000000  Fidelity = 0.000000  CPU Time =  0.00
 16.40: E = -2.033811659388  <S**2> = +0.00000000  <N> = 4.00000000  Fidelity = 0.000000  CPU Time =  0.00
 16.60: E = -2.033811747775  <S**2> = +0.00000000  <N> = 4.00000000  Fidelity = 0.000000  CPU Time =  0.00
 16.80: E = -2.033811825920  <S**2> = +0.00000000  <N> = 4.00000000  Fidelity = 0.000000  CPU Time =  0.00
 17.00: E = -2.033811895010  <S**2> = +0.00000000  <N> = 4.00000000  Fidelity = 0.000000  CPU Time =  0.00
 17.20: E = -2.033811956095  <S**2> = +0.00000000  <N> = 4.00000000  Fidelity = 0.000000  CPU Time =  0.00
 17.40: E = -2.033812010101  <S**2> = +0.00000000  <N> = 4.00000000  Fidelity = 0.000000  CPU Time =  0.00
 17.60: E = -2.033812057849  <S**2> = +0.00000000  <N> = 4.00000000  Fidelity = 0.000000  CPU Time =  0.00
 17.80: E = -2.033812100065  <S**2> = -0.00000000  <N> = 4.00000000  Fidelity = 0.000000  CPU Time =  0.00
 18.00: E = -2.033812137389  <S**2> = -0.00000000  <N> = 4.00000000  Fidelity = 0.000000  CPU Time =  0.00
 18.20: E = -2.033812170387  <S**2> = -0.00000000  <N> = 4.00000000  Fidelity = 0.000000  CPU Time =  0.00
 18.40: E = -2.033812199563  <S**2> = +0.00000000  <N> = 4.00000000  Fidelity = 0.000000  CPU Time =  0.00
 18.60: E = -2.033812225357  <S**2> = +0.00000000  <N> = 4.00000000  Fidelity = 0.000000  CPU Time =  0.00
 18.80: E = -2.033812248163  <S**2> = -0.00000000  <N> = 4.00000000  Fidelity = 0.000000  CPU Time =  0.00
 19.00: E = -2.033812268326  <S**2> = +0.00000000  <N> = 4.00000000  Fidelity = 0.000000  CPU Time =  0.00
 19.20: E = -2.033812286153  <S**2> = -0.00000000  <N> = 4.00000000  Fidelity = 0.000000  CPU Time =  0.00
 19.40: E = -2.033812301914  <S**2> = -0.00000000  <N> = 4.00000000  Fidelity = 0.000000  CPU Time =  0.00
 19.60: E = -2.033812315848  <S**2> = +0.00000000  <N> = 4.00000000  Fidelity = 0.000000  CPU Time =  0.00
 19.80: E = -2.033812328168  <S**2> = -0.00000000  <N> = 4.00000000  Fidelity = 0.000000  CPU Time =  0.00
 20.00: E = -2.033812339061  <S**2> = -0.00000000  <N> = 4.00000000  Fidelity = 0.000000  CPU Time =  0.00
 20.20: E = -2.033812348691  <S**2> = +0.00000000  <N> = 4.00000000  Fidelity = 0.000000  CPU Time =  0.00
 20.40: E = -2.033812357205  <S**2> = +0.00000000  <N> = 4.00000000  Fidelity = 0.000000  CPU Time =  0.00
 20.60: E = -2.033812364733  <S**2> = +0.00000000  <N> = 4.00000000  Fidelity = 0.000000  CPU Time =  0.00
 20.80: E = -2.033812371389  <S**2> = +0.00000000  <N> = 4.00000000  Fidelity = 0.000000  CPU Time =  0.00
 21.00: E = -2.033812377273  <S**2> = +0.00000000  <N> = 4.00000000  Fidelity = 0.000000  CPU Time =  0.00
 21.20: E = -2.033812382475  <S**2> = +0.00000000  <N> = 4.00000000  Fidelity = 0.000000  CPU Time =  0.00
 21.40: E = -2.033812387075  <S**2> = -0.00000000  <N> = 4.00000000  Fidelity = 0.000000  CPU Time =  0.00
 21.60: E = -2.033812391142  <S**2> = -0.00000000  <N> = 4.00000000  Fidelity = 0.000000  CPU Time =  0.00
 21.80: E = -2.033812394737  <S**2> = +0.00000000  <N> = 4.00000000  Fidelity = 0.000000  CPU Time =  0.00
 22.00: E = -2.033812397916  <S**2> = -0.00000000  <N> = 4.00000000  Fidelity = 0.000000  CPU Time =  0.00
 22.20: E = -2.033812400726  <S**2> = -0.00000000  <N> = 4.00000000  Fidelity = 0.000000  CPU Time =  0.00
 22.40: E = -2.033812403211  <S**2> = +0.00000000  <N> = 4.00000000  Fidelity = 0.000000  CPU Time =  0.00
 22.60: E = -2.033812405408  <S**2> = +0.00000000  <N> = 4.00000000  Fidelity = 0.000000  CPU Time =  0.00
 22.80: E = -2.033812407350  <S**2> = -0.00000000  <N> = 4.00000000  Fidelity = 0.000000  CPU Time =  0.00
 23.00: E = -2.033812409068  <S**2> = +0.00000000  <N> = 4.00000000  Fidelity = 0.000000  CPU Time =  0.00
 23.20: E = -2.033812410586  <S**2> = +0.00000000  <N> = 4.00000000  Fidelity = 0.000000  CPU Time =  0.00
 23.40: E = -2.033812411928  <S**2> = +0.00000000  <N> = 4.00000000  Fidelity = 0.000000  CPU Time =  0.00
 23.60: E = -2.033812413115  <S**2> = +0.00000000  <N> = 4.00000000  Fidelity = 0.000000  CPU Time =  0.00
 23.80: E = -2.033812414164  <S**2> = +0.00000000  <N> = 4.00000000  Fidelity = 0.000000  CPU Time =  0.00
 24.00: E = -2.033812415092  <S**2> = +0.00000000  <N> = 4.00000000  Fidelity = 0.000000  CPU Time =  0.00
CONVERGED at beta=24.00.
 Final: E[cite] = -2.033812415092  <S**2> = +0.000000000000000  
(QITE state)
    Basis            Coef
| 00001111 > : +0.9392 +0.0000i
| 00110011 > : -0.2518 +0.0000i
| 01101001 > : -0.1083 +0.0000i
| 10010110 > : -0.1083 +0.0000i

cite (qite) 
    Basis            Coef
| 00001111 > : +0.9392 +0.0000i
| 00110011 > : -0.2518 +0.0000i
| 01101001 > : -0.1083 +0.0000i
| 10010110 > : -0.1083 +0.0000i

 === Computing 1RDM === 
No relaxed density available for qite

Dipole moment from 1RDM (in Debye):
x = 0.00000  y = 0.00000  z = 0.00000
| mu | = 0.00000
Saved in ./h4_cite.qkt.
Normal termination of quket at 2022-08-07 01:01:36.893447
