///////////////////////////////////////////////////////////////////////////////////
///                                                                             ///
///                                                                             ///
///              QQQ       UUU  UUU    KKK   KK    EEEEEEE    TTTTTTT           ///
///             Q   Q       u    U      K   K       E    E    T  T  T           ///
///            Q     Q      U    U      K  K        E  E         T              ///
///            Q     Q      U    U      KKK         EEEE         T              ///
///            Q QQQ Q      U    U      K  K        E  E         T              ///
///             Q   Q       U    U      K   K       E    E       T              ///
///              QQQ QQ      UUUU      KKK   KK    EEEEEEE      TTT             ///
///                                                                             ///
///                      Quantum Computing Simulator Ver 0.9                    ///
///                                                                             ///
///        Copyright 2019-2022                                                  ///
///        The Quket Developers                                                 ///
///        All rights Reserved.                                                 ///
///                                                                             ///
///////////////////////////////////////////////////////////////////////////////////
2022-07-27 19:57:29.092880: 
8 processes x 4 = Total 32 cores

##################### INPUT ########################
basis        = sto-6G
multiplicity = 1
charge       = 0
n_electrons  = 4
n_orbitals   = 4
geometry
H  0  0  0
H  0  0  1.2
H  1.0  0  0
H  1.0  0  1.2
method       = qite
ansatz       = uccsd
nterm        = 1
db           = 0.2
maxiter      = 1000
det          = 00001111
####################################################

00001111
['00001111']
+-------------+
|  Job #   1  |
+-------------+
Basis set = sto-6G

*** Geometry ******************************
  H     0.0000000    0.0000000    0.0000000
  H     0.0000000    0.0000000    1.2000000
  H     1.0000000    0.0000000    0.0000000
  H     1.0000000    0.0000000    1.2000000
*******************************************

Symmetry D2h : D2h(Abelian)
E[FCI]    = -2.033812422170     (Spin = 1   Ms = 0)
E[HF]     = -1.939420943306     (Spin = 1   Ms = 0)
NBasis = 4

[Molecular Orbitals]
---+-------+------------+------------------
 # |  Sym  |   energy   |     category
---+-------+------------+------------------
 0 |   Ag  |    -0.6460 | Active (occupied)
 1 |  B1u  |    -0.2753 | Active (occupied)
 2 |  B3u  |     0.2675 | Active (virtual)
 3 |  B2g  |     0.7165 | Active (virtual)
---+-------+------------+------------------

Enetered QITE driver
Performing QITE for chemical Hamiltonian
Ansatz = uccsd
Initial configuration: | 00001111 >
Convergence criteria: ftol = 1E-09
QITE: Pauli operator group size = 26
Timing for preparing nonredundant sigma list: 0.0 sec
    Unique sigma list = 1735
Shift =  -1.9394209433056635
QLanczos =  False
  0.00: E = -1.939420943306  <S**2> = +0.00000000  <N> = 4.00000000  Fidelity = 0.000000  CPU Time =  0.00
  0.20: E = -1.973613375296  <S**2> = +0.00000000  <N> = 4.00000000  Fidelity = 0.000000  CPU Time =  0.01
  0.40: E = -1.993651017516  <S**2> = +0.00000000  <N> = 4.00000000  Fidelity = 0.000000  CPU Time =  0.01
  0.60: E = -2.005735788692  <S**2> = +0.00000000  <N> = 4.00000000  Fidelity = 0.000000  CPU Time =  0.01
  0.80: E = -2.013294741018  <S**2> = +0.00000000  <N> = 4.00000000  Fidelity = 0.000000  CPU Time =  0.01
  1.00: E = -2.018217457265  <S**2> = +0.00000000  <N> = 4.00000000  Fidelity = 0.000000  CPU Time =  0.01
  1.20: E = -2.021559398004  <S**2> = +0.00000000  <N> = 4.00000000  Fidelity = 0.000000  CPU Time =  0.01
  1.40: E = -2.023922386670  <S**2> = +0.00000000  <N> = 4.00000000  Fidelity = 0.000000  CPU Time =  0.01
  1.60: E = -2.025658126284  <S**2> = +0.00000000  <N> = 4.00000000  Fidelity = 0.000000  CPU Time =  0.01
  1.80: E = -2.026977702980  <S**2> = +0.00000000  <N> = 4.00000000  Fidelity = 0.000000  CPU Time =  0.01
  2.00: E = -2.028011360224  <S**2> = +0.00000000  <N> = 4.00000000  Fidelity = 0.000000  CPU Time =  0.01
  2.20: E = -2.028841750450  <S**2> = +0.00000000  <N> = 4.00000000  Fidelity = 0.000000  CPU Time =  0.01
  2.40: E = -2.029522830371  <S**2> = +0.00000000  <N> = 4.00000000  Fidelity = 0.000000  CPU Time =  0.01
  2.60: E = -2.030090840033  <S**2> = +0.00000000  <N> = 4.00000000  Fidelity = 0.000000  CPU Time =  0.01
  2.80: E = -2.030570825620  <S**2> = +0.00000000  <N> = 4.00000000  Fidelity = 0.000000  CPU Time =  0.01
  3.00: E = -2.030980598970  <S**2> = +0.00000000  <N> = 4.00000000  Fidelity = 0.000000  CPU Time =  0.01
  3.20: E = -2.031333190501  <S**2> = +0.00000000  <N> = 4.00000000  Fidelity = 0.000000  CPU Time =  0.01
  3.40: E = -2.031638398089  <S**2> = +0.00000000  <N> = 4.00000000  Fidelity = 0.000000  CPU Time =  0.01
  3.60: E = -2.031903782900  <S**2> = +0.00000000  <N> = 4.00000000  Fidelity = 0.000000  CPU Time =  0.01
  3.80: E = -2.032135320867  <S**2> = +0.00000000  <N> = 4.00000000  Fidelity = 0.000000  CPU Time =  0.01
  4.00: E = -2.032337836333  <S**2> = +0.00000000  <N> = 4.00000000  Fidelity = 0.000000  CPU Time =  0.01
  4.20: E = -2.032515295870  <S**2> = +0.00000000  <N> = 4.00000000  Fidelity = 0.000000  CPU Time =  0.01
  4.40: E = -2.032671011149  <S**2> = +0.00000000  <N> = 4.00000000  Fidelity = 0.000000  CPU Time =  0.01
  4.60: E = -2.032807781873  <S**2> = +0.00000000  <N> = 4.00000000  Fidelity = 0.000000  CPU Time =  0.01
  4.80: E = -2.032927998684  <S**2> = +0.00000000  <N> = 4.00000000  Fidelity = 0.000000  CPU Time =  0.01
  5.00: E = -2.033033718967  <S**2> = +0.00000000  <N> = 4.00000000  Fidelity = 0.000000  CPU Time =  0.01
  5.20: E = -2.033126724034  <S**2> = +0.00000000  <N> = 4.00000000  Fidelity = 0.000000  CPU Time =  0.01
  5.40: E = -2.033208563270  <S**2> = +0.00000000  <N> = 4.00000000  Fidelity = 0.000000  CPU Time =  0.01
  5.60: E = -2.033280588999  <S**2> = +0.00000000  <N> = 4.00000000  Fidelity = 0.000000  CPU Time =  0.01
  5.80: E = -2.033343984586  <S**2> = +0.00000000  <N> = 4.00000000  Fidelity = 0.000000  CPU Time =  0.01
  6.00: E = -2.033399787518  <S**2> = +0.00000000  <N> = 4.00000000  Fidelity = 0.000000  CPU Time =  0.01
  6.20: E = -2.033448908636  <S**2> = +0.00000000  <N> = 4.00000000  Fidelity = 0.000000  CPU Time =  0.01
  6.40: E = -2.033492148398  <S**2> = +0.00000000  <N> = 4.00000000  Fidelity = 0.000000  CPU Time =  0.01
  6.60: E = -2.033530210752  <S**2> = +0.00000000  <N> = 4.00000000  Fidelity = 0.000000  CPU Time =  0.01
  6.80: E = -2.033563715075  <S**2> = +0.00000000  <N> = 4.00000000  Fidelity = 0.000000  CPU Time =  0.01
  7.00: E = -2.033593206519  <S**2> = +0.00000000  <N> = 4.00000000  Fidelity = 0.000000  CPU Time =  0.01
  7.20: E = -2.033619165009  <S**2> = +0.00000000  <N> = 4.00000000  Fidelity = 0.000000  CPU Time =  0.01
  7.40: E = -2.033642013107  <S**2> = +0.00000000  <N> = 4.00000000  Fidelity = 0.000000  CPU Time =  0.01
  7.60: E = -2.033662122896  <S**2> = +0.00000000  <N> = 4.00000000  Fidelity = 0.000000  CPU Time =  0.01
  7.80: E = -2.033679822020  <S**2> = +0.00000000  <N> = 4.00000000  Fidelity = 0.000000  CPU Time =  0.01
  8.00: E = -2.033695398992  <S**2> = +0.00000000  <N> = 4.00000000  Fidelity = 0.000000  CPU Time =  0.01
  8.20: E = -2.033709107869  <S**2> = +0.00000000  <N> = 4.00000000  Fidelity = 0.000000  CPU Time =  0.01
  8.40: E = -2.033721172350  <S**2> = +0.00000000  <N> = 4.00000000  Fidelity = 0.000000  CPU Time =  0.01
  8.60: E = -2.033731789407  <S**2> = +0.00000000  <N> = 4.00000000  Fidelity = 0.000000  CPU Time =  0.01
  8.80: E = -2.033741132460  <S**2> = +0.00000000  <N> = 4.00000000  Fidelity = 0.000000  CPU Time =  0.01
  9.00: E = -2.033749354195  <S**2> = +0.00000000  <N> = 4.00000000  Fidelity = 0.000000  CPU Time =  0.01
  9.20: E = -2.033756589030  <S**2> = +0.00000000  <N> = 4.00000000  Fidelity = 0.000000  CPU Time =  0.01
  9.40: E = -2.033762955298  <S**2> = +0.00000000  <N> = 4.00000000  Fidelity = 0.000000  CPU Time =  0.01
  9.60: E = -2.033768557168  <S**2> = +0.00000000  <N> = 4.00000000  Fidelity = 0.000000  CPU Time =  0.01
  9.80: E = -2.033773486334  <S**2> = +0.00000000  <N> = 4.00000000  Fidelity = 0.000000  CPU Time =  0.01
 10.00: E = -2.033777823507  <S**2> = +0.00000000  <N> = 4.00000000  Fidelity = 0.000000  CPU Time =  0.01
 10.20: E = -2.033781639726  <S**2> = +0.00000000  <N> = 4.00000000  Fidelity = 0.000000  CPU Time =  0.01
 10.40: E = -2.033784997516  <S**2> = +0.00000000  <N> = 4.00000000  Fidelity = 0.000000  CPU Time =  0.01
 10.60: E = -2.033787951909  <S**2> = +0.00000000  <N> = 4.00000000  Fidelity = 0.000000  CPU Time =  0.01
 10.80: E = -2.033790551336  <S**2> = +0.00000000  <N> = 4.00000000  Fidelity = 0.000000  CPU Time =  0.01
 11.00: E = -2.033792838418  <S**2> = +0.00000000  <N> = 4.00000000  Fidelity = 0.000000  CPU Time =  0.01
 11.20: E = -2.033794850666  <S**2> = +0.00000000  <N> = 4.00000000  Fidelity = 0.000000  CPU Time =  0.01
 11.40: E = -2.033796621088  <S**2> = +0.00000000  <N> = 4.00000000  Fidelity = 0.000000  CPU Time =  0.01
 11.60: E = -2.033798178732  <S**2> = +0.00000000  <N> = 4.00000000  Fidelity = 0.000000  CPU Time =  0.01
 11.80: E = -2.033799549158  <S**2> = +0.00000000  <N> = 4.00000000  Fidelity = 0.000000  CPU Time =  0.01
 12.00: E = -2.033800754859  <S**2> = +0.00000000  <N> = 4.00000000  Fidelity = 0.000000  CPU Time =  0.01
 12.20: E = -2.033801815628  <S**2> = +0.00000000  <N> = 4.00000000  Fidelity = 0.000000  CPU Time =  0.01
 12.40: E = -2.033802748879  <S**2> = +0.00000000  <N> = 4.00000000  Fidelity = 0.000000  CPU Time =  0.01
 12.60: E = -2.033803569936  <S**2> = +0.00000000  <N> = 4.00000000  Fidelity = 0.000000  CPU Time =  0.01
 12.80: E = -2.033804292283  <S**2> = +0.00000000  <N> = 4.00000000  Fidelity = 0.000000  CPU Time =  0.01
 13.00: E = -2.033804927783  <S**2> = +0.00000000  <N> = 4.00000000  Fidelity = 0.000000  CPU Time =  0.01
 13.20: E = -2.033805486875  <S**2> = +0.00000000  <N> = 4.00000000  Fidelity = 0.000000  CPU Time =  0.01
 13.40: E = -2.033805978744  <S**2> = +0.00000000  <N> = 4.00000000  Fidelity = 0.000000  CPU Time =  0.01
 13.60: E = -2.033806411469  <S**2> = +0.00000000  <N> = 4.00000000  Fidelity = 0.000000  CPU Time =  0.01
 13.80: E = -2.033806792161  <S**2> = +0.00000000  <N> = 4.00000000  Fidelity = 0.000000  CPU Time =  0.01
 14.00: E = -2.033807127076  <S**2> = +0.00000000  <N> = 4.00000000  Fidelity = 0.000000  CPU Time =  0.03
 14.20: E = -2.033807421717  <S**2> = +0.00000000  <N> = 4.00000000  Fidelity = 0.000000  CPU Time =  0.01
 14.40: E = -2.033807680925  <S**2> = +0.00000000  <N> = 4.00000000  Fidelity = 0.000000  CPU Time =  0.01
 14.60: E = -2.033807908962  <S**2> = +0.00000000  <N> = 4.00000000  Fidelity = 0.000000  CPU Time =  0.02
 14.80: E = -2.033808109575  <S**2> = +0.00000000  <N> = 4.00000000  Fidelity = 0.000000  CPU Time =  0.01
 15.00: E = -2.033808286061  <S**2> = +0.00000000  <N> = 4.00000000  Fidelity = 0.000000  CPU Time =  0.01
 15.20: E = -2.033808441322  <S**2> = +0.00000000  <N> = 4.00000000  Fidelity = 0.000000  CPU Time =  0.01
 15.40: E = -2.033808577911  <S**2> = +0.00000000  <N> = 4.00000000  Fidelity = 0.000000  CPU Time =  0.01
 15.60: E = -2.033808698072  <S**2> = +0.00000000  <N> = 4.00000000  Fidelity = 0.000000  CPU Time =  0.01
 15.80: E = -2.033808803781  <S**2> = +0.00000000  <N> = 4.00000000  Fidelity = 0.000000  CPU Time =  0.02
 16.00: E = -2.033808896776  <S**2> = -0.00000000  <N> = 4.00000000  Fidelity = 0.000000  CPU Time =  0.01
 16.20: E = -2.033808978586  <S**2> = +0.00000000  <N> = 4.00000000  Fidelity = 0.000000  CPU Time =  0.01
 16.40: E = -2.033809050556  <S**2> = +0.00000000  <N> = 4.00000000  Fidelity = 0.000000  CPU Time =  0.01
 16.60: E = -2.033809113870  <S**2> = +0.00000000  <N> = 4.00000000  Fidelity = 0.000000  CPU Time =  0.01
 16.80: E = -2.033809169568  <S**2> = +0.00000000  <N> = 4.00000000  Fidelity = 0.000000  CPU Time =  0.01
 17.00: E = -2.033809218567  <S**2> = +0.00000000  <N> = 4.00000000  Fidelity = 0.000000  CPU Time =  0.01
 17.20: E = -2.033809261673  <S**2> = -0.00000000  <N> = 4.00000000  Fidelity = 0.000000  CPU Time =  0.01
 17.40: E = -2.033809299593  <S**2> = +0.00000000  <N> = 4.00000000  Fidelity = 0.000000  CPU Time =  0.01
 17.60: E = -2.033809332952  <S**2> = +0.00000000  <N> = 4.00000000  Fidelity = 0.000000  CPU Time =  0.01
 17.80: E = -2.033809362299  <S**2> = +0.00000000  <N> = 4.00000000  Fidelity = 0.000000  CPU Time =  0.01
 18.00: E = -2.033809388116  <S**2> = +0.00000000  <N> = 4.00000000  Fidelity = 0.000000  CPU Time =  0.01
 18.20: E = -2.033809410827  <S**2> = +0.00000000  <N> = 4.00000000  Fidelity = 0.000000  CPU Time =  0.01
 18.40: E = -2.033809430806  <S**2> = +0.00000000  <N> = 4.00000000  Fidelity = 0.000000  CPU Time =  0.01
 18.60: E = -2.033809448382  <S**2> = +0.00000000  <N> = 4.00000000  Fidelity = 0.000000  CPU Time =  0.01
 18.80: E = -2.033809463844  <S**2> = +0.00000000  <N> = 4.00000000  Fidelity = 0.000000  CPU Time =  0.01
 19.00: E = -2.033809477446  <S**2> = +0.00000000  <N> = 4.00000000  Fidelity = 0.000000  CPU Time =  0.01
 19.20: E = -2.033809489412  <S**2> = -0.00000000  <N> = 4.00000000  Fidelity = 0.000000  CPU Time =  0.01
 19.40: E = -2.033809499938  <S**2> = +0.00000000  <N> = 4.00000000  Fidelity = 0.000000  CPU Time =  0.01
 19.60: E = -2.033809509198  <S**2> = -0.00000000  <N> = 4.00000000  Fidelity = 0.000000  CPU Time =  0.01
 19.80: E = -2.033809517345  <S**2> = -0.00000000  <N> = 4.00000000  Fidelity = 0.000000  CPU Time =  0.01
 20.00: E = -2.033809524511  <S**2> = +0.00000000  <N> = 4.00000000  Fidelity = 0.000000  CPU Time =  0.01
 20.20: E = -2.033809530815  <S**2> = +0.00000000  <N> = 4.00000000  Fidelity = 0.000000  CPU Time =  0.01
 20.40: E = -2.033809536361  <S**2> = -0.00000000  <N> = 4.00000000  Fidelity = 0.000000  CPU Time =  0.01
 20.60: E = -2.033809541240  <S**2> = +0.00000000  <N> = 4.00000000  Fidelity = 0.000000  CPU Time =  0.01
 20.80: E = -2.033809545532  <S**2> = +0.00000000  <N> = 4.00000000  Fidelity = 0.000000  CPU Time =  0.01
 21.00: E = -2.033809549307  <S**2> = +0.00000000  <N> = 4.00000000  Fidelity = 0.000000  CPU Time =  0.01
 21.20: E = -2.033809552628  <S**2> = +0.00000000  <N> = 4.00000000  Fidelity = 0.000000  CPU Time =  0.01
 21.40: E = -2.033809555550  <S**2> = -0.00000000  <N> = 4.00000000  Fidelity = 0.000000  CPU Time =  0.01
 21.60: E = -2.033809558121  <S**2> = -0.00000000  <N> = 4.00000000  Fidelity = 0.000000  CPU Time =  0.01
 21.80: E = -2.033809560382  <S**2> = +0.00000000  <N> = 4.00000000  Fidelity = 0.000000  CPU Time =  0.01
 22.00: E = -2.033809562371  <S**2> = +0.00000000  <N> = 4.00000000  Fidelity = 0.000000  CPU Time =  0.01
 22.20: E = -2.033809564121  <S**2> = +0.00000000  <N> = 4.00000000  Fidelity = 0.000000  CPU Time =  0.01
 22.40: E = -2.033809565660  <S**2> = +0.00000000  <N> = 4.00000000  Fidelity = 0.000000  CPU Time =  0.01
 22.60: E = -2.033809567014  <S**2> = +0.00000000  <N> = 4.00000000  Fidelity = 0.000000  CPU Time =  0.01
 22.80: E = -2.033809568206  <S**2> = -0.00000000  <N> = 4.00000000  Fidelity = 0.000000  CPU Time =  0.01
 23.00: E = -2.033809569254  <S**2> = +0.00000000  <N> = 4.00000000  Fidelity = 0.000000  CPU Time =  0.01
 23.20: E = -2.033809570175  <S**2> = +0.00000000  <N> = 4.00000000  Fidelity = 0.000000  CPU Time =  0.01
CONVERGED at beta=23.20.
 Final: E[uccsd] = -2.033809570175  <S**2> = +0.000000000000000  
(QITE state)
    Basis            Coef
| 00001111 > : +0.9392 +0.0000i
| 00110011 > : -0.2516 +0.0000i
| 01101001 > : -0.1081 +0.0000i
| 10010110 > : -0.1081 +0.0000i

uccsd (qite) 
    Basis            Coef
| 00001111 > : +0.9392 +0.0000i
| 00110011 > : -0.2516 +0.0000i
| 01101001 > : -0.1081 +0.0000i
| 10010110 > : -0.1081 +0.0000i

 === Computing 1RDM === 
No relaxed density available for qite

Dipole moment from 1RDM (in Debye):
x = 0.00000  y = 0.00000  z = 0.00000
| mu | = 0.00000
Saved in ./h4_uccsd.qkt.
Normal termination of quket at 2022-07-27 19:57:31.036029
