///////////////////////////////////////////////////////////////////////////////////
///                                                                             ///
///                                                                             ///
///              QQQ       UUU  UUU    KKK   KK    EEEEEEE    TTTTTTT           ///
///             Q   Q       u    U      K   K       E    E    T  T  T           ///
///            Q     Q      U    U      K  K        E  E         T              ///
///            Q     Q      U    U      KKK         EEEE         T              ///
///            Q QQQ Q      U    U      K  K        E  E         T              ///
///             Q   Q       U    U      K   K       E    E       T              ///
///              QQQ QQ      UUUU      KKK   KK    EEEEEEE      TTT             ///
///                                                                             ///
///                      Quantum Computing Simulator Ver 0.9                    ///
///                                                                             ///
///        Copyright 2019-2022                                                  ///
///        The Quket Developers                                                 ///
///        All rights Reserved.                                                 ///
///                                                                             ///
///////////////////////////////////////////////////////////////////////////////////
2022-08-06 23:25:04.730844: 
8 processes x 4 = Total 32 cores
API for qulacs: None
Number of cpus in the main node (pinode04): 8

##################### INPUT ########################

basis        = sto-3G
multiplicity = 1
charge       = 0
n_electrons  = 4
n_orbitals   = 4
geometry
H  0  0  0.
H  0  0  1.0
H  1.  0.  0
H  1.  0  1.0
method       = qite
ansatz       = anti-hamiltonian 
msqite        = TRUE
nterm        = 1
db           = .1
maxiter      = 250
det          = 00001111
multi:
00001111   0.5
00011011   0.5
00100111   0.5
00110011   0.5
nroots = 4
symmetry_subgroup = C2h
####################################################

+-------------+
|  Job #   1  |
+-------------+
Basis set = sto-3G

*** Geometry ******************************
  H     0.0000000    0.0000000    0.0000000
  H     0.0000000    0.0000000    1.0000000
  H     1.0000000    0.0000000    0.0000000
  H     1.0000000    0.0000000    1.0000000
*******************************************

Symmetry D4h : C2h(Abelian)
E[FCI]    = -1.915106549512     (Spin = 1   Ms = 0)
            -1.764318324717     (Spin = 1   Ms = 0)
            -1.708685492499     (Spin = 1   Ms = 0)
            -0.932644817002     (Spin = 1   Ms = 0)
E[HF]     = -1.694889591240     (Spin = 1   Ms = 0)
Tapering-Off Results:
List of redundant qubits:  [0, 1, 2]
Qubit: 0    Tau: 1.0 [Z0 Z3 Z5 Z6]
Qubit: 1    Tau: 1.0 [Z1 Z3 Z5 Z7]
Qubit: 2    Tau: 1.0 [Z2 Z3 Z4 Z5]

NBasis = 4

[Molecular Orbitals]
---+-------+------------+------------------
 # |  Sym  |   energy   |     category
---+-------+------------+------------------
 0 |   Ag  |    -0.6940 | Active (occupied)
 1 |   Bu  |    -0.1246 | Active (occupied)
 2 |   Bu  |     0.1476 | Active (virtual)
 3 |   Ag  |     0.8338 | Active (virtual)
---+-------+------------+------------------

Tapering-Off Results:
List of redundant qubits:  [0, 1, 2]
Qubit: 0    Tau: 1.0 [Z0 Z3 Z5 Z6]
Qubit: 1    Tau: 1.0 [Z1 Z3 Z5 Z7]
Qubit: 2    Tau: 1.0 [Z2 Z3 Z4 Z5]

Enetered QITE driver
Performing QITE for chemical Hamiltonian
Ansatz = anti-hamiltonian
Initial configuration: | 00001111 >
Convergence criteria: ftol = 1E-09
MSQITE (State-Specific): Pauli operator group size = 70
Timing for preparing nonredundant sigma list: 0.1 sec
    Unique sigma list = 2683
Initial state 0
    Basis            Coef
| 00001111 > : +1.0000 +0.0000i

Initial state 1
    Basis            Coef
| 00011011 > : +1.0000 +0.0000i

Initial state 2
    Basis            Coef
| 00100111 > : +1.0000 +0.0000i

Initial state 3
    Basis            Coef
| 00110011 > : +1.0000 +0.0000i

Shift =  [(-1.6948895912398028+0j), (-1.849443856763096+0j), (-1.8494438567630955+0j), (-1.692019678507497+0j)]
QLanczos =  False
  0.00
      state0: E = -1.860535352294  <S**2> = +0.00000000  <N> = 4.00000000  Fidelity = 0.000000  CPU Time =  0.01  
      state1: E = -1.838352362131  <S**2> = +1.00000000  <N> = 4.00000000  Fidelity = 0.000000  CPU Time =  0.01  
      state2: E = -1.704638567674  <S**2> = +1.00000000  <N> = 4.00000000  Fidelity = 0.000000  CPU Time =  0.01  
      state3: E = -1.682270701175  <S**2> = +0.00000000  <N> = 4.00000000  Fidelity = 0.000000  CPU Time =  0.01  

  0.10
      state0: E = -1.868650143351  <S**2> = +2.00000000  <N> = 4.00000000  Fidelity = 0.000000  CPU Time =  0.10  
      state1: E = -1.859751465988  <S**2> = +0.00000002  <N> = 4.00000000  Fidelity = 0.000000  CPU Time =  0.10  
      state2: E = -1.706318089541  <S**2> = +0.00000000  <N> = 4.00000000  Fidelity = 0.000000  CPU Time =  0.10  
      state3: E = -1.698643660215  <S**2> = +0.00000000  <N> = 4.00000000  Fidelity = 0.000000  CPU Time =  0.10  

  0.20
      state0: E = -1.875281893054  <S**2> = +1.99975704  <N> = 4.00000000  Fidelity = 0.000000  CPU Time =  0.08  
      state1: E = -1.875122061276  <S**2> = +0.00024318  <N> = 4.00000000  Fidelity = 0.000000  CPU Time =  0.08  
      state2: E = -1.712226738161  <S**2> = +0.00000000  <N> = 4.00000000  Fidelity = 0.000000  CPU Time =  0.08  
      state3: E = -1.706419080556  <S**2> = +0.00000000  <N> = 4.00000000  Fidelity = 0.000000  CPU Time =  0.08  

  0.30
      state0: E = -1.886326973459  <S**2> = +0.00000095  <N> = 4.00000000  Fidelity = 0.000000  CPU Time =  0.07  
      state1: E = -1.880538940743  <S**2> = +1.99999981  <N> = 4.00000000  Fidelity = 0.000000  CPU Time =  0.07  
      state2: E = -1.721856382585  <S**2> = +0.00000000  <N> = 4.00000000  Fidelity = 0.000000  CPU Time =  0.07  
      state3: E = -1.707296671228  <S**2> = +0.00000000  <N> = 4.00000000  Fidelity = 0.000000  CPU Time =  0.07  

  0.40
      state0: E = -1.894434804731  <S**2> = +0.00000142  <N> = 4.00000000  Fidelity = 0.000000  CPU Time =  0.08  
      state1: E = -1.884710636337  <S**2> = +1.99999998  <N> = 4.00000000  Fidelity = 0.000000  CPU Time =  0.08  
      state2: E = -1.729617968495  <S**2> = +0.00000000  <N> = 4.00000000  Fidelity = 0.000000  CPU Time =  0.08  
      state3: E = -1.707736994449  <S**2> = +0.00000000  <N> = 4.00000000  Fidelity = 0.000000  CPU Time =  0.08  

  0.50
      state0: E = -1.900280505054  <S**2> = +0.00000199  <N> = 4.00000000  Fidelity = 0.000000  CPU Time =  0.08  
      state1: E = -1.888020639485  <S**2> = +1.99999999  <N> = 4.00000000  Fidelity = 0.000000  CPU Time =  0.08  
      state2: E = -1.735824468667  <S**2> = +0.00000000  <N> = 4.00000000  Fidelity = 0.000000  CPU Time =  0.08  
      state3: E = -1.708015284942  <S**2> = +0.00000000  <N> = 4.00000000  Fidelity = 0.000000  CPU Time =  0.08  

  0.60
      state0: E = -1.904484432713  <S**2> = +0.00000245  <N> = 4.00000000  Fidelity = 0.000000  CPU Time =  0.08  
      state1: E = -1.890646983999  <S**2> = +1.99999996  <N> = 4.00000000  Fidelity = 0.000000  CPU Time =  0.08  
      state2: E = -1.740823385505  <S**2> = +0.00000000  <N> = 4.00000000  Fidelity = 0.000000  CPU Time =  0.08  
      state3: E = -1.708200607184  <S**2> = +0.00000000  <N> = 4.00000000  Fidelity = 0.000000  CPU Time =  0.08  

  0.70
      state0: E = -1.907502128615  <S**2> = +0.00000277  <N> = 4.00000000  Fidelity = 0.000000  CPU Time =  0.07  
      state1: E = -1.892731115010  <S**2> = +1.99999994  <N> = 4.00000000  Fidelity = 0.000000  CPU Time =  0.07  
      state2: E = -1.744879043348  <S**2> = +0.00000000  <N> = 4.00000000  Fidelity = 0.000000  CPU Time =  0.07  
      state3: E = -1.708327811608  <S**2> = +0.00000000  <N> = 4.00000000  Fidelity = 0.000000  CPU Time =  0.07  

  0.80
      state0: E = -1.909665465125  <S**2> = +0.00000293  <N> = 4.00000000  Fidelity = 0.000000  CPU Time =  0.07  
      state1: E = -1.894385265405  <S**2> = +1.99999992  <N> = 4.00000000  Fidelity = 0.000000  CPU Time =  0.07  
      state2: E = -1.748190041336  <S**2> = +0.00000000  <N> = 4.00000000  Fidelity = 0.000000  CPU Time =  0.07  
      state3: E = -1.708417262478  <S**2> = +0.00000000  <N> = 4.00000000  Fidelity = 0.000000  CPU Time =  0.07  

  0.90
      state0: E = -1.911214866314  <S**2> = +0.00000296  <N> = 4.00000000  Fidelity = 0.000000  CPU Time =  0.08  
      state1: E = -1.895698422673  <S**2> = +1.99999992  <N> = 4.00000000  Fidelity = 0.000000  CPU Time =  0.08  
      state2: E = -1.750907113303  <S**2> = +0.00000000  <N> = 4.00000000  Fidelity = 0.000000  CPU Time =  0.08  
      state3: E = -1.708481510926  <S**2> = +0.00000000  <N> = 4.00000000  Fidelity = 0.000000  CPU Time =  0.08  

  1.00
      state0: E = -1.912323815083  <S**2> = +0.00000288  <N> = 4.00000000  Fidelity = 0.000000  CPU Time =  0.08  
      state1: E = -1.896741118028  <S**2> = +1.99999992  <N> = 4.00000000  Fidelity = 0.000000  CPU Time =  0.08  
      state2: E = -1.753146223010  <S**2> = +0.00000000  <N> = 4.00000000  Fidelity = 0.000000  CPU Time =  0.08  
      state3: E = -1.708528533167  <S**2> = +0.00000000  <N> = 4.00000000  Fidelity = 0.000000  CPU Time =  0.08  

  1.10
      state0: E = -1.913117138535  <S**2> = +0.00000274  <N> = 4.00000000  Fidelity = 0.000000  CPU Time =  0.07  
      state1: E = -1.897569248877  <S**2> = +1.99999993  <N> = 4.00000000  Fidelity = 0.000000  CPU Time =  0.07  
      state2: E = -1.754997780006  <S**2> = +0.00000000  <N> = 4.00000000  Fidelity = 0.000000  CPU Time =  0.07  
      state3: E = -1.708563521296  <S**2> = +0.00000000  <N> = 4.00000000  Fidelity = 0.000000  CPU Time =  0.07  

  1.20
      state0: E = -1.913684474203  <S**2> = +0.00000255  <N> = 4.00000000  Fidelity = 0.000000  CPU Time =  0.07  
      state1: E = -1.898227118377  <S**2> = +1.99999994  <N> = 4.00000000  Fidelity = 0.000000  CPU Time =  0.07  
      state2: E = -1.756533123610  <S**2> = +0.00000000  <N> = 4.00000000  Fidelity = 0.000000  CPU Time =  0.07  
      state3: E = -1.708589930224  <S**2> = +0.00000000  <N> = 4.00000000  Fidelity = 0.000000  CPU Time =  0.07  

  1.30
      state0: E = -1.914090098468  <S**2> = +0.00000233  <N> = 4.00000000  Fidelity = 0.000000  CPU Time =  0.07  
      state1: E = -1.898749846758  <S**2> = +1.99999995  <N> = 4.00000000  Fidelity = 0.000000  CPU Time =  0.07  
      state2: E = -1.757809136044  <S**2> = +0.00000000  <N> = 4.00000000  Fidelity = 0.000000  CPU Time =  0.07  
      state3: E = -1.708610108279  <S**2> = +0.00000000  <N> = 4.00000000  Fidelity = 0.000000  CPU Time =  0.07  

  1.40
      state0: E = -1.914380055168  <S**2> = +0.00000211  <N> = 4.00000000  Fidelity = 0.000000  CPU Time =  0.07  
      state1: E = -1.899165281606  <S**2> = +1.99999997  <N> = 4.00000000  Fidelity = 0.000000  CPU Time =  0.07  
      state2: E = -1.758871575277  <S**2> = +0.00000000  <N> = 4.00000000  Fidelity = 0.000000  CPU Time =  0.07  
      state3: E = -1.708625684938  <S**2> = +0.00000000  <N> = 4.00000000  Fidelity = 0.000000  CPU Time =  0.07  

  1.50
      state0: E = -1.914587303460  <S**2> = +0.00000188  <N> = 4.00000000  Fidelity = 0.000000  CPU Time =  0.07  
      state1: E = -1.899495510099  <S**2> = +1.99999998  <N> = 4.00000000  Fidelity = 0.000000  CPU Time =  0.07  
      state2: E = -1.759757523642  <S**2> = +0.00000000  <N> = 4.00000000  Fidelity = 0.000000  CPU Time =  0.07  
      state3: E = -1.708637813440  <S**2> = +0.00000000  <N> = 4.00000000  Fidelity = 0.000000  CPU Time =  0.07  

  1.60
      state0: E = -1.914735423913  <S**2> = +0.00000167  <N> = 4.00000000  Fidelity = 0.000000  CPU Time =  0.08  
      state1: E = -1.899758055778  <S**2> = +1.99999999  <N> = 4.00000000  Fidelity = 0.000000  CPU Time =  0.08  
      state2: E = -1.760497217223  <S**2> = +0.00000000  <N> = 4.00000000  Fidelity = 0.000000  CPU Time =  0.08  
      state3: E = -1.708647325191  <S**2> = +0.00000000  <N> = 4.00000000  Fidelity = 0.000000  CPU Time =  0.08  

  1.70
      state0: E = -1.914841280848  <S**2> = +0.00000147  <N> = 4.00000000  Fidelity = 0.000000  CPU Time =  0.08  
      state1: E = -1.899966825635  <S**2> = +1.99999999  <N> = 4.00000000  Fidelity = 0.000000  CPU Time =  0.08  
      state2: E = -1.761115434517  <S**2> = +0.00000000  <N> = 4.00000000  Fidelity = 0.000000  CPU Time =  0.08  
      state3: E = -1.708654829736  <S**2> = +0.00000000  <N> = 4.00000000  Fidelity = 0.000000  CPU Time =  0.08  

  1.80
      state0: E = -1.914916931970  <S**2> = +0.00000129  <N> = 4.00000000  Fidelity = 0.000000  CPU Time =  0.08  
      state1: E = -1.900132859732  <S**2> = +2.00000000  <N> = 4.00000000  Fidelity = 0.000000  CPU Time =  0.08  
      state2: E = -1.761632565987  <S**2> = +0.00000000  <N> = 4.00000000  Fidelity = 0.000000  CPU Time =  0.08  
      state3: E = -1.708660780705  <S**2> = +0.00000000  <N> = 4.00000000  Fidelity = 0.000000  CPU Time =  0.08  

  1.90
      state0: E = -1.914970996612  <S**2> = +0.00000112  <N> = 4.00000000  Fidelity = 0.000000  CPU Time =  0.07  
      state1: E = -1.900264924678  <S**2> = +2.00000000  <N> = 4.00000000  Fidelity = 0.000000  CPU Time =  0.07  
      state2: E = -1.762065448576  <S**2> = +0.00000000  <N> = 4.00000000  Fidelity = 0.000000  CPU Time =  0.07  
      state3: E = -1.708665520106  <S**2> = +0.00000000  <N> = 4.00000000  Fidelity = 0.000000  CPU Time =  0.07  

  2.00
      state0: E = -1.915009635311  <S**2> = +0.00000098  <N> = 4.00000000  Fidelity = 0.000000  CPU Time =  0.07  
      state1: E = -1.900369983642  <S**2> = +2.00000000  <N> = 4.00000000  Fidelity = 0.000000  CPU Time =  0.07  
      state2: E = -1.762428024235  <S**2> = +0.00000000  <N> = 4.00000000  Fidelity = 0.000000  CPU Time =  0.07  
      state3: E = -1.708669308684  <S**2> = +0.00000000  <N> = 4.00000000  Fidelity = 0.000000  CPU Time =  0.07  

  2.10
      state0: E = -1.915037250747  <S**2> = +0.00000085  <N> = 4.00000000  Fidelity = 0.000000  CPU Time =  0.07  
      state1: E = -1.900453568729  <S**2> = +2.00000001  <N> = 4.00000000  Fidelity = 0.000000  CPU Time =  0.07  
      state2: E = -1.762731864640  <S**2> = +0.00000000  <N> = 4.00000000  Fidelity = 0.000000  CPU Time =  0.07  
      state3: E = -1.708672347106  <S**2> = +0.00000000  <N> = 4.00000000  Fidelity = 0.000000  CPU Time =  0.07  

  2.20
      state0: E = -1.915056989087  <S**2> = +0.00000073  <N> = 4.00000000  Fidelity = 0.000000  CPU Time =  0.07  
      state1: E = -1.900520076103  <S**2> = +2.00000001  <N> = 4.00000000  Fidelity = 0.000000  CPU Time =  0.07  
      state2: E = -1.762986592772  <S**2> = +0.00000000  <N> = 4.00000000  Fidelity = 0.000000  CPU Time =  0.07  
      state3: E = -1.708674791026  <S**2> = +0.00000000  <N> = 4.00000000  Fidelity = 0.000000  CPU Time =  0.07  

  2.30
      state0: E = -1.915071098473  <S**2> = +0.00000063  <N> = 4.00000000  Fidelity = 0.000000  CPU Time =  0.07  
      state1: E = -1.900572999987  <S**2> = +2.00000001  <N> = 4.00000000  Fidelity = 0.000000  CPU Time =  0.07  
      state2: E = -1.763200223990  <S**2> = +0.00000000  <N> = 4.00000000  Fidelity = 0.000000  CPU Time =  0.07  
      state3: E = -1.708676761980  <S**2> = +0.00000000  <N> = 4.00000000  Fidelity = 0.000000  CPU Time =  0.07  

  2.40
      state0: E = -1.915081185293  <S**2> = +0.00000054  <N> = 4.00000000  Fidelity = 0.000000  CPU Time =  0.08  
      state1: E = -1.900615118247  <S**2> = +2.00000001  <N> = 4.00000000  Fidelity = 0.000000  CPU Time =  0.08  
      state2: E = -1.763379443607  <S**2> = +0.00000000  <N> = 4.00000000  Fidelity = 0.000000  CPU Time =  0.08  
      state3: E = -1.708678355395  <S**2> = +0.00000000  <N> = 4.00000000  Fidelity = 0.000000  CPU Time =  0.08  

  2.50
      state0: E = -1.915088397360  <S**2> = +0.00000047  <N> = 4.00000000  Fidelity = 0.000000  CPU Time =  0.07  
      state1: E = -1.900648639654  <S**2> = +2.00000001  <N> = 4.00000000  Fidelity = 0.000000  CPU Time =  0.07  
      state2: E = -1.763529833904  <S**2> = +0.00000000  <N> = 4.00000000  Fidelity = 0.000000  CPU Time =  0.07  
      state3: E = -1.708679646545  <S**2> = +0.00000000  <N> = 4.00000000  Fidelity = 0.000000  CPU Time =  0.07  

  2.60
      state0: E = -1.915093554821  <S**2> = +0.00000040  <N> = 4.00000000  Fidelity = 0.000000  CPU Time =  0.07  
      state1: E = -1.900675320757  <S**2> = +2.00000001  <N> = 4.00000000  Fidelity = 0.000000  CPU Time =  0.07  
      state2: E = -1.763656060564  <S**2> = +0.00000000  <N> = 4.00000000  Fidelity = 0.000000  CPU Time =  0.07  
      state3: E = -1.708680695043  <S**2> = +0.00000000  <N> = 4.00000000  Fidelity = 0.000000  CPU Time =  0.07  

  2.70
      state0: E = -1.915097243710  <S**2> = +0.00000034  <N> = 4.00000000  Fidelity = 0.000000  CPU Time =  0.07  
      state1: E = -1.900696558677  <S**2> = +2.00000001  <N> = 4.00000000  Fidelity = 0.000000  CPU Time =  0.07  
      state2: E = -1.763762026314  <S**2> = +0.00000000  <N> = 4.00000000  Fidelity = 0.000000  CPU Time =  0.07  
      state3: E = -1.708681548266  <S**2> = +0.00000000  <N> = 4.00000000  Fidelity = 0.000000  CPU Time =  0.07  

  2.80
      state0: E = -1.915099882786  <S**2> = +0.00000029  <N> = 4.00000000  Fidelity = 0.000000  CPU Time =  0.07  
      state1: E = -1.900713464802  <S**2> = +2.00000000  <N> = 4.00000000  Fidelity = 0.000000  CPU Time =  0.07  
      state2: E = -1.763850997909  <S**2> = +0.00000000  <N> = 4.00000000  Fidelity = 0.000000  CPU Time =  0.07  
      state3: E = -1.708682243976  <S**2> = +0.00000000  <N> = 4.00000000  Fidelity = 0.000000  CPU Time =  0.07  

  2.90
      state0: E = -1.915101771300  <S**2> = +0.00000025  <N> = 4.00000000  Fidelity = 0.000000  CPU Time =  0.07  
      state1: E = -1.900726923331  <S**2> = +2.00000000  <N> = 4.00000000  Fidelity = 0.000000  CPU Time =  0.07  
      state2: E = -1.763925711352  <S**2> = +0.00000000  <N> = 4.00000000  Fidelity = 0.000000  CPU Time =  0.07  
      state3: E = -1.708682812357  <S**2> = +0.00000000  <N> = 4.00000000  Fidelity = 0.000000  CPU Time =  0.07  

  3.00
      state0: E = -1.915103123113  <S**2> = +0.00000021  <N> = 4.00000000  Fidelity = 0.000000  CPU Time =  0.07  
      state1: E = -1.900737637792  <S**2> = +2.00000000  <N> = 4.00000000  Fidelity = 0.000000  CPU Time =  0.07  
      state2: E = -1.763988459252  <S**2> = +0.00000000  <N> = 4.00000000  Fidelity = 0.000000  CPU Time =  0.07  
      state3: E = -1.708683277593  <S**2> = +0.00000000  <N> = 4.00000000  Fidelity = 0.000000  CPU Time =  0.07  

  3.10
      state0: E = -1.915104091076  <S**2> = +0.00000018  <N> = 4.00000000  Fidelity = 0.000000  CPU Time =  0.07  
      state1: E = -1.900746168011  <S**2> = +2.00000000  <N> = 4.00000000  Fidelity = 0.000000  CPU Time =  0.07  
      state2: E = -1.764041163492  <S**2> = +0.00000000  <N> = 4.00000000  Fidelity = 0.000000  CPU Time =  0.07  
      state3: E = -1.708683659106  <S**2> = +0.00000000  <N> = 4.00000000  Fidelity = 0.000000  CPU Time =  0.07  

  3.20
      state0: E = -1.915104784450  <S**2> = +0.00000016  <N> = 4.00000000  Fidelity = 0.000000  CPU Time =  0.07  
      state1: E = -1.900752959509  <S**2> = +2.00000000  <N> = 4.00000000  Fidelity = 0.000000  CPU Time =  0.07  
      state2: E = -1.764085435750  <S**2> = +0.00000000  <N> = 4.00000000  Fidelity = 0.000000  CPU Time =  0.07  
      state3: E = -1.708683972528  <S**2> = +0.00000000  <N> = 4.00000000  Fidelity = 0.000000  CPU Time =  0.07  

  3.30
      state0: E = -1.915105281344  <S**2> = +0.00000013  <N> = 4.00000000  Fidelity = 0.000000  CPU Time =  0.07  
      state1: E = -1.900758366862  <S**2> = +2.00000000  <N> = 4.00000000  Fidelity = 0.000000  CPU Time =  0.07  
      state2: E = -1.764122627988  <S**2> = +0.00000000  <N> = 4.00000000  Fidelity = 0.000000  CPU Time =  0.07  
      state3: E = -1.708684230465  <S**2> = +0.00000000  <N> = 4.00000000  Fidelity = 0.000000  CPU Time =  0.07  

  3.40
      state0: E = -1.915105637607  <S**2> = +0.00000011  <N> = 4.00000000  Fidelity = 0.000000  CPU Time =  0.07  
      state1: E = -1.900762672290  <S**2> = +2.00000000  <N> = 4.00000000  Fidelity = 0.000000  CPU Time =  0.07  
      state2: E = -1.764153874604  <S**2> = +0.00000000  <N> = 4.00000000  Fidelity = 0.000000  CPU Time =  0.07  
      state3: E = -1.708684443105  <S**2> = +0.00000000  <N> = 4.00000000  Fidelity = 0.000000  CPU Time =  0.07  

  3.50
      state0: E = -1.915105893182  <S**2> = +0.00000010  <N> = 4.00000000  Fidelity = 0.000000  CPU Time =  0.07  
      state1: E = -1.900766100435  <S**2> = +2.00000000  <N> = 4.00000000  Fidelity = 0.000000  CPU Time =  0.07  
      state2: E = -1.764180127659  <S**2> = +0.00000000  <N> = 4.00000000  Fidelity = 0.000000  CPU Time =  0.07  
      state3: E = -1.708684618696  <S**2> = +0.00000000  <N> = 4.00000000  Fidelity = 0.000000  CPU Time =  0.07  

  3.60
      state0: E = -1.915106076639  <S**2> = +0.00000008  <N> = 4.00000000  Fidelity = 0.000000  CPU Time =  0.07  
      state1: E = -1.900768830117  <S**2> = +2.00000000  <N> = 4.00000000  Fidelity = 0.000000  CPU Time =  0.07  
      state2: E = -1.764202186343  <S**2> = +0.00000000  <N> = 4.00000000  Fidelity = 0.000000  CPU Time =  0.07  
      state3: E = -1.708684763929  <S**2> = +0.00000000  <N> = 4.00000000  Fidelity = 0.000000  CPU Time =  0.07  

  3.70
      state0: E = -1.915106208420  <S**2> = +0.00000007  <N> = 4.00000000  Fidelity = 0.000000  CPU Time =  0.07  
      state1: E = -1.900771003689  <S**2> = +2.00000000  <N> = 4.00000000  Fidelity = 0.000000  CPU Time =  0.07  
      state2: E = -1.764220721630  <S**2> = +0.00000000  <N> = 4.00000000  Fidelity = 0.000000  CPU Time =  0.07  
      state3: E = -1.708684884243  <S**2> = +0.00000000  <N> = 4.00000000  Fidelity = 0.000000  CPU Time =  0.07  

  3.80
      state0: E = -1.915106303154  <S**2> = +0.00000006  <N> = 4.00000000  Fidelity = 0.000000  CPU Time =  0.07  
      state1: E = -1.900772734479  <S**2> = +2.00000000  <N> = 4.00000000  Fidelity = 0.000000  CPU Time =  0.07  
      state2: E = -1.764236296936  <S**2> = +0.00000000  <N> = 4.00000000  Fidelity = 0.000000  CPU Time =  0.07  
      state3: E = -1.708684984067  <S**2> = +0.00000000  <N> = 4.00000000  Fidelity = 0.000000  CPU Time =  0.07  

  3.90
      state0: E = -1.915106371317  <S**2> = +0.00000005  <N> = 4.00000000  Fidelity = 0.000000  CPU Time =  0.07  
      state1: E = -1.900774112710  <S**2> = +2.00000000  <N> = 4.00000000  Fidelity = 0.000000  CPU Time =  0.07  
      state2: E = -1.764249385418  <S**2> = +0.00000000  <N> = 4.00000000  Fidelity = 0.000000  CPU Time =  0.07  
      state3: E = -1.708685067011  <S**2> = +0.00000000  <N> = 4.00000000  Fidelity = 0.000000  CPU Time =  0.07  

  4.00
      state0: E = -1.915106420408  <S**2> = +0.00000004  <N> = 4.00000000  Fidelity = 0.000000  CPU Time =  0.07  
      state1: E = -1.900775210215  <S**2> = +2.00000000  <N> = 4.00000000  Fidelity = 0.000000  CPU Time =  0.07  
      state2: E = -1.764260384477  <S**2> = +0.00000000  <N> = 4.00000000  Fidelity = 0.000000  CPU Time =  0.07  
      state3: E = -1.708685136029  <S**2> = +0.00000000  <N> = 4.00000000  Fidelity = 0.000000  CPU Time =  0.07  

  4.10
      state0: E = -1.915106455803  <S**2> = +0.00000004  <N> = 4.00000000  Fidelity = 0.000000  CPU Time =  0.07  
      state1: E = -1.900776084186  <S**2> = +2.00000000  <N> = 4.00000000  Fidelity = 0.000000  CPU Time =  0.07  
      state2: E = -1.764269627920  <S**2> = +0.00000000  <N> = 4.00000000  Fidelity = 0.000000  CPU Time =  0.07  
      state3: E = -1.708685193538  <S**2> = +0.00000000  <N> = 4.00000000  Fidelity = 0.000000  CPU Time =  0.07  

  4.20
      state0: E = -1.915106481355  <S**2> = +0.00000003  <N> = 4.00000000  Fidelity = 0.000000  CPU Time =  0.07  
      state1: E = -1.900776780161  <S**2> = +2.00000000  <N> = 4.00000000  Fidelity = 0.000000  CPU Time =  0.07  
      state2: E = -1.764277396158  <S**2> = +0.00000000  <N> = 4.00000000  Fidelity = 0.000000  CPU Time =  0.07  
      state3: E = -1.708685241519  <S**2> = +0.00000000  <N> = 4.00000000  Fidelity = 0.000000  CPU Time =  0.07  

  4.30
      state0: E = -1.915106499826  <S**2> = +0.00000003  <N> = 4.00000000  Fidelity = 0.000000  CPU Time =  0.07  
      state1: E = -1.900777334397  <S**2> = +2.00000000  <N> = 4.00000000  Fidelity = 0.000000  CPU Time =  0.07  
      state2: E = -1.764283924768  <S**2> = +0.00000000  <N> = 4.00000000  Fidelity = 0.000000  CPU Time =  0.07  
      state3: E = -1.708685281601  <S**2> = +0.00000000  <N> = 4.00000000  Fidelity = 0.000000  CPU Time =  0.07  

  4.40
      state0: E = -1.915106513199  <S**2> = +0.00000002  <N> = 4.00000000  Fidelity = 0.000000  CPU Time =  0.07  
      state1: E = -1.900777775766  <S**2> = +2.00000000  <N> = 4.00000000  Fidelity = 0.000000  CPU Time =  0.07  
      state2: E = -1.764289411668  <S**2> = +0.00000000  <N> = 4.00000000  Fidelity = 0.000000  CPU Time =  0.07  
      state3: E = -1.708685315126  <S**2> = +0.00000000  <N> = 4.00000000  Fidelity = 0.000000  CPU Time =  0.07  

  4.50
      state0: E = -1.915106522898  <S**2> = +0.00000002  <N> = 4.00000000  Fidelity = 0.000000  CPU Time =  0.07  
      state1: E = -1.900778127255  <S**2> = +2.00000000  <N> = 4.00000000  Fidelity = 0.000000  CPU Time =  0.07  
      state2: E = -1.764294023154  <S**2> = +0.00000000  <N> = 4.00000000  Fidelity = 0.000000  CPU Time =  0.07  
      state3: E = -1.708685343196  <S**2> = +0.00000000  <N> = 4.00000000  Fidelity = 0.000000  CPU Time =  0.07  

  4.60
      state0: E = -1.915106529945  <S**2> = +0.00000002  <N> = 4.00000000  Fidelity = 0.000000  CPU Time =  0.07  
      state1: E = -1.900778407170  <S**2> = +2.00000000  <N> = 4.00000000  Fidelity = 0.000000  CPU Time =  0.07  
      state2: E = -1.764297898954  <S**2> = +0.00000000  <N> = 4.00000000  Fidelity = 0.000000  CPU Time =  0.07  
      state3: E = -1.708685366726  <S**2> = +0.00000000  <N> = 4.00000000  Fidelity = 0.000000  CPU Time =  0.07  

  4.70
      state0: E = -1.915106535077  <S**2> = +0.00000001  <N> = 4.00000000  Fidelity = 0.000000  CPU Time =  0.07  
      state1: E = -1.900778630089  <S**2> = +2.00000000  <N> = 4.00000000  Fidelity = 0.000000  CPU Time =  0.07  
      state2: E = -1.764301156476  <S**2> = +0.00000000  <N> = 4.00000000  Fidelity = 0.000000  CPU Time =  0.07  
      state3: E = -1.708685386470  <S**2> = +0.00000000  <N> = 4.00000000  Fidelity = 0.000000  CPU Time =  0.07  

  4.80
      state0: E = -1.915106538822  <S**2> = +0.00000001  <N> = 4.00000000  Fidelity = 0.000000  CPU Time =  0.08  
      state1: E = -1.900778807617  <S**2> = +2.00000000  <N> = 4.00000000  Fidelity = 0.000000  CPU Time =  0.08  
      state2: E = -1.764303894385  <S**2> = +0.00000000  <N> = 4.00000000  Fidelity = 0.000000  CPU Time =  0.08  
      state3: E = -1.708685403054  <S**2> = +0.00000000  <N> = 4.00000000  Fidelity = 0.000000  CPU Time =  0.08  

  4.90
      state0: E = -1.915106541564  <S**2> = +0.00000001  <N> = 4.00000000  Fidelity = 0.000000  CPU Time =  0.07  
      state1: E = -1.900778948999  <S**2> = +2.00000000  <N> = 4.00000000  Fidelity = 0.000000  CPU Time =  0.07  
      state2: E = -1.764306195588  <S**2> = +0.00000000  <N> = 4.00000000  Fidelity = 0.000000  CPU Time =  0.07  
      state3: E = -1.708685416995  <S**2> = +0.00000000  <N> = 4.00000000  Fidelity = 0.000000  CPU Time =  0.07  

  5.00
      state0: E = -1.915106543576  <S**2> = +0.00000001  <N> = 4.00000000  Fidelity = 0.000000  CPU Time =  0.08  
      state1: E = -1.900779061594  <S**2> = +2.00000000  <N> = 4.00000000  Fidelity = 0.000000  CPU Time =  0.08  
      state2: E = -1.764308129761  <S**2> = +0.00000000  <N> = 4.00000000  Fidelity = 0.000000  CPU Time =  0.08  
      state3: E = -1.708685428725  <S**2> = +0.00000000  <N> = 4.00000000  Fidelity = 0.000000  CPU Time =  0.08  

  5.10
      state0: E = -1.915106545057  <S**2> = +0.00000001  <N> = 4.00000000  Fidelity = 0.000000  CPU Time =  0.07  
      state1: E = -1.900779151266  <S**2> = +2.00000000  <N> = 4.00000000  Fidelity = 0.000000  CPU Time =  0.07  
      state2: E = -1.764309755457  <S**2> = +0.00000000  <N> = 4.00000000  Fidelity = 0.000000  CPU Time =  0.07  
      state3: E = -1.708685438602  <S**2> = +0.00000000  <N> = 4.00000000  Fidelity = 0.000000  CPU Time =  0.07  

  5.20
      state0: E = -1.915106546152  <S**2> = +0.00000001  <N> = 4.00000000  Fidelity = 0.000000  CPU Time =  0.08  
      state1: E = -1.900779222680  <S**2> = +2.00000000  <N> = 4.00000000  Fidelity = 0.000000  CPU Time =  0.08  
      state2: E = -1.764311121884  <S**2> = +0.00000000  <N> = 4.00000000  Fidelity = 0.000000  CPU Time =  0.08  
      state3: E = -1.708685446926  <S**2> = +0.00000000  <N> = 4.00000000  Fidelity = 0.000000  CPU Time =  0.08  

  5.30
      state0: E = -1.915106546964  <S**2> = +0.00000001  <N> = 4.00000000  Fidelity = 0.000000  CPU Time =  0.07  
      state1: E = -1.900779279556  <S**2> = +2.00000000  <N> = 4.00000000  Fidelity = 0.000000  CPU Time =  0.07  
      state2: E = -1.764312270400  <S**2> = +0.00000000  <N> = 4.00000000  Fidelity = 0.000000  CPU Time =  0.07  
      state3: E = -1.708685453946  <S**2> = +0.00000000  <N> = 4.00000000  Fidelity = 0.000000  CPU Time =  0.07  

  5.40
      state0: E = -1.915106547569  <S**2> = +0.00000000  <N> = 4.00000000  Fidelity = 0.000000  CPU Time =  0.07  
      state1: E = -1.900779324852  <S**2> = +2.00000000  <N> = 4.00000000  Fidelity = 0.000000  CPU Time =  0.07  
      state2: E = -1.764313235762  <S**2> = +0.00000000  <N> = 4.00000000  Fidelity = 0.000000  CPU Time =  0.07  
      state3: E = -1.708685459870  <S**2> = +0.00000000  <N> = 4.00000000  Fidelity = 0.000000  CPU Time =  0.07  

  5.50
      state0: E = -1.915106548021  <S**2> = +0.00000000  <N> = 4.00000000  Fidelity = 0.000000  CPU Time =  0.07  
      state1: E = -1.900779360927  <S**2> = +2.00000000  <N> = 4.00000000  Fidelity = 0.000000  CPU Time =  0.07  
      state2: E = -1.764314047183  <S**2> = +0.00000000  <N> = 4.00000000  Fidelity = 0.000000  CPU Time =  0.07  
      state3: E = -1.708685464872  <S**2> = +0.00000000  <N> = 4.00000000  Fidelity = 0.000000  CPU Time =  0.07  

  5.60
      state0: E = -1.915106548361  <S**2> = +0.00000000  <N> = 4.00000000  Fidelity = 0.000000  CPU Time =  0.07  
      state1: E = -1.900779389658  <S**2> = +2.00000000  <N> = 4.00000000  Fidelity = 0.000000  CPU Time =  0.07  
      state2: E = -1.764314729213  <S**2> = +0.00000000  <N> = 4.00000000  Fidelity = 0.000000  CPU Time =  0.07  
      state3: E = -1.708685469099  <S**2> = +0.00000000  <N> = 4.00000000  Fidelity = 0.000000  CPU Time =  0.07  

  5.70
      state0: E = -1.915106548618  <S**2> = +0.00000000  <N> = 4.00000000  Fidelity = 0.000000  CPU Time =  0.07  
      state1: E = -1.900779412540  <S**2> = +2.00000000  <N> = 4.00000000  Fidelity = 0.000000  CPU Time =  0.07  
      state2: E = -1.764315302489  <S**2> = +0.00000000  <N> = 4.00000000  Fidelity = 0.000000  CPU Time =  0.07  
      state3: E = -1.708685472671  <S**2> = +0.00000000  <N> = 4.00000000  Fidelity = 0.000000  CPU Time =  0.07  

  5.80
      state0: E = -1.915106548814  <S**2> = +0.00000000  <N> = 4.00000000  Fidelity = 0.000000  CPU Time =  0.07  
      state1: E = -1.900779430765  <S**2> = +2.00000000  <N> = 4.00000000  Fidelity = 0.000000  CPU Time =  0.07  
      state2: E = -1.764315784353  <S**2> = +0.00000000  <N> = 4.00000000  Fidelity = 0.000000  CPU Time =  0.07  
      state3: E = -1.708685475693  <S**2> = +0.00000000  <N> = 4.00000000  Fidelity = 0.000000  CPU Time =  0.07  

  5.90
      state0: E = -1.915106548963  <S**2> = +0.00000000  <N> = 4.00000000  Fidelity = 0.000000  CPU Time =  0.07  
      state1: E = -1.900779445279  <S**2> = +2.00000000  <N> = 4.00000000  Fidelity = 0.000000  CPU Time =  0.07  
      state2: E = -1.764316189385  <S**2> = +0.00000000  <N> = 4.00000000  Fidelity = 0.000000  CPU Time =  0.07  
      state3: E = -1.708685478250  <S**2> = +0.00000000  <N> = 4.00000000  Fidelity = 0.000000  CPU Time =  0.07  

  6.00
      state0: E = -1.915106549078  <S**2> = +0.00000000  <N> = 4.00000000  Fidelity = 0.000000  CPU Time =  0.07  
      state1: E = -1.900779456839  <S**2> = +2.00000000  <N> = 4.00000000  Fidelity = 0.000000  CPU Time =  0.07  
      state2: E = -1.764316529835  <S**2> = +0.00000000  <N> = 4.00000000  Fidelity = 0.000000  CPU Time =  0.07  
      state3: E = -1.708685480414  <S**2> = +0.00000000  <N> = 4.00000000  Fidelity = 0.000000  CPU Time =  0.07  

  6.10
      state0: E = -1.915106549166  <S**2> = +0.00000000  <N> = 4.00000000  Fidelity = 0.000000  CPU Time =  0.07  
      state1: E = -1.900779466045  <S**2> = +2.00000000  <N> = 4.00000000  Fidelity = 0.000000  CPU Time =  0.07  
      state2: E = -1.764316816001  <S**2> = +0.00000000  <N> = 4.00000000  Fidelity = 0.000000  CPU Time =  0.07  
      state3: E = -1.708685482247  <S**2> = +0.00000000  <N> = 4.00000000  Fidelity = 0.000000  CPU Time =  0.07  

  6.20
      state0: E = -1.915106549235  <S**2> = +0.00000000  <N> = 4.00000000  Fidelity = 0.000000  CPU Time =  0.07  
      state1: E = -1.900779473378  <S**2> = +2.00000000  <N> = 4.00000000  Fidelity = 0.000000  CPU Time =  0.07  
      state2: E = -1.764317056541  <S**2> = +0.00000000  <N> = 4.00000000  Fidelity = 0.000000  CPU Time =  0.07  
      state3: E = -1.708685483800  <S**2> = +0.00000000  <N> = 4.00000000  Fidelity = 0.000000  CPU Time =  0.07  

  6.30
      state0: E = -1.915106549289  <S**2> = +0.00000000  <N> = 4.00000000  Fidelity = 0.000000  CPU Time =  0.07  
      state1: E = -1.900779479218  <S**2> = +2.00000000  <N> = 4.00000000  Fidelity = 0.000000  CPU Time =  0.07  
      state2: E = -1.764317258729  <S**2> = +0.00000000  <N> = 4.00000000  Fidelity = 0.000000  CPU Time =  0.07  
      state3: E = -1.708685485116  <S**2> = +0.00000000  <N> = 4.00000000  Fidelity = 0.000000  CPU Time =  0.07  

  6.40
      state0: E = -1.915106549332  <S**2> = +0.00000000  <N> = 4.00000000  Fidelity = 0.000000  CPU Time =  0.07  
      state1: E = -1.900779483869  <S**2> = +2.00000000  <N> = 4.00000000  Fidelity = 0.000000  CPU Time =  0.07  
      state2: E = -1.764317428680  <S**2> = +0.00000000  <N> = 4.00000000  Fidelity = 0.000000  CPU Time =  0.07  
      state3: E = -1.708685486232  <S**2> = +0.00000000  <N> = 4.00000000  Fidelity = 0.000000  CPU Time =  0.07  

  6.50
      state0: E = -1.915106549365  <S**2> = +0.00000000  <N> = 4.00000000  Fidelity = 0.000000  CPU Time =  0.07  
      state1: E = -1.900779487574  <S**2> = +2.00000000  <N> = 4.00000000  Fidelity = 0.000000  CPU Time =  0.07  
      state2: E = -1.764317571535  <S**2> = +0.00000000  <N> = 4.00000000  Fidelity = 0.000000  CPU Time =  0.07  
      state3: E = -1.708685487178  <S**2> = +0.00000000  <N> = 4.00000000  Fidelity = 0.000000  CPU Time =  0.07  

  6.60
      state0: E = -1.915106549392  <S**2> = +0.00000000  <N> = 4.00000000  Fidelity = 0.000000  CPU Time =  0.07  
      state1: E = -1.900779490524  <S**2> = +2.00000000  <N> = 4.00000000  Fidelity = 0.000000  CPU Time =  0.07  
      state2: E = -1.764317691614  <S**2> = +0.00000000  <N> = 4.00000000  Fidelity = 0.000000  CPU Time =  0.07  
      state3: E = -1.708685487980  <S**2> = +0.00000000  <N> = 4.00000000  Fidelity = 0.000000  CPU Time =  0.07  

  6.70
      state0: E = -1.915106549414  <S**2> = +0.00000000  <N> = 4.00000000  Fidelity = 0.000000  CPU Time =  0.06  
      state1: E = -1.900779492874  <S**2> = +2.00000000  <N> = 4.00000000  Fidelity = 0.000000  CPU Time =  0.06  
      state2: E = -1.764317792548  <S**2> = +0.00000000  <N> = 4.00000000  Fidelity = 0.000000  CPU Time =  0.06  
      state3: E = -1.708685488661  <S**2> = +0.00000000  <N> = 4.00000000  Fidelity = 0.000000  CPU Time =  0.06  

  6.80
      state0: E = -1.915106549431  <S**2> = +0.00000000  <N> = 4.00000000  Fidelity = 0.000000  CPU Time =  0.06  
      state1: E = -1.900779494746  <S**2> = +2.00000000  <N> = 4.00000000  Fidelity = 0.000000  CPU Time =  0.06  
      state2: E = -1.764317877390  <S**2> = +0.00000000  <N> = 4.00000000  Fidelity = 0.000000  CPU Time =  0.06  
      state3: E = -1.708685489239  <S**2> = +0.00000000  <N> = 4.00000000  Fidelity = 0.000000  CPU Time =  0.06  

  6.90
      state0: E = -1.915106549445  <S**2> = +0.00000000  <N> = 4.00000000  Fidelity = 0.000000  CPU Time =  0.06  
      state1: E = -1.900779496237  <S**2> = +2.00000000  <N> = 4.00000000  Fidelity = 0.000000  CPU Time =  0.06  
      state2: E = -1.764317948706  <S**2> = +0.00000000  <N> = 4.00000000  Fidelity = 0.000000  CPU Time =  0.06  
      state3: E = -1.708685489729  <S**2> = +0.00000000  <N> = 4.00000000  Fidelity = 0.000000  CPU Time =  0.06  

  7.00
      state0: E = -1.915106549456  <S**2> = +0.00000000  <N> = 4.00000000  Fidelity = 0.000000  CPU Time =  0.06  
      state1: E = -1.900779497424  <S**2> = +2.00000000  <N> = 4.00000000  Fidelity = 0.000000  CPU Time =  0.06  
      state2: E = -1.764318008652  <S**2> = +0.00000000  <N> = 4.00000000  Fidelity = 0.000000  CPU Time =  0.06  
      state3: E = -1.708685490146  <S**2> = +0.00000000  <N> = 4.00000000  Fidelity = 0.000000  CPU Time =  0.06  

  7.10
      state0: E = -1.915106549466  <S**2> = +0.00000000  <N> = 4.00000000  Fidelity = 0.000000  CPU Time =  0.06  
      state1: E = -1.900779498370  <S**2> = +2.00000000  <N> = 4.00000000  Fidelity = 0.000000  CPU Time =  0.06  
      state2: E = -1.764318059040  <S**2> = +0.00000000  <N> = 4.00000000  Fidelity = 0.000000  CPU Time =  0.06  
      state3: E = -1.708685490499  <S**2> = +0.00000000  <N> = 4.00000000  Fidelity = 0.000000  CPU Time =  0.06  

  7.20
      state0: E = -1.915106549473  <S**2> = +0.00000000  <N> = 4.00000000  Fidelity = 0.000000  CPU Time =  0.06  
      state1: E = -1.900779499123  <S**2> = +2.00000000  <N> = 4.00000000  Fidelity = 0.000000  CPU Time =  0.06  
      state2: E = -1.764318101396  <S**2> = +0.00000000  <N> = 4.00000000  Fidelity = 0.000000  CPU Time =  0.06  
      state3: E = -1.708685490799  <S**2> = +0.00000000  <N> = 4.00000000  Fidelity = 0.000000  CPU Time =  0.06  

  7.30
      state0: E = -1.915106549480  <S**2> = +0.00000000  <N> = 4.00000000  Fidelity = 0.000000  CPU Time =  0.06  
      state1: E = -1.900779499723  <S**2> = +2.00000000  <N> = 4.00000000  Fidelity = 0.000000  CPU Time =  0.06  
      state2: E = -1.764318136998  <S**2> = +0.00000000  <N> = 4.00000000  Fidelity = 0.000000  CPU Time =  0.06  
      state3: E = -1.708685491054  <S**2> = +0.00000000  <N> = 4.00000000  Fidelity = 0.000000  CPU Time =  0.06  

  7.40
      state0: E = -1.915106549485  <S**2> = +0.00000000  <N> = 4.00000000  Fidelity = 0.000000  CPU Time =  0.06  
      state1: E = -1.900779500201  <S**2> = +2.00000000  <N> = 4.00000000  Fidelity = 0.000000  CPU Time =  0.06  
      state2: E = -1.764318166925  <S**2> = +0.00000000  <N> = 4.00000000  Fidelity = 0.000000  CPU Time =  0.06  
      state3: E = -1.708685491271  <S**2> = +0.00000000  <N> = 4.00000000  Fidelity = 0.000000  CPU Time =  0.06  

  7.50
      state0: E = -1.915106549489  <S**2> = +0.00000000  <N> = 4.00000000  Fidelity = 0.000000  CPU Time =  0.06  
      state1: E = -1.900779500581  <S**2> = +2.00000000  <N> = 4.00000000  Fidelity = 0.000000  CPU Time =  0.06  
      state2: E = -1.764318192081  <S**2> = +0.00000000  <N> = 4.00000000  Fidelity = 0.000000  CPU Time =  0.06  
      state3: E = -1.708685491455  <S**2> = +0.00000000  <N> = 4.00000000  Fidelity = 0.000000  CPU Time =  0.06  

  7.60
      state0: E = -1.915106549493  <S**2> = +0.00000000  <N> = 4.00000000  Fidelity = 0.000000  CPU Time =  0.06  
      state1: E = -1.900779500884  <S**2> = +2.00000000  <N> = 4.00000000  Fidelity = 0.000000  CPU Time =  0.06  
      state2: E = -1.764318213226  <S**2> = +0.00000000  <N> = 4.00000000  Fidelity = 0.000000  CPU Time =  0.06  
      state3: E = -1.708685491611  <S**2> = -0.00000000  <N> = 4.00000000  Fidelity = 0.000000  CPU Time =  0.06  

  7.70
      state0: E = -1.915106549496  <S**2> = +0.00000000  <N> = 4.00000000  Fidelity = 0.000000  CPU Time =  0.06  
      state1: E = -1.900779501126  <S**2> = +2.00000000  <N> = 4.00000000  Fidelity = 0.000000  CPU Time =  0.06  
      state2: E = -1.764318231000  <S**2> = -0.00000000  <N> = 4.00000000  Fidelity = 0.000000  CPU Time =  0.06  
      state3: E = -1.708685491744  <S**2> = +0.00000000  <N> = 4.00000000  Fidelity = 0.000000  CPU Time =  0.06  

  7.80
      state0: E = -1.915106549498  <S**2> = +0.00000000  <N> = 4.00000000  Fidelity = 0.000000  CPU Time =  0.06  
      state1: E = -1.900779501318  <S**2> = +2.00000000  <N> = 4.00000000  Fidelity = 0.000000  CPU Time =  0.06  
      state2: E = -1.764318245940  <S**2> = +0.00000000  <N> = 4.00000000  Fidelity = 0.000000  CPU Time =  0.06  
      state3: E = -1.708685491857  <S**2> = +0.00000000  <N> = 4.00000000  Fidelity = 0.000000  CPU Time =  0.06  

  7.90
      state0: E = -1.915106549501  <S**2> = +0.00000000  <N> = 4.00000000  Fidelity = 0.000000  CPU Time =  0.06  
      state1: E = -1.900779501471  <S**2> = +2.00000000  <N> = 4.00000000  Fidelity = 0.000000  CPU Time =  0.06  
      state2: E = -1.764318258499  <S**2> = +0.00000000  <N> = 4.00000000  Fidelity = 0.000000  CPU Time =  0.06  
      state3: E = -1.708685491953  <S**2> = +0.00000000  <N> = 4.00000000  Fidelity = 0.000000  CPU Time =  0.06  

  8.00
      state0: E = -1.915106549502  <S**2> = +0.00000000  <N> = 4.00000000  Fidelity = 0.000000  CPU Time =  0.06  
      state1: E = -1.900779501593  <S**2> = +2.00000000  <N> = 4.00000000  Fidelity = 0.000000  CPU Time =  0.06  
      state2: E = -1.764318269056  <S**2> = +0.00000000  <N> = 4.00000000  Fidelity = 0.000000  CPU Time =  0.06  
      state3: E = -1.708685492035  <S**2> = +0.00000000  <N> = 4.00000000  Fidelity = 0.000000  CPU Time =  0.06  

  8.10
      state0: E = -1.915106549504  <S**2> = +0.00000000  <N> = 4.00000000  Fidelity = 0.000000  CPU Time =  0.06  
      state1: E = -1.900779501691  <S**2> = +2.00000000  <N> = 4.00000000  Fidelity = 0.000000  CPU Time =  0.06  
      state2: E = -1.764318277929  <S**2> = +0.00000000  <N> = 4.00000000  Fidelity = 0.000000  CPU Time =  0.06  
      state3: E = -1.708685492104  <S**2> = +0.00000000  <N> = 4.00000000  Fidelity = 0.000000  CPU Time =  0.06  

  8.20
      state0: E = -1.915106549505  <S**2> = +0.00000000  <N> = 4.00000000  Fidelity = 0.000000  CPU Time =  0.06  
      state1: E = -1.900779501768  <S**2> = +2.00000000  <N> = 4.00000000  Fidelity = 0.000000  CPU Time =  0.06  
      state2: E = -1.764318285388  <S**2> = +0.00000000  <N> = 4.00000000  Fidelity = 0.000000  CPU Time =  0.06  
      state3: E = -1.708685492163  <S**2> = -0.00000000  <N> = 4.00000000  Fidelity = 0.000000  CPU Time =  0.06  

  8.30
      state0: E = -1.915106549506  <S**2> = +0.00000000  <N> = 4.00000000  Fidelity = 0.000000  CPU Time =  0.06  
      state1: E = -1.900779501830  <S**2> = +2.00000000  <N> = 4.00000000  Fidelity = 0.000000  CPU Time =  0.06  
      state2: E = -1.764318291658  <S**2> = +0.00000000  <N> = 4.00000000  Fidelity = 0.000000  CPU Time =  0.06  
      state3: E = -1.708685492213  <S**2> = -0.00000000  <N> = 4.00000000  Fidelity = 0.000000  CPU Time =  0.06  

  8.40
      state0: E = -1.915106549507  <S**2> = +0.00000000  <N> = 4.00000000  Fidelity = 0.000000  CPU Time =  0.06  
      state1: E = -1.900779501879  <S**2> = +2.00000000  <N> = 4.00000000  Fidelity = 0.000000  CPU Time =  0.06  
      state2: E = -1.764318296928  <S**2> = -0.00000000  <N> = 4.00000000  Fidelity = 0.000000  CPU Time =  0.06  
      state3: E = -1.708685492256  <S**2> = +0.00000000  <N> = 4.00000000  Fidelity = 0.000000  CPU Time =  0.06  

  8.50
      state0: E = -1.915106549508  <S**2> = +0.00000000  <N> = 4.00000000  Fidelity = 0.000000  CPU Time =  0.06  
      state1: E = -1.900779501918  <S**2> = +2.00000000  <N> = 4.00000000  Fidelity = 0.000000  CPU Time =  0.06  
      state2: E = -1.764318301358  <S**2> = +0.00000000  <N> = 4.00000000  Fidelity = 0.000000  CPU Time =  0.06  
      state3: E = -1.708685492292  <S**2> = +0.00000000  <N> = 4.00000000  Fidelity = 0.000000  CPU Time =  0.06  

  8.60
      state0: E = -1.915106549508  <S**2> = +0.00000000  <N> = 4.00000000  Fidelity = 0.000000  CPU Time =  0.06  
      state1: E = -1.900779501949  <S**2> = +2.00000000  <N> = 4.00000000  Fidelity = 0.000000  CPU Time =  0.06  
      state2: E = -1.764318305082  <S**2> = +0.00000000  <N> = 4.00000000  Fidelity = 0.000000  CPU Time =  0.06  
      state3: E = -1.708685492323  <S**2> = +0.00000000  <N> = 4.00000000  Fidelity = 0.000000  CPU Time =  0.06  

CONVERGED at beta=8.60.
Final:  
      E[0-MSQITE] = -1.915106549508  (<S**2> = +0.00000)  
      E[1-MSQITE] = -1.900779501949  (<S**2> = +2.00000)  
      E[2-MSQITE] = -1.764318305082  (<S**2> = +0.00000)  
      E[3-MSQITE] = -1.708685492323  (<S**2> = +0.00000)  
------------------------------------
QITE Basis   0
    Basis            Coef
| 00001111 > : +0.9801 +0.0000i
| 00111100 > : -0.1402 +0.0000i
| 11000011 > : -0.1237 +0.0000i

QITE Basis   1
    Basis            Coef
| 00011011 > : +0.9783 +0.0000i
| 10011001 > : +0.1255 +0.0000i

QITE Basis   2
    Basis            Coef
| 00100111 > : +0.9783 +0.0000i
| 01100110 > : -0.1255 +0.0000i

QITE Basis   3
    Basis            Coef
| 00110011 > : +0.9771 +0.0000i
| 00111100 > : -0.1399 +0.0000i
| 11000011 > : -0.1234 +0.0000i


Coefficients:

               0              1              2              3          

    0      0.0000579      0.0000000      0.7078289     -0.7063839  
    1      0.7070815      0.7071320     -0.0000001      0.0000579  
    2     -0.7071320      0.7070815      0.0000001     -0.0000579  
    3     -0.0000579     -0.0000000      0.7063840      0.7078288  

------------------------------------


###############################################
#               MSQITE   states               #
###############################################
State        : 0
E            : -1.91510655
<S**2>       : +0.00000
Superposition:
    Basis            Coef
| 00011011 > : +0.6896 +0.0000i
| 00100111 > : -0.6896 +0.0000i
| 01101001 > : -0.1214 +0.0000i
| 10010110 > : -0.1214 +0.0000i


State        : 1
E            : -1.90077950
<S**2>       : +2.00000
Superposition:
    Basis            Coef
| 00011011 > : +0.6940 +0.0000i
| 00100111 > : +0.6940 +0.0000i
| 01100110 > : -0.1043 +0.0000i
| 10011001 > : +0.1043 +0.0000i


State        : 2
E            : -1.76431831
<S**2>       : +0.00000
Superposition:
    Basis            Coef
| 00001111 > : +0.6795 +0.0000i
| 00110011 > : +0.6759 +0.0000i
| 00111100 > : -0.1981 +0.0000i
| 11000011 > : -0.1747 +0.0000i


State        : 3
E            : -1.70868549
<S**2>       : +0.00000
Superposition:
    Basis            Coef
| 00001111 > : -0.7067 +0.0000i
| 00110011 > : +0.7059 +0.0000i

###############################################
anti-hamiltonian (qite) 
    Basis            Coef
| 00001111 > : +0.9801 +0.0000i
| 00111100 > : -0.1402 +0.0000i
| 11000011 > : -0.1237 +0.0000i

 === Computing 1RDM === 
No relaxed density available for qite

Dipole moment from 1RDM (in Debye):
x = -0.00000  y = 0.00000  z = -0.00000
| mu | = 0.00000
Saved in ./msqite_h4.qkt.
Normal termination of quket at 2022-08-06 23:25:12.325178
